#
# There is insufficient memory for the Java Runtime Environment to continue.
# Native memory allocation (malloc) failed to allocate 1596160 bytes for Chunk::new
# Possible reasons:
#   The system is out of physical RAM or swap space
#   The process is running with CompressedOops enabled, and the Java Heap may be blocking the growth of the native heap
# Possible solutions:
#   Reduce memory load on the system
#   Increase physical memory or swap space
#   Check if swap backing store is full
#   Decrease Java heap size (-Xmx/-Xms)
#   Decrease number of Java threads
#   Decrease Java thread stack sizes (-Xss)
#   Set larger code cache with -XX:ReservedCodeCacheSize=
#   JVM is running with Unscaled Compressed Oops mode in which the Java heap is
#     placed in the first 4GB address space. The Java Heap base address is the
#     maximum limit for the native heap growth. Please use -XX:HeapBaseMinAddress
#     to set the Java Heap base and to place the Java Heap above 4GB virtual address.
# This output file may be truncated or incomplete.
#
#  Out of Memory Error (arena.cpp:184), pid=5400, tid=1340
#
# JRE version: OpenJDK Runtime Environment Corretto-18.0.2.9.1 (18.0.2+9) (build 18.0.2+9-FR)
# Java VM: OpenJDK 64-Bit Server VM Corretto-18.0.2.9.1 (18.0.2+9-FR, mixed mode, sharing, tiered, compressed oops, compressed class ptrs, g1 gc, windows-amd64)
# No core dump will be written. Minidumps are not enabled by default on client versions of Windows
#

---------------  S U M M A R Y ------------

Command Line: -javaagent:C:\Program Files\JetBrains\IntelliJ IDEA Community Edition 2021.3.3\lib\idea_rt.jar=65298:C:\Program Files\JetBrains\IntelliJ IDEA Community Edition 2021.3.3\bin -Dfile.encoding=UTF-8 com.verise.veganapp.VeriseApplication

Host: Intel(R) Core(TM) i3-6006U CPU @ 2.00GHz, 4 cores, 3G,  Windows 10 , 64 bit Build 19041 (10.0.19041.3636)
Time: Tue Apr  9 19:01:28 2024 W. Europe Daylight Time elapsed time: 23.235827 seconds (0d 0h 0m 23s)

---------------  T H R E A D  ---------------

Current thread (0x0000029a9d314440):  JavaThread "C2 CompilerThread0" daemon [_thread_in_native, id=1340, stack(0x000000acb0500000,0x000000acb0600000)]


Current CompileTask:
C2:  23236 5423   !   4       org.springframework.util.ReflectionUtils::doWithMethods (186 bytes)

Stack: [0x000000acb0500000,0x000000acb0600000]
Native frames: (J=compiled Java code, j=interpreted, Vv=VM code, C=native code)
V  [jvm.dll+0x685a2a]
V  [jvm.dll+0x82ae8d]
V  [jvm.dll+0x82c75e]
V  [jvm.dll+0x82ce03]
V  [jvm.dll+0x25ef4b]
V  [jvm.dll+0xd42d2]
V  [jvm.dll+0xd4665]
V  [jvm.dll+0x38578b]
V  [jvm.dll+0x1d8f20]
V  [jvm.dll+0x233b4f]
V  [jvm.dll+0x232f37]
V  [jvm.dll+0x1c0a35]
V  [jvm.dll+0x24212c]
V  [jvm.dll+0x240534]
V  [jvm.dll+0x7df6db]
V  [jvm.dll+0x7d9cba]
V  [jvm.dll+0x6848a5]
C  [ucrtbase.dll+0x21bb2]
C  [KERNEL32.DLL+0x17344]
C  [ntdll.dll+0x526b1]


---------------  P R O C E S S  ---------------

Threads class SMR info:
_java_thread_list=0x0000029abfdeaf60, length=23, elements={
0x0000029a9d25c210, 0x0000029a9d2f8e30, 0x0000029a9d2f9a90, 0x0000029a9d3101a0,
0x0000029a9d311b50, 0x0000029a9d312dd0, 0x0000029a9d313770, 0x0000029a9d314440,
0x0000029a9d31aad0, 0x0000029ab8832870, 0x0000029a9d2e2fc0, 0x0000029abce55660,
0x0000029abcdfe590, 0x0000029abce14470, 0x0000029abd36ef40, 0x0000029abd8c5ec0,
0x0000029abd8c6390, 0x0000029abd8c6860, 0x0000029abd8c93b0, 0x0000029abd8c8ee0,
0x0000029abd8c7200, 0x0000029abd8c7ba0, 0x0000029abffc77f0
}

Java Threads: ( => current thread )
  0x0000029a9d25c210 JavaThread "main" [_thread_blocked, id=8848, stack(0x000000acaf800000,0x000000acaf900000)]
  0x0000029a9d2f8e30 JavaThread "Reference Handler" daemon [_thread_blocked, id=11544, stack(0x000000acaff00000,0x000000acb0000000)]
  0x0000029a9d2f9a90 JavaThread "Finalizer" daemon [_thread_blocked, id=8608, stack(0x000000acb0000000,0x000000acb0100000)]
  0x0000029a9d3101a0 JavaThread "Signal Dispatcher" daemon [_thread_blocked, id=2296, stack(0x000000acb0100000,0x000000acb0200000)]
  0x0000029a9d311b50 JavaThread "Attach Listener" daemon [_thread_blocked, id=4472, stack(0x000000acb0200000,0x000000acb0300000)]
  0x0000029a9d312dd0 JavaThread "Service Thread" daemon [_thread_blocked, id=3636, stack(0x000000acb0300000,0x000000acb0400000)]
  0x0000029a9d313770 JavaThread "Monitor Deflation Thread" daemon [_thread_blocked, id=12756, stack(0x000000acb0400000,0x000000acb0500000)]
=>0x0000029a9d314440 JavaThread "C2 CompilerThread0" daemon [_thread_in_native, id=1340, stack(0x000000acb0500000,0x000000acb0600000)]
  0x0000029a9d31aad0 JavaThread "C1 CompilerThread0" daemon [_thread_blocked, id=8616, stack(0x000000acb0600000,0x000000acb0700000)]
  0x0000029ab8832870 JavaThread "Sweeper thread" daemon [_thread_blocked, id=2408, stack(0x000000acb0700000,0x000000acb0800000)]
  0x0000029a9d2e2fc0 JavaThread "Common-Cleaner" daemon [_thread_blocked, id=12900, stack(0x000000acb0800000,0x000000acb0900000)]
  0x0000029abce55660 JavaThread "Monitor Ctrl-Break" daemon [_thread_in_native, id=12528, stack(0x000000acb0900000,0x000000acb0a00000)]
  0x0000029abcdfe590 JavaThread "Notification Thread" daemon [_thread_blocked, id=9628, stack(0x000000acb0a00000,0x000000acb0b00000)]
  0x0000029abce14470 JavaThread "Thread-0" [_thread_blocked, id=504, stack(0x000000acb1000000,0x000000acb1100000)]
  0x0000029abd36ef40 JavaThread "restartedMain" [_thread_in_vm, id=9808, stack(0x000000acb1100000,0x000000acb1200000)]
  0x0000029abd8c5ec0 JavaThread "Catalina-utility-1" [_thread_blocked, id=11560, stack(0x000000acb1200000,0x000000acb1300000)]
  0x0000029abd8c6390 JavaThread "Catalina-utility-2" [_thread_blocked, id=1256, stack(0x000000acb1300000,0x000000acb1400000)]
  0x0000029abd8c6860 JavaThread "container-0" [_thread_blocked, id=12032, stack(0x000000acb1400000,0x000000acb1500000)]
  0x0000029abd8c93b0 JavaThread "mssql-jdbc-shared-timer-core-0" daemon [_thread_blocked, id=5932, stack(0x000000acb1600000,0x000000acb1700000)]
  0x0000029abd8c8ee0 JavaThread "HikariPool-1 housekeeper" daemon [_thread_blocked, id=5580, stack(0x000000acb1700000,0x000000acb1800000)]
  0x0000029abd8c7200 JavaThread "HikariPool-1 connection adder" daemon [_thread_blocked, id=3344, stack(0x000000acb1800000,0x000000acb1900000)]
  0x0000029abd8c7ba0 JavaThread "File Watcher" daemon [_thread_blocked, id=6952, stack(0x000000acb1900000,0x000000acb1a00000)]
  0x0000029abffc77f0 JavaThread "Live Reload Server" daemon [_thread_in_native, id=13396, stack(0x000000acb1b00000,0x000000acb1c00000)]

Other Threads:
  0x0000029a9d2f4680 VMThread "VM Thread" [stack: 0x000000acafe00000,0x000000acaff00000] [id=2756]
  0x0000029abce55b20 WatcherThread "VM Periodic Task Thread" [stack: 0x000000acb0b00000,0x000000acb0c00000] [id=2096]
  0x0000029a9d29ded0 WorkerThread "GC Thread#0" [stack: 0x000000acaf900000,0x000000acafa00000] [id=9824]
  0x0000029abd764950 WorkerThread "GC Thread#1" [stack: 0x000000acb0c00000,0x000000acb0d00000] [id=9996]
  0x0000029abd200180 WorkerThread "GC Thread#2" [stack: 0x000000acb0d00000,0x000000acb0e00000] [id=12840]
  0x0000029abd1b8650 WorkerThread "GC Thread#3" [stack: 0x000000acb0e00000,0x000000acb0f00000] [id=7940]
  0x0000029a9d2a6b80 ConcurrentGCThread "G1 Main Marker" [stack: 0x000000acafa00000,0x000000acafb00000] [id=10504]
  0x0000029a9d2a7570 WorkerThread "G1 Conc#0" [stack: 0x000000acafb00000,0x000000acafc00000] [id=32]
  0x0000029a9d2ce910 ConcurrentGCThread "G1 Refine#0" [stack: 0x000000acafc00000,0x000000acafd00000] [id=2936]
  0x0000029abd1b88f0 ConcurrentGCThread "G1 Refine#1" [stack: 0x000000acb0f00000,0x000000acb1000000] [id=9712]
  0x0000029a9d2cf220 ConcurrentGCThread "G1 Service" [stack: 0x000000acafd00000,0x000000acafe00000] [id=5552]

Threads with active compile tasks:
C2 CompilerThread0    23358 5423   !   4       org.springframework.util.ReflectionUtils::doWithMethods (186 bytes)

VM state: not at safepoint (normal execution)

VM Mutex/Monitor currently owned by a thread: None

Heap address: 0x00000000c1400000, size: 1004 MB, Compressed Oops mode: 32-bit

CDS archive(s) mapped at: [0x0000000800000000-0x0000000800ba0000-0x0000000800ba0000), size 12189696, SharedBaseAddress: 0x0000000800000000, ArchiveRelocationMode: 0.
Compressed class space mapped at: 0x0000000800c00000-0x0000000840c00000, reserved size: 1073741824
Narrow klass base: 0x0000000800000000, Narrow klass shift: 0, Narrow klass range: 0x100000000

GC Precious Log:
 CardTable entry size: 512
 Card Set container configuration: InlinePtr #cards 5 size 8 Array Of Cards #cards 12 size 40 Howl #buckets 4 coarsen threshold 1843 Howl Bitmap #cards 512 size 80 coarsen threshold 460 Card regions per heap region 1 cards per card region 2048
 CPUs: 4 total, 4 available
 Memory: 4012M
 Large Page Support: Disabled
 NUMA Support: Disabled
 Compressed Oops: Enabled (32-bit)
 Heap Region Size: 1M
 Heap Min Capacity: 8M
 Heap Initial Capacity: 64M
 Heap Max Capacity: 1004M
 Pre-touch: Disabled
 Parallel Workers: 4
 Concurrent Workers: 1
 Concurrent Refinement Workers: 4
 Periodic GC: Disabled

Heap:
 garbage-first heap   total 55296K, used 28590K [0x00000000c1400000, 0x0000000100000000)
  region size 1024K, 3 young (3072K), 2 survivors (2048K)
 Metaspace       used 62554K, committed 63168K, reserved 1114112K
  class space    used 8285K, committed 8576K, reserved 1048576K

Heap Regions: E=young(eden), S=young(survivor), O=old, HS=humongous(starts), HC=humongous(continues), CS=collection set, F=free, OA=open archive, CA=closed archive, TAMS=top-at-mark-start (previous, next)
|   0|0x00000000c1400000, 0x00000000c1500000, 0x00000000c1500000|100%|HS|  |TAMS 0x00000000c1500000, 0x00000000c1400000| Complete 
|   1|0x00000000c1500000, 0x00000000c1600000, 0x00000000c1600000|100%| O|  |TAMS 0x00000000c1600000, 0x00000000c1500000| Untracked 
|   2|0x00000000c1600000, 0x00000000c1700000, 0x00000000c1700000|100%| O|  |TAMS 0x00000000c1700000, 0x00000000c1600000| Untracked 
|   3|0x00000000c1700000, 0x00000000c1800000, 0x00000000c1800000|100%| O|  |TAMS 0x00000000c1800000, 0x00000000c1700000| Untracked 
|   4|0x00000000c1800000, 0x00000000c1900000, 0x00000000c1900000|100%| O|  |TAMS 0x00000000c1900000, 0x00000000c1800000| Untracked 
|   5|0x00000000c1900000, 0x00000000c1a00000, 0x00000000c1a00000|100%| O|  |TAMS 0x00000000c1a00000, 0x00000000c1900000| Untracked 
|   6|0x00000000c1a00000, 0x00000000c1b00000, 0x00000000c1b00000|100%| O|  |TAMS 0x00000000c1b00000, 0x00000000c1a00000| Untracked 
|   7|0x00000000c1b00000, 0x00000000c1c00000, 0x00000000c1c00000|100%| O|  |TAMS 0x00000000c1c00000, 0x00000000c1b00000| Untracked 
|   8|0x00000000c1c00000, 0x00000000c1d00000, 0x00000000c1d00000|100%| O|  |TAMS 0x00000000c1d00000, 0x00000000c1c00000| Untracked 
|   9|0x00000000c1d00000, 0x00000000c1d23400, 0x00000000c1e00000| 13%| O|  |TAMS 0x00000000c1d23400, 0x00000000c1d00000| Untracked 
|  10|0x00000000c1e00000, 0x00000000c1f00000, 0x00000000c1f00000|100%| O|  |TAMS 0x00000000c1f00000, 0x00000000c1e00000| Untracked 
|  11|0x00000000c1f00000, 0x00000000c2000000, 0x00000000c2000000|100%| O|  |TAMS 0x00000000c2000000, 0x00000000c1f00000| Untracked 
|  12|0x00000000c2000000, 0x00000000c2100000, 0x00000000c2100000|100%| O|  |TAMS 0x00000000c2100000, 0x00000000c2000000| Untracked 
|  13|0x00000000c2100000, 0x00000000c2200000, 0x00000000c2200000|100%| O|  |TAMS 0x00000000c2200000, 0x00000000c2100000| Untracked 
|  14|0x00000000c2200000, 0x00000000c2300000, 0x00000000c2300000|100%| O|  |TAMS 0x00000000c2300000, 0x00000000c2200000| Untracked 
|  15|0x00000000c2300000, 0x00000000c2400000, 0x00000000c2400000|100%| O|  |TAMS 0x00000000c2400000, 0x00000000c2300000| Untracked 
|  16|0x00000000c2400000, 0x00000000c2500000, 0x00000000c2500000|100%| O|  |TAMS 0x00000000c2500000, 0x00000000c2400000| Untracked 
|  17|0x00000000c2500000, 0x00000000c2600000, 0x00000000c2600000|100%| O|  |TAMS 0x00000000c2600000, 0x00000000c2500000| Untracked 
|  18|0x00000000c2600000, 0x00000000c2700000, 0x00000000c2700000|100%| O|  |TAMS 0x00000000c2700000, 0x00000000c2600000| Untracked 
|  19|0x00000000c2700000, 0x00000000c2800000, 0x00000000c2800000|100%| O|  |TAMS 0x00000000c2800000, 0x00000000c2700000| Untracked 
|  20|0x00000000c2800000, 0x00000000c2900000, 0x00000000c2900000|100%| O|  |TAMS 0x00000000c2900000, 0x00000000c2800000| Untracked 
|  21|0x00000000c2900000, 0x00000000c2a00000, 0x00000000c2a00000|100%| O|  |TAMS 0x00000000c2a00000, 0x00000000c2900000| Untracked 
|  22|0x00000000c2a00000, 0x00000000c2b00000, 0x00000000c2b00000|100%| O|  |TAMS 0x00000000c2b00000, 0x00000000c2a00000| Untracked 
|  23|0x00000000c2b00000, 0x00000000c2c00000, 0x00000000c2c00000|100%| O|  |TAMS 0x00000000c2bd8800, 0x00000000c2b00000| Untracked 
|  24|0x00000000c2c00000, 0x00000000c2d00000, 0x00000000c2d00000|100%| O|  |TAMS 0x00000000c2c00000, 0x00000000c2c00000| Untracked 
|  25|0x00000000c2d00000, 0x00000000c2e00000, 0x00000000c2e00000|100%| O|  |TAMS 0x00000000c2d00000, 0x00000000c2d00000| Untracked 
|  26|0x00000000c2e00000, 0x00000000c2f00000, 0x00000000c2f00000|100%| O|  |TAMS 0x00000000c2e00000, 0x00000000c2e00000| Untracked 
|  27|0x00000000c2f00000, 0x00000000c2f44000, 0x00000000c3000000| 26%| O|  |TAMS 0x00000000c2f00000, 0x00000000c2f00000| Untracked 
|  28|0x00000000c3000000, 0x00000000c3000000, 0x00000000c3100000|  0%| F|  |TAMS 0x00000000c3000000, 0x00000000c3000000| Untracked 
|  29|0x00000000c3100000, 0x00000000c3100000, 0x00000000c3200000|  0%| F|  |TAMS 0x00000000c3100000, 0x00000000c3100000| Untracked 
|  30|0x00000000c3200000, 0x00000000c3200000, 0x00000000c3300000|  0%| F|  |TAMS 0x00000000c3200000, 0x00000000c3200000| Untracked 
|  31|0x00000000c3300000, 0x00000000c3300000, 0x00000000c3400000|  0%| F|  |TAMS 0x00000000c3300000, 0x00000000c3300000| Untracked 
|  32|0x00000000c3400000, 0x00000000c3400000, 0x00000000c3500000|  0%| F|  |TAMS 0x00000000c3400000, 0x00000000c3400000| Untracked 
|  33|0x00000000c3500000, 0x00000000c3500000, 0x00000000c3600000|  0%| F|  |TAMS 0x00000000c3500000, 0x00000000c3500000| Untracked 
|  34|0x00000000c3600000, 0x00000000c3600000, 0x00000000c3700000|  0%| F|  |TAMS 0x00000000c3600000, 0x00000000c3600000| Untracked 
|  35|0x00000000c3700000, 0x00000000c3700000, 0x00000000c3800000|  0%| F|  |TAMS 0x00000000c3700000, 0x00000000c3700000| Untracked 
|  36|0x00000000c3800000, 0x00000000c3800000, 0x00000000c3900000|  0%| F|  |TAMS 0x00000000c3800000, 0x00000000c3800000| Untracked 
|  37|0x00000000c3900000, 0x00000000c3900000, 0x00000000c3a00000|  0%| F|  |TAMS 0x00000000c3900000, 0x00000000c3900000| Untracked 
|  38|0x00000000c3a00000, 0x00000000c3a00000, 0x00000000c3b00000|  0%| F|  |TAMS 0x00000000c3a00000, 0x00000000c3a00000| Untracked 
|  39|0x00000000c3b00000, 0x00000000c3b00000, 0x00000000c3c00000|  0%| F|  |TAMS 0x00000000c3b00000, 0x00000000c3b00000| Untracked 
|  40|0x00000000c3c00000, 0x00000000c3c00000, 0x00000000c3d00000|  0%| F|  |TAMS 0x00000000c3c00000, 0x00000000c3c00000| Untracked 
|  41|0x00000000c3d00000, 0x00000000c3d845a8, 0x00000000c3e00000| 51%| S|CS|TAMS 0x00000000c3d00000, 0x00000000c3d00000| Complete 
|  42|0x00000000c3e00000, 0x00000000c3f00000, 0x00000000c3f00000|100%| S|CS|TAMS 0x00000000c3e00000, 0x00000000c3e00000| Complete 
|  43|0x00000000c3f00000, 0x00000000c3f00000, 0x00000000c4000000|  0%| F|  |TAMS 0x00000000c3f00000, 0x00000000c3f00000| Untracked 
|  44|0x00000000c4000000, 0x00000000c4000000, 0x00000000c4100000|  0%| F|  |TAMS 0x00000000c4000000, 0x00000000c4000000| Untracked 
|  45|0x00000000c4100000, 0x00000000c4100000, 0x00000000c4200000|  0%| F|  |TAMS 0x00000000c4100000, 0x00000000c4100000| Untracked 
|  46|0x00000000c4200000, 0x00000000c4200000, 0x00000000c4300000|  0%| F|  |TAMS 0x00000000c4200000, 0x00000000c4200000| Untracked 
|  47|0x00000000c4300000, 0x00000000c4300000, 0x00000000c4400000|  0%| F|  |TAMS 0x00000000c4300000, 0x00000000c4300000| Untracked 
|  48|0x00000000c4400000, 0x00000000c4400000, 0x00000000c4500000|  0%| F|  |TAMS 0x00000000c4400000, 0x00000000c4400000| Untracked 
|  49|0x00000000c4500000, 0x00000000c4500000, 0x00000000c4600000|  0%| F|  |TAMS 0x00000000c4500000, 0x00000000c4500000| Untracked 
|  50|0x00000000c4600000, 0x00000000c4600000, 0x00000000c4700000|  0%| F|  |TAMS 0x00000000c4600000, 0x00000000c4600000| Untracked 
|  51|0x00000000c4700000, 0x00000000c4700000, 0x00000000c4800000|  0%| F|  |TAMS 0x00000000c4700000, 0x00000000c4700000| Untracked 
|  52|0x00000000c4800000, 0x00000000c4800000, 0x00000000c4900000|  0%| F|  |TAMS 0x00000000c4800000, 0x00000000c4800000| Untracked 
|  63|0x00000000c5300000, 0x00000000c5400000, 0x00000000c5400000|100%| E|  |TAMS 0x00000000c5300000, 0x00000000c5300000| Complete 

Card table byte_map: [0x0000029ab4020000,0x0000029ab4220000] _byte_map_base: 0x0000029ab3a16000

Marking Bits (Prev, Next): (CMBitMap*) 0x0000029a9d29e4d0, (CMBitMap*) 0x0000029a9d29e510
 Prev Bits: [0x0000029ab4420000, 0x0000029ab53d0000)
 Next Bits: [0x0000029ab53d0000, 0x0000029ab6380000)

Polling page: 0x0000029a9afb0000

Metaspace:

Usage:
  Non-class:     53.04 MB used.
      Class:      8.10 MB used.
       Both:     61.14 MB used.

Virtual space:
  Non-class space:       64.00 MB reserved,      53.38 MB ( 83%) committed,  1 nodes.
      Class space:        1.00 GB reserved,       8.38 MB ( <1%) committed,  1 nodes.
             Both:        1.06 GB reserved,      61.75 MB (  6%) committed. 

Chunk freelists:
   Non-Class:  2.19 MB
       Class:  3.59 MB
        Both:  5.77 MB

MaxMetaspaceSize: unlimited
CompressedClassSpaceSize: 1.00 GB
Initial GC threshold: 21.00 MB
Current GC threshold: 101.19 MB
CDS: on
MetaspaceReclaimPolicy: balanced
 - commit_granule_bytes: 65536.
 - commit_granule_words: 8192.
 - virtual_space_node_default_size: 8388608.
 - enlarge_chunks_in_place: 1.
 - new_chunks_are_fully_committed: 0.
 - uncommit_free_chunks: 1.
 - use_allocation_guard: 0.


Internal statistics:

num_allocs_failed_limit: 9.
num_arena_births: 898.
num_arena_deaths: 0.
num_vsnodes_births: 2.
num_vsnodes_deaths: 0.
num_space_committed: 988.
num_space_uncommitted: 0.
num_chunks_returned_to_freelist: 9.
num_chunks_taken_from_freelist: 3032.
num_chunk_merges: 9.
num_chunk_splits: 2202.
num_chunks_enlarged: 1743.
num_inconsistent_stats: 0.

CodeHeap 'non-profiled nmethods': size=120000Kb used=2727Kb max_used=2727Kb free=117272Kb
 bounds [0x0000029aac8f0000, 0x0000029aacba0000, 0x0000029ab3e20000]
CodeHeap 'profiled nmethods': size=120000Kb used=11397Kb max_used=11397Kb free=108602Kb
 bounds [0x0000029aa53c0000, 0x0000029aa5ef0000, 0x0000029aac8f0000]
CodeHeap 'non-nmethods': size=5760Kb used=1372Kb max_used=1446Kb free=4387Kb
 bounds [0x0000029aa4e20000, 0x0000029aa5090000, 0x0000029aa53c0000]
 total_blobs=6196 nmethods=5495 adapters=613
 compilation: enabled
              stopped_count=0, restarted_count=0
 full_count=0

Compilation events (20 events):
Event: 23.209 Thread 0x0000029a9d31aad0 5576       2       java.util.concurrent.ConcurrentHashMap::comparableClassFor (115 bytes)
Event: 23.210 Thread 0x0000029a9d31aad0 nmethod 5576 0x0000029aa5ebf210 code [0x0000029aa5ebf420, 0x0000029aa5ebf998]
Event: 23.212 Thread 0x0000029a9d31aad0 5577       2       org.springframework.boot.context.properties.source.SystemEnvironmentPropertyMapper::convertName (62 bytes)
Event: 23.213 Thread 0x0000029a9d31aad0 nmethod 5577 0x0000029aa5ebfc90 code [0x0000029aa5ebfea0, 0x0000029aa5ec0278]
Event: 23.213 Thread 0x0000029a9d31aad0 5578       2       org.springframework.boot.context.properties.source.SystemEnvironmentPropertyMapper::convertLegacyName (60 bytes)
Event: 23.214 Thread 0x0000029a9d31aad0 nmethod 5578 0x0000029aa5ec0510 code [0x0000029aa5ec0740, 0x0000029aa5ec0bb8]
Event: 23.214 Thread 0x0000029a9d31aad0 5579       2       java.lang.invoke.LambdaForm::<init> (13 bytes)
Event: 23.214 Thread 0x0000029a9d31aad0 nmethod 5579 0x0000029aa5ec0e90 code [0x0000029aa5ec1020, 0x0000029aa5ec1168]
Event: 23.216 Thread 0x0000029a9d31aad0 5580       2       org.springframework.core.MethodParameter::<init> (99 bytes)
Event: 23.216 Thread 0x0000029a9d31aad0 nmethod 5580 0x0000029aa5ec1210 code [0x0000029aa5ec13e0, 0x0000029aa5ec1948]
Event: 23.216 Thread 0x0000029a9d31aad0 5581       2       java.util.stream.ReferencePipeline::iterator (8 bytes)
Event: 23.217 Thread 0x0000029a9d31aad0 nmethod 5581 0x0000029aa5ec1a90 code [0x0000029aa5ec1c40, 0x0000029aa5ec1ed8]
Event: 23.217 Thread 0x0000029a9d31aad0 5582       2       java.util.Spliterators::iterator (14 bytes)
Event: 23.217 Thread 0x0000029a9d31aad0 nmethod 5582 0x0000029aa5ec2010 code [0x0000029aa5ec21c0, 0x0000029aa5ec2428]
Event: 23.217 Thread 0x0000029a9d31aad0 5583       2       java.util.Spliterators$1Adapter::<init> (15 bytes)
Event: 23.217 Thread 0x0000029a9d31aad0 nmethod 5583 0x0000029aa5ec2510 code [0x0000029aa5ec26a0, 0x0000029aa5ec27f8]
Event: 23.222 Thread 0x0000029a9d31aad0 5584       2       org.springframework.util.ClassUtils::isAssignable (84 bytes)
Event: 23.223 Thread 0x0000029a9d31aad0 nmethod 5584 0x0000029aa5ec2890 code [0x0000029aa5ec2aa0, 0x0000029aa5ec2ef8]
Event: 23.227 Thread 0x0000029a9d31aad0 5585       2       org.springframework.beans.factory.support.AbstractAutowireCapableBeanFactory::applyBeanPostProcessorsBeforeInitialization (61 bytes)
Event: 23.228 Thread 0x0000029a9d31aad0 nmethod 5585 0x0000029aa5ec3110 code [0x0000029aa5ec32e0, 0x0000029aa5ec3598]

GC Heap History (20 events):
Event: 13.935 GC heap before
{Heap before GC invocations=7 (full 0):
 garbage-first heap   total 51200K, used 34271K [0x00000000c1400000, 0x0000000100000000)
  region size 1024K, 23 young (23552K), 4 survivors (4096K)
 Metaspace       used 29813K, committed 30272K, reserved 1114112K
  class space    used 3672K, committed 3904K, reserved 1048576K
}
Event: 13.949 GC heap after
{Heap after GC invocations=8 (full 0):
 garbage-first heap   total 51200K, used 18232K [0x00000000c1400000, 0x0000000100000000)
  region size 1024K, 3 young (3072K), 3 survivors (3072K)
 Metaspace       used 29813K, committed 30272K, reserved 1114112K
  class space    used 3672K, committed 3904K, reserved 1048576K
}
Event: 14.987 GC heap before
{Heap before GC invocations=8 (full 0):
 garbage-first heap   total 51200K, used 36664K [0x00000000c1400000, 0x0000000100000000)
  region size 1024K, 21 young (21504K), 3 survivors (3072K)
 Metaspace       used 33821K, committed 34304K, reserved 1114112K
  class space    used 4253K, committed 4480K, reserved 1048576K
}
Event: 14.992 GC heap after
{Heap after GC invocations=9 (full 0):
 garbage-first heap   total 51200K, used 19685K [0x00000000c1400000, 0x0000000100000000)
  region size 1024K, 2 young (2048K), 2 survivors (2048K)
 Metaspace       used 33821K, committed 34304K, reserved 1114112K
  class space    used 4253K, committed 4480K, reserved 1048576K
}
Event: 15.370 GC heap before
{Heap before GC invocations=9 (full 0):
 garbage-first heap   total 51200K, used 25829K [0x00000000c1400000, 0x0000000100000000)
  region size 1024K, 9 young (9216K), 2 survivors (2048K)
 Metaspace       used 35490K, committed 35968K, reserved 1114112K
  class space    used 4536K, committed 4736K, reserved 1048576K
}
Event: 15.374 GC heap after
{Heap after GC invocations=10 (full 0):
 garbage-first heap   total 51200K, used 19672K [0x00000000c1400000, 0x0000000100000000)
  region size 1024K, 2 young (2048K), 2 survivors (2048K)
 Metaspace       used 35490K, committed 35968K, reserved 1114112K
  class space    used 4536K, committed 4736K, reserved 1048576K
}
Event: 18.155 GC heap before
{Heap before GC invocations=11 (full 0):
 garbage-first heap   total 51200K, used 38104K [0x00000000c1400000, 0x0000000100000000)
  region size 1024K, 20 young (20480K), 2 survivors (2048K)
 Metaspace       used 42656K, committed 43200K, reserved 1114112K
  class space    used 5371K, committed 5632K, reserved 1048576K
}
Event: 18.160 GC heap after
{Heap after GC invocations=12 (full 0):
 garbage-first heap   total 51200K, used 20785K [0x00000000c1400000, 0x0000000100000000)
  region size 1024K, 3 young (3072K), 3 survivors (3072K)
 Metaspace       used 42656K, committed 43200K, reserved 1114112K
  class space    used 5371K, committed 5632K, reserved 1048576K
}
Event: 18.777 GC heap before
{Heap before GC invocations=12 (full 0):
 garbage-first heap   total 51200K, used 38193K [0x00000000c1400000, 0x0000000100000000)
  region size 1024K, 21 young (21504K), 3 survivors (3072K)
 Metaspace       used 45721K, committed 46272K, reserved 1114112K
  class space    used 5764K, committed 6016K, reserved 1048576K
}
Event: 18.784 GC heap after
{Heap after GC invocations=13 (full 0):
 garbage-first heap   total 51200K, used 21962K [0x00000000c1400000, 0x0000000100000000)
  region size 1024K, 3 young (3072K), 3 survivors (3072K)
 Metaspace       used 45721K, committed 46272K, reserved 1114112K
  class space    used 5764K, committed 6016K, reserved 1048576K
}
Event: 19.605 GC heap before
{Heap before GC invocations=13 (full 0):
 garbage-first heap   total 51200K, used 38346K [0x00000000c1400000, 0x0000000100000000)
  region size 1024K, 20 young (20480K), 3 survivors (3072K)
 Metaspace       used 50754K, committed 51328K, reserved 1114112K
  class space    used 6479K, committed 6784K, reserved 1048576K
}
Event: 19.613 GC heap after
{Heap after GC invocations=14 (full 0):
 garbage-first heap   total 51200K, used 22805K [0x00000000c1400000, 0x0000000100000000)
  region size 1024K, 2 young (2048K), 2 survivors (2048K)
 Metaspace       used 50754K, committed 51328K, reserved 1114112K
  class space    used 6479K, committed 6784K, reserved 1048576K
}
Event: 20.582 GC heap before
{Heap before GC invocations=14 (full 0):
 garbage-first heap   total 51200K, used 40213K [0x00000000c1400000, 0x0000000100000000)
  region size 1024K, 19 young (19456K), 2 survivors (2048K)
 Metaspace       used 54815K, committed 55360K, reserved 1114112K
  class space    used 7174K, committed 7424K, reserved 1048576K
}
Event: 20.588 GC heap after
{Heap after GC invocations=15 (full 0):
 garbage-first heap   total 51200K, used 23562K [0x00000000c1400000, 0x0000000100000000)
  region size 1024K, 2 young (2048K), 2 survivors (2048K)
 Metaspace       used 54815K, committed 55360K, reserved 1114112K
  class space    used 7174K, committed 7424K, reserved 1048576K
}
Event: 21.308 GC heap before
{Heap before GC invocations=15 (full 0):
 garbage-first heap   total 51200K, used 38922K [0x00000000c1400000, 0x0000000100000000)
  region size 1024K, 18 young (18432K), 2 survivors (2048K)
 Metaspace       used 58285K, committed 58880K, reserved 1114112K
  class space    used 7643K, committed 7936K, reserved 1048576K
}
Event: 21.314 GC heap after
{Heap after GC invocations=16 (full 0):
 garbage-first heap   total 51200K, used 24886K [0x00000000c1400000, 0x0000000100000000)
  region size 1024K, 3 young (3072K), 3 survivors (3072K)
 Metaspace       used 58285K, committed 58880K, reserved 1114112K
  class space    used 7643K, committed 7936K, reserved 1048576K
}
Event: 22.150 GC heap before
{Heap before GC invocations=17 (full 0):
 garbage-first heap   total 51200K, used 39222K [0x00000000c1400000, 0x0000000100000000)
  region size 1024K, 17 young (17408K), 3 survivors (3072K)
 Metaspace       used 59830K, committed 60480K, reserved 1114112K
  class space    used 7910K, committed 8192K, reserved 1048576K
}
Event: 22.157 GC heap after
{Heap after GC invocations=18 (full 0):
 garbage-first heap   total 51200K, used 25773K [0x00000000c1400000, 0x0000000100000000)
  region size 1024K, 3 young (3072K), 3 survivors (3072K)
 Metaspace       used 59830K, committed 60480K, reserved 1114112K
  class space    used 7910K, committed 8192K, reserved 1048576K
}
Event: 22.810 GC heap before
{Heap before GC invocations=18 (full 0):
 garbage-first heap   total 51200K, used 41133K [0x00000000c1400000, 0x0000000100000000)
  region size 1024K, 18 young (18432K), 3 survivors (3072K)
 Metaspace       used 61202K, committed 61888K, reserved 1114112K
  class space    used 8093K, committed 8384K, reserved 1048576K
}
Event: 22.818 GC heap after
{Heap after GC invocations=19 (full 0):
 garbage-first heap   total 51200K, used 27305K [0x00000000c1400000, 0x0000000100000000)
  region size 1024K, 3 young (3072K), 3 survivors (3072K)
 Metaspace       used 61202K, committed 61888K, reserved 1114112K
  class space    used 8093K, committed 8384K, reserved 1048576K
}

Deoptimization events (20 events):
Event: 22.511 Thread 0x0000029abd36ef40 Uncommon trap: trap_request=0xffffffde fr.pc=0x0000029aacb86650 relative=0x00000000000011b0
Event: 22.511 Thread 0x0000029abd36ef40 Uncommon trap: reason=class_check action=maybe_recompile pc=0x0000029aacb86650 method=org.springframework.core.annotation.AnnotationsScanner.processMethodHierarchy(Ljava/lang/Object;[ILjava/lang/Class;Lorg/springframework/core/annotation/AnnotationsProces
Event: 22.511 Thread 0x0000029abd36ef40 DEOPT PACKING pc=0x0000029aacb86650 sp=0x000000acb11fe460
Event: 22.511 Thread 0x0000029abd36ef40 DEOPT UNPACKING pc=0x0000029aa4e723a3 sp=0x000000acb11fe428 mode 2
Event: 22.548 Thread 0x0000029abd36ef40 Uncommon trap: trap_request=0xffffff45 fr.pc=0x0000029aacae4c38 relative=0x0000000000000218
Event: 22.548 Thread 0x0000029abd36ef40 Uncommon trap: reason=unstable_if action=reinterpret pc=0x0000029aacae4c38 method=java.util.regex.Matcher.reset()Ljava/util/regex/Matcher; @ 71 c2
Event: 22.548 Thread 0x0000029abd36ef40 DEOPT PACKING pc=0x0000029aacae4c38 sp=0x000000acb11fce40
Event: 22.548 Thread 0x0000029abd36ef40 DEOPT UNPACKING pc=0x0000029aa4e723a3 sp=0x000000acb11fcdc8 mode 2
Event: 22.820 Thread 0x0000029abd36ef40 DEOPT PACKING pc=0x0000029aa5e6222a sp=0x000000acb11fb290
Event: 22.820 Thread 0x0000029abd36ef40 DEOPT UNPACKING pc=0x0000029aa4e72b43 sp=0x000000acb11fa7a0 mode 0
Event: 22.854 Thread 0x0000029abd36ef40 DEOPT PACKING pc=0x0000029aa5b3a528 sp=0x000000acb11fe2b0
Event: 22.854 Thread 0x0000029abd36ef40 DEOPT UNPACKING pc=0x0000029aa4e72b43 sp=0x000000acb11fd740 mode 0
Event: 23.097 Thread 0x0000029abd36ef40 Uncommon trap: trap_request=0xffffff45 fr.pc=0x0000029aaca93b48 relative=0x00000000000004a8
Event: 23.097 Thread 0x0000029abd36ef40 Uncommon trap: reason=unstable_if action=reinterpret pc=0x0000029aaca93b48 method=org.springframework.beans.factory.support.DefaultSingletonBeanRegistry.getSingleton(Ljava/lang/String;Z)Ljava/lang/Object; @ 39 c2
Event: 23.097 Thread 0x0000029abd36ef40 DEOPT PACKING pc=0x0000029aaca93b48 sp=0x000000acb11fe250
Event: 23.097 Thread 0x0000029abd36ef40 DEOPT UNPACKING pc=0x0000029aa4e723a3 sp=0x000000acb11fe1d8 mode 2
Event: 23.151 Thread 0x0000029abd36ef40 Uncommon trap: trap_request=0xfffffff4 fr.pc=0x0000029aaca28dc8 relative=0x0000000000000288
Event: 23.151 Thread 0x0000029abd36ef40 Uncommon trap: reason=null_check action=make_not_entrant pc=0x0000029aaca28dc8 method=org.springframework.util.ClassUtils.isAssignable(Ljava/lang/Class;Ljava/lang/Class;)Z @ 14 c2
Event: 23.151 Thread 0x0000029abd36ef40 DEOPT PACKING pc=0x0000029aaca28dc8 sp=0x000000acb11fe690
Event: 23.151 Thread 0x0000029abd36ef40 DEOPT UNPACKING pc=0x0000029aa4e723a3 sp=0x000000acb11fe620 mode 2

Classes loaded (20 events):
Event: 22.043 Loading class java/util/regex/Pattern$Behind
Event: 22.043 Loading class java/util/regex/Pattern$Behind done
Event: 22.058 Loading class java/util/regex/Pattern$1
Event: 22.058 Loading class java/util/regex/Pattern$1 done
Event: 22.328 Loading class java/time/DurationEditor
Event: 22.328 Loading class java/time/DurationEditor done
Event: 22.441 Loading class java/nio/charset/UnsupportedCharsetException
Event: 22.441 Loading class java/nio/charset/UnsupportedCharsetException done
Event: 22.590 Loading class java/util/regex/PatternSyntaxException
Event: 22.591 Loading class java/util/regex/PatternSyntaxException done
Event: 22.610 Loading class java/util/Comparators$NullComparator
Event: 22.610 Loading class java/util/Comparators$NullComparator done
Event: 22.653 Loading class java/util/HashMap$EntrySpliterator
Event: 22.653 Loading class java/util/HashMap$EntrySpliterator done
Event: 22.762 Loading class java/util/EnumMap$EntrySet
Event: 22.763 Loading class java/util/EnumMap$EntrySet done
Event: 22.763 Loading class java/util/EnumMap$EntryIterator
Event: 22.763 Loading class java/util/EnumMap$EnumMapIterator
Event: 22.763 Loading class java/util/EnumMap$EnumMapIterator done
Event: 22.763 Loading class java/util/EnumMap$EntryIterator done

Classes unloaded (0 events):
No events

Classes redefined (0 events):
No events

Internal exceptions (20 events):
Event: 20.767 Thread 0x0000029abd36ef40 Exception <a 'java/lang/NoSuchMethodError'{0x00000000c4253e30}: 'java.lang.Object java.lang.invoke.DirectMethodHandle$Holder.invokeSpecial(java.lang.Object, java.lang.Object, java.lang.Object, java.lang.Object, java.lang.Object, java.lang.Object, java.lang.Object, java.lang.Object, java.lang.Object, java.lang.Object, java.lang.Object, java.lang.Object, java.lang.Object)'> (0x00000000c4253e30) 
thrown [s\src\hotspot\share\interpreter\linkResolver.cpp, line 759]
Event: 20.767 Thread 0x0000029abd36ef40 Exception <a 'java/lang/NoSuchMethodError'{0x00000000c4258548}: 'java.lang.Object java.lang.invoke.Invokers$Holder.linkToTargetMethod(java.lang.Object, java.lang.Object, java.lang.Object, java.lang.Object, java.lang.Object, java.lang.Object, java.lang.Object, java.lang.Object, java.lang.Object, java.lang.Object, java.lang.Object, java.lang.Object)'> (0x00000000c4258548) 
thrown [s\src\hotspot\share\interpreter\linkResolver.cpp, line 759]
Event: 20.802 Thread 0x0000029abd36ef40 Exception <a 'java/lang/IncompatibleClassChangeError'{0x00000000c42f5f20}: Found class java.lang.Object, but interface was expected> (0x00000000c42f5f20) 
thrown [s\src\hotspot\share\interpreter\linkResolver.cpp, line 826]
Event: 20.869 Thread 0x0000029abd36ef40 Exception <a 'java/lang/NoSuchMethodError'{0x00000000c406b428}: 'java.lang.Object java.lang.invoke.DirectMethodHandle$Holder.newInvokeSpecial(java.lang.Object, java.lang.Object, java.lang.Object, java.lang.Object, java.lang.Object, java.lang.Object, java.lang.Object, int)'> (0x00000000c406b428) 
thrown [s\src\hotspot\share\interpreter\linkResolver.cpp, line 759]
Event: 20.870 Thread 0x0000029abd36ef40 Exception <a 'java/lang/NoSuchMethodError'{0x00000000c4070428}: 'java.lang.Object java.lang.invoke.DirectMethodHandle$Holder.invokeSpecial(java.lang.Object, java.lang.Object, java.lang.Object, java.lang.Object, java.lang.Object, java.lang.Object, java.lang.Object, java.lang.Object, int)'> (0x00000000c4070428) 
thrown [s\src\hotspot\share\interpreter\linkResolver.cpp, line 759]
Event: 20.870 Thread 0x0000029abd36ef40 Exception <a 'java/lang/NoSuchMethodError'{0x00000000c4074ef0}: 'java.lang.Object java.lang.invoke.Invokers$Holder.linkToTargetMethod(java.lang.Object, java.lang.Object, java.lang.Object, java.lang.Object, java.lang.Object, java.lang.Object, int, java.lang.Object)'> (0x00000000c4074ef0) 
thrown [s\src\hotspot\share\interpreter\linkResolver.cpp, line 759]
Event: 20.910 Thread 0x0000029abd36ef40 Exception <a 'java/lang/NoSuchMethodError'{0x00000000c3f53520}: 'java.lang.Object java.lang.invoke.DirectMethodHandle$Holder.newInvokeSpecial(java.lang.Object, java.lang.Object, int, java.lang.Object, int, java.lang.Object, java.lang.Object)'> (0x00000000c3f53520) 
thrown [s\src\hotspot\share\interpreter\linkResolver.cpp, line 759]
Event: 20.915 Thread 0x0000029abd36ef40 Exception <a 'java/lang/NoSuchMethodError'{0x00000000c3f6c3c0}: 'void java.lang.invoke.DirectMethodHandle$Holder.invokeInterface(java.lang.Object, java.lang.Object)'> (0x00000000c3f6c3c0) 
thrown [s\src\hotspot\share\interpreter\linkResolver.cpp, line 759]
Event: 21.055 Thread 0x0000029abd36ef40 Exception <a 'java/lang/NoSuchMethodError'{0x00000000c3c33b80}: 'void java.lang.invoke.Invokers$Holder.invokeExact_MT(java.lang.Object, java.lang.Object, java.lang.Object, java.lang.Object)'> (0x00000000c3c33b80) 
thrown [s\src\hotspot\share\interpreter\linkResolver.cpp, line 759]
Event: 21.177 Thread 0x0000029abd36ef40 Exception <a 'java/lang/IncompatibleClassChangeError'{0x00000000c38087b0}: Found class java.lang.Object, but interface was expected> (0x00000000c38087b0) 
thrown [s\src\hotspot\share\interpreter\linkResolver.cpp, line 826]
Event: 21.197 Thread 0x0000029abd36ef40 Exception <a 'java/lang/IncompatibleClassChangeError'{0x00000000c38802e0}: Found class java.lang.Object, but interface was expected> (0x00000000c38802e0) 
thrown [s\src\hotspot\share\interpreter\linkResolver.cpp, line 826]
Event: 21.270 Thread 0x0000029abd36ef40 Exception <a 'java/lang/IncompatibleClassChangeError'{0x00000000c37f2f68}: Found class java.lang.Object, but interface was expected> (0x00000000c37f2f68) 
thrown [s\src\hotspot\share\interpreter\linkResolver.cpp, line 826]
Event: 21.645 Thread 0x0000029abd36ef40 Exception <a 'java/lang/IncompatibleClassChangeError'{0x00000000c40bc5b8}: Found class java.lang.Object, but interface was expected> (0x00000000c40bc5b8) 
thrown [s\src\hotspot\share\interpreter\linkResolver.cpp, line 826]
Event: 22.379 Thread 0x0000029abd36ef40 Exception <a 'java/lang/NoSuchMethodError'{0x00000000c409d678}: 'java.lang.Object java.lang.invoke.DirectMethodHandle$Holder.newInvokeSpecial(java.lang.Object, java.lang.Object, java.lang.Object, java.lang.Object, java.lang.Object, java.lang.Object, java.lang.Object, java.lang.Object)'> (0x00000000c409d678) 
thrown [s\src\hotspot\share\interpreter\linkResolver.cpp, line 759]
Event: 22.727 Thread 0x0000029abd36ef40 Exception <a 'sun/nio/fs/WindowsException'{0x00000000c39500c0}> (0x00000000c39500c0) 
thrown [s\src\hotspot\share\prims\jni.cpp, line 516]
Event: 22.844 Thread 0x0000029abd36ef40 Exception <a 'java/lang/IncompatibleClassChangeError'{0x00000000c53e3170}: Found class java.lang.Object, but interface was expected> (0x00000000c53e3170) 
thrown [s\src\hotspot\share\interpreter\linkResolver.cpp, line 826]
Event: 22.942 Thread 0x0000029abd36ef40 Exception <a 'java/lang/NoSuchMethodError'{0x00000000c438a648}: 'void java.lang.invoke.DirectMethodHandle$Holder.invokeVirtual(java.lang.Object, java.lang.Object, long)'> (0x00000000c438a648) 
thrown [s\src\hotspot\share\interpreter\linkResolver.cpp, line 759]
Event: 23.086 Thread 0x0000029abd36ef40 Exception <a 'java/lang/NoSuchMethodError'{0x00000000c46c2db0}: 'int java.lang.invoke.DirectMethodHandle$Holder.invokeStaticInit(java.lang.Object, java.lang.Object, java.lang.Object, java.lang.Object)'> (0x00000000c46c2db0) 
thrown [s\src\hotspot\share\interpreter\linkResolver.cpp, line 759]
Event: 23.129 Thread 0x0000029abd36ef40 Exception <a 'java/lang/IncompatibleClassChangeError'{0x00000000c458c798}: Found class java.lang.Object, but interface was expected> (0x00000000c458c798) 
thrown [s\src\hotspot\share\interpreter\linkResolver.cpp, line 826]
Event: 23.151 Thread 0x0000029abd36ef40 Implicit null exception at 0x0000029aaca28b60 to 0x0000029aaca28db4

VM Operations (20 events):
Event: 21.887 Executing VM operation: HandshakeAllThreads
Event: 21.887 Executing VM operation: HandshakeAllThreads done
Event: 21.899 Executing VM operation: HandshakeAllThreads
Event: 21.900 Executing VM operation: HandshakeAllThreads done
Event: 22.150 Executing VM operation: G1CollectForAllocation
Event: 22.157 Executing VM operation: G1CollectForAllocation done
Event: 22.464 Executing VM operation: HandshakeAllThreads
Event: 22.464 Executing VM operation: HandshakeAllThreads done
Event: 22.557 Executing VM operation: HandshakeAllThreads
Event: 22.557 Executing VM operation: HandshakeAllThreads done
Event: 22.650 Executing VM operation: HandshakeAllThreads
Event: 22.650 Executing VM operation: HandshakeAllThreads done
Event: 22.810 Executing VM operation: G1CollectForAllocation
Event: 22.818 Executing VM operation: G1CollectForAllocation done
Event: 22.925 Executing VM operation: G1Concurrent
Event: 22.930 Executing VM operation: G1Concurrent done
Event: 22.978 Executing VM operation: G1Concurrent
Event: 22.978 Executing VM operation: G1Concurrent done
Event: 22.982 Executing VM operation: HandshakeAllThreads
Event: 22.982 Executing VM operation: HandshakeAllThreads done

Events (20 events):
Event: 1.285 Loaded shared library C:\Program Files\JetBrains\IntelliJ IDEA Community Edition 2021.3.3\bin\breakgen64.dll
Event: 1.286 Thread 0x0000029abce55660 Thread added: 0x0000029abce55660
Event: 1.286 Thread 0x0000029abcdfe590 Thread added: 0x0000029abcdfe590
Event: 1.500 Loaded shared library C:\Users\ERIN_JAVALead\.jdks\corretto-18.0.2\bin\jimage.dll
Event: 2.535 Loaded shared library C:\Users\ERIN_JAVALead\.jdks\corretto-18.0.2\bin\management.dll
Event: 2.548 Loaded shared library C:\Users\ERIN_JAVALead\.jdks\corretto-18.0.2\bin\management_ext.dll
Event: 2.761 Thread 0x0000029abce14470 Thread added: 0x0000029abce14470
Event: 2.772 Thread 0x0000029abd36ef40 Thread added: 0x0000029abd36ef40
Event: 5.052 Thread 0x0000029abd8c8ee0 Thread added: 0x0000029abd8c8ee0
Event: 6.371 Loaded shared library C:\Users\ERIN_JAVALead\.jdks\corretto-18.0.2\bin\sunmscapi.dll
Event: 6.465 Thread 0x0000029abd8c8ee0 Thread exited: 0x0000029abd8c8ee0
Event: 7.281 Thread 0x0000029abd8c93b0 Thread added: 0x0000029abd8c93b0
Event: 7.683 Thread 0x0000029abd8c93b0 Thread exited: 0x0000029abd8c93b0
Event: 13.724 Thread 0x0000029abd8c5ec0 Thread added: 0x0000029abd8c5ec0
Event: 13.727 Thread 0x0000029abd8c6390 Thread added: 0x0000029abd8c6390
Event: 13.736 Thread 0x0000029abd8c6860 Thread added: 0x0000029abd8c6860
Event: 15.011 Loaded shared library C:\Users\ERIN_JAVALead\.jdks\corretto-18.0.2\bin\verify.dll
Event: 17.524 Thread 0x0000029abd8c93b0 Thread added: 0x0000029abd8c93b0
Event: 17.687 Thread 0x0000029abd8c8ee0 Thread added: 0x0000029abd8c8ee0
Event: 17.804 Thread 0x0000029abd8c7200 Thread added: 0x0000029abd8c7200


Dynamic libraries:
0x00007ff7bbcd0000 - 0x00007ff7bbcdd000 	C:\Users\ERIN_JAVALead\.jdks\corretto-18.0.2\bin\java.exe
0x00007ffd3bff0000 - 0x00007ffd3c1e8000 	C:\WINDOWS\SYSTEM32\ntdll.dll
0x00007ffd3a0b0000 - 0x00007ffd3a16d000 	C:\WINDOWS\System32\KERNEL32.DLL
0x00007ffd39c10000 - 0x00007ffd39f06000 	C:\WINDOWS\System32\KERNELBASE.dll
0x00007ffd397d0000 - 0x00007ffd398d0000 	C:\WINDOWS\System32\ucrtbase.dll
0x00007ffd13e30000 - 0x00007ffd13e47000 	C:\Users\ERIN_JAVALead\.jdks\corretto-18.0.2\bin\jli.dll
0x00007ffd3b8d0000 - 0x00007ffd3ba6e000 	C:\WINDOWS\System32\USER32.dll
0x00007ffd39b50000 - 0x00007ffd39b72000 	C:\WINDOWS\System32\win32u.dll
0x00007ffd3b6e0000 - 0x00007ffd3b70b000 	C:\WINDOWS\System32\GDI32.dll
0x00007ffd39a30000 - 0x00007ffd39b47000 	C:\WINDOWS\System32\gdi32full.dll
0x00007ffd396c0000 - 0x00007ffd3975d000 	C:\WINDOWS\System32\msvcp_win.dll
0x00007ffd13ea0000 - 0x00007ffd13eb5000 	C:\Users\ERIN_JAVALead\.jdks\corretto-18.0.2\bin\VCRUNTIME140.dll
0x00007ffd250c0000 - 0x00007ffd2535a000 	C:\WINDOWS\WinSxS\amd64_microsoft.windows.common-controls_6595b64144ccf1df_6.0.19041.3636_none_60b6a03d71f818d5\COMCTL32.dll
0x00007ffd3aad0000 - 0x00007ffd3ab6e000 	C:\WINDOWS\System32\msvcrt.dll
0x00007ffd3b710000 - 0x00007ffd3b742000 	C:\WINDOWS\System32\IMM32.DLL
0x00007ffd09df0000 - 0x00007ffd09e8b000 	C:\Users\ERIN_JAVALead\.jdks\corretto-18.0.2\bin\msvcp140.dll
0x00007ffcf1070000 - 0x00007ffcf1ce1000 	C:\Users\ERIN_JAVALead\.jdks\corretto-18.0.2\bin\server\jvm.dll
0x00007ffd3bed0000 - 0x00007ffd3bf80000 	C:\WINDOWS\System32\ADVAPI32.dll
0x00007ffd3a180000 - 0x00007ffd3a220000 	C:\WINDOWS\System32\sechost.dll
0x00007ffd3bba0000 - 0x00007ffd3bcc5000 	C:\WINDOWS\System32\RPCRT4.dll
0x00007ffd39fc0000 - 0x00007ffd39fe7000 	C:\WINDOWS\System32\bcrypt.dll
0x00007ffd3a170000 - 0x00007ffd3a178000 	C:\WINDOWS\System32\PSAPI.DLL
0x00007ffd350a0000 - 0x00007ffd350a9000 	C:\WINDOWS\SYSTEM32\WSOCK32.dll
0x00007ffd3be60000 - 0x00007ffd3becb000 	C:\WINDOWS\System32\WS2_32.dll
0x00007ffd1b0a0000 - 0x00007ffd1b0c7000 	C:\WINDOWS\SYSTEM32\WINMM.dll
0x00007ffd33d10000 - 0x00007ffd33d1a000 	C:\WINDOWS\SYSTEM32\VERSION.dll
0x00007ffd374e0000 - 0x00007ffd374f2000 	C:\WINDOWS\SYSTEM32\kernel.appcore.dll
0x00007ffd22fa0000 - 0x00007ffd22faa000 	C:\Users\ERIN_JAVALead\.jdks\corretto-18.0.2\bin\jimage.dll
0x00007ffd138b0000 - 0x00007ffd13a94000 	C:\WINDOWS\SYSTEM32\DBGHELP.DLL
0x00007ffd13870000 - 0x00007ffd138a4000 	C:\WINDOWS\SYSTEM32\dbgcore.DLL
0x00007ffd39b80000 - 0x00007ffd39c02000 	C:\WINDOWS\System32\bcryptPrimitives.dll
0x00007ffd16530000 - 0x00007ffd1653e000 	C:\Users\ERIN_JAVALead\.jdks\corretto-18.0.2\bin\instrument.dll
0x00007ffd11f50000 - 0x00007ffd11f75000 	C:\Users\ERIN_JAVALead\.jdks\corretto-18.0.2\bin\java.dll
0x00007ffd00770000 - 0x00007ffd00846000 	C:\Users\ERIN_JAVALead\.jdks\corretto-18.0.2\bin\jsvml.dll
0x00007ffd3a220000 - 0x00007ffd3a98b000 	C:\WINDOWS\System32\SHELL32.dll
0x00007ffd376e0000 - 0x00007ffd37e7e000 	C:\WINDOWS\SYSTEM32\windows.storage.dll
0x00007ffd3b380000 - 0x00007ffd3b6d3000 	C:\WINDOWS\System32\combase.dll
0x00007ffd38ef0000 - 0x00007ffd38f1e000 	C:\WINDOWS\SYSTEM32\Wldp.dll
0x00007ffd3b750000 - 0x00007ffd3b81d000 	C:\WINDOWS\System32\OLEAUT32.dll
0x00007ffd3b2d0000 - 0x00007ffd3b37d000 	C:\WINDOWS\System32\SHCORE.dll
0x00007ffd3bcd0000 - 0x00007ffd3bd25000 	C:\WINDOWS\System32\shlwapi.dll
0x00007ffd395a0000 - 0x00007ffd395c5000 	C:\WINDOWS\SYSTEM32\profapi.dll
0x00007ffd112e0000 - 0x00007ffd112f8000 	C:\Users\ERIN_JAVALead\.jdks\corretto-18.0.2\bin\zip.dll
0x00007ffd11da0000 - 0x00007ffd11db3000 	C:\Users\ERIN_JAVALead\.jdks\corretto-18.0.2\bin\net.dll
0x00007ffd330b0000 - 0x00007ffd331ba000 	C:\WINDOWS\SYSTEM32\WINHTTP.dll
0x00007ffd38cd0000 - 0x00007ffd38d3a000 	C:\WINDOWS\system32\mswsock.dll
0x00007ffd11300000 - 0x00007ffd11315000 	C:\Users\ERIN_JAVALead\.jdks\corretto-18.0.2\bin\nio.dll
0x00007ffd112c0000 - 0x00007ffd112da000 	C:\Program Files\JetBrains\IntelliJ IDEA Community Edition 2021.3.3\bin\breakgen64.dll
0x00007ffd14480000 - 0x00007ffd14489000 	C:\Users\ERIN_JAVALead\.jdks\corretto-18.0.2\bin\management.dll
0x00007ffd14360000 - 0x00007ffd1436b000 	C:\Users\ERIN_JAVALead\.jdks\corretto-18.0.2\bin\management_ext.dll
0x00007ffd13bc0000 - 0x00007ffd13bce000 	C:\Users\ERIN_JAVALead\.jdks\corretto-18.0.2\bin\sunmscapi.dll
0x00007ffd398d0000 - 0x00007ffd39a2d000 	C:\WINDOWS\System32\CRYPT32.dll
0x00007ffd39040000 - 0x00007ffd39068000 	C:\WINDOWS\SYSTEM32\ncrypt.dll
0x00007ffd39000000 - 0x00007ffd3903b000 	C:\WINDOWS\SYSTEM32\NTASN1.dll
0x00007ffd38f30000 - 0x00007ffd38f48000 	C:\WINDOWS\SYSTEM32\CRYPTSP.dll
0x00007ffd38620000 - 0x00007ffd38654000 	C:\WINDOWS\system32\rsaenh.dll
0x00007ffd39520000 - 0x00007ffd3954e000 	C:\WINDOWS\SYSTEM32\USERENV.dll
0x00007ffd38e60000 - 0x00007ffd38e6c000 	C:\WINDOWS\SYSTEM32\CRYPTBASE.dll
0x00007ffd389e0000 - 0x00007ffd38a1b000 	C:\WINDOWS\SYSTEM32\IPHLPAPI.DLL
0x00007ffd3b2b0000 - 0x00007ffd3b2b8000 	C:\WINDOWS\System32\NSI.dll
0x00007ffd33660000 - 0x00007ffd33677000 	C:\WINDOWS\SYSTEM32\dhcpcsvc6.DLL
0x00007ffd33640000 - 0x00007ffd3365d000 	C:\WINDOWS\SYSTEM32\dhcpcsvc.DLL
0x00007ffd38a20000 - 0x00007ffd38aeb000 	C:\WINDOWS\SYSTEM32\DNSAPI.dll
0x00007ffd15af0000 - 0x00007ffd15b00000 	C:\Users\ERIN_JAVALead\.jdks\corretto-18.0.2\bin\verify.dll
0x00007ffd159f0000 - 0x00007ffd15a07000 	C:\WINDOWS\system32\napinsp.dll
0x00007ffd159d0000 - 0x00007ffd159eb000 	C:\WINDOWS\system32\pnrpnsp.dll
0x00007ffd157e0000 - 0x00007ffd157f2000 	C:\WINDOWS\System32\winrnr.dll
0x00007ffd35010000 - 0x00007ffd3502d000 	C:\WINDOWS\system32\NLAapi.dll
0x00007ffd34410000 - 0x00007ffd34425000 	C:\WINDOWS\system32\wshbth.dll
0x00007ffd30680000 - 0x00007ffd3068a000 	C:\Windows\System32\rasadhlp.dll
0x00007ffd32dd0000 - 0x00007ffd32e50000 	C:\WINDOWS\System32\fwpuclnt.dll

dbghelp: loaded successfully - version: 4.0.5 - missing functions: none
symbol engine: initialized successfully - sym options: 0x614 - pdb path: .;C:\Users\ERIN_JAVALead\.jdks\corretto-18.0.2\bin;C:\WINDOWS\SYSTEM32;C:\WINDOWS\WinSxS\amd64_microsoft.windows.common-controls_6595b64144ccf1df_6.0.19041.3636_none_60b6a03d71f818d5;C:\Users\ERIN_JAVALead\.jdks\corretto-18.0.2\bin\server;C:\Program Files\JetBrains\IntelliJ IDEA Community Edition 2021.3.3\bin

VM Arguments:
jvm_args: -javaagent:C:\Program Files\JetBrains\IntelliJ IDEA Community Edition 2021.3.3\lib\idea_rt.jar=65298:C:\Program Files\JetBrains\IntelliJ IDEA Community Edition 2021.3.3\bin -Dfile.encoding=UTF-8 
java_command: com.verise.veganapp.VeriseApplication
java_class_path (initial): C:\Users\ERIN_JAVALead\Downloads\verise\verise\target\classes;C:\Users\ERIN_JAVALead\.m2\repository\org\springframework\boot\spring-boot-starter-web\3.2.4\spring-boot-starter-web-3.2.4.jar;C:\Users\ERIN_JAVALead\.m2\repository\org\springframework\boot\spring-boot-starter\3.2.4\spring-boot-starter-3.2.4.jar;C:\Users\ERIN_JAVALead\.m2\repository\org\springframework\boot\spring-boot-starter-logging\3.2.4\spring-boot-starter-logging-3.2.4.jar;C:\Users\ERIN_JAVALead\.m2\repository\ch\qos\logback\logback-classic\1.4.14\logback-classic-1.4.14.jar;C:\Users\ERIN_JAVALead\.m2\repository\ch\qos\logback\logback-core\1.4.14\logback-core-1.4.14.jar;C:\Users\ERIN_JAVALead\.m2\repository\org\apache\logging\log4j\log4j-to-slf4j\2.21.1\log4j-to-slf4j-2.21.1.jar;C:\Users\ERIN_JAVALead\.m2\repository\org\apache\logging\log4j\log4j-api\2.21.1\log4j-api-2.21.1.jar;C:\Users\ERIN_JAVALead\.m2\repository\org\slf4j\jul-to-slf4j\2.0.12\jul-to-slf4j-2.0.12.jar;C:\Users\ERIN_JAVALead\.m2\repository\jakarta\annotation\jakarta.annotation-api\2.1.1\jakarta.annotation-api-2.1.1.jar;C:\Users\ERIN_JAVALead\.m2\repository\org\yaml\snakeyaml\2.2\snakeyaml-2.2.jar;C:\Users\ERIN_JAVALead\.m2\repository\org\springframework\boot\spring-boot-starter-json\3.2.4\spring-boot-starter-json-3.2.4.jar;C:\Users\ERIN_JAVALead\.m2\repository\com\fasterxml\jackson\core\jackson-databind\2.15.4\jackson-databind-2.15.4.jar;C:\Users\ERIN_JAVALead\.m2\repository\com\fasterxml\jackson\core\jackson-annotations\2.15.4\jackson-annotations-2.15.4.jar;C:\Users\ERIN_JAVALead\.m2\repository\com\fasterxml\jackson\core\jackson-core\2.15.4\jackson-core-2.15.4.jar;C:\Users\ERIN_JAVALead\.m2\repository\com\fasterxml\jackson\datatype\jackson-datatype-jdk8\2.15.4\jackson-datatype-jdk8-2.15.4.jar;C:\Users\ERIN_JAVALead\.m2\repository\com\fasterxml\jackson\datatype\jackson-datatype-jsr310\2.15.4\jackson-datatype-jsr310-2.15.4.jar;C:\Users\ERIN_JAVALead\.m2\repository\com\fasterxml\jackson\module\jackson-module-parameter-names\2.15.4\jackson-module-parameter-names-2.15.4.jar;C:\Users\ERIN_JAVALead\.m2\repository\org\springframework\boot\spring-boot-starter-tomcat\3.2.4\spring-boot-starter-tomcat-3.2.4.jar;C:\Users\ERIN_JAVALead\.m2\repository\org\apache\tomcat\embed\tomcat-embed-core\10.1.19\tomcat-embed-core-10.1.19.jar;C:\Users\ERIN_JAVALead\.m2\repository\org\apache\tomcat\embed\tomcat-embed-el\10.1.19\tomcat-embed-el-10.1.19.jar;C:\Users\ERIN_JAVALead\.m2\repository\org\apache\tomcat\embed\tomcat-embed-websocket\10.1.19\tomcat-embed-websocket-10.1.19.jar;C:\Users\ERIN_JAVALead\.m2\repository\org\springframework\spring-web\6.1.5\spring-web-6.1.5.jar;C:\Users\ERIN_JAVALead\.m2\repository\org\springframework\spring-beans\6.1.5\spring-beans-6.1.5.jar;C:\Users\ERIN_JAVALead\.m2\repository\io\micrometer\micrometer-observation\1.12.4\micrometer-observation-1.12.4.jar;C:\Users\ERIN_JAVALead\.m2\repository\io\micrometer\micrometer-commons\1.12.4\micrometer-commons-1.12.4.jar;C:\Users\ERIN_JAVALead\.m2\repository\org\springframework\spring-webmvc\6.1.5\spring-webmvc-6.1.5.jar;C:\Users\ERIN_JAVALead\.m2\repository\org\springframework\spring-aop\6.1.5\spring-aop-6.1.5.jar;C:\Users\ERIN_JAVALead\.m2\repository\org\springframework\spring-context\6.1.5\spring-context-6.1.5.jar;C:\Users\ERIN_JAVALead\.m2\repository\org\springframework\spring-expression\6.1.5\spring-expression-6.1.5.jar;C:\Users\ERIN_JAVALead\.m2\repository\org\springframework\boot\spring-boot-devtools\3.2.4\spring-boot-devtools-3.2.4.jar;C:\Users\ERIN_JAVALead\.m2\repository\org\springframework\boot\spring-boot\3.2.4\spring-boot-3.2.4.jar;C:\Users\ERIN_JAVALead\.m2\repository\org\springframework\boot\spring-boot-autoconfigure\3.2.4\spring-boot-autoconfigure-3.2.4.jar;C:\Users\ERIN_JAVALead\.m2\repository\org\projectlombok\lombok\1.18.30\lombok-1.18.30.jar;C:\Users\ERIN_JAVALead\.m2\repository\org\slf4j\slf4j-api\2.0.12\slf4j-api-2.0.12.jar;C:\Users\ERIN_JAVALead\.m2\repository\jakarta\xml\bind\jakarta.xml.bind-api\4.0.2\jakarta.xml.bind-api-4.0.2.jar;C:\Users\ERIN_JAVALead\.m2\repository\jakarta\activation\jakarta.activation-api\2.1.3\jakarta.activation-api-2.1.3.jar;C:\Users\ERIN_JAVALead\.m2\repository\net\bytebuddy\byte-buddy\1.14.12\byte-buddy-1.14.12.jar;C:\Users\ERIN_JAVALead\.m2\repository\org\springframework\spring-core\6.1.5\spring-core-6.1.5.jar;C:\Users\ERIN_JAVALead\.m2\repository\org\springframework\spring-jcl\6.1.5\spring-jcl-6.1.5.jar;C:\Users\ERIN_JAVALead\.m2\repository\org\springframework\boot\spring-boot-starter-data-jpa\3.2.4\spring-boot-starter-data-jpa-3.2.4.jar;C:\Users\ERIN_JAVALead\.m2\repository\org\springframework\boot\spring-boot-starter-aop\3.2.4\spring-boot-starter-aop-3.2.4.jar;C:\Users\ERIN_JAVALead\.m2\repository\org\aspectj\aspectjweaver\1.9.21\aspectjweaver-1.9.21.jar;C:\Users\ERIN_JAVALead\.m2\repository\org\springframework\boot\spring-boot-starter-jdbc\3.2.4\spring-boot-starter-jdbc-3.2.4.jar;C:\Users\ERIN_JAVALead\.m2\repository\com\zaxxer\HikariCP\5.0.1\HikariCP-5.0.1.jar;C:\Users\ERIN_JAVALead\.m2\repository\org\springframework\spring-jdbc\6.1.5\spring-jdbc-6.1.5.jar;C:\Users\ERIN_JAVALead\.m2\repository\org\hibernate\orm\hibernate-core\6.4.4.Final\hibernate-core-6.4.4.Final.jar;C:\Users\ERIN_JAVALead\.m2\repository\jakarta\persistence\jakarta.persistence-api\3.1.0\jakarta.persistence-api-3.1.0.jar;C:\Users\ERIN_JAVALead\.m2\repository\jakarta\transaction\jakarta.transaction-api\2.0.1\jakarta.transaction-api-2.0.1.jar;C:\Users\ERIN_JAVALead\.m2\repository\org\jboss\logging\jboss-logging\3.5.3.Final\jboss-logging-3.5.3.Final.jar;C:\Users\ERIN_JAVALead\.m2\repository\org\hibernate\common\hibernate-commons-annotations\6.0.6.Final\hibernate-commons-annotations-6.0.6.Final.jar;C:\Users\ERIN_JAVALead\.m2\repository\io\smallrye\jandex\3.1.2\jandex-3.1.2.jar;C:\Users\ERIN_JAVALead\.m2\repository\com\fasterxml\classmate\1.6.0\classmate-1.6.0.jar;C:\Users\ERIN_JAVALead\.m2\repository\org\glassfish\jaxb\jaxb-runtime\4.0.5\jaxb-runtime-4.0.5.jar;C:\Users\ERIN_JAVALead\.m2\repository\org\glassfish\jaxb\jaxb-core\4.0.5\jaxb-core-4.0.5.jar;C:\Users\ERIN_JAVALead\.m2\repository\org\eclipse\angus\angus-activation\2.0.2\angus-activation-2.0.2.jar;C:\Users\ERIN_JAVALead\.m2\repository\org\glassfish\jaxb\txw2\4.0.5\txw2-4.0.5.jar;C:\Users\ERIN_JAVALead\.m2\repository\com\sun\istack\istack-commons-runtime\4.1.2\istack-commons-runtime-4.1.2.jar;C:\Users\ERIN_JAVALead\.m2\repository\jakarta\inject\jakarta.inject-api\2.0.1\jakarta.inject-api-2.0.1.jar;C:\Users\ERIN_JAVALead\.m2\repository\org\antlr\antlr4-runtime\4.13.0\antlr4-runtime-4.13.0.jar;C:\Users\ERIN_JAVALead\.m2\repository\org\springframework\data\spring-data-jpa\3.2.4\spring-data-jpa-3.2.4.jar;C:\Users\ERIN_JAVALead\.m2\repository\org\springframework\data\spring-data-commons\3.2.4\spring-data-commons-3.2.4.jar;C:\Users\ERIN_JAVALead\.m2\repository\org\springframework\spring-orm\6.1.5\spring-orm-6.1.5.jar;C:\Users\ERIN_JAVALead\.m2\repository\org\springframework\spring-tx\6.1.5\spring-tx-6.1.5.jar;C:\Users\ERIN_JAVALead\.m2\repository\org\springframework\spring-aspects\6.1.5\spring-aspects-6.1.5.jar;C:\Users\ERIN_JAVALead\.m2\repository\com\microsoft\sqlserver\mssql-jdbc\12.4.2.jre11\mssql-jdbc-12.4.2.jre11.jar
Launcher Type: SUN_STANDARD

[Global flags]
     intx CICompilerCount                          = 3                                         {product} {ergonomic}
     uint ConcGCThreads                            = 1                                         {product} {ergonomic}
     uint G1ConcRefinementThreads                  = 4                                         {product} {ergonomic}
   size_t G1HeapRegionSize                         = 1048576                                   {product} {ergonomic}
    uintx GCDrainStackTargetSize                   = 64                                        {product} {ergonomic}
   size_t InitialHeapSize                          = 67108864                                  {product} {ergonomic}
   size_t MarkStackSize                            = 4194304                                   {product} {ergonomic}
   size_t MaxHeapSize                              = 1052770304                                {product} {ergonomic}
   size_t MaxNewSize                               = 631242752                                 {product} {ergonomic}
   size_t MinHeapDeltaBytes                        = 1048576                                   {product} {ergonomic}
   size_t MinHeapSize                              = 8388608                                   {product} {ergonomic}
    uintx NonNMethodCodeHeapSize                   = 5832780                                {pd product} {ergonomic}
    uintx NonProfiledCodeHeapSize                  = 122912730                              {pd product} {ergonomic}
    uintx ProfiledCodeHeapSize                     = 122912730                              {pd product} {ergonomic}
    uintx ReservedCodeCacheSize                    = 251658240                              {pd product} {ergonomic}
     bool SegmentedCodeCache                       = true                                      {product} {ergonomic}
   size_t SoftMaxHeapSize                          = 1052770304                             {manageable} {ergonomic}
     bool UseCompressedClassPointers               = true                           {product lp64_product} {ergonomic}
     bool UseCompressedOops                        = true                           {product lp64_product} {ergonomic}
     bool UseG1GC                                  = true                                      {product} {ergonomic}
     bool UseLargePagesIndividualAllocation        = false                                  {pd product} {ergonomic}

Logging:
Log output configuration:
 #0: stdout all=warning uptime,level,tags foldmultilines=false
 #1: stderr all=off uptime,level,tags foldmultilines=false

Environment Variables:
JAVA_HOME=C:\Program Files\Java\jdk1.8.0_202
PATH=C:\Program Files (x86)\Common Files\Oracle\Java\javapath;C:\WINDOWS\system32;C:\WINDOWS;C:\WINDOWS\System32\Wbem;C:\WINDOWS\System32\WindowsPowerShell\v1.0\;C:\WINDOWS\System32\OpenSSH\;C:\Program Files (x86)\nodejs\;C:\Program Files (x86)\nodejs\npm;C:\Users\ERIN_JAVALead\AppData\Roaming\npm;C:\Program Files\Git\cmd;C:\Program Files (x86)\dotnet\;C:\Program Files (x86)\Microsoft SQL Server\160\DTS\Binn\;C:\Program Files\Azure Data Studio\bin;C:\Program Files (x86)\Microsoft SQL Server\160\Tools\Binn\;C:\Program Files\Microsoft SQL Server\160\Tools\Binn\;C:\Program Files\Microsoft SQL Server\Client SDK\ODBC\170\Tools\Binn\;C:\Program Files\Microsoft SQL Server\160\DTS\Binn\;C:\Program Files\Java\jdk1.8.0_202\bin;C:\Program Files\Java\jdk1.8.0_202\jre\bin;C:\kafkasrc\bin\windows;C:\Program Files\Docker\Docker\resources\bin;C:\Program Files\Docker\Docker;C:\Users\ERIN_JAVALead\AppData\Local\Microsoft\WindowsApps;;C:\Users\ERIN_JAVALead\AppData\Local\Programs\Microsoft VS Code\bin;C:\Users\ERIN_JAVALead\AppData\Roaming\npm;C:\Program Files\Azure Data Studio\bin
USERNAME=ERIN_JAVALead
OS=Windows_NT
PROCESSOR_IDENTIFIER=Intel64 Family 6 Model 78 Stepping 3, GenuineIntel



---------------  S Y S T E M  ---------------

OS:
 Windows 10 , 64 bit Build 19041 (10.0.19041.3636)
OS uptime: 0 days 10:18 hours
Hyper-V role detected

CPU: total 4 (initial active 4) (2 cores per cpu, 2 threads per core) family 6 model 78 stepping 3 microcode 0xcc, cx8, cmov, fxsr, ht, mmx, 3dnowpref, sse, sse2, sse3, ssse3, sse4.1, sse4.2, popcnt, lzcnt, tsc, tscinvbit, avx, avx2, aes, erms, clmul, bmi1, bmi2, adx, fma, vzeroupper, clflush, clflushopt, hv

Memory: 4k page, system-wide physical 4012M (240M free)
TotalPageFile size 6060M (AvailPageFile size 5M)
current process WorkingSet (physical memory assigned to process): 223M, peak: 223M
current process commit charge ("private bytes"): 254M, peak: 254M

vm_info: OpenJDK 64-Bit Server VM (18.0.2+9-FR) for windows-amd64 JRE (18.0.2+9-FR), built on Jul 15 2022 20:03:03 by "Administrator" with MS VC++ 15.9 (VS2017)

END.
