#
# There is insufficient memory for the Java Runtime Environment to continue.
# Native memory allocation (malloc) failed to allocate 1485104 bytes for Chunk::new
# Possible reasons:
#   The system is out of physical RAM or swap space
#   The process is running with CompressedOops enabled, and the Java Heap may be blocking the growth of the native heap
# Possible solutions:
#   Reduce memory load on the system
#   Increase physical memory or swap space
#   Check if swap backing store is full
#   Decrease Java heap size (-Xmx/-Xms)
#   Decrease number of Java threads
#   Decrease Java thread stack sizes (-Xss)
#   Set larger code cache with -XX:ReservedCodeCacheSize=
#   JVM is running with Unscaled Compressed Oops mode in which the Java heap is
#     placed in the first 4GB address space. The Java Heap base address is the
#     maximum limit for the native heap growth. Please use -XX:HeapBaseMinAddress
#     to set the Java Heap base and to place the Java Heap above 4GB virtual address.
# This output file may be truncated or incomplete.
#
#  Out of Memory Error (arena.cpp:184), pid=10528, tid=10192
#
# JRE version: OpenJDK Runtime Environment Corretto-18.0.2.9.1 (18.0.2+9) (build 18.0.2+9-FR)
# Java VM: OpenJDK 64-Bit Server VM Corretto-18.0.2.9.1 (18.0.2+9-FR, mixed mode, sharing, tiered, compressed oops, compressed class ptrs, g1 gc, windows-amd64)
# No core dump will be written. Minidumps are not enabled by default on client versions of Windows
#

---------------  S U M M A R Y ------------

Command Line: -javaagent:C:\Program Files\JetBrains\IntelliJ IDEA Community Edition 2021.3.3\lib\idea_rt.jar=52836:C:\Program Files\JetBrains\IntelliJ IDEA Community Edition 2021.3.3\bin -Dfile.encoding=UTF-8 com.verise.veganapp.VeriseApplication

Host: Intel(R) Core(TM) i3-6006U CPU @ 2.00GHz, 4 cores, 3G,  Windows 10 , 64 bit Build 19041 (10.0.19041.3636)
Time: Tue Apr  9 10:02:28 2024 W. Europe Daylight Time elapsed time: 5.222241 seconds (0d 0h 0m 5s)

---------------  T H R E A D  ---------------

Current thread (0x0000027a6f5d38f0):  JavaThread "C2 CompilerThread0" daemon [_thread_in_native, id=10192, stack(0x000000df94800000,0x000000df94900000)]


Current CompileTask:
C2:   5222 1832       4       java.lang.invoke.MethodType::makeImpl (109 bytes)

Stack: [0x000000df94800000,0x000000df94900000]
Native frames: (J=compiled Java code, j=interpreted, Vv=VM code, C=native code)
V  [jvm.dll+0x685a2a]
V  [jvm.dll+0x82ae8d]
V  [jvm.dll+0x82c75e]
V  [jvm.dll+0x82ce03]
V  [jvm.dll+0x25ef4b]
V  [jvm.dll+0xd42d2]
V  [jvm.dll+0xd4665]
V  [jvm.dll+0x38578b]
V  [jvm.dll+0x34d82a]
V  [jvm.dll+0x34cc1a]
V  [jvm.dll+0x233a65]
V  [jvm.dll+0x232f37]
V  [jvm.dll+0x1c0a35]
V  [jvm.dll+0x24212c]
V  [jvm.dll+0x240534]
V  [jvm.dll+0x7df6db]
V  [jvm.dll+0x7d9cba]
V  [jvm.dll+0x6848a5]
C  [ucrtbase.dll+0x21bb2]
C  [KERNEL32.DLL+0x17344]
C  [ntdll.dll+0x526b1]


---------------  P R O C E S S  ---------------

Threads class SMR info:
_java_thread_list=0x0000027a0fce93a0, length=16, elements={
0x0000027a6f51c100, 0x0000027a6f5b8bc0, 0x0000027a6f5b9820, 0x0000027a6f5cff30,
0x0000027a6f5d18e0, 0x0000027a6f5d2280, 0x0000027a6f5d2c20, 0x0000027a6f5d38f0,
0x0000027a6f5d42d0, 0x0000027a6f5dc580, 0x0000027a6f59ef80, 0x0000027a0f2b7130,
0x0000027a0f2b75f0, 0x0000027a0f5b04f0, 0x0000027a0f5f1290, 0x0000027a0fcae7a0
}

Java Threads: ( => current thread )
  0x0000027a6f51c100 JavaThread "main" [_thread_blocked, id=5268, stack(0x000000df93b00000,0x000000df93c00000)]
  0x0000027a6f5b8bc0 JavaThread "Reference Handler" daemon [_thread_blocked, id=5200, stack(0x000000df94200000,0x000000df94300000)]
  0x0000027a6f5b9820 JavaThread "Finalizer" daemon [_thread_blocked, id=4736, stack(0x000000df94300000,0x000000df94400000)]
  0x0000027a6f5cff30 JavaThread "Signal Dispatcher" daemon [_thread_blocked, id=9764, stack(0x000000df94400000,0x000000df94500000)]
  0x0000027a6f5d18e0 JavaThread "Attach Listener" daemon [_thread_blocked, id=2880, stack(0x000000df94500000,0x000000df94600000)]
  0x0000027a6f5d2280 JavaThread "Service Thread" daemon [_thread_blocked, id=13236, stack(0x000000df94600000,0x000000df94700000)]
  0x0000027a6f5d2c20 JavaThread "Monitor Deflation Thread" daemon [_thread_blocked, id=2972, stack(0x000000df94700000,0x000000df94800000)]
=>0x0000027a6f5d38f0 JavaThread "C2 CompilerThread0" daemon [_thread_in_native, id=10192, stack(0x000000df94800000,0x000000df94900000)]
  0x0000027a6f5d42d0 JavaThread "C1 CompilerThread0" daemon [_thread_in_native, id=732, stack(0x000000df94900000,0x000000df94a00000)]
  0x0000027a6f5dc580 JavaThread "Sweeper thread" daemon [_thread_blocked, id=6556, stack(0x000000df94a00000,0x000000df94b00000)]
  0x0000027a6f59ef80 JavaThread "Common-Cleaner" daemon [_thread_blocked, id=9896, stack(0x000000df94b00000,0x000000df94c00000)]
  0x0000027a0f2b7130 JavaThread "Monitor Ctrl-Break" daemon [_thread_in_native, id=9024, stack(0x000000df94c00000,0x000000df94d00000)]
  0x0000027a0f2b75f0 JavaThread "Notification Thread" daemon [_thread_blocked, id=13828, stack(0x000000df94d00000,0x000000df94e00000)]
  0x0000027a0f5b04f0 JavaThread "Thread-0" [_thread_blocked, id=8848, stack(0x000000df95300000,0x000000df95400000)]
  0x0000027a0f5f1290 JavaThread "restartedMain" [_thread_in_Java, id=13996, stack(0x000000df95400000,0x000000df95500000)]
  0x0000027a0fcae7a0 JavaThread "background-preinit" [_thread_in_native, id=3988, stack(0x000000df95500000,0x000000df95600000)]

Other Threads:
  0x0000027a6f5b4410 VMThread "VM Thread" [stack: 0x000000df94100000,0x000000df94200000] [id=4748]
  0x0000027a6f51d0a0 WatcherThread "VM Periodic Task Thread" [stack: 0x000000df94e00000,0x000000df94f00000] [id=2544]
  0x0000027a6f55ddc0 WorkerThread "GC Thread#0" [stack: 0x000000df93c00000,0x000000df93d00000] [id=12240]
  0x0000027a0f43be00 WorkerThread "GC Thread#1" [stack: 0x000000df94f00000,0x000000df95000000] [id=13432]
  0x0000027a0fb00070 WorkerThread "GC Thread#2" [stack: 0x000000df95000000,0x000000df95100000] [id=12008]
  0x0000027a0f5c8060 WorkerThread "GC Thread#3" [stack: 0x000000df95100000,0x000000df95200000] [id=3412]
  0x0000027a6f566a70 ConcurrentGCThread "G1 Main Marker" [stack: 0x000000df93d00000,0x000000df93e00000] [id=8700]
  0x0000027a6f567460 WorkerThread "G1 Conc#0" [stack: 0x000000df93e00000,0x000000df93f00000] [id=3832]
  0x0000027a6f58e800 ConcurrentGCThread "G1 Refine#0" [stack: 0x000000df93f00000,0x000000df94000000] [id=5048]
  0x0000027a0f5c8780 ConcurrentGCThread "G1 Refine#1" [stack: 0x000000df95200000,0x000000df95300000] [id=2316]
  0x0000027a6f58f110 ConcurrentGCThread "G1 Service" [stack: 0x000000df94000000,0x000000df94100000] [id=1188]

Threads with active compile tasks:
C2 CompilerThread0     5349 1832       4       java.lang.invoke.MethodType::makeImpl (109 bytes)
C1 CompilerThread0     5349 1909       3       java.util.ArrayDeque::<init> (35 bytes)

VM state: not at safepoint (normal execution)

VM Mutex/Monitor currently owned by a thread: None

Heap address: 0x00000000c1400000, size: 1004 MB, Compressed Oops mode: 32-bit

CDS archive(s) mapped at: [0x0000000800000000-0x0000000800ba0000-0x0000000800ba0000), size 12189696, SharedBaseAddress: 0x0000000800000000, ArchiveRelocationMode: 0.
Compressed class space mapped at: 0x0000000800c00000-0x0000000840c00000, reserved size: 1073741824
Narrow klass base: 0x0000000800000000, Narrow klass shift: 0, Narrow klass range: 0x100000000

GC Precious Log:
 CardTable entry size: 512
 Card Set container configuration: InlinePtr #cards 5 size 8 Array Of Cards #cards 12 size 40 Howl #buckets 4 coarsen threshold 1843 Howl Bitmap #cards 512 size 80 coarsen threshold 460 Card regions per heap region 1 cards per card region 2048
 CPUs: 4 total, 4 available
 Memory: 4012M
 Large Page Support: Disabled
 NUMA Support: Disabled
 Compressed Oops: Enabled (32-bit)
 Heap Region Size: 1M
 Heap Min Capacity: 8M
 Heap Initial Capacity: 64M
 Heap Max Capacity: 1004M
 Pre-touch: Disabled
 Parallel Workers: 4
 Concurrent Workers: 1
 Concurrent Refinement Workers: 4
 Periodic GC: Disabled

Heap:
 garbage-first heap   total 65536K, used 22092K [0x00000000c1400000, 0x0000000100000000)
  region size 1024K, 18 young (18432K), 3 survivors (3072K)
 Metaspace       used 15490K, committed 15744K, reserved 1114112K
  class space    used 1856K, committed 1984K, reserved 1048576K

Heap Regions: E=young(eden), S=young(survivor), O=old, HS=humongous(starts), HC=humongous(continues), CS=collection set, F=free, OA=open archive, CA=closed archive, TAMS=top-at-mark-start (previous, next)
|   0|0x00000000c1400000, 0x00000000c1500000, 0x00000000c1500000|100%|HS|  |TAMS 0x00000000c1400000, 0x00000000c1400000| Complete 
|   1|0x00000000c1500000, 0x00000000c1600000, 0x00000000c1600000|100%| O|  |TAMS 0x00000000c1500000, 0x00000000c1500000| Untracked 
|   2|0x00000000c1600000, 0x00000000c1700000, 0x00000000c1700000|100%| O|  |TAMS 0x00000000c1600000, 0x00000000c1600000| Untracked 
|   3|0x00000000c1700000, 0x00000000c1800000, 0x00000000c1800000|100%| O|  |TAMS 0x00000000c1700000, 0x00000000c1700000| Untracked 
|   4|0x00000000c1800000, 0x00000000c1900000, 0x00000000c1900000|100%| O|  |TAMS 0x00000000c1800000, 0x00000000c1800000| Untracked 
|   5|0x00000000c1900000, 0x00000000c1a00000, 0x00000000c1a00000|100%| O|  |TAMS 0x00000000c1900000, 0x00000000c1900000| Untracked 
|   6|0x00000000c1a00000, 0x00000000c1a41000, 0x00000000c1b00000| 25%| O|  |TAMS 0x00000000c1a00000, 0x00000000c1a00000| Untracked 
|   7|0x00000000c1b00000, 0x00000000c1b00000, 0x00000000c1c00000|  0%| F|  |TAMS 0x00000000c1b00000, 0x00000000c1b00000| Untracked 
|   8|0x00000000c1c00000, 0x00000000c1c00000, 0x00000000c1d00000|  0%| F|  |TAMS 0x00000000c1c00000, 0x00000000c1c00000| Untracked 
|   9|0x00000000c1d00000, 0x00000000c1d00000, 0x00000000c1e00000|  0%| F|  |TAMS 0x00000000c1d00000, 0x00000000c1d00000| Untracked 
|  10|0x00000000c1e00000, 0x00000000c1e00000, 0x00000000c1f00000|  0%| F|  |TAMS 0x00000000c1e00000, 0x00000000c1e00000| Untracked 
|  11|0x00000000c1f00000, 0x00000000c1f00000, 0x00000000c2000000|  0%| F|  |TAMS 0x00000000c1f00000, 0x00000000c1f00000| Untracked 
|  12|0x00000000c2000000, 0x00000000c2000000, 0x00000000c2100000|  0%| F|  |TAMS 0x00000000c2000000, 0x00000000c2000000| Untracked 
|  13|0x00000000c2100000, 0x00000000c2100000, 0x00000000c2200000|  0%| F|  |TAMS 0x00000000c2100000, 0x00000000c2100000| Untracked 
|  14|0x00000000c2200000, 0x00000000c2200000, 0x00000000c2300000|  0%| F|  |TAMS 0x00000000c2200000, 0x00000000c2200000| Untracked 
|  15|0x00000000c2300000, 0x00000000c2300000, 0x00000000c2400000|  0%| F|  |TAMS 0x00000000c2300000, 0x00000000c2300000| Untracked 
|  16|0x00000000c2400000, 0x00000000c2400000, 0x00000000c2500000|  0%| F|  |TAMS 0x00000000c2400000, 0x00000000c2400000| Untracked 
|  17|0x00000000c2500000, 0x00000000c2500000, 0x00000000c2600000|  0%| F|  |TAMS 0x00000000c2500000, 0x00000000c2500000| Untracked 
|  18|0x00000000c2600000, 0x00000000c2600000, 0x00000000c2700000|  0%| F|  |TAMS 0x00000000c2600000, 0x00000000c2600000| Untracked 
|  19|0x00000000c2700000, 0x00000000c2700000, 0x00000000c2800000|  0%| F|  |TAMS 0x00000000c2700000, 0x00000000c2700000| Untracked 
|  20|0x00000000c2800000, 0x00000000c2800000, 0x00000000c2900000|  0%| F|  |TAMS 0x00000000c2800000, 0x00000000c2800000| Untracked 
|  21|0x00000000c2900000, 0x00000000c2900000, 0x00000000c2a00000|  0%| F|  |TAMS 0x00000000c2900000, 0x00000000c2900000| Untracked 
|  22|0x00000000c2a00000, 0x00000000c2a00000, 0x00000000c2b00000|  0%| F|  |TAMS 0x00000000c2a00000, 0x00000000c2a00000| Untracked 
|  23|0x00000000c2b00000, 0x00000000c2b00000, 0x00000000c2c00000|  0%| F|  |TAMS 0x00000000c2b00000, 0x00000000c2b00000| Untracked 
|  24|0x00000000c2c00000, 0x00000000c2c00000, 0x00000000c2d00000|  0%| F|  |TAMS 0x00000000c2c00000, 0x00000000c2c00000| Untracked 
|  25|0x00000000c2d00000, 0x00000000c2d00000, 0x00000000c2e00000|  0%| F|  |TAMS 0x00000000c2d00000, 0x00000000c2d00000| Untracked 
|  26|0x00000000c2e00000, 0x00000000c2e00000, 0x00000000c2f00000|  0%| F|  |TAMS 0x00000000c2e00000, 0x00000000c2e00000| Untracked 
|  27|0x00000000c2f00000, 0x00000000c2f00000, 0x00000000c3000000|  0%| F|  |TAMS 0x00000000c2f00000, 0x00000000c2f00000| Untracked 
|  28|0x00000000c3000000, 0x00000000c3000000, 0x00000000c3100000|  0%| F|  |TAMS 0x00000000c3000000, 0x00000000c3000000| Untracked 
|  29|0x00000000c3100000, 0x00000000c3100000, 0x00000000c3200000|  0%| F|  |TAMS 0x00000000c3100000, 0x00000000c3100000| Untracked 
|  30|0x00000000c3200000, 0x00000000c3200000, 0x00000000c3300000|  0%| F|  |TAMS 0x00000000c3200000, 0x00000000c3200000| Untracked 
|  31|0x00000000c3300000, 0x00000000c3300000, 0x00000000c3400000|  0%| F|  |TAMS 0x00000000c3300000, 0x00000000c3300000| Untracked 
|  32|0x00000000c3400000, 0x00000000c3400000, 0x00000000c3500000|  0%| F|  |TAMS 0x00000000c3400000, 0x00000000c3400000| Untracked 
|  33|0x00000000c3500000, 0x00000000c3500000, 0x00000000c3600000|  0%| F|  |TAMS 0x00000000c3500000, 0x00000000c3500000| Untracked 
|  34|0x00000000c3600000, 0x00000000c3600000, 0x00000000c3700000|  0%| F|  |TAMS 0x00000000c3600000, 0x00000000c3600000| Untracked 
|  35|0x00000000c3700000, 0x00000000c3700000, 0x00000000c3800000|  0%| F|  |TAMS 0x00000000c3700000, 0x00000000c3700000| Untracked 
|  36|0x00000000c3800000, 0x00000000c3800000, 0x00000000c3900000|  0%| F|  |TAMS 0x00000000c3800000, 0x00000000c3800000| Untracked 
|  37|0x00000000c3900000, 0x00000000c3900000, 0x00000000c3a00000|  0%| F|  |TAMS 0x00000000c3900000, 0x00000000c3900000| Untracked 
|  38|0x00000000c3a00000, 0x00000000c3a00000, 0x00000000c3b00000|  0%| F|  |TAMS 0x00000000c3a00000, 0x00000000c3a00000| Untracked 
|  39|0x00000000c3b00000, 0x00000000c3b52190, 0x00000000c3c00000| 32%| S|CS|TAMS 0x00000000c3b00000, 0x00000000c3b00000| Complete 
|  40|0x00000000c3c00000, 0x00000000c3d00000, 0x00000000c3d00000|100%| S|CS|TAMS 0x00000000c3c00000, 0x00000000c3c00000| Complete 
|  41|0x00000000c3d00000, 0x00000000c3e00000, 0x00000000c3e00000|100%| S|CS|TAMS 0x00000000c3d00000, 0x00000000c3d00000| Complete 
|  42|0x00000000c3e00000, 0x00000000c3e00000, 0x00000000c3f00000|  0%| F|  |TAMS 0x00000000c3e00000, 0x00000000c3e00000| Untracked 
|  43|0x00000000c3f00000, 0x00000000c3f00000, 0x00000000c4000000|  0%| F|  |TAMS 0x00000000c3f00000, 0x00000000c3f00000| Untracked 
|  44|0x00000000c4000000, 0x00000000c4000000, 0x00000000c4100000|  0%| F|  |TAMS 0x00000000c4000000, 0x00000000c4000000| Untracked 
|  45|0x00000000c4100000, 0x00000000c4100000, 0x00000000c4200000|  0%| F|  |TAMS 0x00000000c4100000, 0x00000000c4100000| Untracked 
|  46|0x00000000c4200000, 0x00000000c4200000, 0x00000000c4300000|  0%| F|  |TAMS 0x00000000c4200000, 0x00000000c4200000| Untracked 
|  47|0x00000000c4300000, 0x00000000c4300000, 0x00000000c4400000|  0%| F|  |TAMS 0x00000000c4300000, 0x00000000c4300000| Untracked 
|  48|0x00000000c4400000, 0x00000000c4400000, 0x00000000c4500000|  0%| F|  |TAMS 0x00000000c4400000, 0x00000000c4400000| Untracked 
|  49|0x00000000c4500000, 0x00000000c458a058, 0x00000000c4600000| 53%| E|  |TAMS 0x00000000c4500000, 0x00000000c4500000| Complete 
|  50|0x00000000c4600000, 0x00000000c4700000, 0x00000000c4700000|100%| E|CS|TAMS 0x00000000c4600000, 0x00000000c4600000| Complete 
|  51|0x00000000c4700000, 0x00000000c4800000, 0x00000000c4800000|100%| E|CS|TAMS 0x00000000c4700000, 0x00000000c4700000| Complete 
|  52|0x00000000c4800000, 0x00000000c4900000, 0x00000000c4900000|100%| E|CS|TAMS 0x00000000c4800000, 0x00000000c4800000| Complete 
|  53|0x00000000c4900000, 0x00000000c4a00000, 0x00000000c4a00000|100%| E|CS|TAMS 0x00000000c4900000, 0x00000000c4900000| Complete 
|  54|0x00000000c4a00000, 0x00000000c4b00000, 0x00000000c4b00000|100%| E|CS|TAMS 0x00000000c4a00000, 0x00000000c4a00000| Complete 
|  55|0x00000000c4b00000, 0x00000000c4c00000, 0x00000000c4c00000|100%| E|  |TAMS 0x00000000c4b00000, 0x00000000c4b00000| Complete 
|  56|0x00000000c4c00000, 0x00000000c4d00000, 0x00000000c4d00000|100%| E|CS|TAMS 0x00000000c4c00000, 0x00000000c4c00000| Complete 
|  57|0x00000000c4d00000, 0x00000000c4e00000, 0x00000000c4e00000|100%| E|CS|TAMS 0x00000000c4d00000, 0x00000000c4d00000| Complete 
|  58|0x00000000c4e00000, 0x00000000c4f00000, 0x00000000c4f00000|100%| E|CS|TAMS 0x00000000c4e00000, 0x00000000c4e00000| Complete 
|  59|0x00000000c4f00000, 0x00000000c5000000, 0x00000000c5000000|100%| E|CS|TAMS 0x00000000c4f00000, 0x00000000c4f00000| Complete 
|  60|0x00000000c5000000, 0x00000000c5100000, 0x00000000c5100000|100%| E|CS|TAMS 0x00000000c5000000, 0x00000000c5000000| Complete 
|  61|0x00000000c5100000, 0x00000000c5200000, 0x00000000c5200000|100%| E|CS|TAMS 0x00000000c5100000, 0x00000000c5100000| Complete 
|  62|0x00000000c5200000, 0x00000000c5300000, 0x00000000c5300000|100%| E|CS|TAMS 0x00000000c5200000, 0x00000000c5200000| Complete 
|  63|0x00000000c5300000, 0x00000000c5400000, 0x00000000c5400000|100%| E|CS|TAMS 0x00000000c5300000, 0x00000000c5300000| Complete 

Card table byte_map: [0x0000027a772e0000,0x0000027a774e0000] _byte_map_base: 0x0000027a76cd6000

Marking Bits (Prev, Next): (CMBitMap*) 0x0000027a6f55e3c0, (CMBitMap*) 0x0000027a6f55e400
 Prev Bits: [0x0000027a776e0000, 0x0000027a78690000)
 Next Bits: [0x0000027a78690000, 0x0000027a79640000)

Polling page: 0x0000027a6d330000

Metaspace:

Usage:
  Non-class:     13.32 MB used.
      Class:      1.81 MB used.
       Both:     15.13 MB used.

Virtual space:
  Non-class space:       64.00 MB reserved,      13.44 MB ( 21%) committed,  1 nodes.
      Class space:        1.00 GB reserved,       1.94 MB ( <1%) committed,  1 nodes.
             Both:        1.06 GB reserved,      15.38 MB (  1%) committed. 

Chunk freelists:
   Non-Class:  1.91 MB
       Class:  2.04 MB
        Both:  3.95 MB

MaxMetaspaceSize: unlimited
CompressedClassSpaceSize: 1.00 GB
Initial GC threshold: 21.00 MB
Current GC threshold: 21.00 MB
CDS: on
MetaspaceReclaimPolicy: balanced
 - commit_granule_bytes: 65536.
 - commit_granule_words: 8192.
 - virtual_space_node_default_size: 8388608.
 - enlarge_chunks_in_place: 1.
 - new_chunks_are_fully_committed: 0.
 - uncommit_free_chunks: 1.
 - use_allocation_guard: 0.


Internal statistics:

num_allocs_failed_limit: 0.
num_arena_births: 232.
num_arena_deaths: 0.
num_vsnodes_births: 2.
num_vsnodes_deaths: 0.
num_space_committed: 246.
num_space_uncommitted: 0.
num_chunks_returned_to_freelist: 0.
num_chunks_taken_from_freelist: 687.
num_chunk_merges: 0.
num_chunk_splits: 488.
num_chunks_enlarged: 397.
num_inconsistent_stats: 0.

CodeHeap 'non-profiled nmethods': size=120000Kb used=594Kb max_used=594Kb free=119405Kb
 bounds [0x0000027a07ad0000, 0x0000027a07d40000, 0x0000027a0f000000]
CodeHeap 'profiled nmethods': size=120000Kb used=3690Kb max_used=3690Kb free=116309Kb
 bounds [0x0000027a005a0000, 0x0000027a00940000, 0x0000027a07ad0000]
CodeHeap 'non-nmethods': size=5760Kb used=1191Kb max_used=1210Kb free=4568Kb
 bounds [0x0000027a00000000, 0x0000027a00270000, 0x0000027a005a0000]
 total_blobs=2384 nmethods=1908 adapters=388
 compilation: enabled
              stopped_count=0, restarted_count=0
 full_count=0

Compilation events (20 events):
Event: 5.149 Thread 0x0000027a6f5d42d0 1869       3       java.lang.StringLatin1::compareTo (52 bytes)
Event: 5.150 Thread 0x0000027a6f5d42d0 nmethod 1869 0x0000027a00917a90 code [0x0000027a00917c60, 0x0000027a00918038]
Event: 5.150 Thread 0x0000027a6f5d42d0 1868       3       java.lang.String::compareTo (9 bytes)
Event: 5.150 Thread 0x0000027a6f5d42d0 nmethod 1868 0x0000027a00918210 code [0x0000027a009183c0, 0x0000027a009185e8]
Event: 5.183 Thread 0x0000027a6f5d42d0 1870       3       java.lang.Class::getInterfaces (49 bytes)
Event: 5.183 Thread 0x0000027a6f5d42d0 nmethod 1870 0x0000027a00918690 code [0x0000027a00918880, 0x0000027a00918d78]
Event: 5.185 Thread 0x0000027a6f5d42d0 1871       3       org.springframework.core.ResolvableType::asVariableResolver (18 bytes)
Event: 5.186 Thread 0x0000027a6f5d42d0 nmethod 1871 0x0000027a00918f10 code [0x0000027a009190c0, 0x0000027a009193b8]
Event: 5.186 Thread 0x0000027a6f5d42d0 1872       3       org.springframework.core.ResolvableType$DefaultVariableResolver::<init> (10 bytes)
Event: 5.186 Thread 0x0000027a6f5d42d0 nmethod 1872 0x0000027a00919490 code [0x0000027a00919620, 0x0000027a009197d8]
Event: 5.186 Thread 0x0000027a6f5d42d0 1873       2       java.util.HashMap::getNode (150 bytes)
Event: 5.187 Thread 0x0000027a6f5d42d0 nmethod 1873 0x0000027a00919890 code [0x0000027a00919a80, 0x0000027a00919f18]
Event: 5.192 Thread 0x0000027a6f5d42d0 1874       3       java.lang.invoke.LambdaForm$MH/0x0000000800c01800::invoke (25 bytes)
Event: 5.192 Thread 0x0000027a6f5d42d0 nmethod 1874 0x0000027a0091a190 code [0x0000027a0091a360, 0x0000027a0091a8b8]
Event: 5.198 Thread 0x0000027a6f5d42d0 1875       3       java.util.stream.Sink$ChainedReference::<init> (16 bytes)
Event: 5.199 Thread 0x0000027a6f5d42d0 nmethod 1875 0x0000027a0091aa10 code [0x0000027a0091abe0, 0x0000027a0091b028]
Event: 5.204 Thread 0x0000027a6f5d42d0 1876       3       java.lang.invoke.LambdaFormBuffer::indexOf (33 bytes)
Event: 5.205 Thread 0x0000027a6f5d42d0 nmethod 1876 0x0000027a0091b190 code [0x0000027a0091b360, 0x0000027a0091b718]
Event: 5.206 Thread 0x0000027a6f5d42d0 1877       3       jdk.internal.misc.VM::isSystemDomainLoader (17 bytes)
Event: 5.206 Thread 0x0000027a6f5d42d0 nmethod 1877 0x0000027a0091b810 code [0x0000027a0091b9e0, 0x0000027a0091bd58]

GC Heap History (6 events):
Event: 2.361 GC heap before
{Heap before GC invocations=0 (full 0):
 garbage-first heap   total 65536K, used 13312K [0x00000000c1400000, 0x0000000100000000)
  region size 1024K, 13 young (13312K), 0 survivors (0K)
 Metaspace       used 3518K, committed 3712K, reserved 1114112K
  class space    used 343K, committed 448K, reserved 1048576K
}
Event: 2.375 GC heap after
{Heap after GC invocations=1 (full 0):
 garbage-first heap   total 65536K, used 6277K [0x00000000c1400000, 0x0000000100000000)
  region size 1024K, 2 young (2048K), 2 survivors (2048K)
 Metaspace       used 3518K, committed 3712K, reserved 1114112K
  class space    used 343K, committed 448K, reserved 1048576K
}
Event: 3.365 GC heap before
{Heap before GC invocations=1 (full 0):
 garbage-first heap   total 65536K, used 15493K [0x00000000c1400000, 0x0000000100000000)
  region size 1024K, 12 young (12288K), 2 survivors (2048K)
 Metaspace       used 6123K, committed 6336K, reserved 1114112K
  class space    used 681K, committed 768K, reserved 1048576K
}
Event: 3.370 GC heap after
{Heap after GC invocations=2 (full 0):
 garbage-first heap   total 65536K, used 7093K [0x00000000c1400000, 0x0000000100000000)
  region size 1024K, 1 young (1024K), 1 survivors (1024K)
 Metaspace       used 6123K, committed 6336K, reserved 1114112K
  class space    used 681K, committed 768K, reserved 1048576K
}
Event: 4.788 GC heap before
{Heap before GC invocations=2 (full 0):
 garbage-first heap   total 65536K, used 27573K [0x00000000c1400000, 0x0000000100000000)
  region size 1024K, 22 young (22528K), 1 survivors (1024K)
 Metaspace       used 11831K, committed 12096K, reserved 1114112K
  class space    used 1376K, committed 1536K, reserved 1048576K
}
Event: 4.795 GC heap after
{Heap after GC invocations=3 (full 0):
 garbage-first heap   total 65536K, used 8780K [0x00000000c1400000, 0x0000000100000000)
  region size 1024K, 3 young (3072K), 3 survivors (3072K)
 Metaspace       used 11831K, committed 12096K, reserved 1114112K
  class space    used 1376K, committed 1536K, reserved 1048576K
}

Deoptimization events (20 events):
Event: 4.810 Thread 0x0000027a0fcae7a0 Uncommon trap: trap_request=0xffffff45 fr.pc=0x0000027a07ae4b80 relative=0x00000000000003e0
Event: 4.810 Thread 0x0000027a0fcae7a0 Uncommon trap: reason=unstable_if action=reinterpret pc=0x0000027a07ae4b80 method=java.lang.AbstractStringBuilder.isLatin1()Z @ 10 c2
Event: 4.810 Thread 0x0000027a0fcae7a0 DEOPT PACKING pc=0x0000027a07ae4b80 sp=0x000000df955fdcc0
Event: 4.810 Thread 0x0000027a0fcae7a0 DEOPT UNPACKING pc=0x0000027a000523a3 sp=0x000000df955fdc40 mode 2
Event: 4.814 Thread 0x0000027a0fcae7a0 Uncommon trap: trap_request=0xffffff45 fr.pc=0x0000027a07ad705c relative=0x000000000000005c
Event: 4.814 Thread 0x0000027a0fcae7a0 Uncommon trap: reason=unstable_if action=reinterpret pc=0x0000027a07ad705c method=java.lang.String.isLatin1()Z @ 10 c2
Event: 4.814 Thread 0x0000027a0fcae7a0 DEOPT PACKING pc=0x0000027a07ad705c sp=0x000000df955fd930
Event: 4.814 Thread 0x0000027a0fcae7a0 DEOPT UNPACKING pc=0x0000027a000523a3 sp=0x000000df955fd8c0 mode 2
Event: 4.814 Thread 0x0000027a0fcae7a0 Uncommon trap: trap_request=0xffffff45 fr.pc=0x0000027a07b1bbc8 relative=0x0000000000000048
Event: 4.814 Thread 0x0000027a0fcae7a0 Uncommon trap: reason=unstable_if action=reinterpret pc=0x0000027a07b1bbc8 method=java.lang.CharacterData.of(I)Ljava/lang/CharacterData; @ 4 c2
Event: 4.814 Thread 0x0000027a0fcae7a0 DEOPT PACKING pc=0x0000027a07b1bbc8 sp=0x000000df955fd470
Event: 4.814 Thread 0x0000027a0fcae7a0 DEOPT UNPACKING pc=0x0000027a000523a3 sp=0x000000df955fd408 mode 2
Event: 4.845 Thread 0x0000027a0f5f1290 Uncommon trap: trap_request=0xffffff45 fr.pc=0x0000027a07b28514 relative=0x00000000000002f4
Event: 4.845 Thread 0x0000027a0f5f1290 Uncommon trap: reason=unstable_if action=reinterpret pc=0x0000027a07b28514 method=jdk.internal.org.objectweb.asm.SymbolTable.put(Ljdk/internal/org/objectweb/asm/SymbolTable$Entry;)Ljdk/internal/org/objectweb/asm/SymbolTable$Entry; @ 13 c2
Event: 4.845 Thread 0x0000027a0f5f1290 DEOPT PACKING pc=0x0000027a07b28514 sp=0x000000df954fd130
Event: 4.845 Thread 0x0000027a0f5f1290 DEOPT UNPACKING pc=0x0000027a000523a3 sp=0x000000df954fd0b0 mode 2
Event: 5.147 Thread 0x0000027a0f5f1290 Uncommon trap: trap_request=0xffffffc6 fr.pc=0x0000027a07b35148 relative=0x0000000000000368
Event: 5.147 Thread 0x0000027a0f5f1290 Uncommon trap: reason=bimorphic_or_optimized_type_check action=maybe_recompile pc=0x0000027a07b35148 method=java.util.HashMap.getNode(Ljava/lang/Object;)Ljava/util/HashMap$Node; @ 63 c2
Event: 5.147 Thread 0x0000027a0f5f1290 DEOPT PACKING pc=0x0000027a07b35148 sp=0x000000df954fdef0
Event: 5.147 Thread 0x0000027a0f5f1290 DEOPT UNPACKING pc=0x0000027a000523a3 sp=0x000000df954fde68 mode 2

Classes loaded (20 events):
Event: 5.143 Loading class java/beans/BeanInfo
Event: 5.143 Loading class java/beans/BeanInfo done
Event: 5.149 Loading class java/beans/MethodRef
Event: 5.149 Loading class java/beans/MethodRef done
Event: 5.150 Loading class java/beans/SimpleBeanInfo
Event: 5.150 Loading class java/beans/SimpleBeanInfo done
Event: 5.153 Loading class com/sun/beans/TypeResolver
Event: 5.153 Loading class com/sun/beans/TypeResolver done
Event: 5.153 Loading class com/sun/beans/WeakCache
Event: 5.154 Loading class com/sun/beans/WeakCache done
Event: 5.159 Loading class sun/reflect/generics/scope/MethodScope
Event: 5.159 Loading class sun/reflect/generics/scope/MethodScope done
Event: 5.159 Loading class sun/reflect/generics/repository/MethodRepository
Event: 5.159 Loading class sun/reflect/generics/repository/MethodRepository done
Event: 5.160 Loading class com/sun/beans/WildcardTypeImpl
Event: 5.160 Loading class com/sun/beans/WildcardTypeImpl done
Event: 5.184 Loading class java/util/AbstractList$ListItr
Event: 5.184 Loading class java/util/AbstractList$Itr
Event: 5.184 Loading class java/util/AbstractList$Itr done
Event: 5.185 Loading class java/util/AbstractList$ListItr done

Classes unloaded (0 events):
No events

Classes redefined (0 events):
No events

Internal exceptions (20 events):
Event: 3.746 Thread 0x0000027a0f5f1290 Exception <a 'java/lang/NoSuchMethodError'{0x00000000c4f97f60}: 'java.lang.Object java.lang.invoke.DirectMethodHandle$Holder.newInvokeSpecial(java.lang.Object, java.lang.Object, java.lang.Object, java.lang.Object, java.lang.Object, java.lang.Object, int)'> (0x00000000c4f97f60) 
thrown [s\src\hotspot\share\interpreter\linkResolver.cpp, line 759]
Event: 3.747 Thread 0x0000027a0f5f1290 Exception <a 'java/lang/NoSuchMethodError'{0x00000000c4f9cfb0}: 'java.lang.Object java.lang.invoke.DirectMethodHandle$Holder.invokeSpecial(java.lang.Object, java.lang.Object, java.lang.Object, java.lang.Object, java.lang.Object, java.lang.Object, java.lang.Object, int)'> (0x00000000c4f9cfb0) 
thrown [s\src\hotspot\share\interpreter\linkResolver.cpp, line 759]
Event: 3.848 Thread 0x0000027a0f5f1290 Exception <a 'java/lang/NoSuchMethodError'{0x00000000c4ec7780}: 'int java.lang.invoke.DirectMethodHandle$Holder.invokeInterface(java.lang.Object, java.lang.Object)'> (0x00000000c4ec7780) 
thrown [s\src\hotspot\share\interpreter\linkResolver.cpp, line 759]
Event: 3.956 Thread 0x0000027a0f5f1290 Exception <a 'java/lang/NoSuchMethodError'{0x00000000c4dcf830}: 'java.lang.Object java.lang.invoke.DirectMethodHandle$Holder.invokeSpecial(java.lang.Object, java.lang.Object, java.lang.Object, int, java.lang.Object)'> (0x00000000c4dcf830) 
thrown [s\src\hotspot\share\interpreter\linkResolver.cpp, line 759]
Event: 3.957 Thread 0x0000027a0f5f1290 Exception <a 'java/lang/NoSuchMethodError'{0x00000000c4dd7e90}: 'java.lang.Object java.lang.invoke.DirectMethodHandle$Holder.newInvokeSpecial(java.lang.Object, java.lang.Object, java.lang.Object, int, java.lang.Object)'> (0x00000000c4dd7e90) 
thrown [s\src\hotspot\share\interpreter\linkResolver.cpp, line 759]
Event: 3.959 Thread 0x0000027a0f5f1290 Exception <a 'java/lang/NoSuchMethodError'{0x00000000c4ddfb20}: 'java.lang.Object java.lang.invoke.Invokers$Holder.linkToTargetMethod(java.lang.Object, java.lang.Object, int, java.lang.Object, java.lang.Object)'> (0x00000000c4ddfb20) 
thrown [s\src\hotspot\share\interpreter\linkResolver.cpp, line 759]
Event: 3.962 Thread 0x0000027a0f5f1290 Exception <a 'java/lang/NoSuchMethodError'{0x00000000c4deec98}: 'java.lang.Object java.lang.invoke.DirectMethodHandle$Holder.newInvokeSpecial(java.lang.Object, int, java.lang.Object)'> (0x00000000c4deec98) 
thrown [s\src\hotspot\share\interpreter\linkResolver.cpp, line 759]
Event: 3.963 Thread 0x0000027a0f5f1290 Exception <a 'java/lang/NoSuchMethodError'{0x00000000c4df3988}: 'int java.lang.invoke.DirectMethodHandle$Holder.invokeSpecialIFC(java.lang.Object, java.lang.Object, java.lang.Object, java.lang.Object)'> (0x00000000c4df3988) 
thrown [s\src\hotspot\share\interpreter\linkResolver.cpp, line 759]
Event: 4.013 Thread 0x0000027a0f5f1290 Exception <a 'java/lang/NoSuchMethodError'{0x00000000c4cbbb10}: 'void java.lang.invoke.DirectMethodHandle$Holder.invokeInterface(java.lang.Object, java.lang.Object, java.lang.Object)'> (0x00000000c4cbbb10) 
thrown [s\src\hotspot\share\interpreter\linkResolver.cpp, line 759]
Event: 4.083 Thread 0x0000027a0f5f1290 Exception <a 'java/lang/NoSuchMethodError'{0x00000000c4b5def8}: 'void java.lang.invoke.DirectMethodHandle$Holder.invokeStaticInit(java.lang.Object, java.lang.Object, java.lang.Object)'> (0x00000000c4b5def8) 
thrown [s\src\hotspot\share\interpreter\linkResolver.cpp, line 759]
Event: 4.102 Thread 0x0000027a0f5f1290 Exception <a 'java/lang/NoSuchMethodError'{0x00000000c4ba5a50}: 'java.lang.Object java.lang.invoke.DirectMethodHandle$Holder.invokeVirtual(java.lang.Object, java.lang.Object, java.lang.Object)'> (0x00000000c4ba5a50) 
thrown [s\src\hotspot\share\interpreter\linkResolver.cpp, line 759]
Event: 4.121 Thread 0x0000027a0f5f1290 Exception <a 'java/lang/NoSuchMethodError'{0x00000000c4bc6930}: 'java.lang.Object java.lang.invoke.DirectMethodHandle$Holder.invokeStatic(java.lang.Object, java.lang.Object, long, java.lang.Object)'> (0x00000000c4bc6930) 
thrown [s\src\hotspot\share\interpreter\linkResolver.cpp, line 759]
Event: 4.122 Thread 0x0000027a0f5f1290 Exception <a 'java/lang/NoSuchMethodError'{0x00000000c4bca608}: 'java.lang.Object java.lang.invoke.DirectMethodHandle$Holder.invokeStaticInit(java.lang.Object, java.lang.Object, long, java.lang.Object)'> (0x00000000c4bca608) 
thrown [s\src\hotspot\share\interpreter\linkResolver.cpp, line 759]
Event: 4.123 Thread 0x0000027a0f5f1290 Exception <a 'java/lang/NoSuchMethodError'{0x00000000c4bd0d10}: 'java.lang.Object java.lang.invoke.DirectMethodHandle$Holder.newInvokeSpecial(java.lang.Object, java.lang.Object, long)'> (0x00000000c4bd0d10) 
thrown [s\src\hotspot\share\interpreter\linkResolver.cpp, line 759]
Event: 4.124 Thread 0x0000027a0f5f1290 Exception <a 'java/lang/NoSuchMethodError'{0x00000000c4bd4888}: 'java.lang.Object java.lang.invoke.Invokers$Holder.linkToTargetMethod(java.lang.Object, long, java.lang.Object)'> (0x00000000c4bd4888) 
thrown [s\src\hotspot\share\interpreter\linkResolver.cpp, line 759]
Event: 4.162 Thread 0x0000027a0f5f1290 Exception <a 'java/lang/NoSuchMethodError'{0x00000000c4a1f3e8}: 'void java.lang.invoke.DirectMethodHandle$Holder.invokeSpecial(java.lang.Object, java.lang.Object, java.lang.Object, java.lang.Object, java.lang.Object)'> (0x00000000c4a1f3e8) 
thrown [s\src\hotspot\share\interpreter\linkResolver.cpp, line 759]
Event: 4.163 Thread 0x0000027a0f5f1290 Exception <a 'java/lang/NoSuchMethodError'{0x00000000c4a27d70}: 'void java.lang.invoke.DirectMethodHandle$Holder.invokeVirtual(java.lang.Object, java.lang.Object, java.lang.Object, java.lang.Object)'> (0x00000000c4a27d70) 
thrown [s\src\hotspot\share\interpreter\linkResolver.cpp, line 759]
Event: 4.316 Thread 0x0000027a0f5f1290 Exception <a 'java/lang/IncompatibleClassChangeError'{0x00000000c48bc4e8}: Found class java.lang.Object, but interface was expected> (0x00000000c48bc4e8) 
thrown [s\src\hotspot\share\interpreter\linkResolver.cpp, line 826]
Event: 4.317 Thread 0x0000027a0fcae7a0 Exception <a 'java/lang/NoClassDefFoundError'{0x00000000c489cc78}: jakarta/validation/Validation> (0x00000000c489cc78) 
thrown [s\src\hotspot\share\classfile\systemDictionary.cpp, line 244]
Event: 4.720 Thread 0x0000027a0f5f1290 Exception <a 'java/lang/NoSuchMethodError'{0x00000000c3fedde0}: 'java.lang.Object java.lang.invoke.DirectMethodHandle$Holder.invokeStatic(java.lang.Object, int, java.lang.Object)'> (0x00000000c3fedde0) 
thrown [s\src\hotspot\share\interpreter\linkResolver.cpp, line 759]

VM Operations (20 events):
Event: 3.204 Executing VM operation: HandshakeAllThreads
Event: 3.204 Executing VM operation: HandshakeAllThreads done
Event: 3.365 Executing VM operation: G1CollectForAllocation
Event: 3.370 Executing VM operation: G1CollectForAllocation done
Event: 3.898 Executing VM operation: HandshakeAllThreads
Event: 3.898 Executing VM operation: HandshakeAllThreads done
Event: 3.996 Executing VM operation: HandshakeAllThreads
Event: 3.996 Executing VM operation: HandshakeAllThreads done
Event: 4.300 Executing VM operation: HandshakeAllThreads
Event: 4.300 Executing VM operation: HandshakeAllThreads done
Event: 4.300 Executing VM operation: HandshakeAllThreads
Event: 4.300 Executing VM operation: HandshakeAllThreads done
Event: 4.788 Executing VM operation: G1CollectForAllocation
Event: 4.788 Executing VM operation: G1CollectForAllocation done
Event: 4.788 Executing VM operation: G1CollectForAllocation
Event: 4.795 Executing VM operation: G1CollectForAllocation done
Event: 4.817 Executing VM operation: HandshakeAllThreads
Event: 4.817 Executing VM operation: HandshakeAllThreads done
Event: 5.031 Executing VM operation: HandshakeAllThreads
Event: 5.031 Executing VM operation: HandshakeAllThreads done

Events (20 events):
Event: 0.225 Thread 0x0000027a6f5d2280 Thread added: 0x0000027a6f5d2280
Event: 0.225 Thread 0x0000027a6f5d2c20 Thread added: 0x0000027a6f5d2c20
Event: 0.225 Thread 0x0000027a6f5d38f0 Thread added: 0x0000027a6f5d38f0
Event: 0.264 Thread 0x0000027a6f5d42d0 Thread added: 0x0000027a6f5d42d0
Event: 0.318 Thread 0x0000027a6f5dc580 Thread added: 0x0000027a6f5dc580
Event: 0.910 Thread 0x0000027a6f59ef80 Thread added: 0x0000027a6f59ef80
Event: 1.005 Loaded shared library C:\Users\ERIN_JAVALead\.jdks\corretto-18.0.2\bin\zip.dll
Event: 1.013 Loaded shared library C:\Users\ERIN_JAVALead\.jdks\corretto-18.0.2\bin\instrument.dll
Event: 1.049 Loaded shared library C:\Users\ERIN_JAVALead\.jdks\corretto-18.0.2\bin\net.dll
Event: 1.053 Loaded shared library C:\Users\ERIN_JAVALead\.jdks\corretto-18.0.2\bin\nio.dll
Event: 1.062 Loaded shared library C:\Users\ERIN_JAVALead\.jdks\corretto-18.0.2\bin\zip.dll
Event: 1.582 Loaded shared library C:\Program Files\JetBrains\IntelliJ IDEA Community Edition 2021.3.3\bin\breakgen64.dll
Event: 1.584 Thread 0x0000027a0f2b7130 Thread added: 0x0000027a0f2b7130
Event: 1.584 Thread 0x0000027a0f2b75f0 Thread added: 0x0000027a0f2b75f0
Event: 1.752 Loaded shared library C:\Users\ERIN_JAVALead\.jdks\corretto-18.0.2\bin\jimage.dll
Event: 2.685 Loaded shared library C:\Users\ERIN_JAVALead\.jdks\corretto-18.0.2\bin\management.dll
Event: 2.690 Loaded shared library C:\Users\ERIN_JAVALead\.jdks\corretto-18.0.2\bin\management_ext.dll
Event: 2.892 Thread 0x0000027a0f5b04f0 Thread added: 0x0000027a0f5b04f0
Event: 2.914 Thread 0x0000027a0f5f1290 Thread added: 0x0000027a0f5f1290
Event: 4.311 Thread 0x0000027a0fcae7a0 Thread added: 0x0000027a0fcae7a0


Dynamic libraries:
0x00007ff6560e0000 - 0x00007ff6560ed000 	C:\Users\ERIN_JAVALead\.jdks\corretto-18.0.2\bin\java.exe
0x00007ffd3bff0000 - 0x00007ffd3c1e8000 	C:\WINDOWS\SYSTEM32\ntdll.dll
0x00007ffd3a0b0000 - 0x00007ffd3a16d000 	C:\WINDOWS\System32\KERNEL32.DLL
0x00007ffd39c10000 - 0x00007ffd39f06000 	C:\WINDOWS\System32\KERNELBASE.dll
0x00007ffd397d0000 - 0x00007ffd398d0000 	C:\WINDOWS\System32\ucrtbase.dll
0x00007ffd350e0000 - 0x00007ffd350f7000 	C:\Users\ERIN_JAVALead\.jdks\corretto-18.0.2\bin\jli.dll
0x00007ffd3b8d0000 - 0x00007ffd3ba6e000 	C:\WINDOWS\System32\USER32.dll
0x00007ffd39b50000 - 0x00007ffd39b72000 	C:\WINDOWS\System32\win32u.dll
0x00007ffd3b6e0000 - 0x00007ffd3b70b000 	C:\WINDOWS\System32\GDI32.dll
0x00007ffd39a30000 - 0x00007ffd39b47000 	C:\WINDOWS\System32\gdi32full.dll
0x00007ffd396c0000 - 0x00007ffd3975d000 	C:\WINDOWS\System32\msvcp_win.dll
0x00007ffd350a0000 - 0x00007ffd350b5000 	C:\Users\ERIN_JAVALead\.jdks\corretto-18.0.2\bin\VCRUNTIME140.dll
0x00007ffd250c0000 - 0x00007ffd2535a000 	C:\WINDOWS\WinSxS\amd64_microsoft.windows.common-controls_6595b64144ccf1df_6.0.19041.3636_none_60b6a03d71f818d5\COMCTL32.dll
0x00007ffd3aad0000 - 0x00007ffd3ab6e000 	C:\WINDOWS\System32\msvcrt.dll
0x00007ffd3b710000 - 0x00007ffd3b742000 	C:\WINDOWS\System32\IMM32.DLL
0x00007ffd11e30000 - 0x00007ffd11ecb000 	C:\Users\ERIN_JAVALead\.jdks\corretto-18.0.2\bin\msvcp140.dll
0x00007ffcf2fe0000 - 0x00007ffcf3c51000 	C:\Users\ERIN_JAVALead\.jdks\corretto-18.0.2\bin\server\jvm.dll
0x00007ffd3bed0000 - 0x00007ffd3bf80000 	C:\WINDOWS\System32\ADVAPI32.dll
0x00007ffd3a180000 - 0x00007ffd3a220000 	C:\WINDOWS\System32\sechost.dll
0x00007ffd3bba0000 - 0x00007ffd3bcc5000 	C:\WINDOWS\System32\RPCRT4.dll
0x00007ffd39fc0000 - 0x00007ffd39fe7000 	C:\WINDOWS\System32\bcrypt.dll
0x00007ffd3a170000 - 0x00007ffd3a178000 	C:\WINDOWS\System32\PSAPI.DLL
0x00007ffd350d0000 - 0x00007ffd350d9000 	C:\WINDOWS\SYSTEM32\WSOCK32.dll
0x00007ffd3be60000 - 0x00007ffd3becb000 	C:\WINDOWS\System32\WS2_32.dll
0x00007ffd1b0a0000 - 0x00007ffd1b0c7000 	C:\WINDOWS\SYSTEM32\WINMM.dll
0x00007ffd33d10000 - 0x00007ffd33d1a000 	C:\WINDOWS\SYSTEM32\VERSION.dll
0x00007ffd374e0000 - 0x00007ffd374f2000 	C:\WINDOWS\SYSTEM32\kernel.appcore.dll
0x00007ffd35060000 - 0x00007ffd3506a000 	C:\Users\ERIN_JAVALead\.jdks\corretto-18.0.2\bin\jimage.dll
0x00007ffd138b0000 - 0x00007ffd13a94000 	C:\WINDOWS\SYSTEM32\DBGHELP.DLL
0x00007ffd13870000 - 0x00007ffd138a4000 	C:\WINDOWS\SYSTEM32\dbgcore.DLL
0x00007ffd39b80000 - 0x00007ffd39c02000 	C:\WINDOWS\System32\bcryptPrimitives.dll
0x00007ffd35050000 - 0x00007ffd3505e000 	C:\Users\ERIN_JAVALead\.jdks\corretto-18.0.2\bin\instrument.dll
0x00007ffd28db0000 - 0x00007ffd28dd5000 	C:\Users\ERIN_JAVALead\.jdks\corretto-18.0.2\bin\java.dll
0x00007ffd11d50000 - 0x00007ffd11e26000 	C:\Users\ERIN_JAVALead\.jdks\corretto-18.0.2\bin\jsvml.dll
0x00007ffd3a220000 - 0x00007ffd3a98b000 	C:\WINDOWS\System32\SHELL32.dll
0x00007ffd376e0000 - 0x00007ffd37e7e000 	C:\WINDOWS\SYSTEM32\windows.storage.dll
0x00007ffd3b380000 - 0x00007ffd3b6d3000 	C:\WINDOWS\System32\combase.dll
0x00007ffd38ef0000 - 0x00007ffd38f1e000 	C:\WINDOWS\SYSTEM32\Wldp.dll
0x00007ffd3b750000 - 0x00007ffd3b81d000 	C:\WINDOWS\System32\OLEAUT32.dll
0x00007ffd3b2d0000 - 0x00007ffd3b37d000 	C:\WINDOWS\System32\SHCORE.dll
0x00007ffd3bcd0000 - 0x00007ffd3bd25000 	C:\WINDOWS\System32\shlwapi.dll
0x00007ffd395a0000 - 0x00007ffd395c5000 	C:\WINDOWS\SYSTEM32\profapi.dll
0x00007ffd23db0000 - 0x00007ffd23dc8000 	C:\Users\ERIN_JAVALead\.jdks\corretto-18.0.2\bin\zip.dll
0x00007ffd24bd0000 - 0x00007ffd24be3000 	C:\Users\ERIN_JAVALead\.jdks\corretto-18.0.2\bin\net.dll
0x00007ffd330b0000 - 0x00007ffd331ba000 	C:\WINDOWS\SYSTEM32\WINHTTP.dll
0x00007ffd38cd0000 - 0x00007ffd38d3a000 	C:\WINDOWS\system32\mswsock.dll
0x00007ffd23dd0000 - 0x00007ffd23de5000 	C:\Users\ERIN_JAVALead\.jdks\corretto-18.0.2\bin\nio.dll
0x00007ffd23d90000 - 0x00007ffd23daa000 	C:\Program Files\JetBrains\IntelliJ IDEA Community Edition 2021.3.3\bin\breakgen64.dll
0x00007ffd2a620000 - 0x00007ffd2a629000 	C:\Users\ERIN_JAVALead\.jdks\corretto-18.0.2\bin\management.dll
0x00007ffd28da0000 - 0x00007ffd28dab000 	C:\Users\ERIN_JAVALead\.jdks\corretto-18.0.2\bin\management_ext.dll

dbghelp: loaded successfully - version: 4.0.5 - missing functions: none
symbol engine: initialized successfully - sym options: 0x614 - pdb path: .;C:\Users\ERIN_JAVALead\.jdks\corretto-18.0.2\bin;C:\WINDOWS\SYSTEM32;C:\WINDOWS\WinSxS\amd64_microsoft.windows.common-controls_6595b64144ccf1df_6.0.19041.3636_none_60b6a03d71f818d5;C:\Users\ERIN_JAVALead\.jdks\corretto-18.0.2\bin\server;C:\Program Files\JetBrains\IntelliJ IDEA Community Edition 2021.3.3\bin

VM Arguments:
jvm_args: -javaagent:C:\Program Files\JetBrains\IntelliJ IDEA Community Edition 2021.3.3\lib\idea_rt.jar=52836:C:\Program Files\JetBrains\IntelliJ IDEA Community Edition 2021.3.3\bin -Dfile.encoding=UTF-8 
java_command: com.verise.veganapp.VeriseApplication
java_class_path (initial): C:\Users\ERIN_JAVALead\Downloads\verise\verise\target\classes;C:\Users\ERIN_JAVALead\.m2\repository\org\springframework\boot\spring-boot-starter-web\3.2.4\spring-boot-starter-web-3.2.4.jar;C:\Users\ERIN_JAVALead\.m2\repository\org\springframework\boot\spring-boot-starter\3.2.4\spring-boot-starter-3.2.4.jar;C:\Users\ERIN_JAVALead\.m2\repository\org\springframework\boot\spring-boot-starter-logging\3.2.4\spring-boot-starter-logging-3.2.4.jar;C:\Users\ERIN_JAVALead\.m2\repository\ch\qos\logback\logback-classic\1.4.14\logback-classic-1.4.14.jar;C:\Users\ERIN_JAVALead\.m2\repository\ch\qos\logback\logback-core\1.4.14\logback-core-1.4.14.jar;C:\Users\ERIN_JAVALead\.m2\repository\org\apache\logging\log4j\log4j-to-slf4j\2.21.1\log4j-to-slf4j-2.21.1.jar;C:\Users\ERIN_JAVALead\.m2\repository\org\apache\logging\log4j\log4j-api\2.21.1\log4j-api-2.21.1.jar;C:\Users\ERIN_JAVALead\.m2\repository\org\slf4j\jul-to-slf4j\2.0.12\jul-to-slf4j-2.0.12.jar;C:\Users\ERIN_JAVALead\.m2\repository\jakarta\annotation\jakarta.annotation-api\2.1.1\jakarta.annotation-api-2.1.1.jar;C:\Users\ERIN_JAVALead\.m2\repository\org\yaml\snakeyaml\2.2\snakeyaml-2.2.jar;C:\Users\ERIN_JAVALead\.m2\repository\org\springframework\boot\spring-boot-starter-json\3.2.4\spring-boot-starter-json-3.2.4.jar;C:\Users\ERIN_JAVALead\.m2\repository\com\fasterxml\jackson\core\jackson-databind\2.15.4\jackson-databind-2.15.4.jar;C:\Users\ERIN_JAVALead\.m2\repository\com\fasterxml\jackson\core\jackson-annotations\2.15.4\jackson-annotations-2.15.4.jar;C:\Users\ERIN_JAVALead\.m2\repository\com\fasterxml\jackson\core\jackson-core\2.15.4\jackson-core-2.15.4.jar;C:\Users\ERIN_JAVALead\.m2\repository\com\fasterxml\jackson\datatype\jackson-datatype-jdk8\2.15.4\jackson-datatype-jdk8-2.15.4.jar;C:\Users\ERIN_JAVALead\.m2\repository\com\fasterxml\jackson\datatype\jackson-datatype-jsr310\2.15.4\jackson-datatype-jsr310-2.15.4.jar;C:\Users\ERIN_JAVALead\.m2\repository\com\fasterxml\jackson\module\jackson-module-parameter-names\2.15.4\jackson-module-parameter-names-2.15.4.jar;C:\Users\ERIN_JAVALead\.m2\repository\org\springframework\boot\spring-boot-starter-tomcat\3.2.4\spring-boot-starter-tomcat-3.2.4.jar;C:\Users\ERIN_JAVALead\.m2\repository\org\apache\tomcat\embed\tomcat-embed-core\10.1.19\tomcat-embed-core-10.1.19.jar;C:\Users\ERIN_JAVALead\.m2\repository\org\apache\tomcat\embed\tomcat-embed-el\10.1.19\tomcat-embed-el-10.1.19.jar;C:\Users\ERIN_JAVALead\.m2\repository\org\apache\tomcat\embed\tomcat-embed-websocket\10.1.19\tomcat-embed-websocket-10.1.19.jar;C:\Users\ERIN_JAVALead\.m2\repository\org\springframework\spring-web\6.1.5\spring-web-6.1.5.jar;C:\Users\ERIN_JAVALead\.m2\repository\org\springframework\spring-beans\6.1.5\spring-beans-6.1.5.jar;C:\Users\ERIN_JAVALead\.m2\repository\io\micrometer\micrometer-observation\1.12.4\micrometer-observation-1.12.4.jar;C:\Users\ERIN_JAVALead\.m2\repository\io\micrometer\micrometer-commons\1.12.4\micrometer-commons-1.12.4.jar;C:\Users\ERIN_JAVALead\.m2\repository\org\springframework\spring-webmvc\6.1.5\spring-webmvc-6.1.5.jar;C:\Users\ERIN_JAVALead\.m2\repository\org\springframework\spring-aop\6.1.5\spring-aop-6.1.5.jar;C:\Users\ERIN_JAVALead\.m2\repository\org\springframework\spring-context\6.1.5\spring-context-6.1.5.jar;C:\Users\ERIN_JAVALead\.m2\repository\org\springframework\spring-expression\6.1.5\spring-expression-6.1.5.jar;C:\Users\ERIN_JAVALead\.m2\repository\org\springframework\boot\spring-boot-devtools\3.2.4\spring-boot-devtools-3.2.4.jar;C:\Users\ERIN_JAVALead\.m2\repository\org\springframework\boot\spring-boot\3.2.4\spring-boot-3.2.4.jar;C:\Users\ERIN_JAVALead\.m2\repository\org\springframework\boot\spring-boot-autoconfigure\3.2.4\spring-boot-autoconfigure-3.2.4.jar;C:\Users\ERIN_JAVALead\.m2\repository\org\projectlombok\lombok\1.18.30\lombok-1.18.30.jar;C:\Users\ERIN_JAVALead\.m2\repository\org\slf4j\slf4j-api\2.0.12\slf4j-api-2.0.12.jar;C:\Users\ERIN_JAVALead\.m2\repository\jakarta\xml\bind\jakarta.xml.bind-api\4.0.2\jakarta.xml.bind-api-4.0.2.jar;C:\Users\ERIN_JAVALead\.m2\repository\jakarta\activation\jakarta.activation-api\2.1.3\jakarta.activation-api-2.1.3.jar;C:\Users\ERIN_JAVALead\.m2\repository\net\bytebuddy\byte-buddy\1.14.12\byte-buddy-1.14.12.jar;C:\Users\ERIN_JAVALead\.m2\repository\org\springframework\spring-core\6.1.5\spring-core-6.1.5.jar;C:\Users\ERIN_JAVALead\.m2\repository\org\springframework\spring-jcl\6.1.5\spring-jcl-6.1.5.jar;C:\Users\ERIN_JAVALead\.m2\repository\org\springframework\boot\spring-boot-starter-data-jpa\3.2.4\spring-boot-starter-data-jpa-3.2.4.jar;C:\Users\ERIN_JAVALead\.m2\repository\org\springframework\boot\spring-boot-starter-aop\3.2.4\spring-boot-starter-aop-3.2.4.jar;C:\Users\ERIN_JAVALead\.m2\repository\org\aspectj\aspectjweaver\1.9.21\aspectjweaver-1.9.21.jar;C:\Users\ERIN_JAVALead\.m2\repository\org\springframework\boot\spring-boot-starter-jdbc\3.2.4\spring-boot-starter-jdbc-3.2.4.jar;C:\Users\ERIN_JAVALead\.m2\repository\com\zaxxer\HikariCP\5.0.1\HikariCP-5.0.1.jar;C:\Users\ERIN_JAVALead\.m2\repository\org\springframework\spring-jdbc\6.1.5\spring-jdbc-6.1.5.jar;C:\Users\ERIN_JAVALead\.m2\repository\org\hibernate\orm\hibernate-core\6.4.4.Final\hibernate-core-6.4.4.Final.jar;C:\Users\ERIN_JAVALead\.m2\repository\jakarta\persistence\jakarta.persistence-api\3.1.0\jakarta.persistence-api-3.1.0.jar;C:\Users\ERIN_JAVALead\.m2\repository\jakarta\transaction\jakarta.transaction-api\2.0.1\jakarta.transaction-api-2.0.1.jar;C:\Users\ERIN_JAVALead\.m2\repository\org\jboss\logging\jboss-logging\3.5.3.Final\jboss-logging-3.5.3.Final.jar;C:\Users\ERIN_JAVALead\.m2\repository\org\hibernate\common\hibernate-commons-annotations\6.0.6.Final\hibernate-commons-annotations-6.0.6.Final.jar;C:\Users\ERIN_JAVALead\.m2\repository\io\smallrye\jandex\3.1.2\jandex-3.1.2.jar;C:\Users\ERIN_JAVALead\.m2\repository\com\fasterxml\classmate\1.6.0\classmate-1.6.0.jar;C:\Users\ERIN_JAVALead\.m2\repository\org\glassfish\jaxb\jaxb-runtime\4.0.5\jaxb-runtime-4.0.5.jar;C:\Users\ERIN_JAVALead\.m2\repository\org\glassfish\jaxb\jaxb-core\4.0.5\jaxb-core-4.0.5.jar;C:\Users\ERIN_JAVALead\.m2\repository\org\eclipse\angus\angus-activation\2.0.2\angus-activation-2.0.2.jar;C:\Users\ERIN_JAVALead\.m2\repository\org\glassfish\jaxb\txw2\4.0.5\txw2-4.0.5.jar;C:\Users\ERIN_JAVALead\.m2\repository\com\sun\istack\istack-commons-runtime\4.1.2\istack-commons-runtime-4.1.2.jar;C:\Users\ERIN_JAVALead\.m2\repository\jakarta\inject\jakarta.inject-api\2.0.1\jakarta.inject-api-2.0.1.jar;C:\Users\ERIN_JAVALead\.m2\repository\org\antlr\antlr4-runtime\4.13.0\antlr4-runtime-4.13.0.jar;C:\Users\ERIN_JAVALead\.m2\repository\org\springframework\data\spring-data-jpa\3.2.4\spring-data-jpa-3.2.4.jar;C:\Users\ERIN_JAVALead\.m2\repository\org\springframework\data\spring-data-commons\3.2.4\spring-data-commons-3.2.4.jar;C:\Users\ERIN_JAVALead\.m2\repository\org\springframework\spring-orm\6.1.5\spring-orm-6.1.5.jar;C:\Users\ERIN_JAVALead\.m2\repository\org\springframework\spring-tx\6.1.5\spring-tx-6.1.5.jar;C:\Users\ERIN_JAVALead\.m2\repository\org\springframework\spring-aspects\6.1.5\spring-aspects-6.1.5.jar;C:\Users\ERIN_JAVALead\.m2\repository\com\microsoft\sqlserver\mssql-jdbc\12.4.2.jre11\mssql-jdbc-12.4.2.jre11.jar
Launcher Type: SUN_STANDARD

[Global flags]
     intx CICompilerCount                          = 3                                         {product} {ergonomic}
     uint ConcGCThreads                            = 1                                         {product} {ergonomic}
     uint G1ConcRefinementThreads                  = 4                                         {product} {ergonomic}
   size_t G1HeapRegionSize                         = 1048576                                   {product} {ergonomic}
    uintx GCDrainStackTargetSize                   = 64                                        {product} {ergonomic}
   size_t InitialHeapSize                          = 67108864                                  {product} {ergonomic}
   size_t MarkStackSize                            = 4194304                                   {product} {ergonomic}
   size_t MaxHeapSize                              = 1052770304                                {product} {ergonomic}
   size_t MaxNewSize                               = 631242752                                 {product} {ergonomic}
   size_t MinHeapDeltaBytes                        = 1048576                                   {product} {ergonomic}
   size_t MinHeapSize                              = 8388608                                   {product} {ergonomic}
    uintx NonNMethodCodeHeapSize                   = 5832780                                {pd product} {ergonomic}
    uintx NonProfiledCodeHeapSize                  = 122912730                              {pd product} {ergonomic}
    uintx ProfiledCodeHeapSize                     = 122912730                              {pd product} {ergonomic}
    uintx ReservedCodeCacheSize                    = 251658240                              {pd product} {ergonomic}
     bool SegmentedCodeCache                       = true                                      {product} {ergonomic}
   size_t SoftMaxHeapSize                          = 1052770304                             {manageable} {ergonomic}
     bool UseCompressedClassPointers               = true                           {product lp64_product} {ergonomic}
     bool UseCompressedOops                        = true                           {product lp64_product} {ergonomic}
     bool UseG1GC                                  = true                                      {product} {ergonomic}
     bool UseLargePagesIndividualAllocation        = false                                  {pd product} {ergonomic}

Logging:
Log output configuration:
 #0: stdout all=warning uptime,level,tags foldmultilines=false
 #1: stderr all=off uptime,level,tags foldmultilines=false

Environment Variables:
JAVA_HOME=C:\Program Files\Java\jdk1.8.0_202
PATH=C:\Program Files (x86)\Common Files\Oracle\Java\javapath;C:\WINDOWS\system32;C:\WINDOWS;C:\WINDOWS\System32\Wbem;C:\WINDOWS\System32\WindowsPowerShell\v1.0\;C:\WINDOWS\System32\OpenSSH\;C:\Program Files (x86)\nodejs\;C:\Program Files (x86)\nodejs\npm;C:\Users\ERIN_JAVALead\AppData\Roaming\npm;C:\Program Files\Git\cmd;C:\Program Files (x86)\dotnet\;C:\Program Files (x86)\Microsoft SQL Server\160\DTS\Binn\;C:\Program Files\Azure Data Studio\bin;C:\Program Files (x86)\Microsoft SQL Server\160\Tools\Binn\;C:\Program Files\Microsoft SQL Server\160\Tools\Binn\;C:\Program Files\Microsoft SQL Server\Client SDK\ODBC\170\Tools\Binn\;C:\Program Files\Microsoft SQL Server\160\DTS\Binn\;C:\Program Files\Java\jdk1.8.0_202\bin;C:\Program Files\Java\jdk1.8.0_202\jre\bin;C:\kafkasrc\bin\windows;C:\Program Files\Docker\Docker\resources\bin;C:\Program Files\Docker\Docker;C:\Users\ERIN_JAVALead\AppData\Local\Microsoft\WindowsApps;;C:\Users\ERIN_JAVALead\AppData\Local\Programs\Microsoft VS Code\bin;C:\Users\ERIN_JAVALead\AppData\Roaming\npm;C:\Program Files\Azure Data Studio\bin
USERNAME=ERIN_JAVALead
OS=Windows_NT
PROCESSOR_IDENTIFIER=Intel64 Family 6 Model 78 Stepping 3, GenuineIntel



---------------  S Y S T E M  ---------------

OS:
 Windows 10 , 64 bit Build 19041 (10.0.19041.3636)
OS uptime: 0 days 1:19 hours
Hyper-V role detected

CPU: total 4 (initial active 4) (2 cores per cpu, 2 threads per core) family 6 model 78 stepping 3 microcode 0xcc, cx8, cmov, fxsr, ht, mmx, 3dnowpref, sse, sse2, sse3, ssse3, sse4.1, sse4.2, popcnt, lzcnt, tsc, tscinvbit, avx, avx2, aes, erms, clmul, bmi1, bmi2, adx, fma, vzeroupper, clflush, clflushopt, hv

Memory: 4k page, system-wide physical 4012M (255M free)
TotalPageFile size 6060M (AvailPageFile size 2M)
current process WorkingSet (physical memory assigned to process): 100M, peak: 100M
current process commit charge ("private bytes"): 170M, peak: 170M

vm_info: OpenJDK 64-Bit Server VM (18.0.2+9-FR) for windows-amd64 JRE (18.0.2+9-FR), built on Jul 15 2022 20:03:03 by "Administrator" with MS VC++ 15.9 (VS2017)

END.
