#
# There is insufficient memory for the Java Runtime Environment to continue.
# Native memory allocation (malloc) failed to allocate 1091936 bytes for Chunk::new
# Possible reasons:
#   The system is out of physical RAM or swap space
#   The process is running with CompressedOops enabled, and the Java Heap may be blocking the growth of the native heap
# Possible solutions:
#   Reduce memory load on the system
#   Increase physical memory or swap space
#   Check if swap backing store is full
#   Decrease Java heap size (-Xmx/-Xms)
#   Decrease number of Java threads
#   Decrease Java thread stack sizes (-Xss)
#   Set larger code cache with -XX:ReservedCodeCacheSize=
#   JVM is running with Unscaled Compressed Oops mode in which the Java heap is
#     placed in the first 4GB address space. The Java Heap base address is the
#     maximum limit for the native heap growth. Please use -XX:HeapBaseMinAddress
#     to set the Java Heap base and to place the Java Heap above 4GB virtual address.
# This output file may be truncated or incomplete.
#
#  Out of Memory Error (arena.cpp:184), pid=11128, tid=7048
#
# JRE version: OpenJDK Runtime Environment Corretto-18.0.2.9.1 (18.0.2+9) (build 18.0.2+9-FR)
# Java VM: OpenJDK 64-Bit Server VM Corretto-18.0.2.9.1 (18.0.2+9-FR, mixed mode, sharing, tiered, compressed oops, compressed class ptrs, g1 gc, windows-amd64)
# No core dump will be written. Minidumps are not enabled by default on client versions of Windows
#

---------------  S U M M A R Y ------------

Command Line: -javaagent:C:\Program Files\JetBrains\IntelliJ IDEA Community Edition 2021.3.3\lib\idea_rt.jar=50865:C:\Program Files\JetBrains\IntelliJ IDEA Community Edition 2021.3.3\bin -Dfile.encoding=UTF-8 com.verise.veganapp.VeriseApplication

Host: Intel(R) Core(TM) i3-6006U CPU @ 2.00GHz, 4 cores, 3G,  Windows 10 , 64 bit Build 19041 (10.0.19041.3636)
Time: Tue Apr  9 19:29:52 2024 W. Europe Daylight Time elapsed time: 22.565772 seconds (0d 0h 0m 22s)

---------------  T H R E A D  ---------------

Current thread (0x00000217bf158870):  JavaThread "C2 CompilerThread0" daemon [_thread_in_native, id=7048, stack(0x000000fa6a700000,0x000000fa6a800000)]


Current CompileTask:
C2:  22565 5166       4       org.springframework.beans.factory.support.AbstractBeanFactory::isTypeMatch (619 bytes)

Stack: [0x000000fa6a700000,0x000000fa6a800000]
Native frames: (J=compiled Java code, j=interpreted, Vv=VM code, C=native code)
V  [jvm.dll+0x685a2a]
V  [jvm.dll+0x82ae8d]
V  [jvm.dll+0x82c75e]
V  [jvm.dll+0x82ce03]
V  [jvm.dll+0x25ef4b]
V  [jvm.dll+0xd42d2]
V  [jvm.dll+0xd4665]
V  [jvm.dll+0x2ca852]
V  [jvm.dll+0x5907bf]
V  [jvm.dll+0x23bae0]
V  [jvm.dll+0x2351ef]
V  [jvm.dll+0x232e1f]
V  [jvm.dll+0x1c0a35]
V  [jvm.dll+0x24212c]
V  [jvm.dll+0x240534]
V  [jvm.dll+0x7df6db]
V  [jvm.dll+0x7d9cba]
V  [jvm.dll+0x6848a5]
C  [ucrtbase.dll+0x21bb2]
C  [KERNEL32.DLL+0x17344]
C  [ntdll.dll+0x526b1]


---------------  P R O C E S S  ---------------

Threads class SMR info:
_java_thread_list=0x00000217dfeacd30, length=21, elements={
0x00000217bf09d6d0, 0x00000217bf139ad0, 0x00000217bf13a640, 0x00000217bf151bc0,
0x00000217bf152470, 0x00000217bf1534c0, 0x00000217bf153eb0, 0x00000217bf158870,
0x00000217bf15e3c0, 0x00000217da686e90, 0x00000217da6d4a10, 0x00000217de9a9210,
0x00000217de9a26b0, 0x00000217df5de1c0, 0x00000217dee60e90, 0x00000217e0dbb430,
0x00000217e0dba5c0, 0x00000217e0dbaf60, 0x00000217e0db8410, 0x00000217e0db9750,
0x00000217e0db8db0
}

Java Threads: ( => current thread )
  0x00000217bf09d6d0 JavaThread "main" [_thread_blocked, id=7876, stack(0x000000fa69a00000,0x000000fa69b00000)]
  0x00000217bf139ad0 JavaThread "Reference Handler" daemon [_thread_blocked, id=6288, stack(0x000000fa6a100000,0x000000fa6a200000)]
  0x00000217bf13a640 JavaThread "Finalizer" daemon [_thread_blocked, id=6328, stack(0x000000fa6a200000,0x000000fa6a300000)]
  0x00000217bf151bc0 JavaThread "Signal Dispatcher" daemon [_thread_blocked, id=5396, stack(0x000000fa6a300000,0x000000fa6a400000)]
  0x00000217bf152470 JavaThread "Attach Listener" daemon [_thread_blocked, id=12252, stack(0x000000fa6a400000,0x000000fa6a500000)]
  0x00000217bf1534c0 JavaThread "Service Thread" daemon [_thread_blocked, id=5000, stack(0x000000fa6a500000,0x000000fa6a600000)]
  0x00000217bf153eb0 JavaThread "Monitor Deflation Thread" daemon [_thread_blocked, id=5496, stack(0x000000fa6a600000,0x000000fa6a700000)]
=>0x00000217bf158870 JavaThread "C2 CompilerThread0" daemon [_thread_in_native, id=7048, stack(0x000000fa6a700000,0x000000fa6a800000)]
  0x00000217bf15e3c0 JavaThread "C1 CompilerThread0" daemon [_thread_blocked, id=10292, stack(0x000000fa6a800000,0x000000fa6a900000)]
  0x00000217da686e90 JavaThread "Sweeper thread" daemon [_thread_blocked, id=11272, stack(0x000000fa6a900000,0x000000fa6aa00000)]
  0x00000217da6d4a10 JavaThread "Common-Cleaner" daemon [_thread_blocked, id=4240, stack(0x000000fa6aa00000,0x000000fa6ab00000)]
  0x00000217de9a9210 JavaThread "Monitor Ctrl-Break" daemon [_thread_in_native, id=8100, stack(0x000000fa6ab00000,0x000000fa6ac00000)]
  0x00000217de9a26b0 JavaThread "Notification Thread" daemon [_thread_blocked, id=12824, stack(0x000000fa6ac00000,0x000000fa6ad00000)]
  0x00000217df5de1c0 JavaThread "Thread-0" [_thread_blocked, id=2120, stack(0x000000fa6b200000,0x000000fa6b300000)]
  0x00000217dee60e90 JavaThread "restartedMain" [_thread_in_native, id=11256, stack(0x000000fa6b300000,0x000000fa6b400000)]
  0x00000217e0dbb430 JavaThread "Catalina-utility-1" [_thread_blocked, id=5480, stack(0x000000fa6b400000,0x000000fa6b500000)]
  0x00000217e0dba5c0 JavaThread "Catalina-utility-2" [_thread_blocked, id=3564, stack(0x000000fa6b500000,0x000000fa6b600000)]
  0x00000217e0dbaf60 JavaThread "container-0" [_thread_blocked, id=4680, stack(0x000000fa6b600000,0x000000fa6b700000)]
  0x00000217e0db8410 JavaThread "mssql-jdbc-shared-timer-core-0" daemon [_thread_blocked, id=2464, stack(0x000000fa6ba00000,0x000000fa6bb00000)]
  0x00000217e0db9750 JavaThread "HikariPool-1 housekeeper" daemon [_thread_blocked, id=10432, stack(0x000000fa6bb00000,0x000000fa6bc00000)]
  0x00000217e0db8db0 JavaThread "HikariPool-1 connection adder" daemon [_thread_in_native, id=12444, stack(0x000000fa6bc00000,0x000000fa6bd00000)]

Other Threads:
  0x00000217bf135410 VMThread "VM Thread" [stack: 0x000000fa6a000000,0x000000fa6a100000] [id=7640]
  0x00000217de9a96d0 WatcherThread "VM Periodic Task Thread" [stack: 0x000000fa6ad00000,0x000000fa6ae00000] [id=6352]
  0x00000217bf0de290 WorkerThread "GC Thread#0" [stack: 0x000000fa69b00000,0x000000fa69c00000] [id=2080]
  0x00000217ded94bc0 WorkerThread "GC Thread#1" [stack: 0x000000fa6ae00000,0x000000fa6af00000] [id=6000]
  0x00000217df3a2d20 WorkerThread "GC Thread#2" [stack: 0x000000fa6af00000,0x000000fa6b000000] [id=4148]
  0x00000217df391620 WorkerThread "GC Thread#3" [stack: 0x000000fa6b000000,0x000000fa6b100000] [id=3592]
  0x00000217bf0e7e60 ConcurrentGCThread "G1 Main Marker" [stack: 0x000000fa69c00000,0x000000fa69d00000] [id=4168]
  0x00000217bf0e8760 WorkerThread "G1 Conc#0" [stack: 0x000000fa69d00000,0x000000fa69e00000] [id=3460]
  0x00000217bf10fa10 ConcurrentGCThread "G1 Refine#0" [stack: 0x000000fa69e00000,0x000000fa69f00000] [id=11412]
  0x00000217df399d90 ConcurrentGCThread "G1 Refine#1" [stack: 0x000000fa6b100000,0x000000fa6b200000] [id=5476]
  0x00000217bf110230 ConcurrentGCThread "G1 Service" [stack: 0x000000fa69f00000,0x000000fa6a000000] [id=2476]

Threads with active compile tasks:
C2 CompilerThread0    22640 5166       4       org.springframework.beans.factory.support.AbstractBeanFactory::isTypeMatch (619 bytes)

VM state: not at safepoint (normal execution)

VM Mutex/Monitor currently owned by a thread: None

Heap address: 0x00000000c1400000, size: 1004 MB, Compressed Oops mode: 32-bit

CDS archive(s) mapped at: [0x0000000800000000-0x0000000800ba0000-0x0000000800ba0000), size 12189696, SharedBaseAddress: 0x0000000800000000, ArchiveRelocationMode: 0.
Compressed class space mapped at: 0x0000000800c00000-0x0000000840c00000, reserved size: 1073741824
Narrow klass base: 0x0000000800000000, Narrow klass shift: 0, Narrow klass range: 0x100000000

GC Precious Log:
 CardTable entry size: 512
 Card Set container configuration: InlinePtr #cards 5 size 8 Array Of Cards #cards 12 size 40 Howl #buckets 4 coarsen threshold 1843 Howl Bitmap #cards 512 size 80 coarsen threshold 460 Card regions per heap region 1 cards per card region 2048
 CPUs: 4 total, 4 available
 Memory: 4012M
 Large Page Support: Disabled
 NUMA Support: Disabled
 Compressed Oops: Enabled (32-bit)
 Heap Region Size: 1M
 Heap Min Capacity: 8M
 Heap Initial Capacity: 64M
 Heap Max Capacity: 1004M
 Pre-touch: Disabled
 Parallel Workers: 4
 Concurrent Workers: 1
 Concurrent Refinement Workers: 4
 Periodic GC: Disabled

Heap:
 garbage-first heap   total 51200K, used 28874K [0x00000000c1400000, 0x0000000100000000)
  region size 1024K, 8 young (8192K), 3 survivors (3072K)
 Metaspace       used 59281K, committed 59904K, reserved 1114112K
  class space    used 7808K, committed 8064K, reserved 1048576K

Heap Regions: E=young(eden), S=young(survivor), O=old, HS=humongous(starts), HC=humongous(continues), CS=collection set, F=free, OA=open archive, CA=closed archive, TAMS=top-at-mark-start (previous, next)
|   0|0x00000000c1400000, 0x00000000c1500000, 0x00000000c1500000|100%|HS|  |TAMS 0x00000000c1500000, 0x00000000c1400000| Complete 
|   1|0x00000000c1500000, 0x00000000c1600000, 0x00000000c1600000|100%| O|  |TAMS 0x00000000c1600000, 0x00000000c1500000| Untracked 
|   2|0x00000000c1600000, 0x00000000c1700000, 0x00000000c1700000|100%| O|  |TAMS 0x00000000c1700000, 0x00000000c1600000| Untracked 
|   3|0x00000000c1700000, 0x00000000c1800000, 0x00000000c1800000|100%| O|  |TAMS 0x00000000c1800000, 0x00000000c1700000| Untracked 
|   4|0x00000000c1800000, 0x00000000c1900000, 0x00000000c1900000|100%| O|  |TAMS 0x00000000c1900000, 0x00000000c1800000| Untracked 
|   5|0x00000000c1900000, 0x00000000c1a00000, 0x00000000c1a00000|100%| O|  |TAMS 0x00000000c1a00000, 0x00000000c1900000| Untracked 
|   6|0x00000000c1a00000, 0x00000000c1b00000, 0x00000000c1b00000|100%| O|  |TAMS 0x00000000c1b00000, 0x00000000c1a00000| Untracked 
|   7|0x00000000c1b00000, 0x00000000c1c00000, 0x00000000c1c00000|100%| O|  |TAMS 0x00000000c1c00000, 0x00000000c1b00000| Untracked 
|   8|0x00000000c1c00000, 0x00000000c1d00000, 0x00000000c1d00000|100%| O|  |TAMS 0x00000000c1d00000, 0x00000000c1c00000| Untracked 
|   9|0x00000000c1d00000, 0x00000000c1d38600, 0x00000000c1e00000| 22%| O|  |TAMS 0x00000000c1d38600, 0x00000000c1d00000| Untracked 
|  10|0x00000000c1e00000, 0x00000000c1f00000, 0x00000000c1f00000|100%| O|  |TAMS 0x00000000c1f00000, 0x00000000c1e00000| Untracked 
|  11|0x00000000c1f00000, 0x00000000c2000000, 0x00000000c2000000|100%| O|  |TAMS 0x00000000c2000000, 0x00000000c1f00000| Untracked 
|  12|0x00000000c2000000, 0x00000000c2100000, 0x00000000c2100000|100%| O|  |TAMS 0x00000000c2100000, 0x00000000c2000000| Untracked 
|  13|0x00000000c2100000, 0x00000000c2200000, 0x00000000c2200000|100%| O|  |TAMS 0x00000000c2200000, 0x00000000c2100000| Untracked 
|  14|0x00000000c2200000, 0x00000000c2300000, 0x00000000c2300000|100%| O|  |TAMS 0x00000000c2300000, 0x00000000c2200000| Untracked 
|  15|0x00000000c2300000, 0x00000000c2400000, 0x00000000c2400000|100%| O|  |TAMS 0x00000000c2400000, 0x00000000c2300000| Untracked 
|  16|0x00000000c2400000, 0x00000000c2500000, 0x00000000c2500000|100%| O|  |TAMS 0x00000000c2500000, 0x00000000c2400000| Untracked 
|  17|0x00000000c2500000, 0x00000000c2600000, 0x00000000c2600000|100%| O|  |TAMS 0x00000000c2600000, 0x00000000c2500000| Untracked 
|  18|0x00000000c2600000, 0x00000000c2700000, 0x00000000c2700000|100%| O|  |TAMS 0x00000000c2700000, 0x00000000c2600000| Untracked 
|  19|0x00000000c2700000, 0x00000000c2800000, 0x00000000c2800000|100%| O|  |TAMS 0x00000000c2800000, 0x00000000c2700000| Untracked 
|  20|0x00000000c2800000, 0x00000000c2900000, 0x00000000c2900000|100%| O|  |TAMS 0x00000000c2900000, 0x00000000c2800000| Untracked 
|  21|0x00000000c2900000, 0x00000000c2a00000, 0x00000000c2a00000|100%| O|  |TAMS 0x00000000c2a00000, 0x00000000c2900000| Untracked 
|  22|0x00000000c2a00000, 0x00000000c2a19600, 0x00000000c2b00000|  9%| O|  |TAMS 0x00000000c2a19600, 0x00000000c2a00000| Untracked 
|  23|0x00000000c2b00000, 0x00000000c2b00000, 0x00000000c2c00000|  0%| F|  |TAMS 0x00000000c2b00000, 0x00000000c2b00000| Untracked 
|  24|0x00000000c2c00000, 0x00000000c2c00000, 0x00000000c2d00000|  0%| F|  |TAMS 0x00000000c2c00000, 0x00000000c2c00000| Untracked 
|  25|0x00000000c2d00000, 0x00000000c2d00000, 0x00000000c2e00000|  0%| F|  |TAMS 0x00000000c2d00000, 0x00000000c2d00000| Untracked 
|  26|0x00000000c2e00000, 0x00000000c2e00000, 0x00000000c2f00000|  0%| F|  |TAMS 0x00000000c2e00000, 0x00000000c2e00000| Untracked 
|  27|0x00000000c2f00000, 0x00000000c2f00000, 0x00000000c3000000|  0%| F|  |TAMS 0x00000000c2f00000, 0x00000000c2f00000| Untracked 
|  28|0x00000000c3000000, 0x00000000c3000000, 0x00000000c3100000|  0%| F|  |TAMS 0x00000000c3000000, 0x00000000c3000000| Untracked 
|  29|0x00000000c3100000, 0x00000000c3100000, 0x00000000c3200000|  0%| F|  |TAMS 0x00000000c3100000, 0x00000000c3100000| Untracked 
|  30|0x00000000c3200000, 0x00000000c3200000, 0x00000000c3300000|  0%| F|  |TAMS 0x00000000c3200000, 0x00000000c3200000| Untracked 
|  31|0x00000000c3300000, 0x00000000c33e0df0, 0x00000000c3400000| 87%| S|CS|TAMS 0x00000000c3300000, 0x00000000c3300000| Complete 
|  32|0x00000000c3400000, 0x00000000c3500000, 0x00000000c3500000|100%| S|CS|TAMS 0x00000000c3400000, 0x00000000c3400000| Complete 
|  33|0x00000000c3500000, 0x00000000c3600000, 0x00000000c3600000|100%| S|CS|TAMS 0x00000000c3500000, 0x00000000c3500000| Complete 
|  34|0x00000000c3600000, 0x00000000c3600000, 0x00000000c3700000|  0%| F|  |TAMS 0x00000000c3600000, 0x00000000c3600000| Untracked 
|  35|0x00000000c3700000, 0x00000000c3700000, 0x00000000c3800000|  0%| F|  |TAMS 0x00000000c3700000, 0x00000000c3700000| Untracked 
|  36|0x00000000c3800000, 0x00000000c3800000, 0x00000000c3900000|  0%| F|  |TAMS 0x00000000c3800000, 0x00000000c3800000| Untracked 
|  37|0x00000000c3900000, 0x00000000c3900000, 0x00000000c3a00000|  0%| F|  |TAMS 0x00000000c3900000, 0x00000000c3900000| Untracked 
|  38|0x00000000c3a00000, 0x00000000c3a00000, 0x00000000c3b00000|  0%| F|  |TAMS 0x00000000c3a00000, 0x00000000c3a00000| Untracked 
|  39|0x00000000c3b00000, 0x00000000c3b00000, 0x00000000c3c00000|  0%| F|  |TAMS 0x00000000c3b00000, 0x00000000c3b00000| Untracked 
|  40|0x00000000c3c00000, 0x00000000c3c00000, 0x00000000c3d00000|  0%| F|  |TAMS 0x00000000c3c00000, 0x00000000c3c00000| Untracked 
|  41|0x00000000c3d00000, 0x00000000c3d00000, 0x00000000c3e00000|  0%| F|  |TAMS 0x00000000c3d00000, 0x00000000c3d00000| Untracked 
|  42|0x00000000c3e00000, 0x00000000c3e00000, 0x00000000c3f00000|  0%| F|  |TAMS 0x00000000c3e00000, 0x00000000c3e00000| Untracked 
|  43|0x00000000c3f00000, 0x00000000c3f00000, 0x00000000c4000000|  0%| F|  |TAMS 0x00000000c3f00000, 0x00000000c3f00000| Untracked 
|  44|0x00000000c4000000, 0x00000000c4000000, 0x00000000c4100000|  0%| F|  |TAMS 0x00000000c4000000, 0x00000000c4000000| Untracked 
|  45|0x00000000c4100000, 0x00000000c41e67e8, 0x00000000c4200000| 90%| E|  |TAMS 0x00000000c4100000, 0x00000000c4100000| Complete 
|  46|0x00000000c4200000, 0x00000000c4300000, 0x00000000c4300000|100%| E|CS|TAMS 0x00000000c4200000, 0x00000000c4200000| Complete 
|  47|0x00000000c4300000, 0x00000000c4400000, 0x00000000c4400000|100%| E|CS|TAMS 0x00000000c4300000, 0x00000000c4300000| Complete 
|  48|0x00000000c4400000, 0x00000000c4500000, 0x00000000c4500000|100%| E|CS|TAMS 0x00000000c4400000, 0x00000000c4400000| Complete 
|  63|0x00000000c5300000, 0x00000000c5400000, 0x00000000c5400000|100%| E|CS|TAMS 0x00000000c5300000, 0x00000000c5300000| Complete 

Card table byte_map: [0x00000217d5e60000,0x00000217d6060000] _byte_map_base: 0x00000217d5856000

Marking Bits (Prev, Next): (CMBitMap*) 0x00000217bf0df7f0, (CMBitMap*) 0x00000217bf0df7b0
 Prev Bits: [0x00000217d7210000, 0x00000217d81c0000)
 Next Bits: [0x00000217d6260000, 0x00000217d7210000)

Polling page: 0x00000217bd060000

Metaspace:

Usage:
  Non-class:     50.27 MB used.
      Class:      7.63 MB used.
       Both:     57.90 MB used.

Virtual space:
  Non-class space:       64.00 MB reserved,      50.63 MB ( 79%) committed,  1 nodes.
      Class space:        1.00 GB reserved,       7.88 MB ( <1%) committed,  1 nodes.
             Both:        1.06 GB reserved,      58.50 MB (  5%) committed. 

Chunk freelists:
   Non-Class:  1.30 MB
       Class:  64.00 KB
        Both:  1.36 MB

MaxMetaspaceSize: unlimited
CompressedClassSpaceSize: 1.00 GB
Initial GC threshold: 21.00 MB
Current GC threshold: 97.00 MB
CDS: on
MetaspaceReclaimPolicy: balanced
 - commit_granule_bytes: 65536.
 - commit_granule_words: 8192.
 - virtual_space_node_default_size: 8388608.
 - enlarge_chunks_in_place: 1.
 - new_chunks_are_fully_committed: 0.
 - uncommit_free_chunks: 1.
 - use_allocation_guard: 0.


Internal statistics:

num_allocs_failed_limit: 8.
num_arena_births: 822.
num_arena_deaths: 0.
num_vsnodes_births: 2.
num_vsnodes_deaths: 0.
num_space_committed: 936.
num_space_uncommitted: 0.
num_chunks_returned_to_freelist: 8.
num_chunks_taken_from_freelist: 2827.
num_chunk_merges: 8.
num_chunk_splits: 2045.
num_chunks_enlarged: 1628.
num_inconsistent_stats: 0.

CodeHeap 'non-profiled nmethods': size=120000Kb used=2539Kb max_used=2539Kb free=117460Kb
 bounds [0x00000217ce730000, 0x00000217ce9b0000, 0x00000217d5c60000]
CodeHeap 'profiled nmethods': size=120000Kb used=10666Kb max_used=10666Kb free=109333Kb
 bounds [0x00000217c7200000, 0x00000217c7c70000, 0x00000217ce730000]
CodeHeap 'non-nmethods': size=5760Kb used=1370Kb max_used=1421Kb free=4389Kb
 bounds [0x00000217c6c60000, 0x00000217c6ed0000, 0x00000217c7200000]
 total_blobs=5856 nmethods=5158 adapters=610
 compilation: enabled
              stopped_count=0, restarted_count=0
 full_count=0

Compilation events (20 events):
Event: 22.552 Thread 0x00000217bf15e3c0 5278       2       java.util.regex.Matcher::match (154 bytes)
Event: 22.553 Thread 0x00000217bf15e3c0 nmethod 5278 0x00000217c7c63410 code [0x00000217c7c635c0, 0x00000217c7c63898]
Event: 22.553 Thread 0x00000217bf15e3c0 5279       2       org.springframework.data.mapping.model.AnnotationBasedPersistentProperty$$Lambda$1117/0x00000008013dd4a0::apply (12 bytes)
Event: 22.554 Thread 0x00000217bf15e3c0 nmethod 5279 0x00000217c7c63a90 code [0x00000217c7c63c40, 0x00000217c7c63dc8]
Event: 22.554 Thread 0x00000217bf15e3c0 5280       2       org.springframework.data.mapping.model.AnnotationBasedPersistentProperty::lambda$doFindAnnotation$11 (6 bytes)
Event: 22.554 Thread 0x00000217bf15e3c0 nmethod 5280 0x00000217c7c63e90 code [0x00000217c7c64020, 0x00000217c7c64128]
Event: 22.554 Thread 0x00000217bf15e3c0 5281       2       org.springframework.data.mapping.model.AnnotationBasedPersistentProperty$$Lambda$1118/0x00000008013dd6d0::apply (8 bytes)
Event: 22.554 Thread 0x00000217bf15e3c0 nmethod 5281 0x00000217c7c64210 code [0x00000217c7c643c0, 0x00000217c7c64678]
Event: 22.554 Thread 0x00000217bf15e3c0 5282       2       org.springframework.data.util.StreamUtils::fromNullable (15 bytes)
Event: 22.555 Thread 0x00000217bf15e3c0 nmethod 5282 0x00000217c7c64790 code [0x00000217c7c64940, 0x00000217c7c64b78]
Event: 22.556 Thread 0x00000217bf15e3c0 5283       2       java.util.stream.MatchOps$MatchOp::<init> (20 bytes)
Event: 22.556 Thread 0x00000217bf15e3c0 nmethod 5283 0x00000217c7c64c90 code [0x00000217c7c64e20, 0x00000217c7c65038]
Event: 22.557 Thread 0x00000217bf15e3c0 5284       2       java.util.stream.MatchOps$MatchOp::getOpFlags (8 bytes)
Event: 22.557 Thread 0x00000217bf15e3c0 nmethod 5284 0x00000217c7c65110 code [0x00000217c7c652a0, 0x00000217c7c653b8]
Event: 22.557 Thread 0x00000217bf15e3c0 5285       2       java.util.stream.ReferencePipeline::findFirst (12 bytes)
Event: 22.557 Thread 0x00000217bf15e3c0 nmethod 5285 0x00000217c7c65490 code [0x00000217c7c65640, 0x00000217c7c657a8]
Event: 22.557 Thread 0x00000217bf15e3c0 5286       2       java.util.stream.FindOps$FindSink$OfRef$$Lambda$38/0x80000004d::get (8 bytes)
Event: 22.557 Thread 0x00000217bf15e3c0 nmethod 5286 0x00000217c7c65890 code [0x00000217c7c65a20, 0x00000217c7c65b78]
Event: 22.558 Thread 0x00000217bf15e3c0 5287       1       java.util.concurrent.atomic.AtomicReference::get (5 bytes)
Event: 22.558 Thread 0x00000217bf15e3c0 nmethod 5287 0x00000217ce9aa990 code [0x00000217ce9aab20, 0x00000217ce9aabf8]

GC Heap History (20 events):
Event: 6.913 GC heap before
{Heap before GC invocations=4 (full 0):
 garbage-first heap   total 65536K, used 36421K [0x00000000c1400000, 0x0000000100000000)
  region size 1024K, 30 young (30720K), 4 survivors (4096K)
 Metaspace       used 21244K, committed 21504K, reserved 1114112K
  class space    used 2555K, committed 2688K, reserved 1048576K
}
Event: 6.924 GC heap after
{Heap after GC invocations=5 (full 0):
 garbage-first heap   total 65536K, used 13537K [0x00000000c1400000, 0x0000000100000000)
  region size 1024K, 4 young (4096K), 4 survivors (4096K)
 Metaspace       used 21244K, committed 21504K, reserved 1114112K
  class space    used 2555K, committed 2688K, reserved 1048576K
}
Event: 8.759 GC heap before
{Heap before GC invocations=6 (full 0):
 garbage-first heap   total 51200K, used 40161K [0x00000000c1400000, 0x0000000100000000)
  region size 1024K, 30 young (30720K), 4 survivors (4096K)
 Metaspace       used 25850K, committed 26304K, reserved 1114112K
  class space    used 3250K, committed 3456K, reserved 1048576K
}
Event: 8.774 GC heap after
{Heap after GC invocations=7 (full 0):
 garbage-first heap   total 51200K, used 15937K [0x00000000c1400000, 0x0000000100000000)
  region size 1024K, 4 young (4096K), 4 survivors (4096K)
 Metaspace       used 25850K, committed 26304K, reserved 1114112K
  class space    used 3250K, committed 3456K, reserved 1048576K
}
Event: 9.954 GC heap before
{Heap before GC invocations=7 (full 0):
 garbage-first heap   total 51200K, used 35393K [0x00000000c1400000, 0x0000000100000000)
  region size 1024K, 24 young (24576K), 4 survivors (4096K)
 Metaspace       used 29819K, committed 30336K, reserved 1114112K
  class space    used 3671K, committed 3904K, reserved 1048576K
}
Event: 9.971 GC heap after
{Heap after GC invocations=8 (full 0):
 garbage-first heap   total 51200K, used 18314K [0x00000000c1400000, 0x0000000100000000)
  region size 1024K, 3 young (3072K), 3 survivors (3072K)
 Metaspace       used 29819K, committed 30336K, reserved 1114112K
  class space    used 3671K, committed 3904K, reserved 1048576K
}
Event: 11.397 GC heap before
{Heap before GC invocations=8 (full 0):
 garbage-first heap   total 51200K, used 36746K [0x00000000c1400000, 0x0000000100000000)
  region size 1024K, 21 young (21504K), 3 survivors (3072K)
 Metaspace       used 34102K, committed 34624K, reserved 1114112K
  class space    used 4286K, committed 4544K, reserved 1048576K
}
Event: 11.403 GC heap after
{Heap after GC invocations=9 (full 0):
 garbage-first heap   total 51200K, used 19471K [0x00000000c1400000, 0x0000000100000000)
  region size 1024K, 2 young (2048K), 2 survivors (2048K)
 Metaspace       used 34102K, committed 34624K, reserved 1114112K
  class space    used 4286K, committed 4544K, reserved 1048576K
}
Event: 11.759 GC heap before
{Heap before GC invocations=9 (full 0):
 garbage-first heap   total 51200K, used 24591K [0x00000000c1400000, 0x0000000100000000)
  region size 1024K, 8 young (8192K), 2 survivors (2048K)
 Metaspace       used 35424K, committed 35968K, reserved 1114112K
  class space    used 4512K, committed 4800K, reserved 1048576K
}
Event: 11.762 GC heap after
{Heap after GC invocations=10 (full 0):
 garbage-first heap   total 51200K, used 19637K [0x00000000c1400000, 0x0000000100000000)
  region size 1024K, 2 young (2048K), 2 survivors (2048K)
 Metaspace       used 35424K, committed 35968K, reserved 1114112K
  class space    used 4512K, committed 4800K, reserved 1048576K
}
Event: 18.051 GC heap before
{Heap before GC invocations=11 (full 0):
 garbage-first heap   total 51200K, used 37045K [0x00000000c1400000, 0x0000000100000000)
  region size 1024K, 20 young (20480K), 2 survivors (2048K)
 Metaspace       used 42334K, committed 42944K, reserved 1114112K
  class space    used 5304K, committed 5568K, reserved 1048576K
}
Event: 18.058 GC heap after
{Heap after GC invocations=12 (full 0):
 garbage-first heap   total 51200K, used 20996K [0x00000000c1400000, 0x0000000100000000)
  region size 1024K, 3 young (3072K), 3 survivors (3072K)
 Metaspace       used 42334K, committed 42944K, reserved 1114112K
  class space    used 5304K, committed 5568K, reserved 1048576K
}
Event: 19.249 GC heap before
{Heap before GC invocations=12 (full 0):
 garbage-first heap   total 51200K, used 38404K [0x00000000c1400000, 0x0000000100000000)
  region size 1024K, 21 young (21504K), 3 survivors (3072K)
 Metaspace       used 45764K, committed 46272K, reserved 1114112K
  class space    used 5764K, committed 6016K, reserved 1048576K
}
Event: 19.259 GC heap after
{Heap after GC invocations=13 (full 0):
 garbage-first heap   total 51200K, used 21983K [0x00000000c1400000, 0x0000000100000000)
  region size 1024K, 3 young (3072K), 3 survivors (3072K)
 Metaspace       used 45764K, committed 46272K, reserved 1114112K
  class space    used 5764K, committed 6016K, reserved 1048576K
}
Event: 20.387 GC heap before
{Heap before GC invocations=13 (full 0):
 garbage-first heap   total 51200K, used 38367K [0x00000000c1400000, 0x0000000100000000)
  region size 1024K, 20 young (20480K), 3 survivors (3072K)
 Metaspace       used 50878K, committed 51456K, reserved 1114112K
  class space    used 6493K, committed 6784K, reserved 1048576K
}
Event: 20.394 GC heap after
{Heap after GC invocations=14 (full 0):
 garbage-first heap   total 51200K, used 22681K [0x00000000c1400000, 0x0000000100000000)
  region size 1024K, 2 young (2048K), 2 survivors (2048K)
 Metaspace       used 50878K, committed 51456K, reserved 1114112K
  class space    used 6493K, committed 6784K, reserved 1048576K
}
Event: 21.442 GC heap before
{Heap before GC invocations=14 (full 0):
 garbage-first heap   total 51200K, used 40089K [0x00000000c1400000, 0x0000000100000000)
  region size 1024K, 20 young (20480K), 2 survivors (2048K)
 Metaspace       used 55222K, committed 55808K, reserved 1114112K
  class space    used 7231K, committed 7488K, reserved 1048576K
}
Event: 21.447 GC heap after
{Heap after GC invocations=15 (full 0):
 garbage-first heap   total 51200K, used 23541K [0x00000000c1400000, 0x0000000100000000)
  region size 1024K, 2 young (2048K), 2 survivors (2048K)
 Metaspace       used 55222K, committed 55808K, reserved 1114112K
  class space    used 7231K, committed 7488K, reserved 1048576K
}
Event: 22.353 GC heap before
{Heap before GC invocations=15 (full 0):
 garbage-first heap   total 51200K, used 38901K [0x00000000c1400000, 0x0000000100000000)
  region size 1024K, 18 young (18432K), 2 survivors (2048K)
 Metaspace       used 58709K, committed 59328K, reserved 1114112K
  class space    used 7664K, committed 7936K, reserved 1048576K
}
Event: 22.362 GC heap after
{Heap after GC invocations=16 (full 0):
 garbage-first heap   total 51200K, used 24778K [0x00000000c1400000, 0x0000000100000000)
  region size 1024K, 3 young (3072K), 3 survivors (3072K)
 Metaspace       used 58709K, committed 59328K, reserved 1114112K
  class space    used 7664K, committed 7936K, reserved 1048576K
}

Deoptimization events (20 events):
Event: 22.519 Thread 0x00000217dee60e90 DEOPT PACKING pc=0x00000217c7c464ac sp=0x000000fa6b3fc190
Event: 22.519 Thread 0x00000217dee60e90 DEOPT UNPACKING pc=0x00000217c6cb2b43 sp=0x000000fa6b3fb6e8 mode 0
Event: 22.526 Thread 0x00000217dee60e90 Uncommon trap: trap_request=0xffffffde fr.pc=0x00000217ce8a1458 relative=0x00000000000005f8
Event: 22.526 Thread 0x00000217dee60e90 Uncommon trap: reason=class_check action=maybe_recompile pc=0x00000217ce8a1458 method=org.springframework.util.ConcurrentReferenceHashMap$Segment.findInChain(Lorg/springframework/util/ConcurrentReferenceHashMap$Reference;Ljava/lang/Object;I)Lorg/springfra
Event: 22.526 Thread 0x00000217dee60e90 DEOPT PACKING pc=0x00000217ce8a1458 sp=0x000000fa6b3fc430
Event: 22.526 Thread 0x00000217dee60e90 DEOPT UNPACKING pc=0x00000217c6cb23a3 sp=0x000000fa6b3fc258 mode 2
Event: 22.526 Thread 0x00000217dee60e90 Uncommon trap: trap_request=0xffffffde fr.pc=0x00000217ce8a1458 relative=0x00000000000005f8
Event: 22.526 Thread 0x00000217dee60e90 Uncommon trap: reason=class_check action=maybe_recompile pc=0x00000217ce8a1458 method=org.springframework.util.ConcurrentReferenceHashMap$Segment.findInChain(Lorg/springframework/util/ConcurrentReferenceHashMap$Reference;Ljava/lang/Object;I)Lorg/springfra
Event: 22.526 Thread 0x00000217dee60e90 DEOPT PACKING pc=0x00000217ce8a1458 sp=0x000000fa6b3fc430
Event: 22.526 Thread 0x00000217dee60e90 DEOPT UNPACKING pc=0x00000217c6cb23a3 sp=0x000000fa6b3fc258 mode 2
Event: 22.530 Thread 0x00000217dee60e90 Uncommon trap: trap_request=0xffffffde fr.pc=0x00000217ce8a1458 relative=0x00000000000005f8
Event: 22.530 Thread 0x00000217dee60e90 Uncommon trap: reason=class_check action=maybe_recompile pc=0x00000217ce8a1458 method=org.springframework.util.ConcurrentReferenceHashMap$Segment.findInChain(Lorg/springframework/util/ConcurrentReferenceHashMap$Reference;Ljava/lang/Object;I)Lorg/springfra
Event: 22.530 Thread 0x00000217dee60e90 DEOPT PACKING pc=0x00000217ce8a1458 sp=0x000000fa6b3fc430
Event: 22.530 Thread 0x00000217dee60e90 DEOPT UNPACKING pc=0x00000217c6cb23a3 sp=0x000000fa6b3fc258 mode 2
Event: 22.530 Thread 0x00000217dee60e90 Uncommon trap: trap_request=0xffffffde fr.pc=0x00000217ce8a1458 relative=0x00000000000005f8
Event: 22.530 Thread 0x00000217dee60e90 Uncommon trap: reason=class_check action=maybe_recompile pc=0x00000217ce8a1458 method=org.springframework.util.ConcurrentReferenceHashMap$Segment.findInChain(Lorg/springframework/util/ConcurrentReferenceHashMap$Reference;Ljava/lang/Object;I)Lorg/springfra
Event: 22.530 Thread 0x00000217dee60e90 DEOPT PACKING pc=0x00000217ce8a1458 sp=0x000000fa6b3fc430
Event: 22.530 Thread 0x00000217dee60e90 DEOPT UNPACKING pc=0x00000217c6cb23a3 sp=0x000000fa6b3fc258 mode 2
Event: 22.560 Thread 0x00000217dee60e90 DEOPT PACKING pc=0x00000217c743fa23 sp=0x000000fa6b3faf60
Event: 22.560 Thread 0x00000217dee60e90 DEOPT UNPACKING pc=0x00000217c6cb2b43 sp=0x000000fa6b3fa3d0 mode 0

Classes loaded (20 events):
Event: 21.230 Loading class java/io/InvalidClassException
Event: 21.231 Loading class java/io/InvalidClassException done
Event: 21.949 Loading class javax/naming/Reference
Event: 21.949 Loading class javax/naming/Reference done
Event: 22.034 Loading class java/lang/SafeVarargs
Event: 22.035 Loading class java/lang/SafeVarargs done
Event: 22.049 Loading class sun/reflect/generics/reflectiveObjects/GenericArrayTypeImpl
Event: 22.050 Loading class sun/reflect/generics/reflectiveObjects/GenericArrayTypeImpl done
Event: 22.154 Loading class java/util/concurrent/ConcurrentHashMap$TreeNode
Event: 22.154 Loading class java/util/concurrent/ConcurrentHashMap$TreeNode done
Event: 22.155 Loading class java/util/concurrent/ConcurrentHashMap$TreeBin
Event: 22.156 Loading class java/util/concurrent/ConcurrentHashMap$TreeBin done
Event: 22.544 Loading class java/util/WeakHashMap$KeyIterator
Event: 22.545 Loading class java/util/WeakHashMap$HashIterator
Event: 22.545 Loading class java/util/WeakHashMap$HashIterator done
Event: 22.545 Loading class java/util/WeakHashMap$KeyIterator done
Event: 22.545 Loading class java/util/WeakHashMap$EntrySet
Event: 22.546 Loading class java/util/WeakHashMap$EntrySet done
Event: 22.546 Loading class java/util/WeakHashMap$EntryIterator
Event: 22.546 Loading class java/util/WeakHashMap$EntryIterator done

Classes unloaded (0 events):
No events

Classes redefined (0 events):
No events

Internal exceptions (20 events):
Event: 21.185 Thread 0x00000217dee60e90 Exception <a 'java/lang/NoSuchMethodError'{0x00000000c38b48f8}: 'java.lang.Object java.lang.invoke.DirectMethodHandle$Holder.newInvokeSpecial(java.lang.Object, java.lang.Object, java.lang.Object, java.lang.Object, java.lang.Object, java.lang.Object)'> (0x00000000c38b48f8) 
thrown [s\src\hotspot\share\interpreter\linkResolver.cpp, line 759]
Event: 21.191 Thread 0x00000217dee60e90 Exception <a 'java/lang/NoSuchMethodError'{0x00000000c38d0480}: 'int java.lang.invoke.DirectMethodHandle$Holder.invokeStatic(java.lang.Object, java.lang.Object, java.lang.Object, java.lang.Object, java.lang.Object)'> (0x00000000c38d0480) 
thrown [s\src\hotspot\share\interpreter\linkResolver.cpp, line 759]
Event: 21.412 Thread 0x00000217dee60e90 Exception <a 'java/lang/NoSuchMethodError'{0x00000000c336d318}: 'void java.lang.invoke.DirectMethodHandle$Holder.invokeInterface(java.lang.Object, java.lang.Object, int, java.lang.Object)'> (0x00000000c336d318) 
thrown [s\src\hotspot\share\interpreter\linkResolver.cpp, line 759]
Event: 21.420 Thread 0x00000217dee60e90 Exception <a 'java/lang/NoSuchMethodError'{0x00000000c3395820}: 'java.lang.Object java.lang.invoke.DirectMethodHandle$Holder.newInvokeSpecial(java.lang.Object, java.lang.Object, int, java.lang.Object)'> (0x00000000c3395820) 
thrown [s\src\hotspot\share\interpreter\linkResolver.cpp, line 759]
Event: 21.420 Thread 0x00000217dee60e90 Exception <a 'java/lang/NoSuchMethodError'{0x00000000c33993f8}: 'java.lang.Object java.lang.invoke.Invokers$Holder.linkToTargetMethod(java.lang.Object, int, java.lang.Object, java.lang.Object)'> (0x00000000c33993f8) 
thrown [s\src\hotspot\share\interpreter\linkResolver.cpp, line 759]
Event: 21.438 Thread 0x00000217dee60e90 Exception <a 'java/lang/NoSuchMethodError'{0x00000000c33ea320}: 'void java.lang.invoke.DirectMethodHandle$Holder.invokeSpecial(java.lang.Object, java.lang.Object, java.lang.Object, java.lang.Object, java.lang.Object, java.lang.Object, java.lang.Object, java.lang.Object)'> (0x00000000c33ea320) 
thrown [s\src\hotspot\share\interpreter\linkResolver.cpp, line 759]
Event: 21.536 Thread 0x00000217dee60e90 Exception <a 'java/lang/NoSuchMethodError'{0x00000000c4307ac8}: 'java.lang.Object java.lang.invoke.DirectMethodHandle$Holder.newInvokeSpecial(java.lang.Object, java.lang.Object, java.lang.Object, java.lang.Object, java.lang.Object, int, java.lang.Object)'> (0x00000000c4307ac8) 
thrown [s\src\hotspot\share\interpreter\linkResolver.cpp, line 759]
Event: 21.547 Thread 0x00000217dee60e90 Exception <a 'java/lang/NoSuchMethodError'{0x00000000c4343ac8}: 'java.lang.Object java.lang.invoke.DirectMethodHandle$Holder.newInvokeSpecial(java.lang.Object, java.lang.Object, java.lang.Object, java.lang.Object, java.lang.Object, java.lang.Object, java.lang.Object, java.lang.Object, java.lang.Object, java.lang.Object, java.lang.Object, java.lang.Object)'> (0x00000000c4343ac8) 
thrown [s\src\hotspot\share\interpreter\linkResolver.cpp, line 759]
Event: 21.547 Thread 0x00000217dee60e90 Exception <a 'java/lang/NoSuchMethodError'{0x00000000c4348570}: 'java.lang.Object java.lang.invoke.DirectMethodHandle$Holder.invokeSpecial(java.lang.Object, java.lang.Object, java.lang.Object, java.lang.Object, java.lang.Object, java.lang.Object, java.lang.Object, java.lang.Object, java.lang.Object, java.lang.Object, java.lang.Object, java.lang.Object, java.lang.Object)'> (0x00000000c4348570) 
thrown [s\src\hotspot\share\interpreter\linkResolver.cpp, line 759]
Event: 21.548 Thread 0x00000217dee60e90 Exception <a 'java/lang/NoSuchMethodError'{0x00000000c434cc88}: 'java.lang.Object java.lang.invoke.Invokers$Holder.linkToTargetMethod(java.lang.Object, java.lang.Object, java.lang.Object, java.lang.Object, java.lang.Object, java.lang.Object, java.lang.Object, java.lang.Object, java.lang.Object, java.lang.Object, java.lang.Object, java.lang.Object)'> (0x00000000c434cc88) 
thrown [s\src\hotspot\share\interpreter\linkResolver.cpp, line 759]
Event: 21.614 Thread 0x00000217dee60e90 Exception <a 'java/lang/IncompatibleClassChangeError'{0x00000000c43ea958}: Found class java.lang.Object, but interface was expected> (0x00000000c43ea958) 
thrown [s\src\hotspot\share\interpreter\linkResolver.cpp, line 826]
Event: 21.720 Thread 0x00000217dee60e90 Exception <a 'java/lang/NoSuchMethodError'{0x00000000c415fcb8}: 'java.lang.Object java.lang.invoke.DirectMethodHandle$Holder.newInvokeSpecial(java.lang.Object, java.lang.Object, java.lang.Object, java.lang.Object, java.lang.Object, java.lang.Object, java.lang.Object, int)'> (0x00000000c415fcb8) 
thrown [s\src\hotspot\share\interpreter\linkResolver.cpp, line 759]
Event: 21.723 Thread 0x00000217dee60e90 Exception <a 'java/lang/NoSuchMethodError'{0x00000000c4164cb8}: 'java.lang.Object java.lang.invoke.DirectMethodHandle$Holder.invokeSpecial(java.lang.Object, java.lang.Object, java.lang.Object, java.lang.Object, java.lang.Object, java.lang.Object, java.lang.Object, java.lang.Object, int)'> (0x00000000c4164cb8) 
thrown [s\src\hotspot\share\interpreter\linkResolver.cpp, line 759]
Event: 21.723 Thread 0x00000217dee60e90 Exception <a 'java/lang/NoSuchMethodError'{0x00000000c4169780}: 'java.lang.Object java.lang.invoke.Invokers$Holder.linkToTargetMethod(java.lang.Object, java.lang.Object, java.lang.Object, java.lang.Object, java.lang.Object, java.lang.Object, int, java.lang.Object)'> (0x00000000c4169780) 
thrown [s\src\hotspot\share\interpreter\linkResolver.cpp, line 759]
Event: 21.795 Thread 0x00000217dee60e90 Exception <a 'java/lang/NoSuchMethodError'{0x00000000c4047d80}: 'java.lang.Object java.lang.invoke.DirectMethodHandle$Holder.newInvokeSpecial(java.lang.Object, java.lang.Object, int, java.lang.Object, int, java.lang.Object, java.lang.Object)'> (0x00000000c4047d80) 
thrown [s\src\hotspot\share\interpreter\linkResolver.cpp, line 759]
Event: 21.800 Thread 0x00000217dee60e90 Exception <a 'java/lang/NoSuchMethodError'{0x00000000c40612b0}: 'void java.lang.invoke.DirectMethodHandle$Holder.invokeInterface(java.lang.Object, java.lang.Object)'> (0x00000000c40612b0) 
thrown [s\src\hotspot\share\interpreter\linkResolver.cpp, line 759]
Event: 21.965 Thread 0x00000217dee60e90 Exception <a 'java/lang/NoSuchMethodError'{0x00000000c3d2a440}: 'void java.lang.invoke.Invokers$Holder.invokeExact_MT(java.lang.Object, java.lang.Object, java.lang.Object, java.lang.Object)'> (0x00000000c3d2a440) 
thrown [s\src\hotspot\share\interpreter\linkResolver.cpp, line 759]
Event: 22.157 Thread 0x00000217dee60e90 Exception <a 'java/lang/IncompatibleClassChangeError'{0x00000000c3afa3a8}: Found class java.lang.Object, but interface was expected> (0x00000000c3afa3a8) 
thrown [s\src\hotspot\share\interpreter\linkResolver.cpp, line 826]
Event: 22.179 Thread 0x00000217dee60e90 Exception <a 'java/lang/IncompatibleClassChangeError'{0x00000000c39780d8}: Found class java.lang.Object, but interface was expected> (0x00000000c39780d8) 
thrown [s\src\hotspot\share\interpreter\linkResolver.cpp, line 826]
Event: 22.248 Thread 0x00000217dee60e90 Exception <a 'java/lang/IncompatibleClassChangeError'{0x00000000c38e87f0}: Found class java.lang.Object, but interface was expected> (0x00000000c38e87f0) 
thrown [s\src\hotspot\share\interpreter\linkResolver.cpp, line 826]

VM Operations (20 events):
Event: 19.249 Executing VM operation: G1CollectForAllocation
Event: 19.259 Executing VM operation: G1CollectForAllocation done
Event: 20.259 Executing VM operation: Cleanup
Event: 20.260 Executing VM operation: Cleanup done
Event: 20.387 Executing VM operation: G1CollectForAllocation
Event: 20.394 Executing VM operation: G1CollectForAllocation done
Event: 20.494 Executing VM operation: HandshakeAllThreads
Event: 20.494 Executing VM operation: HandshakeAllThreads done
Event: 21.129 Executing VM operation: ICBufferFull
Event: 21.129 Executing VM operation: ICBufferFull done
Event: 21.442 Executing VM operation: G1CollectForAllocation
Event: 21.447 Executing VM operation: G1CollectForAllocation done
Event: 22.353 Executing VM operation: G1CollectForAllocation
Event: 22.362 Executing VM operation: G1CollectForAllocation done
Event: 22.449 Executing VM operation: G1Concurrent
Event: 22.456 Executing VM operation: G1Concurrent done
Event: 22.498 Executing VM operation: G1Concurrent
Event: 22.498 Executing VM operation: G1Concurrent done
Event: 22.519 Executing VM operation: HandshakeAllThreads
Event: 22.519 Executing VM operation: HandshakeAllThreads done

Events (20 events):
Event: 1.851 Loaded shared library C:\Users\ERIN_JAVALead\.jdks\corretto-18.0.2\bin\management.dll
Event: 1.856 Loaded shared library C:\Users\ERIN_JAVALead\.jdks\corretto-18.0.2\bin\management_ext.dll
Event: 2.028 Thread 0x00000217df5de1c0 Thread added: 0x00000217df5de1c0
Event: 2.036 Thread 0x00000217dee60e90 Thread added: 0x00000217dee60e90
Event: 3.332 Thread 0x00000217df716f90 Thread added: 0x00000217df716f90
Event: 4.396 Loaded shared library C:\Users\ERIN_JAVALead\.jdks\corretto-18.0.2\bin\sunmscapi.dll
Event: 4.488 Thread 0x00000217df716f90 Thread exited: 0x00000217df716f90
Event: 4.573 Thread 0x00000217dfa61180 Thread added: 0x00000217dfa61180
Event: 4.786 Thread 0x00000217dfa61180 Thread exited: 0x00000217dfa61180
Event: 9.760 Thread 0x00000217e0dbb430 Thread added: 0x00000217e0dbb430
Event: 9.763 Thread 0x00000217e0dba5c0 Thread added: 0x00000217e0dba5c0
Event: 9.788 Thread 0x00000217e0dbaf60 Thread added: 0x00000217e0dbaf60
Event: 11.365 Loaded shared library C:\Users\ERIN_JAVALead\.jdks\corretto-18.0.2\bin\verify.dll
Event: 12.232 Thread 0x00000217e0dbb900 Thread added: 0x00000217e0dbb900
Event: 12.232 Thread 0x00000217e0db7f40 Thread added: 0x00000217e0db7f40
Event: 12.922 Thread 0x00000217e0db8410 Thread added: 0x00000217e0db8410
Event: 13.067 Thread 0x00000217e0db9750 Thread added: 0x00000217e0db9750
Event: 13.181 Thread 0x00000217e0db8db0 Thread added: 0x00000217e0db8db0
Event: 17.250 Thread 0x00000217e0db7f40 Thread exited: 0x00000217e0db7f40
Event: 17.250 Thread 0x00000217e0dbb900 Thread exited: 0x00000217e0dbb900


Dynamic libraries:
0x00007ff63ffb0000 - 0x00007ff63ffbd000 	C:\Users\ERIN_JAVALead\.jdks\corretto-18.0.2\bin\java.exe
0x00007ff9f35b0000 - 0x00007ff9f37a8000 	C:\WINDOWS\SYSTEM32\ntdll.dll
0x00007ff9f2a90000 - 0x00007ff9f2b4d000 	C:\WINDOWS\System32\KERNEL32.DLL
0x00007ff9f0d60000 - 0x00007ff9f1056000 	C:\WINDOWS\System32\KERNELBASE.dll
0x00007ff9f1460000 - 0x00007ff9f1560000 	C:\WINDOWS\System32\ucrtbase.dll
0x00007ff9e1d70000 - 0x00007ff9e1d85000 	C:\Users\ERIN_JAVALead\.jdks\corretto-18.0.2\bin\VCRUNTIME140.dll
0x00007ff9ec640000 - 0x00007ff9ec657000 	C:\Users\ERIN_JAVALead\.jdks\corretto-18.0.2\bin\jli.dll
0x00007ff9d38d0000 - 0x00007ff9d3b6a000 	C:\WINDOWS\WinSxS\amd64_microsoft.windows.common-controls_6595b64144ccf1df_6.0.19041.3636_none_60b6a03d71f818d5\COMCTL32.dll
0x00007ff9f3430000 - 0x00007ff9f34ce000 	C:\WINDOWS\System32\msvcrt.dll
0x00007ff9f1840000 - 0x00007ff9f186b000 	C:\WINDOWS\System32\GDI32.dll
0x00007ff9f1060000 - 0x00007ff9f1082000 	C:\WINDOWS\System32\win32u.dll
0x00007ff9f11b0000 - 0x00007ff9f12c7000 	C:\WINDOWS\System32\gdi32full.dll
0x00007ff9f0c30000 - 0x00007ff9f0ccd000 	C:\WINDOWS\System32\msvcp_win.dll
0x00007ff9f1a30000 - 0x00007ff9f1bce000 	C:\WINDOWS\System32\USER32.dll
0x00007ff9f16d0000 - 0x00007ff9f1702000 	C:\WINDOWS\System32\IMM32.DLL
0x00007ff9ccd60000 - 0x00007ff9ccdfb000 	C:\Users\ERIN_JAVALead\.jdks\corretto-18.0.2\bin\msvcp140.dll
0x00007ff9ad610000 - 0x00007ff9ae281000 	C:\Users\ERIN_JAVALead\.jdks\corretto-18.0.2\bin\server\jvm.dll
0x00007ff9f31f0000 - 0x00007ff9f32a0000 	C:\WINDOWS\System32\ADVAPI32.dll
0x00007ff9f1c60000 - 0x00007ff9f1d00000 	C:\WINDOWS\System32\sechost.dll
0x00007ff9f2fa0000 - 0x00007ff9f30c5000 	C:\WINDOWS\System32\RPCRT4.dll
0x00007ff9f1430000 - 0x00007ff9f1457000 	C:\WINDOWS\System32\bcrypt.dll
0x00007ff9f2b50000 - 0x00007ff9f2b58000 	C:\WINDOWS\System32\PSAPI.DLL
0x00007ff9ee020000 - 0x00007ff9ee029000 	C:\WINDOWS\SYSTEM32\WSOCK32.dll
0x00007ff9f34d0000 - 0x00007ff9f353b000 	C:\WINDOWS\System32\WS2_32.dll
0x00007ff9d37e0000 - 0x00007ff9d3807000 	C:\WINDOWS\SYSTEM32\WINMM.dll
0x00007ff9ead80000 - 0x00007ff9ead8a000 	C:\WINDOWS\SYSTEM32\VERSION.dll
0x00007ff9eeaa0000 - 0x00007ff9eeab2000 	C:\WINDOWS\SYSTEM32\kernel.appcore.dll
0x00007ff9ec630000 - 0x00007ff9ec63a000 	C:\Users\ERIN_JAVALead\.jdks\corretto-18.0.2\bin\jimage.dll
0x00007ff9ca490000 - 0x00007ff9ca674000 	C:\WINDOWS\SYSTEM32\DBGHELP.DLL
0x00007ff9ca020000 - 0x00007ff9ca054000 	C:\WINDOWS\SYSTEM32\dbgcore.DLL
0x00007ff9f0cd0000 - 0x00007ff9f0d52000 	C:\WINDOWS\System32\bcryptPrimitives.dll
0x00007ff9eb9a0000 - 0x00007ff9eb9ae000 	C:\Users\ERIN_JAVALead\.jdks\corretto-18.0.2\bin\instrument.dll
0x00007ff9ccd30000 - 0x00007ff9ccd55000 	C:\Users\ERIN_JAVALead\.jdks\corretto-18.0.2\bin\java.dll
0x00007ff9ccc50000 - 0x00007ff9ccd26000 	C:\Users\ERIN_JAVALead\.jdks\corretto-18.0.2\bin\jsvml.dll
0x00007ff9f2170000 - 0x00007ff9f28db000 	C:\WINDOWS\System32\SHELL32.dll
0x00007ff9eeca0000 - 0x00007ff9ef43e000 	C:\WINDOWS\SYSTEM32\windows.storage.dll
0x00007ff9f2bc0000 - 0x00007ff9f2f13000 	C:\WINDOWS\System32\combase.dll
0x00007ff9f04b0000 - 0x00007ff9f04de000 	C:\WINDOWS\SYSTEM32\Wldp.dll
0x00007ff9f29c0000 - 0x00007ff9f2a8d000 	C:\WINDOWS\System32\OLEAUT32.dll
0x00007ff9f30d0000 - 0x00007ff9f317d000 	C:\WINDOWS\System32\SHCORE.dll
0x00007ff9f1730000 - 0x00007ff9f1785000 	C:\WINDOWS\System32\shlwapi.dll
0x00007ff9f0b60000 - 0x00007ff9f0b85000 	C:\WINDOWS\SYSTEM32\profapi.dll
0x00007ff9ccc10000 - 0x00007ff9ccc28000 	C:\Users\ERIN_JAVALead\.jdks\corretto-18.0.2\bin\zip.dll
0x00007ff9cdf10000 - 0x00007ff9cdf23000 	C:\Users\ERIN_JAVALead\.jdks\corretto-18.0.2\bin\net.dll
0x00007ff9ea830000 - 0x00007ff9ea93a000 	C:\WINDOWS\SYSTEM32\WINHTTP.dll
0x00007ff9f0290000 - 0x00007ff9f02fa000 	C:\WINDOWS\system32\mswsock.dll
0x00007ff9ccc30000 - 0x00007ff9ccc45000 	C:\Users\ERIN_JAVALead\.jdks\corretto-18.0.2\bin\nio.dll
0x00007ff9ccbf0000 - 0x00007ff9ccc0a000 	C:\Program Files\JetBrains\IntelliJ IDEA Community Edition 2021.3.3\bin\breakgen64.dll
0x00007ff9d5300000 - 0x00007ff9d5309000 	C:\Users\ERIN_JAVALead\.jdks\corretto-18.0.2\bin\management.dll
0x00007ff9cd2e0000 - 0x00007ff9cd2eb000 	C:\Users\ERIN_JAVALead\.jdks\corretto-18.0.2\bin\management_ext.dll
0x00007ff9cd150000 - 0x00007ff9cd15e000 	C:\Users\ERIN_JAVALead\.jdks\corretto-18.0.2\bin\sunmscapi.dll
0x00007ff9f12d0000 - 0x00007ff9f142d000 	C:\WINDOWS\System32\CRYPT32.dll
0x00007ff9f0600000 - 0x00007ff9f0628000 	C:\WINDOWS\SYSTEM32\ncrypt.dll
0x00007ff9f05c0000 - 0x00007ff9f05fb000 	C:\WINDOWS\SYSTEM32\NTASN1.dll
0x00007ff9f04f0000 - 0x00007ff9f0508000 	C:\WINDOWS\SYSTEM32\CRYPTSP.dll
0x00007ff9efbe0000 - 0x00007ff9efc14000 	C:\WINDOWS\system32\rsaenh.dll
0x00007ff9f0ae0000 - 0x00007ff9f0b0e000 	C:\WINDOWS\SYSTEM32\USERENV.dll
0x00007ff9f0420000 - 0x00007ff9f042c000 	C:\WINDOWS\SYSTEM32\CRYPTBASE.dll
0x00007ff9effa0000 - 0x00007ff9effdb000 	C:\WINDOWS\SYSTEM32\IPHLPAPI.DLL
0x00007ff9f3180000 - 0x00007ff9f3188000 	C:\WINDOWS\System32\NSI.dll
0x00007ff9eac40000 - 0x00007ff9eac57000 	C:\WINDOWS\SYSTEM32\dhcpcsvc6.DLL
0x00007ff9eacc0000 - 0x00007ff9eacdd000 	C:\WINDOWS\SYSTEM32\dhcpcsvc.DLL
0x00007ff9effe0000 - 0x00007ff9f00ab000 	C:\WINDOWS\SYSTEM32\DNSAPI.dll
0x00007ff9db510000 - 0x00007ff9db520000 	C:\Users\ERIN_JAVALead\.jdks\corretto-18.0.2\bin\verify.dll
0x00007ff9ba950000 - 0x00007ff9ba967000 	C:\WINDOWS\system32\napinsp.dll
0x00007ff9b9060000 - 0x00007ff9b907b000 	C:\WINDOWS\system32\pnrpnsp.dll
0x00007ff9b9040000 - 0x00007ff9b9052000 	C:\WINDOWS\System32\winrnr.dll
0x00007ff9ec580000 - 0x00007ff9ec59d000 	C:\WINDOWS\system32\NLAapi.dll
0x00007ff9ebaf0000 - 0x00007ff9ebb05000 	C:\WINDOWS\system32\wshbth.dll
0x00007ff9e9470000 - 0x00007ff9e947a000 	C:\Windows\System32\rasadhlp.dll
0x00007ff9ea210000 - 0x00007ff9ea290000 	C:\WINDOWS\System32\fwpuclnt.dll

dbghelp: loaded successfully - version: 4.0.5 - missing functions: none
symbol engine: initialized successfully - sym options: 0x614 - pdb path: .;C:\Users\ERIN_JAVALead\.jdks\corretto-18.0.2\bin;C:\WINDOWS\SYSTEM32;C:\WINDOWS\WinSxS\amd64_microsoft.windows.common-controls_6595b64144ccf1df_6.0.19041.3636_none_60b6a03d71f818d5;C:\Users\ERIN_JAVALead\.jdks\corretto-18.0.2\bin\server;C:\Program Files\JetBrains\IntelliJ IDEA Community Edition 2021.3.3\bin

VM Arguments:
jvm_args: -javaagent:C:\Program Files\JetBrains\IntelliJ IDEA Community Edition 2021.3.3\lib\idea_rt.jar=50865:C:\Program Files\JetBrains\IntelliJ IDEA Community Edition 2021.3.3\bin -Dfile.encoding=UTF-8 
java_command: com.verise.veganapp.VeriseApplication
java_class_path (initial): C:\Users\ERIN_JAVALead\Downloads\verise\verise\target\classes;C:\Users\ERIN_JAVALead\.m2\repository\org\springframework\boot\spring-boot-starter-web\3.2.4\spring-boot-starter-web-3.2.4.jar;C:\Users\ERIN_JAVALead\.m2\repository\org\springframework\boot\spring-boot-starter\3.2.4\spring-boot-starter-3.2.4.jar;C:\Users\ERIN_JAVALead\.m2\repository\org\springframework\boot\spring-boot-starter-logging\3.2.4\spring-boot-starter-logging-3.2.4.jar;C:\Users\ERIN_JAVALead\.m2\repository\ch\qos\logback\logback-classic\1.4.14\logback-classic-1.4.14.jar;C:\Users\ERIN_JAVALead\.m2\repository\ch\qos\logback\logback-core\1.4.14\logback-core-1.4.14.jar;C:\Users\ERIN_JAVALead\.m2\repository\org\apache\logging\log4j\log4j-to-slf4j\2.21.1\log4j-to-slf4j-2.21.1.jar;C:\Users\ERIN_JAVALead\.m2\repository\org\apache\logging\log4j\log4j-api\2.21.1\log4j-api-2.21.1.jar;C:\Users\ERIN_JAVALead\.m2\repository\org\slf4j\jul-to-slf4j\2.0.12\jul-to-slf4j-2.0.12.jar;C:\Users\ERIN_JAVALead\.m2\repository\jakarta\annotation\jakarta.annotation-api\2.1.1\jakarta.annotation-api-2.1.1.jar;C:\Users\ERIN_JAVALead\.m2\repository\org\yaml\snakeyaml\2.2\snakeyaml-2.2.jar;C:\Users\ERIN_JAVALead\.m2\repository\org\springframework\boot\spring-boot-starter-json\3.2.4\spring-boot-starter-json-3.2.4.jar;C:\Users\ERIN_JAVALead\.m2\repository\com\fasterxml\jackson\core\jackson-databind\2.15.4\jackson-databind-2.15.4.jar;C:\Users\ERIN_JAVALead\.m2\repository\com\fasterxml\jackson\core\jackson-annotations\2.15.4\jackson-annotations-2.15.4.jar;C:\Users\ERIN_JAVALead\.m2\repository\com\fasterxml\jackson\core\jackson-core\2.15.4\jackson-core-2.15.4.jar;C:\Users\ERIN_JAVALead\.m2\repository\com\fasterxml\jackson\datatype\jackson-datatype-jdk8\2.15.4\jackson-datatype-jdk8-2.15.4.jar;C:\Users\ERIN_JAVALead\.m2\repository\com\fasterxml\jackson\datatype\jackson-datatype-jsr310\2.15.4\jackson-datatype-jsr310-2.15.4.jar;C:\Users\ERIN_JAVALead\.m2\repository\com\fasterxml\jackson\module\jackson-module-parameter-names\2.15.4\jackson-module-parameter-names-2.15.4.jar;C:\Users\ERIN_JAVALead\.m2\repository\org\springframework\boot\spring-boot-starter-tomcat\3.2.4\spring-boot-starter-tomcat-3.2.4.jar;C:\Users\ERIN_JAVALead\.m2\repository\org\apache\tomcat\embed\tomcat-embed-core\10.1.19\tomcat-embed-core-10.1.19.jar;C:\Users\ERIN_JAVALead\.m2\repository\org\apache\tomcat\embed\tomcat-embed-el\10.1.19\tomcat-embed-el-10.1.19.jar;C:\Users\ERIN_JAVALead\.m2\repository\org\apache\tomcat\embed\tomcat-embed-websocket\10.1.19\tomcat-embed-websocket-10.1.19.jar;C:\Users\ERIN_JAVALead\.m2\repository\org\springframework\spring-web\6.1.5\spring-web-6.1.5.jar;C:\Users\ERIN_JAVALead\.m2\repository\org\springframework\spring-beans\6.1.5\spring-beans-6.1.5.jar;C:\Users\ERIN_JAVALead\.m2\repository\io\micrometer\micrometer-observation\1.12.4\micrometer-observation-1.12.4.jar;C:\Users\ERIN_JAVALead\.m2\repository\io\micrometer\micrometer-commons\1.12.4\micrometer-commons-1.12.4.jar;C:\Users\ERIN_JAVALead\.m2\repository\org\springframework\spring-webmvc\6.1.5\spring-webmvc-6.1.5.jar;C:\Users\ERIN_JAVALead\.m2\repository\org\springframework\spring-aop\6.1.5\spring-aop-6.1.5.jar;C:\Users\ERIN_JAVALead\.m2\repository\org\springframework\spring-context\6.1.5\spring-context-6.1.5.jar;C:\Users\ERIN_JAVALead\.m2\repository\org\springframework\spring-expression\6.1.5\spring-expression-6.1.5.jar;C:\Users\ERIN_JAVALead\.m2\repository\org\springframework\boot\spring-boot-devtools\3.2.4\spring-boot-devtools-3.2.4.jar;C:\Users\ERIN_JAVALead\.m2\repository\org\springframework\boot\spring-boot\3.2.4\spring-boot-3.2.4.jar;C:\Users\ERIN_JAVALead\.m2\repository\org\springframework\boot\spring-boot-autoconfigure\3.2.4\spring-boot-autoconfigure-3.2.4.jar;C:\Users\ERIN_JAVALead\.m2\repository\org\projectlombok\lombok\1.18.30\lombok-1.18.30.jar;C:\Users\ERIN_JAVALead\.m2\repository\org\slf4j\slf4j-api\2.0.12\slf4j-api-2.0.12.jar;C:\Users\ERIN_JAVALead\.m2\repository\jakarta\xml\bind\jakarta.xml.bind-api\4.0.2\jakarta.xml.bind-api-4.0.2.jar;C:\Users\ERIN_JAVALead\.m2\repository\jakarta\activation\jakarta.activation-api\2.1.3\jakarta.activation-api-2.1.3.jar;C:\Users\ERIN_JAVALead\.m2\repository\net\bytebuddy\byte-buddy\1.14.12\byte-buddy-1.14.12.jar;C:\Users\ERIN_JAVALead\.m2\repository\org\springframework\spring-core\6.1.5\spring-core-6.1.5.jar;C:\Users\ERIN_JAVALead\.m2\repository\org\springframework\spring-jcl\6.1.5\spring-jcl-6.1.5.jar;C:\Users\ERIN_JAVALead\.m2\repository\org\springframework\boot\spring-boot-starter-data-jpa\3.2.4\spring-boot-starter-data-jpa-3.2.4.jar;C:\Users\ERIN_JAVALead\.m2\repository\org\springframework\boot\spring-boot-starter-aop\3.2.4\spring-boot-starter-aop-3.2.4.jar;C:\Users\ERIN_JAVALead\.m2\repository\org\aspectj\aspectjweaver\1.9.21\aspectjweaver-1.9.21.jar;C:\Users\ERIN_JAVALead\.m2\repository\org\springframework\boot\spring-boot-starter-jdbc\3.2.4\spring-boot-starter-jdbc-3.2.4.jar;C:\Users\ERIN_JAVALead\.m2\repository\com\zaxxer\HikariCP\5.0.1\HikariCP-5.0.1.jar;C:\Users\ERIN_JAVALead\.m2\repository\org\springframework\spring-jdbc\6.1.5\spring-jdbc-6.1.5.jar;C:\Users\ERIN_JAVALead\.m2\repository\org\hibernate\orm\hibernate-core\6.4.4.Final\hibernate-core-6.4.4.Final.jar;C:\Users\ERIN_JAVALead\.m2\repository\jakarta\persistence\jakarta.persistence-api\3.1.0\jakarta.persistence-api-3.1.0.jar;C:\Users\ERIN_JAVALead\.m2\repository\jakarta\transaction\jakarta.transaction-api\2.0.1\jakarta.transaction-api-2.0.1.jar;C:\Users\ERIN_JAVALead\.m2\repository\org\jboss\logging\jboss-logging\3.5.3.Final\jboss-logging-3.5.3.Final.jar;C:\Users\ERIN_JAVALead\.m2\repository\org\hibernate\common\hibernate-commons-annotations\6.0.6.Final\hibernate-commons-annotations-6.0.6.Final.jar;C:\Users\ERIN_JAVALead\.m2\repository\io\smallrye\jandex\3.1.2\jandex-3.1.2.jar;C:\Users\ERIN_JAVALead\.m2\repository\com\fasterxml\classmate\1.6.0\classmate-1.6.0.jar;C:\Users\ERIN_JAVALead\.m2\repository\org\glassfish\jaxb\jaxb-runtime\4.0.5\jaxb-runtime-4.0.5.jar;C:\Users\ERIN_JAVALead\.m2\repository\org\glassfish\jaxb\jaxb-core\4.0.5\jaxb-core-4.0.5.jar;C:\Users\ERIN_JAVALead\.m2\repository\org\eclipse\angus\angus-activation\2.0.2\angus-activation-2.0.2.jar;C:\Users\ERIN_JAVALead\.m2\repository\org\glassfish\jaxb\txw2\4.0.5\txw2-4.0.5.jar;C:\Users\ERIN_JAVALead\.m2\repository\com\sun\istack\istack-commons-runtime\4.1.2\istack-commons-runtime-4.1.2.jar;C:\Users\ERIN_JAVALead\.m2\repository\jakarta\inject\jakarta.inject-api\2.0.1\jakarta.inject-api-2.0.1.jar;C:\Users\ERIN_JAVALead\.m2\repository\org\antlr\antlr4-runtime\4.13.0\antlr4-runtime-4.13.0.jar;C:\Users\ERIN_JAVALead\.m2\repository\org\springframework\data\spring-data-jpa\3.2.4\spring-data-jpa-3.2.4.jar;C:\Users\ERIN_JAVALead\.m2\repository\org\springframework\data\spring-data-commons\3.2.4\spring-data-commons-3.2.4.jar;C:\Users\ERIN_JAVALead\.m2\repository\org\springframework\spring-orm\6.1.5\spring-orm-6.1.5.jar;C:\Users\ERIN_JAVALead\.m2\repository\org\springframework\spring-tx\6.1.5\spring-tx-6.1.5.jar;C:\Users\ERIN_JAVALead\.m2\repository\org\springframework\spring-aspects\6.1.5\spring-aspects-6.1.5.jar;C:\Users\ERIN_JAVALead\.m2\repository\com\microsoft\sqlserver\mssql-jdbc\12.4.2.jre11\mssql-jdbc-12.4.2.jre11.jar
Launcher Type: SUN_STANDARD

[Global flags]
     intx CICompilerCount                          = 3                                         {product} {ergonomic}
     uint ConcGCThreads                            = 1                                         {product} {ergonomic}
     uint G1ConcRefinementThreads                  = 4                                         {product} {ergonomic}
   size_t G1HeapRegionSize                         = 1048576                                   {product} {ergonomic}
    uintx GCDrainStackTargetSize                   = 64                                        {product} {ergonomic}
   size_t InitialHeapSize                          = 67108864                                  {product} {ergonomic}
   size_t MarkStackSize                            = 4194304                                   {product} {ergonomic}
   size_t MaxHeapSize                              = 1052770304                                {product} {ergonomic}
   size_t MaxNewSize                               = 631242752                                 {product} {ergonomic}
   size_t MinHeapDeltaBytes                        = 1048576                                   {product} {ergonomic}
   size_t MinHeapSize                              = 8388608                                   {product} {ergonomic}
    uintx NonNMethodCodeHeapSize                   = 5832780                                {pd product} {ergonomic}
    uintx NonProfiledCodeHeapSize                  = 122912730                              {pd product} {ergonomic}
    uintx ProfiledCodeHeapSize                     = 122912730                              {pd product} {ergonomic}
    uintx ReservedCodeCacheSize                    = 251658240                              {pd product} {ergonomic}
     bool SegmentedCodeCache                       = true                                      {product} {ergonomic}
   size_t SoftMaxHeapSize                          = 1052770304                             {manageable} {ergonomic}
     bool UseCompressedClassPointers               = true                           {product lp64_product} {ergonomic}
     bool UseCompressedOops                        = true                           {product lp64_product} {ergonomic}
     bool UseG1GC                                  = true                                      {product} {ergonomic}
     bool UseLargePagesIndividualAllocation        = false                                  {pd product} {ergonomic}

Logging:
Log output configuration:
 #0: stdout all=warning uptime,level,tags foldmultilines=false
 #1: stderr all=off uptime,level,tags foldmultilines=false

Environment Variables:
JAVA_HOME=C:\Program Files\Java\jdk1.8.0_202
PATH=C:\Program Files (x86)\Common Files\Oracle\Java\javapath;C:\WINDOWS\system32;C:\WINDOWS;C:\WINDOWS\System32\Wbem;C:\WINDOWS\System32\WindowsPowerShell\v1.0\;C:\WINDOWS\System32\OpenSSH\;C:\Program Files (x86)\nodejs\;C:\Program Files (x86)\nodejs\npm;C:\Users\ERIN_JAVALead\AppData\Roaming\npm;C:\Program Files\Git\cmd;C:\Program Files (x86)\dotnet\;C:\Program Files (x86)\Microsoft SQL Server\160\DTS\Binn\;C:\Program Files\Azure Data Studio\bin;C:\Program Files (x86)\Microsoft SQL Server\160\Tools\Binn\;C:\Program Files\Microsoft SQL Server\160\Tools\Binn\;C:\Program Files\Microsoft SQL Server\Client SDK\ODBC\170\Tools\Binn\;C:\Program Files\Microsoft SQL Server\160\DTS\Binn\;C:\Program Files\Java\jdk1.8.0_202\bin;C:\Program Files\Java\jdk1.8.0_202\jre\bin;C:\kafkasrc\bin\windows;C:\Program Files\Docker\Docker\resources\bin;C:\Program Files\Docker\Docker;C:\Users\ERIN_JAVALead\AppData\Local\Microsoft\WindowsApps;;C:\Users\ERIN_JAVALead\AppData\Local\Programs\Microsoft VS Code\bin;C:\Users\ERIN_JAVALead\AppData\Roaming\npm;C:\Program Files\Azure Data Studio\bin
USERNAME=ERIN_JAVALead
OS=Windows_NT
PROCESSOR_IDENTIFIER=Intel64 Family 6 Model 78 Stepping 3, GenuineIntel



---------------  S Y S T E M  ---------------

OS:
 Windows 10 , 64 bit Build 19041 (10.0.19041.3636)
OS uptime: 0 days 0:13 hours
Hyper-V role detected

CPU: total 4 (initial active 4) (2 cores per cpu, 2 threads per core) family 6 model 78 stepping 3 microcode 0xcc, cx8, cmov, fxsr, ht, mmx, 3dnowpref, sse, sse2, sse3, ssse3, sse4.1, sse4.2, popcnt, lzcnt, tsc, tscinvbit, avx, avx2, aes, erms, clmul, bmi1, bmi2, adx, fma, vzeroupper, clflush, clflushopt, hv

Memory: 4k page, system-wide physical 4012M (207M free)
TotalPageFile size 6060M (AvailPageFile size 3M)
current process WorkingSet (physical memory assigned to process): 202M, peak: 202M
current process commit charge ("private bytes"): 234M, peak: 235M

vm_info: OpenJDK 64-Bit Server VM (18.0.2+9-FR) for windows-amd64 JRE (18.0.2+9-FR), built on Jul 15 2022 20:03:03 by "Administrator" with MS VC++ 15.9 (VS2017)

END.
