#
# There is insufficient memory for the Java Runtime Environment to continue.
# Native memory allocation (malloc) failed to allocate 1591408 bytes for Chunk::new
# Possible reasons:
#   The system is out of physical RAM or swap space
#   The process is running with CompressedOops enabled, and the Java Heap may be blocking the growth of the native heap
# Possible solutions:
#   Reduce memory load on the system
#   Increase physical memory or swap space
#   Check if swap backing store is full
#   Decrease Java heap size (-Xmx/-Xms)
#   Decrease number of Java threads
#   Decrease Java thread stack sizes (-Xss)
#   Set larger code cache with -XX:ReservedCodeCacheSize=
#   JVM is running with Unscaled Compressed Oops mode in which the Java heap is
#     placed in the first 4GB address space. The Java Heap base address is the
#     maximum limit for the native heap growth. Please use -XX:HeapBaseMinAddress
#     to set the Java Heap base and to place the Java Heap above 4GB virtual address.
# This output file may be truncated or incomplete.
#
#  Out of Memory Error (arena.cpp:184), pid=2364, tid=11904
#
# JRE version: OpenJDK Runtime Environment Corretto-18.0.2.9.1 (18.0.2+9) (build 18.0.2+9-FR)
# Java VM: OpenJDK 64-Bit Server VM Corretto-18.0.2.9.1 (18.0.2+9-FR, mixed mode, sharing, tiered, compressed oops, compressed class ptrs, g1 gc, windows-amd64)
# No core dump will be written. Minidumps are not enabled by default on client versions of Windows
#

---------------  S U M M A R Y ------------

Command Line: -javaagent:C:\Program Files\JetBrains\IntelliJ IDEA Community Edition 2021.3.3\lib\idea_rt.jar=64022:C:\Program Files\JetBrains\IntelliJ IDEA Community Edition 2021.3.3\bin -Dfile.encoding=UTF-8 com.verise.veganapp.VeriseApplication

Host: Intel(R) Core(TM) i3-6006U CPU @ 2.00GHz, 4 cores, 3G,  Windows 10 , 64 bit Build 19041 (10.0.19041.3636)
Time: Wed Apr 10 21:06:50 2024 W. Europe Daylight Time elapsed time: 15.257500 seconds (0d 0h 0m 15s)

---------------  T H R E A D  ---------------

Current thread (0x0000018d3aa196f0):  JavaThread "C2 CompilerThread0" daemon [_thread_in_native, id=11904, stack(0x0000004acba00000,0x0000004acbb00000)]


Current CompileTask:
C2:  15257 5122       4       org.springframework.beans.factory.support.AbstractBeanFactory::isTypeMatch (619 bytes)

Stack: [0x0000004acba00000,0x0000004acbb00000]
Native frames: (J=compiled Java code, j=interpreted, Vv=VM code, C=native code)
V  [jvm.dll+0x685a2a]
V  [jvm.dll+0x82ae8d]
V  [jvm.dll+0x82c75e]
V  [jvm.dll+0x82ce03]
V  [jvm.dll+0x25ef4b]
V  [jvm.dll+0xd42d2]
V  [jvm.dll+0xd4665]
V  [jvm.dll+0x38578b]
V  [jvm.dll+0x1d8d32]
V  [jvm.dll+0x233b4f]
V  [jvm.dll+0x232f37]
V  [jvm.dll+0x1c0a35]
V  [jvm.dll+0x24212c]
V  [jvm.dll+0x240534]
V  [jvm.dll+0x7df6db]
V  [jvm.dll+0x7d9cba]
V  [jvm.dll+0x6848a5]
C  [ucrtbase.dll+0x21bb2]
C  [KERNEL32.DLL+0x17344]
C  [ntdll.dll+0x526b1]


---------------  P R O C E S S  ---------------

Threads class SMR info:
_java_thread_list=0x0000018d5bbd0790, length=21, elements={
0x0000018d3a95cd70, 0x0000018d3a9fdd60, 0x0000018d3a9fe9c0, 0x0000018d3aa14bf0,
0x0000018d3aa15590, 0x0000018d3aa17f40, 0x0000018d3aa18a20, 0x0000018d3aa196f0,
0x0000018d3aa1a0d0, 0x0000018d3aa1e540, 0x0000018d5a128840, 0x0000018d5a26bd90,
0x0000018d5a26c250, 0x0000018d5ae54920, 0x0000018d5acf4520, 0x0000018d5b64e7f0,
0x0000018d5b64e320, 0x0000018d5b64ecc0, 0x0000018d5b64fb30, 0x0000018d5b64f660,
0x0000018d5b64cfe0
}

Java Threads: ( => current thread )
  0x0000018d3a95cd70 JavaThread "main" [_thread_blocked, id=3252, stack(0x0000004acad00000,0x0000004acae00000)]
  0x0000018d3a9fdd60 JavaThread "Reference Handler" daemon [_thread_blocked, id=9696, stack(0x0000004acb400000,0x0000004acb500000)]
  0x0000018d3a9fe9c0 JavaThread "Finalizer" daemon [_thread_blocked, id=4892, stack(0x0000004acb500000,0x0000004acb600000)]
  0x0000018d3aa14bf0 JavaThread "Signal Dispatcher" daemon [_thread_blocked, id=10952, stack(0x0000004acb600000,0x0000004acb700000)]
  0x0000018d3aa15590 JavaThread "Attach Listener" daemon [_thread_blocked, id=8328, stack(0x0000004acb700000,0x0000004acb800000)]
  0x0000018d3aa17f40 JavaThread "Service Thread" daemon [_thread_blocked, id=9852, stack(0x0000004acb800000,0x0000004acb900000)]
  0x0000018d3aa18a20 JavaThread "Monitor Deflation Thread" daemon [_thread_blocked, id=6536, stack(0x0000004acb900000,0x0000004acba00000)]
=>0x0000018d3aa196f0 JavaThread "C2 CompilerThread0" daemon [_thread_in_native, id=11904, stack(0x0000004acba00000,0x0000004acbb00000)]
  0x0000018d3aa1a0d0 JavaThread "C1 CompilerThread0" daemon [_thread_blocked, id=5420, stack(0x0000004acbb00000,0x0000004acbc00000)]
  0x0000018d3aa1e540 JavaThread "Sweeper thread" daemon [_thread_blocked, id=12684, stack(0x0000004acbc00000,0x0000004acbd00000)]
  0x0000018d5a128840 JavaThread "Common-Cleaner" daemon [_thread_blocked, id=4776, stack(0x0000004acbd00000,0x0000004acbe00000)]
  0x0000018d5a26bd90 JavaThread "Monitor Ctrl-Break" daemon [_thread_in_native, id=11244, stack(0x0000004acbf00000,0x0000004acc000000)]
  0x0000018d5a26c250 JavaThread "Notification Thread" daemon [_thread_blocked, id=9596, stack(0x0000004acc000000,0x0000004acc100000)]
  0x0000018d5ae54920 JavaThread "Thread-0" [_thread_blocked, id=11232, stack(0x0000004acc400000,0x0000004acc500000)]
  0x0000018d5acf4520 JavaThread "restartedMain" [_thread_in_vm, id=1392, stack(0x0000004acc500000,0x0000004acc600000)]
  0x0000018d5b64e7f0 JavaThread "Catalina-utility-1" [_thread_blocked, id=9372, stack(0x0000004acc600000,0x0000004acc700000)]
  0x0000018d5b64e320 JavaThread "Catalina-utility-2" [_thread_blocked, id=2356, stack(0x0000004acc700000,0x0000004acc800000)]
  0x0000018d5b64ecc0 JavaThread "container-0" [_thread_blocked, id=6708, stack(0x0000004acc800000,0x0000004acc900000)]
  0x0000018d5b64fb30 JavaThread "mssql-jdbc-shared-timer-core-0" daemon [_thread_blocked, id=12032, stack(0x0000004acca00000,0x0000004accb00000)]
  0x0000018d5b64f660 JavaThread "HikariPool-1 housekeeper" daemon [_thread_blocked, id=6628, stack(0x0000004accb00000,0x0000004accc00000)]
  0x0000018d5b64cfe0 JavaThread "HikariPool-1 connection adder" daemon [_thread_blocked, id=12112, stack(0x0000004accc00000,0x0000004accd00000)]

Other Threads:
  0x0000018d3a9b46e0 VMThread "VM Thread" [stack: 0x0000004acb300000,0x0000004acb400000] [id=2808]
  0x0000018d3a95dd10 WatcherThread "VM Periodic Task Thread" [stack: 0x0000004acc100000,0x0000004acc200000] [id=6964]
  0x0000018d3a99e8a0 WorkerThread "GC Thread#0" [stack: 0x0000004acae00000,0x0000004acaf00000] [id=10484]
  0x0000018d5a6f3fc0 WorkerThread "GC Thread#1" [stack: 0x0000004acbe00000,0x0000004acbf00000] [id=13024]
  0x0000018d5a74e270 WorkerThread "GC Thread#2" [stack: 0x0000004acc200000,0x0000004acc300000] [id=12248]
  0x0000018d5ac2bba0 WorkerThread "GC Thread#3" [stack: 0x0000004acc300000,0x0000004acc400000] [id=10272]
  0x0000018d3a9a8560 ConcurrentGCThread "G1 Main Marker" [stack: 0x0000004acaf00000,0x0000004acb000000] [id=1196]
  0x0000018d3a9a8f50 WorkerThread "G1 Conc#0" [stack: 0x0000004acb000000,0x0000004acb100000] [id=12504]
  0x0000018d3a9d8280 ConcurrentGCThread "G1 Refine#0" [stack: 0x0000004acb100000,0x0000004acb200000] [id=6080]
  0x0000018d3a9d8b90 ConcurrentGCThread "G1 Service" [stack: 0x0000004acb200000,0x0000004acb300000] [id=12584]

Threads with active compile tasks:
C2 CompilerThread0    15319 5122       4       org.springframework.beans.factory.support.AbstractBeanFactory::isTypeMatch (619 bytes)

VM state: not at safepoint (normal execution)

VM Mutex/Monitor currently owned by a thread:  ([mutex/lock_event])
[0x0000018d3a958d70] MethodCompileQueue_lock - owner thread: 0x0000000000000000

Heap address: 0x00000000c1400000, size: 1004 MB, Compressed Oops mode: 32-bit

CDS archive(s) mapped at: [0x0000000800000000-0x0000000800ba0000-0x0000000800ba0000), size 12189696, SharedBaseAddress: 0x0000000800000000, ArchiveRelocationMode: 0.
Compressed class space mapped at: 0x0000000800c00000-0x0000000840c00000, reserved size: 1073741824
Narrow klass base: 0x0000000800000000, Narrow klass shift: 0, Narrow klass range: 0x100000000

GC Precious Log:
 CardTable entry size: 512
 Card Set container configuration: InlinePtr #cards 5 size 8 Array Of Cards #cards 12 size 40 Howl #buckets 4 coarsen threshold 1843 Howl Bitmap #cards 512 size 80 coarsen threshold 460 Card regions per heap region 1 cards per card region 2048
 CPUs: 4 total, 4 available
 Memory: 4012M
 Large Page Support: Disabled
 NUMA Support: Disabled
 Compressed Oops: Enabled (32-bit)
 Heap Region Size: 1M
 Heap Min Capacity: 8M
 Heap Initial Capacity: 64M
 Heap Max Capacity: 1004M
 Pre-touch: Disabled
 Parallel Workers: 4
 Concurrent Workers: 1
 Concurrent Refinement Workers: 4
 Periodic GC: Disabled

Heap:
 garbage-first heap   total 51200K, used 27420K [0x00000000c1400000, 0x0000000100000000)
  region size 1024K, 7 young (7168K), 3 survivors (3072K)
 Metaspace       used 59358K, committed 59968K, reserved 1114112K
  class space    used 7774K, committed 8064K, reserved 1048576K

Heap Regions: E=young(eden), S=young(survivor), O=old, HS=humongous(starts), HC=humongous(continues), CS=collection set, F=free, OA=open archive, CA=closed archive, TAMS=top-at-mark-start (previous, next)
|   0|0x00000000c1400000, 0x00000000c1500000, 0x00000000c1500000|100%|HS|  |TAMS 0x00000000c1500000, 0x00000000c1400000| Complete 
|   1|0x00000000c1500000, 0x00000000c1600000, 0x00000000c1600000|100%| O|  |TAMS 0x00000000c1600000, 0x00000000c1500000| Untracked 
|   2|0x00000000c1600000, 0x00000000c1700000, 0x00000000c1700000|100%| O|  |TAMS 0x00000000c1700000, 0x00000000c1600000| Untracked 
|   3|0x00000000c1700000, 0x00000000c1800000, 0x00000000c1800000|100%| O|  |TAMS 0x00000000c1800000, 0x00000000c1700000| Untracked 
|   4|0x00000000c1800000, 0x00000000c1900000, 0x00000000c1900000|100%| O|  |TAMS 0x00000000c1900000, 0x00000000c1800000| Untracked 
|   5|0x00000000c1900000, 0x00000000c1a00000, 0x00000000c1a00000|100%| O|  |TAMS 0x00000000c1a00000, 0x00000000c1900000| Untracked 
|   6|0x00000000c1a00000, 0x00000000c1b00000, 0x00000000c1b00000|100%| O|  |TAMS 0x00000000c1b00000, 0x00000000c1a00000| Untracked 
|   7|0x00000000c1b00000, 0x00000000c1c00000, 0x00000000c1c00000|100%| O|  |TAMS 0x00000000c1c00000, 0x00000000c1b00000| Untracked 
|   8|0x00000000c1c00000, 0x00000000c1d00000, 0x00000000c1d00000|100%| O|  |TAMS 0x00000000c1d00000, 0x00000000c1c00000| Untracked 
|   9|0x00000000c1d00000, 0x00000000c1e00000, 0x00000000c1e00000|100%| O|  |TAMS 0x00000000c1e00000, 0x00000000c1d00000| Untracked 
|  10|0x00000000c1e00000, 0x00000000c1f00000, 0x00000000c1f00000|100%| O|  |TAMS 0x00000000c1f00000, 0x00000000c1e00000| Untracked 
|  11|0x00000000c1f00000, 0x00000000c2000000, 0x00000000c2000000|100%| O|  |TAMS 0x00000000c2000000, 0x00000000c1f00000| Untracked 
|  12|0x00000000c2000000, 0x00000000c2100000, 0x00000000c2100000|100%| O|  |TAMS 0x00000000c2000000, 0x00000000c2000000| Untracked 
|  13|0x00000000c2100000, 0x00000000c2200000, 0x00000000c2200000|100%| O|  |TAMS 0x00000000c2200000, 0x00000000c2100000| Untracked 
|  14|0x00000000c2200000, 0x00000000c2300000, 0x00000000c2300000|100%| O|  |TAMS 0x00000000c2300000, 0x00000000c2200000| Untracked 
|  15|0x00000000c2300000, 0x00000000c2400000, 0x00000000c2400000|100%| O|  |TAMS 0x00000000c2400000, 0x00000000c2300000| Untracked 
|  16|0x00000000c2400000, 0x00000000c2500000, 0x00000000c2500000|100%| O|  |TAMS 0x00000000c24ab800, 0x00000000c2400000| Untracked 
|  17|0x00000000c2500000, 0x00000000c2600000, 0x00000000c2600000|100%| O|  |TAMS 0x00000000c2500000, 0x00000000c2500000| Untracked 
|  18|0x00000000c2600000, 0x00000000c2700000, 0x00000000c2700000|100%| O|  |TAMS 0x00000000c2600000, 0x00000000c2600000| Untracked 
|  19|0x00000000c2700000, 0x00000000c2800000, 0x00000000c2800000|100%| O|  |TAMS 0x00000000c2700000, 0x00000000c2700000| Untracked 
|  20|0x00000000c2800000, 0x00000000c2900000, 0x00000000c2900000|100%| O|  |TAMS 0x00000000c2900000, 0x00000000c2800000| Untracked 
|  21|0x00000000c2900000, 0x00000000c298ee00, 0x00000000c2a00000| 55%| O|  |TAMS 0x00000000c2900000, 0x00000000c2900000| Untracked 
|  22|0x00000000c2a00000, 0x00000000c2a00000, 0x00000000c2b00000|  0%| F|  |TAMS 0x00000000c2a00000, 0x00000000c2a00000| Untracked 
|  23|0x00000000c2b00000, 0x00000000c2b00000, 0x00000000c2c00000|  0%| F|  |TAMS 0x00000000c2b00000, 0x00000000c2b00000| Untracked 
|  24|0x00000000c2c00000, 0x00000000c2c00000, 0x00000000c2d00000|  0%| F|  |TAMS 0x00000000c2c00000, 0x00000000c2c00000| Untracked 
|  25|0x00000000c2d00000, 0x00000000c2d00000, 0x00000000c2e00000|  0%| F|  |TAMS 0x00000000c2d00000, 0x00000000c2d00000| Untracked 
|  26|0x00000000c2e00000, 0x00000000c2e00000, 0x00000000c2f00000|  0%| F|  |TAMS 0x00000000c2e00000, 0x00000000c2e00000| Untracked 
|  27|0x00000000c2f00000, 0x00000000c2f384f0, 0x00000000c3000000| 21%| S|CS|TAMS 0x00000000c2f00000, 0x00000000c2f00000| Complete 
|  28|0x00000000c3000000, 0x00000000c3000000, 0x00000000c3100000|  0%| F|  |TAMS 0x00000000c3000000, 0x00000000c3000000| Untracked 
|  29|0x00000000c3100000, 0x00000000c3100000, 0x00000000c3200000|  0%| F|  |TAMS 0x00000000c3100000, 0x00000000c3100000| Untracked 
|  30|0x00000000c3200000, 0x00000000c3300000, 0x00000000c3300000|100%| S|CS|TAMS 0x00000000c3200000, 0x00000000c3200000| Complete 
|  31|0x00000000c3300000, 0x00000000c3400000, 0x00000000c3400000|100%| S|CS|TAMS 0x00000000c3300000, 0x00000000c3300000| Complete 
|  32|0x00000000c3400000, 0x00000000c3400000, 0x00000000c3500000|  0%| F|  |TAMS 0x00000000c3400000, 0x00000000c3400000| Untracked 
|  33|0x00000000c3500000, 0x00000000c3500000, 0x00000000c3600000|  0%| F|  |TAMS 0x00000000c3500000, 0x00000000c3500000| Untracked 
|  34|0x00000000c3600000, 0x00000000c3600000, 0x00000000c3700000|  0%| F|  |TAMS 0x00000000c3600000, 0x00000000c3600000| Untracked 
|  35|0x00000000c3700000, 0x00000000c3700000, 0x00000000c3800000|  0%| F|  |TAMS 0x00000000c3700000, 0x00000000c3700000| Untracked 
|  36|0x00000000c3800000, 0x00000000c3800000, 0x00000000c3900000|  0%| F|  |TAMS 0x00000000c3800000, 0x00000000c3800000| Untracked 
|  37|0x00000000c3900000, 0x00000000c3900000, 0x00000000c3a00000|  0%| F|  |TAMS 0x00000000c3900000, 0x00000000c3900000| Untracked 
|  38|0x00000000c3a00000, 0x00000000c3a00000, 0x00000000c3b00000|  0%| F|  |TAMS 0x00000000c3a00000, 0x00000000c3a00000| Untracked 
|  39|0x00000000c3b00000, 0x00000000c3b00000, 0x00000000c3c00000|  0%| F|  |TAMS 0x00000000c3b00000, 0x00000000c3b00000| Untracked 
|  40|0x00000000c3c00000, 0x00000000c3c00000, 0x00000000c3d00000|  0%| F|  |TAMS 0x00000000c3c00000, 0x00000000c3c00000| Untracked 
|  41|0x00000000c3d00000, 0x00000000c3d00000, 0x00000000c3e00000|  0%| F|  |TAMS 0x00000000c3d00000, 0x00000000c3d00000| Untracked 
|  42|0x00000000c3e00000, 0x00000000c3e00000, 0x00000000c3f00000|  0%| F|  |TAMS 0x00000000c3e00000, 0x00000000c3e00000| Untracked 
|  43|0x00000000c3f00000, 0x00000000c3f00000, 0x00000000c4000000|  0%| F|  |TAMS 0x00000000c3f00000, 0x00000000c3f00000| Untracked 
|  44|0x00000000c4000000, 0x00000000c4000000, 0x00000000c4100000|  0%| F|  |TAMS 0x00000000c4000000, 0x00000000c4000000| Untracked 
|  45|0x00000000c4100000, 0x00000000c4100000, 0x00000000c4200000|  0%| F|  |TAMS 0x00000000c4100000, 0x00000000c4100000| Untracked 
|  46|0x00000000c4200000, 0x00000000c42a8e38, 0x00000000c4300000| 65%| E|  |TAMS 0x00000000c4200000, 0x00000000c4200000| Complete 
|  47|0x00000000c4300000, 0x00000000c4400000, 0x00000000c4400000|100%| E|CS|TAMS 0x00000000c4300000, 0x00000000c4300000| Complete 
|  48|0x00000000c4400000, 0x00000000c4500000, 0x00000000c4500000|100%| E|CS|TAMS 0x00000000c4400000, 0x00000000c4400000| Complete 
|  63|0x00000000c5300000, 0x00000000c5400000, 0x00000000c5400000|100%| E|CS|TAMS 0x00000000c5300000, 0x00000000c5300000| Complete 

Card table byte_map: [0x0000018d51720000,0x0000018d51920000] _byte_map_base: 0x0000018d51116000

Marking Bits (Prev, Next): (CMBitMap*) 0x0000018d3a99feb0, (CMBitMap*) 0x0000018d3a99fef0
 Prev Bits: [0x0000018d51b20000, 0x0000018d52ad0000)
 Next Bits: [0x0000018d52ad0000, 0x0000018d53a80000)

Polling page: 0x0000018d38770000

Metaspace:

Usage:
  Non-class:     50.38 MB used.
      Class:      7.59 MB used.
       Both:     57.98 MB used.

Virtual space:
  Non-class space:       64.00 MB reserved,      50.69 MB ( 79%) committed,  1 nodes.
      Class space:        1.00 GB reserved,       7.88 MB ( <1%) committed,  1 nodes.
             Both:        1.06 GB reserved,      58.56 MB (  5%) committed. 

Chunk freelists:
   Non-Class:  1.27 MB
       Class:  112.00 KB
        Both:  1.38 MB

MaxMetaspaceSize: unlimited
CompressedClassSpaceSize: 1.00 GB
Initial GC threshold: 21.00 MB
Current GC threshold: 59.06 MB
CDS: on
MetaspaceReclaimPolicy: balanced
 - commit_granule_bytes: 65536.
 - commit_granule_words: 8192.
 - virtual_space_node_default_size: 8388608.
 - enlarge_chunks_in_place: 1.
 - new_chunks_are_fully_committed: 0.
 - uncommit_free_chunks: 1.
 - use_allocation_guard: 0.


Internal statistics:

num_allocs_failed_limit: 6.
num_arena_births: 820.
num_arena_deaths: 0.
num_vsnodes_births: 2.
num_vsnodes_deaths: 0.
num_space_committed: 937.
num_space_uncommitted: 0.
num_chunks_returned_to_freelist: 6.
num_chunks_taken_from_freelist: 2811.
num_chunk_merges: 6.
num_chunk_splits: 2052.
num_chunks_enlarged: 1639.
num_inconsistent_stats: 0.

CodeHeap 'non-profiled nmethods': size=120000Kb used=2501Kb max_used=2501Kb free=117498Kb
 bounds [0x0000018d49ff0000, 0x0000018d4a270000, 0x0000018d51520000]
CodeHeap 'profiled nmethods': size=120000Kb used=10658Kb max_used=10658Kb free=109341Kb
 bounds [0x0000018d42ac0000, 0x0000018d43530000, 0x0000018d49ff0000]
CodeHeap 'non-nmethods': size=5760Kb used=1370Kb max_used=1419Kb free=4389Kb
 bounds [0x0000018d42520000, 0x0000018d42790000, 0x0000018d42ac0000]
 total_blobs=5939 nmethods=5243 adapters=608
 compilation: enabled
              stopped_count=0, restarted_count=0
 full_count=0

Compilation events (20 events):
Event: 15.113 Thread 0x0000018d3aa1a0d0 5313       2       org.springframework.core.annotation.TypeMappedAnnotation::isTargetAnnotation (9 bytes)
Event: 15.113 Thread 0x0000018d3aa1a0d0 nmethod 5313 0x0000018d4351bf10 code [0x0000018d4351c0a0, 0x0000018d4351c1d8]
Event: 15.114 Thread 0x0000018d3aa1a0d0 5314   !   2       jdk.proxy2.$Proxy118::annotationType (29 bytes)
Event: 15.114 Thread 0x0000018d3aa1a0d0 nmethod 5314 0x0000018d4351c310 code [0x0000018d4351c4c0, 0x0000018d4351c738]
Event: 15.133 Thread 0x0000018d3aa1a0d0 5316       2       org.springframework.core.annotation.MergedAnnotationSelectors$Nearest::isBestCandidate (15 bytes)
Event: 15.134 Thread 0x0000018d3aa1a0d0 nmethod 5316 0x0000018d4351c890 code [0x0000018d4351ca20, 0x0000018d4351cb68]
Event: 15.141 Thread 0x0000018d3aa1a0d0 5317       2       org.springframework.core.annotation.AbstractMergedAnnotation::synthesize (38 bytes)
Event: 15.142 Thread 0x0000018d3aa1a0d0 nmethod 5317 0x0000018d4351cc10 code [0x0000018d4351cde0, 0x0000018d4351d088]
Event: 15.142 Thread 0x0000018d3aa1a0d0 5318       2       org.springframework.core.annotation.TypeMappedAnnotation::createSynthesizedAnnotation (78 bytes)
Event: 15.143 Thread 0x0000018d3aa1a0d0 nmethod 5318 0x0000018d4351d190 code [0x0000018d4351d380, 0x0000018d4351d748]
Event: 15.143 Thread 0x0000018d3aa1a0d0 5319       2       org.springframework.core.annotation.TypeMappedAnnotation::isSynthesizable (34 bytes)
Event: 15.145 Thread 0x0000018d3aa1a0d0 nmethod 5319 0x0000018d4351da10 code [0x0000018d4351dc40, 0x0000018d4351e298]
Event: 15.145 Thread 0x0000018d3aa1a0d0 5320   !   2       org.springframework.core.annotation.AnnotationUtils::isSynthesizedAnnotation (33 bytes)
Event: 15.147 Thread 0x0000018d3aa1a0d0 nmethod 5320 0x0000018d4351e790 code [0x0000018d4351e9a0, 0x0000018d4351ef58]
Event: 15.158 Thread 0x0000018d3aa1a0d0 5321       2       org.springframework.core.annotation.TypeMappedAnnotations$MergedAnnotationFinder::updateLastResult (29 bytes)
Event: 15.158 Thread 0x0000018d3aa1a0d0 nmethod 5321 0x0000018d4351f410 code [0x0000018d4351f5c0, 0x0000018d4351f768]
Event: 15.166 Thread 0x0000018d3aa1a0d0 5322       2       org.springframework.data.repository.core.RepositoryInformationSupport$$Lambda$1171/0x00000008013d1600::test (12 bytes)
Event: 15.166 Thread 0x0000018d3aa1a0d0 nmethod 5322 0x0000018d4351f810 code [0x0000018d4351f9c0, 0x0000018d4351fb48]
Event: 15.166 Thread 0x0000018d3aa1a0d0 5323       2       org.springframework.data.repository.core.RepositoryInformationSupport::lambda$isQueryMethod$0 (6 bytes)
Event: 15.166 Thread 0x0000018d3aa1a0d0 nmethod 5323 0x0000018d4351fc10 code [0x0000018d4351fda0, 0x0000018d4351fea8]

GC Heap History (20 events):
Event: 8.476 GC heap before
{Heap before GC invocations=7 (full 0):
 garbage-first heap   total 51200K, used 17140K [0x00000000c1400000, 0x0000000100000000)
  region size 1024K, 5 young (5120K), 4 survivors (4096K)
 Metaspace       used 26697K, committed 27136K, reserved 1114112K
  class space    used 3329K, committed 3520K, reserved 1048576K
}
Event: 8.485 GC heap after
{Heap after GC invocations=8 (full 0):
 garbage-first heap   total 51200K, used 16833K [0x00000000c1400000, 0x0000000100000000)
  region size 1024K, 1 young (1024K), 1 survivors (1024K)
 Metaspace       used 26697K, committed 27136K, reserved 1114112K
  class space    used 3329K, committed 3520K, reserved 1048576K
}
Event: 9.430 GC heap before
{Heap before GC invocations=8 (full 0):
 garbage-first heap   total 51200K, used 35265K [0x00000000c1400000, 0x0000000100000000)
  region size 1024K, 20 young (20480K), 1 survivors (1024K)
 Metaspace       used 29905K, committed 30400K, reserved 1114112K
  class space    used 3680K, committed 3904K, reserved 1048576K
}
Event: 9.435 GC heap after
{Heap after GC invocations=9 (full 0):
 garbage-first heap   total 51200K, used 18161K [0x00000000c1400000, 0x0000000100000000)
  region size 1024K, 2 young (2048K), 2 survivors (2048K)
 Metaspace       used 29905K, committed 30400K, reserved 1114112K
  class space    used 3680K, committed 3904K, reserved 1048576K
}
Event: 10.555 GC heap before
{Heap before GC invocations=9 (full 0):
 garbage-first heap   total 51200K, used 36593K [0x00000000c1400000, 0x0000000100000000)
  region size 1024K, 21 young (21504K), 2 survivors (2048K)
 Metaspace       used 34862K, committed 35392K, reserved 1114112K
  class space    used 4398K, committed 4672K, reserved 1048576K
}
Event: 10.562 GC heap after
{Heap after GC invocations=10 (full 0):
 garbage-first heap   total 51200K, used 19103K [0x00000000c1400000, 0x0000000100000000)
  region size 1024K, 1 young (1024K), 1 survivors (1024K)
 Metaspace       used 34862K, committed 35392K, reserved 1114112K
  class space    used 4398K, committed 4672K, reserved 1048576K
}
Event: 10.672 GC heap before
{Heap before GC invocations=10 (full 0):
 garbage-first heap   total 51200K, used 21151K [0x00000000c1400000, 0x0000000100000000)
  region size 1024K, 4 young (4096K), 1 survivors (1024K)
 Metaspace       used 35427K, committed 35968K, reserved 1114112K
  class space    used 4507K, committed 4800K, reserved 1048576K
}
Event: 10.676 GC heap after
{Heap after GC invocations=11 (full 0):
 garbage-first heap   total 51200K, used 19288K [0x00000000c1400000, 0x0000000100000000)
  region size 1024K, 2 young (2048K), 2 survivors (2048K)
 Metaspace       used 35427K, committed 35968K, reserved 1114112K
  class space    used 4507K, committed 4800K, reserved 1048576K
}
Event: 11.905 GC heap before
{Heap before GC invocations=12 (full 0):
 garbage-first heap   total 51200K, used 37720K [0x00000000c1400000, 0x0000000100000000)
  region size 1024K, 21 young (21504K), 2 survivors (2048K)
 Metaspace       used 42640K, committed 43200K, reserved 1114112K
  class space    used 5351K, committed 5632K, reserved 1048576K
}
Event: 11.911 GC heap after
{Heap after GC invocations=13 (full 0):
 garbage-first heap   total 51200K, used 20499K [0x00000000c1400000, 0x0000000100000000)
  region size 1024K, 3 young (3072K), 3 survivors (3072K)
 Metaspace       used 42640K, committed 43200K, reserved 1114112K
  class space    used 5351K, committed 5632K, reserved 1048576K
}
Event: 11.928 GC heap before
{Heap before GC invocations=13 (full 0):
 garbage-first heap   total 51200K, used 21523K [0x00000000c1400000, 0x0000000100000000)
  region size 1024K, 4 young (4096K), 3 survivors (3072K)
 Metaspace       used 42724K, committed 43264K, reserved 1114112K
  class space    used 5370K, committed 5632K, reserved 1048576K
}
Event: 11.935 GC heap after
{Heap after GC invocations=14 (full 0):
 garbage-first heap   total 51200K, used 20543K [0x00000000c1400000, 0x0000000100000000)
  region size 1024K, 1 young (1024K), 1 survivors (1024K)
 Metaspace       used 42724K, committed 43264K, reserved 1114112K
  class space    used 5370K, committed 5632K, reserved 1048576K
}
Event: 12.548 GC heap before
{Heap before GC invocations=14 (full 0):
 garbage-first heap   total 51200K, used 38975K [0x00000000c1400000, 0x0000000100000000)
  region size 1024K, 20 young (20480K), 1 survivors (1024K)
 Metaspace       used 45769K, committed 46272K, reserved 1114112K
  class space    used 5760K, committed 6016K, reserved 1048576K
}
Event: 12.551 GC heap after
{Heap after GC invocations=15 (full 0):
 garbage-first heap   total 51200K, used 21284K [0x00000000c1400000, 0x0000000100000000)
  region size 1024K, 2 young (2048K), 2 survivors (2048K)
 Metaspace       used 45769K, committed 46272K, reserved 1114112K
  class space    used 5760K, committed 6016K, reserved 1048576K
}
Event: 13.468 GC heap before
{Heap before GC invocations=15 (full 0):
 garbage-first heap   total 51200K, used 38692K [0x00000000c1400000, 0x0000000100000000)
  region size 1024K, 20 young (20480K), 2 survivors (2048K)
 Metaspace       used 51635K, committed 52160K, reserved 1114112K
  class space    used 6660K, committed 6912K, reserved 1048576K
}
Event: 13.474 GC heap after
{Heap after GC invocations=16 (full 0):
 garbage-first heap   total 51200K, used 22170K [0x00000000c1400000, 0x0000000100000000)
  region size 1024K, 2 young (2048K), 2 survivors (2048K)
 Metaspace       used 51635K, committed 52160K, reserved 1114112K
  class space    used 6660K, committed 6912K, reserved 1048576K
}
Event: 14.355 GC heap before
{Heap before GC invocations=16 (full 0):
 garbage-first heap   total 51200K, used 39578K [0x00000000c1400000, 0x0000000100000000)
  region size 1024K, 20 young (20480K), 2 survivors (2048K)
 Metaspace       used 55969K, committed 56576K, reserved 1114112K
  class space    used 7346K, committed 7616K, reserved 1048576K
}
Event: 14.360 GC heap after
{Heap after GC invocations=17 (full 0):
 garbage-first heap   total 51200K, used 22964K [0x00000000c1400000, 0x0000000100000000)
  region size 1024K, 2 young (2048K), 2 survivors (2048K)
 Metaspace       used 55969K, committed 56576K, reserved 1114112K
  class space    used 7346K, committed 7616K, reserved 1048576K
}
Event: 15.168 GC heap before
{Heap before GC invocations=17 (full 0):
 garbage-first heap   total 51200K, used 41396K [0x00000000c1400000, 0x0000000100000000)
  region size 1024K, 20 young (20480K), 2 survivors (2048K)
 Metaspace       used 58831K, committed 59456K, reserved 1114112K
  class space    used 7698K, committed 8000K, reserved 1048576K
}
Event: 15.175 GC heap after
{Heap after GC invocations=18 (full 0):
 garbage-first heap   total 51200K, used 24348K [0x00000000c1400000, 0x0000000100000000)
  region size 1024K, 3 young (3072K), 3 survivors (3072K)
 Metaspace       used 58831K, committed 59456K, reserved 1114112K
  class space    used 7698K, committed 8000K, reserved 1048576K
}

Deoptimization events (20 events):
Event: 14.849 Thread 0x0000018d5acf4520 DEOPT PACKING pc=0x0000018d4a179304 sp=0x0000004acc5fc050
Event: 14.849 Thread 0x0000018d5acf4520 DEOPT UNPACKING pc=0x0000018d425723a3 sp=0x0000004acc5fbe78 mode 2
Event: 14.869 Thread 0x0000018d5acf4520 Uncommon trap: trap_request=0xffffffde fr.pc=0x0000018d4a179304 relative=0x0000000000000624
Event: 14.869 Thread 0x0000018d5acf4520 Uncommon trap: reason=class_check action=maybe_recompile pc=0x0000018d4a179304 method=org.springframework.util.ConcurrentReferenceHashMap$Segment.findInChain(Lorg/springframework/util/ConcurrentReferenceHashMap$Reference;Ljava/lang/Object;I)Lorg/springfra
Event: 14.869 Thread 0x0000018d5acf4520 DEOPT PACKING pc=0x0000018d4a179304 sp=0x0000004acc5fc050
Event: 14.869 Thread 0x0000018d5acf4520 DEOPT UNPACKING pc=0x0000018d425723a3 sp=0x0000004acc5fbe78 mode 2
Event: 14.869 Thread 0x0000018d5acf4520 Uncommon trap: trap_request=0xffffffde fr.pc=0x0000018d4a179304 relative=0x0000000000000624
Event: 14.869 Thread 0x0000018d5acf4520 Uncommon trap: reason=class_check action=maybe_recompile pc=0x0000018d4a179304 method=org.springframework.util.ConcurrentReferenceHashMap$Segment.findInChain(Lorg/springframework/util/ConcurrentReferenceHashMap$Reference;Ljava/lang/Object;I)Lorg/springfra
Event: 14.869 Thread 0x0000018d5acf4520 DEOPT PACKING pc=0x0000018d4a179304 sp=0x0000004acc5fc050
Event: 14.869 Thread 0x0000018d5acf4520 DEOPT UNPACKING pc=0x0000018d425723a3 sp=0x0000004acc5fbe78 mode 2
Event: 14.873 Thread 0x0000018d5acf4520 Uncommon trap: trap_request=0xffffffde fr.pc=0x0000018d4a178298 relative=0x00000000000005b8
Event: 14.873 Thread 0x0000018d5acf4520 Uncommon trap: reason=class_check action=maybe_recompile pc=0x0000018d4a178298 method=org.springframework.util.ConcurrentReferenceHashMap$Segment.findInChain(Lorg/springframework/util/ConcurrentReferenceHashMap$Reference;Ljava/lang/Object;I)Lorg/springfra
Event: 14.873 Thread 0x0000018d5acf4520 DEOPT PACKING pc=0x0000018d4a178298 sp=0x0000004acc5fbfa0
Event: 14.873 Thread 0x0000018d5acf4520 DEOPT UNPACKING pc=0x0000018d425723a3 sp=0x0000004acc5fbe68 mode 2
Event: 14.873 Thread 0x0000018d5acf4520 Uncommon trap: trap_request=0xffffffde fr.pc=0x0000018d4a160cac relative=0x000000000000020c
Event: 14.873 Thread 0x0000018d5acf4520 Uncommon trap: reason=class_check action=maybe_recompile pc=0x0000018d4a160cac method=org.springframework.util.ConcurrentReferenceHashMap$Segment.findInChain(Lorg/springframework/util/ConcurrentReferenceHashMap$Reference;Ljava/lang/Object;I)Lorg/springfra
Event: 14.873 Thread 0x0000018d5acf4520 DEOPT PACKING pc=0x0000018d4a160cac sp=0x0000004acc5fbeb0
Event: 14.873 Thread 0x0000018d5acf4520 DEOPT UNPACKING pc=0x0000018d425723a3 sp=0x0000004acc5fbe58 mode 2
Event: 14.922 Thread 0x0000018d5acf4520 DEOPT PACKING pc=0x0000018d42cf4da3 sp=0x0000004acc5fa9a0
Event: 14.922 Thread 0x0000018d5acf4520 DEOPT UNPACKING pc=0x0000018d42572b43 sp=0x0000004acc5f9e10 mode 0

Classes loaded (20 events):
Event: 14.545 Loading class java/util/concurrent/ConcurrentHashMap$TreeNode
Event: 14.546 Loading class java/util/concurrent/ConcurrentHashMap$TreeNode done
Event: 14.546 Loading class java/util/concurrent/ConcurrentHashMap$TreeBin
Event: 14.546 Loading class java/util/concurrent/ConcurrentHashMap$TreeBin done
Event: 14.924 Loading class java/util/WeakHashMap$KeyIterator
Event: 14.924 Loading class java/util/WeakHashMap$HashIterator
Event: 14.924 Loading class java/util/WeakHashMap$HashIterator done
Event: 14.924 Loading class java/util/WeakHashMap$KeyIterator done
Event: 14.924 Loading class java/util/WeakHashMap$EntrySet
Event: 14.925 Loading class java/util/WeakHashMap$EntrySet done
Event: 14.925 Loading class java/util/WeakHashMap$EntryIterator
Event: 14.925 Loading class java/util/WeakHashMap$EntryIterator done
Event: 15.059 Loading class java/lang/Package$1PackageInfoProxy
Event: 15.059 Loading class java/lang/Package$1PackageInfoProxy done
Event: 15.236 Loading class java/util/stream/ReduceOps$5
Event: 15.237 Loading class java/util/stream/ReduceOps$5 done
Event: 15.237 Loading class java/util/stream/ReduceOps$CountingSink$OfRef
Event: 15.238 Loading class java/util/stream/ReduceOps$CountingSink
Event: 15.238 Loading class java/util/stream/ReduceOps$CountingSink done
Event: 15.238 Loading class java/util/stream/ReduceOps$CountingSink$OfRef done

Classes unloaded (0 events):
No events

Classes redefined (0 events):
No events

Internal exceptions (20 events):
Event: 13.988 Thread 0x0000018d5acf4520 Exception <a 'java/lang/NoSuchMethodError'{0x00000000c3b52680}: 'int java.lang.invoke.DirectMethodHandle$Holder.invokeStatic(java.lang.Object, java.lang.Object, java.lang.Object, java.lang.Object, java.lang.Object)'> (0x00000000c3b52680) 
thrown [s\src\hotspot\share\interpreter\linkResolver.cpp, line 759]
Event: 14.030 Thread 0x0000018d5acf4520 Exception <a 'java/lang/NoSuchMethodError'{0x00000000c3a00cf0}: 'void java.lang.invoke.DirectMethodHandle$Holder.invokeInterface(java.lang.Object, java.lang.Object, int, java.lang.Object)'> (0x00000000c3a00cf0) 
thrown [s\src\hotspot\share\interpreter\linkResolver.cpp, line 759]
Event: 14.038 Thread 0x0000018d5acf4520 Exception <a 'java/lang/NoSuchMethodError'{0x00000000c3a291f8}: 'java.lang.Object java.lang.invoke.DirectMethodHandle$Holder.newInvokeSpecial(java.lang.Object, java.lang.Object, int, java.lang.Object)'> (0x00000000c3a291f8) 
thrown [s\src\hotspot\share\interpreter\linkResolver.cpp, line 759]
Event: 14.038 Thread 0x0000018d5acf4520 Exception <a 'java/lang/NoSuchMethodError'{0x00000000c3a2cdd0}: 'java.lang.Object java.lang.invoke.Invokers$Holder.linkToTargetMethod(java.lang.Object, int, java.lang.Object, java.lang.Object)'> (0x00000000c3a2cdd0) 
thrown [s\src\hotspot\share\interpreter\linkResolver.cpp, line 759]
Event: 14.061 Thread 0x0000018d5acf4520 Exception <a 'java/lang/NoSuchMethodError'{0x00000000c3a848b8}: 'void java.lang.invoke.DirectMethodHandle$Holder.invokeSpecial(java.lang.Object, java.lang.Object, java.lang.Object, java.lang.Object, java.lang.Object, java.lang.Object, java.lang.Object, java.lang.Object)'> (0x00000000c3a848b8) 
thrown [s\src\hotspot\share\interpreter\linkResolver.cpp, line 759]
Event: 14.150 Thread 0x0000018d5acf4520 Exception <a 'java/lang/NoSuchMethodError'{0x00000000c384b2e0}: 'java.lang.Object java.lang.invoke.DirectMethodHandle$Holder.newInvokeSpecial(java.lang.Object, java.lang.Object, java.lang.Object, java.lang.Object, java.lang.Object, int, java.lang.Object)'> (0x00000000c384b2e0) 
thrown [s\src\hotspot\share\interpreter\linkResolver.cpp, line 759]
Event: 14.159 Thread 0x0000018d5acf4520 Exception <a 'java/lang/NoSuchMethodError'{0x00000000c3887608}: 'java.lang.Object java.lang.invoke.DirectMethodHandle$Holder.newInvokeSpecial(java.lang.Object, java.lang.Object, java.lang.Object, java.lang.Object, java.lang.Object, java.lang.Object, java.lang.Object, java.lang.Object, java.lang.Object, java.lang.Object, java.lang.Object, java.lang.Object)'> (0x00000000c3887608) 
thrown [s\src\hotspot\share\interpreter\linkResolver.cpp, line 759]
Event: 14.159 Thread 0x0000018d5acf4520 Exception <a 'java/lang/NoSuchMethodError'{0x00000000c388c0b0}: 'java.lang.Object java.lang.invoke.DirectMethodHandle$Holder.invokeSpecial(java.lang.Object, java.lang.Object, java.lang.Object, java.lang.Object, java.lang.Object, java.lang.Object, java.lang.Object, java.lang.Object, java.lang.Object, java.lang.Object, java.lang.Object, java.lang.Object, java.lang.Object)'> (0x00000000c388c0b0) 
thrown [s\src\hotspot\share\interpreter\linkResolver.cpp, line 759]
Event: 14.160 Thread 0x0000018d5acf4520 Exception <a 'java/lang/NoSuchMethodError'{0x00000000c38907c8}: 'java.lang.Object java.lang.invoke.Invokers$Holder.linkToTargetMethod(java.lang.Object, java.lang.Object, java.lang.Object, java.lang.Object, java.lang.Object, java.lang.Object, java.lang.Object, java.lang.Object, java.lang.Object, java.lang.Object, java.lang.Object, java.lang.Object)'> (0x00000000c38907c8) 
thrown [s\src\hotspot\share\interpreter\linkResolver.cpp, line 759]
Event: 14.184 Thread 0x0000018d5acf4520 Exception <a 'java/lang/IncompatibleClassChangeError'{0x00000000c372fd30}: Found class java.lang.Object, but interface was expected> (0x00000000c372fd30) 
thrown [s\src\hotspot\share\interpreter\linkResolver.cpp, line 826]
Event: 14.249 Thread 0x0000018d5acf4520 Exception <a 'java/lang/NoSuchMethodError'{0x00000000c36bc440}: 'java.lang.Object java.lang.invoke.DirectMethodHandle$Holder.newInvokeSpecial(java.lang.Object, java.lang.Object, java.lang.Object, java.lang.Object, java.lang.Object, java.lang.Object, java.lang.Object, int)'> (0x00000000c36bc440) 
thrown [s\src\hotspot\share\interpreter\linkResolver.cpp, line 759]
Event: 14.249 Thread 0x0000018d5acf4520 Exception <a 'java/lang/NoSuchMethodError'{0x00000000c36c1440}: 'java.lang.Object java.lang.invoke.DirectMethodHandle$Holder.invokeSpecial(java.lang.Object, java.lang.Object, java.lang.Object, java.lang.Object, java.lang.Object, java.lang.Object, java.lang.Object, java.lang.Object, int)'> (0x00000000c36c1440) 
thrown [s\src\hotspot\share\interpreter\linkResolver.cpp, line 759]
Event: 14.250 Thread 0x0000018d5acf4520 Exception <a 'java/lang/NoSuchMethodError'{0x00000000c36c5f08}: 'java.lang.Object java.lang.invoke.Invokers$Holder.linkToTargetMethod(java.lang.Object, java.lang.Object, java.lang.Object, java.lang.Object, java.lang.Object, java.lang.Object, int, java.lang.Object)'> (0x00000000c36c5f08) 
thrown [s\src\hotspot\share\interpreter\linkResolver.cpp, line 759]
Event: 14.301 Thread 0x0000018d5acf4520 Exception <a 'java/lang/NoSuchMethodError'{0x00000000c35a4290}: 'java.lang.Object java.lang.invoke.DirectMethodHandle$Holder.newInvokeSpecial(java.lang.Object, java.lang.Object, int, java.lang.Object, int, java.lang.Object, java.lang.Object)'> (0x00000000c35a4290) 
thrown [s\src\hotspot\share\interpreter\linkResolver.cpp, line 759]
Event: 14.307 Thread 0x0000018d5acf4520 Exception <a 'java/lang/NoSuchMethodError'{0x00000000c35bd500}: 'void java.lang.invoke.DirectMethodHandle$Holder.invokeInterface(java.lang.Object, java.lang.Object)'> (0x00000000c35bd500) 
thrown [s\src\hotspot\share\interpreter\linkResolver.cpp, line 759]
Event: 14.421 Thread 0x0000018d5acf4520 Exception <a 'java/lang/NoSuchMethodError'{0x00000000c44a4a10}: 'void java.lang.invoke.Invokers$Holder.invokeExact_MT(java.lang.Object, java.lang.Object, java.lang.Object, java.lang.Object)'> (0x00000000c44a4a10) 
thrown [s\src\hotspot\share\interpreter\linkResolver.cpp, line 759]
Event: 14.547 Thread 0x0000018d5acf4520 Exception <a 'java/lang/IncompatibleClassChangeError'{0x00000000c4076940}: Found class java.lang.Object, but interface was expected> (0x00000000c4076940) 
thrown [s\src\hotspot\share\interpreter\linkResolver.cpp, line 826]
Event: 14.567 Thread 0x0000018d5acf4520 Exception <a 'java/lang/IncompatibleClassChangeError'{0x00000000c40f3260}: Found class java.lang.Object, but interface was expected> (0x00000000c40f3260) 
thrown [s\src\hotspot\share\interpreter\linkResolver.cpp, line 826]
Event: 14.642 Thread 0x0000018d5acf4520 Exception <a 'java/lang/IncompatibleClassChangeError'{0x00000000c3e64620}: Found class java.lang.Object, but interface was expected> (0x00000000c3e64620) 
thrown [s\src\hotspot\share\interpreter\linkResolver.cpp, line 826]
Event: 15.046 Thread 0x0000018d5acf4520 Exception <a 'java/lang/IncompatibleClassChangeError'{0x00000000c3726010}: Found class java.lang.Object, but interface was expected> (0x00000000c3726010) 
thrown [s\src\hotspot\share\interpreter\linkResolver.cpp, line 826]

VM Operations (20 events):
Event: 11.928 Executing VM operation: G1CollectForAllocation
Event: 11.935 Executing VM operation: G1CollectForAllocation done
Event: 12.548 Executing VM operation: G1CollectForAllocation
Event: 12.551 Executing VM operation: G1CollectForAllocation done
Event: 13.363 Executing VM operation: HandshakeAllThreads
Event: 13.363 Executing VM operation: HandshakeAllThreads done
Event: 13.468 Executing VM operation: G1CollectForAllocation
Event: 13.474 Executing VM operation: G1CollectForAllocation done
Event: 14.355 Executing VM operation: G1CollectForAllocation
Event: 14.361 Executing VM operation: G1CollectForAllocation done
Event: 14.836 Executing VM operation: HandshakeAllThreads
Event: 14.837 Executing VM operation: HandshakeAllThreads done
Event: 14.918 Executing VM operation: ICBufferFull
Event: 14.918 Executing VM operation: ICBufferFull done
Event: 15.168 Executing VM operation: G1CollectForAllocation
Event: 15.175 Executing VM operation: G1CollectForAllocation done
Event: 15.204 Executing VM operation: HandshakeAllThreads
Event: 15.204 Executing VM operation: HandshakeAllThreads done
Event: 15.206 Executing VM operation: HandshakeAllThreads
Event: 15.206 Executing VM operation: HandshakeAllThreads done

Events (20 events):
Event: 0.741 Thread 0x0000018d5a34d590 Thread exited: 0x0000018d5a34d590
Event: 0.809 Loaded shared library C:\Users\ERIN_JAVALead\.jdks\corretto-18.0.2\bin\jimage.dll
Event: 1.687 Loaded shared library C:\Users\ERIN_JAVALead\.jdks\corretto-18.0.2\bin\management.dll
Event: 1.691 Loaded shared library C:\Users\ERIN_JAVALead\.jdks\corretto-18.0.2\bin\management_ext.dll
Event: 1.871 Thread 0x0000018d5ae54920 Thread added: 0x0000018d5ae54920
Event: 1.879 Thread 0x0000018d5acf4520 Thread added: 0x0000018d5acf4520
Event: 3.338 Thread 0x0000018d5afa5f80 Thread added: 0x0000018d5afa5f80
Event: 3.757 Thread 0x0000018d5b0a9a70 Thread added: 0x0000018d5b0a9a70
Event: 4.245 Thread 0x0000018d5b0a9a70 Thread exited: 0x0000018d5b0a9a70
Event: 4.498 Loaded shared library C:\Users\ERIN_JAVALead\.jdks\corretto-18.0.2\bin\sunmscapi.dll
Event: 4.533 Thread 0x0000018d5afa5f80 Thread exited: 0x0000018d5afa5f80
Event: 4.785 Thread 0x0000018d5b249c30 Thread added: 0x0000018d5b249c30
Event: 4.965 Thread 0x0000018d5b249c30 Thread exited: 0x0000018d5b249c30
Event: 9.203 Thread 0x0000018d5b64e7f0 Thread added: 0x0000018d5b64e7f0
Event: 9.205 Thread 0x0000018d5b64e320 Thread added: 0x0000018d5b64e320
Event: 9.213 Thread 0x0000018d5b64ecc0 Thread added: 0x0000018d5b64ecc0
Event: 10.287 Loaded shared library C:\Users\ERIN_JAVALead\.jdks\corretto-18.0.2\bin\verify.dll
Event: 11.505 Thread 0x0000018d5b64fb30 Thread added: 0x0000018d5b64fb30
Event: 11.599 Thread 0x0000018d5b64f660 Thread added: 0x0000018d5b64f660
Event: 11.710 Thread 0x0000018d5b64cfe0 Thread added: 0x0000018d5b64cfe0


Dynamic libraries:
0x00007ff667510000 - 0x00007ff66751d000 	C:\Users\ERIN_JAVALead\.jdks\corretto-18.0.2\bin\java.exe
0x00007fff335f0000 - 0x00007fff337e8000 	C:\WINDOWS\SYSTEM32\ntdll.dll
0x00007fff319a0000 - 0x00007fff31a5d000 	C:\WINDOWS\System32\KERNEL32.DLL
0x00007fff31130000 - 0x00007fff31426000 	C:\WINDOWS\System32\KERNELBASE.dll
0x00007fff31030000 - 0x00007fff31130000 	C:\WINDOWS\System32\ucrtbase.dll
0x00007fff2e3c0000 - 0x00007fff2e3d5000 	C:\Users\ERIN_JAVALead\.jdks\corretto-18.0.2\bin\VCRUNTIME140.dll
0x00007fff2e480000 - 0x00007fff2e497000 	C:\Users\ERIN_JAVALead\.jdks\corretto-18.0.2\bin\jli.dll
0x00007fff33310000 - 0x00007fff334ae000 	C:\WINDOWS\System32\USER32.dll
0x00007fff30d60000 - 0x00007fff30d82000 	C:\WINDOWS\System32\win32u.dll
0x00007fff1a970000 - 0x00007fff1ac0a000 	C:\WINDOWS\WinSxS\amd64_microsoft.windows.common-controls_6595b64144ccf1df_6.0.19041.3636_none_60b6a03d71f818d5\COMCTL32.dll
0x00007fff32c40000 - 0x00007fff32c6b000 	C:\WINDOWS\System32\GDI32.dll
0x00007fff32550000 - 0x00007fff325ee000 	C:\WINDOWS\System32\msvcrt.dll
0x00007fff31430000 - 0x00007fff31547000 	C:\WINDOWS\System32\gdi32full.dll
0x00007fff31550000 - 0x00007fff315ed000 	C:\WINDOWS\System32\msvcp_win.dll
0x00007fff33540000 - 0x00007fff33572000 	C:\WINDOWS\System32\IMM32.DLL
0x00007fff100b0000 - 0x00007fff1014b000 	C:\Users\ERIN_JAVALead\.jdks\corretto-18.0.2\bin\msvcp140.dll
0x00007ffef6e60000 - 0x00007ffef7ad1000 	C:\Users\ERIN_JAVALead\.jdks\corretto-18.0.2\bin\server\jvm.dll
0x00007fff318f0000 - 0x00007fff319a0000 	C:\WINDOWS\System32\ADVAPI32.dll
0x00007fff323d0000 - 0x00007fff32470000 	C:\WINDOWS\System32\sechost.dll
0x00007fff31650000 - 0x00007fff31775000 	C:\WINDOWS\System32\RPCRT4.dll
0x00007fff30c70000 - 0x00007fff30c97000 	C:\WINDOWS\System32\bcrypt.dll
0x00007fff32b00000 - 0x00007fff32b08000 	C:\WINDOWS\System32\PSAPI.DLL
0x00007fff2e470000 - 0x00007fff2e479000 	C:\WINDOWS\SYSTEM32\WSOCK32.dll
0x00007fff322b0000 - 0x00007fff3231b000 	C:\WINDOWS\System32\WS2_32.dll
0x00007fff2ac50000 - 0x00007fff2ac5a000 	C:\WINDOWS\SYSTEM32\VERSION.dll
0x00007fff0d820000 - 0x00007fff0d847000 	C:\WINDOWS\SYSTEM32\WINMM.dll
0x00007fff2eae0000 - 0x00007fff2eaf2000 	C:\WINDOWS\SYSTEM32\kernel.appcore.dll
0x00007fff2c290000 - 0x00007fff2c29a000 	C:\Users\ERIN_JAVALead\.jdks\corretto-18.0.2\bin\jimage.dll
0x00007fff2c320000 - 0x00007fff2c504000 	C:\WINDOWS\SYSTEM32\DBGHELP.DLL
0x00007fff2c2e0000 - 0x00007fff2c314000 	C:\WINDOWS\SYSTEM32\dbgcore.DLL
0x00007fff30e40000 - 0x00007fff30ec2000 	C:\WINDOWS\System32\bcryptPrimitives.dll
0x00007fff2c280000 - 0x00007fff2c28e000 	C:\Users\ERIN_JAVALead\.jdks\corretto-18.0.2\bin\instrument.dll
0x00007fff1b210000 - 0x00007fff1b235000 	C:\Users\ERIN_JAVALead\.jdks\corretto-18.0.2\bin\java.dll
0x00007fff0cdc0000 - 0x00007fff0ce96000 	C:\Users\ERIN_JAVALead\.jdks\corretto-18.0.2\bin\jsvml.dll
0x00007fff31b40000 - 0x00007fff322ab000 	C:\WINDOWS\System32\SHELL32.dll
0x00007fff2ece0000 - 0x00007fff2f47e000 	C:\WINDOWS\SYSTEM32\windows.storage.dll
0x00007fff325f0000 - 0x00007fff32943000 	C:\WINDOWS\System32\combase.dll
0x00007fff304f0000 - 0x00007fff3051e000 	C:\WINDOWS\SYSTEM32\Wldp.dll
0x00007fff32480000 - 0x00007fff3254d000 	C:\WINDOWS\System32\OLEAUT32.dll
0x00007fff31780000 - 0x00007fff3182d000 	C:\WINDOWS\System32\SHCORE.dll
0x00007fff32c70000 - 0x00007fff32cc5000 	C:\WINDOWS\System32\shlwapi.dll
0x00007fff30ba0000 - 0x00007fff30bc5000 	C:\WINDOWS\SYSTEM32\profapi.dll
0x00007fff1d8c0000 - 0x00007fff1d8d8000 	C:\Users\ERIN_JAVALead\.jdks\corretto-18.0.2\bin\zip.dll
0x00007fff2afd0000 - 0x00007fff2afe3000 	C:\Users\ERIN_JAVALead\.jdks\corretto-18.0.2\bin\net.dll
0x00007fff2a0f0000 - 0x00007fff2a1fa000 	C:\WINDOWS\SYSTEM32\WINHTTP.dll
0x00007fff302d0000 - 0x00007fff3033a000 	C:\WINDOWS\system32\mswsock.dll
0x00007fff217b0000 - 0x00007fff217c5000 	C:\Users\ERIN_JAVALead\.jdks\corretto-18.0.2\bin\nio.dll
0x00007fff1c9f0000 - 0x00007fff1ca0a000 	C:\Program Files\JetBrains\IntelliJ IDEA Community Edition 2021.3.3\bin\breakgen64.dll
0x00007fff1e2f0000 - 0x00007fff1e2f9000 	C:\Users\ERIN_JAVALead\.jdks\corretto-18.0.2\bin\management.dll
0x00007fff1b200000 - 0x00007fff1b20b000 	C:\Users\ERIN_JAVALead\.jdks\corretto-18.0.2\bin\management_ext.dll
0x00007fff14920000 - 0x00007fff1492e000 	C:\Users\ERIN_JAVALead\.jdks\corretto-18.0.2\bin\sunmscapi.dll
0x00007fff30ed0000 - 0x00007fff3102d000 	C:\WINDOWS\System32\CRYPT32.dll
0x00007fff30640000 - 0x00007fff30668000 	C:\WINDOWS\SYSTEM32\ncrypt.dll
0x00007fff30600000 - 0x00007fff3063b000 	C:\WINDOWS\SYSTEM32\NTASN1.dll
0x00007fff30530000 - 0x00007fff30548000 	C:\WINDOWS\SYSTEM32\CRYPTSP.dll
0x00007fff2fc20000 - 0x00007fff2fc54000 	C:\WINDOWS\system32\rsaenh.dll
0x00007fff30b20000 - 0x00007fff30b4e000 	C:\WINDOWS\SYSTEM32\USERENV.dll
0x00007fff30460000 - 0x00007fff3046c000 	C:\WINDOWS\SYSTEM32\CRYPTBASE.dll
0x00007fff2ffe0000 - 0x00007fff3001b000 	C:\WINDOWS\SYSTEM32\IPHLPAPI.DLL
0x00007fff32470000 - 0x00007fff32478000 	C:\WINDOWS\System32\NSI.dll
0x00007fff2ac30000 - 0x00007fff2ac47000 	C:\WINDOWS\SYSTEM32\dhcpcsvc6.DLL
0x00007fff2a810000 - 0x00007fff2a82d000 	C:\WINDOWS\SYSTEM32\dhcpcsvc.DLL
0x00007fff30020000 - 0x00007fff300eb000 	C:\WINDOWS\SYSTEM32\DNSAPI.dll
0x00007fff1e7e0000 - 0x00007fff1e7f0000 	C:\Users\ERIN_JAVALead\.jdks\corretto-18.0.2\bin\verify.dll
0x00007ffee6260000 - 0x00007ffee6277000 	C:\WINDOWS\system32\napinsp.dll
0x00007ffee6240000 - 0x00007ffee625b000 	C:\WINDOWS\system32\pnrpnsp.dll
0x00007ffee6220000 - 0x00007ffee6232000 	C:\WINDOWS\System32\winrnr.dll
0x00007fff2c130000 - 0x00007fff2c14d000 	C:\WINDOWS\system32\NLAapi.dll
0x00007fff2b6d0000 - 0x00007fff2b6e5000 	C:\WINDOWS\system32\wshbth.dll
0x00007fff28a60000 - 0x00007fff28a6a000 	C:\Windows\System32\rasadhlp.dll
0x00007fff29e20000 - 0x00007fff29ea0000 	C:\WINDOWS\System32\fwpuclnt.dll

dbghelp: loaded successfully - version: 4.0.5 - missing functions: none
symbol engine: initialized successfully - sym options: 0x614 - pdb path: .;C:\Users\ERIN_JAVALead\.jdks\corretto-18.0.2\bin;C:\WINDOWS\SYSTEM32;C:\WINDOWS\WinSxS\amd64_microsoft.windows.common-controls_6595b64144ccf1df_6.0.19041.3636_none_60b6a03d71f818d5;C:\Users\ERIN_JAVALead\.jdks\corretto-18.0.2\bin\server;C:\Program Files\JetBrains\IntelliJ IDEA Community Edition 2021.3.3\bin

VM Arguments:
jvm_args: -javaagent:C:\Program Files\JetBrains\IntelliJ IDEA Community Edition 2021.3.3\lib\idea_rt.jar=64022:C:\Program Files\JetBrains\IntelliJ IDEA Community Edition 2021.3.3\bin -Dfile.encoding=UTF-8 
java_command: com.verise.veganapp.VeriseApplication
java_class_path (initial): C:\Users\ERIN_JAVALead\Downloads\verise\verise\target\classes;C:\Users\ERIN_JAVALead\.m2\repository\org\springframework\boot\spring-boot-starter-web\3.2.4\spring-boot-starter-web-3.2.4.jar;C:\Users\ERIN_JAVALead\.m2\repository\org\springframework\boot\spring-boot-starter\3.2.4\spring-boot-starter-3.2.4.jar;C:\Users\ERIN_JAVALead\.m2\repository\org\springframework\boot\spring-boot-starter-logging\3.2.4\spring-boot-starter-logging-3.2.4.jar;C:\Users\ERIN_JAVALead\.m2\repository\ch\qos\logback\logback-classic\1.4.14\logback-classic-1.4.14.jar;C:\Users\ERIN_JAVALead\.m2\repository\ch\qos\logback\logback-core\1.4.14\logback-core-1.4.14.jar;C:\Users\ERIN_JAVALead\.m2\repository\org\apache\logging\log4j\log4j-to-slf4j\2.21.1\log4j-to-slf4j-2.21.1.jar;C:\Users\ERIN_JAVALead\.m2\repository\org\apache\logging\log4j\log4j-api\2.21.1\log4j-api-2.21.1.jar;C:\Users\ERIN_JAVALead\.m2\repository\org\slf4j\jul-to-slf4j\2.0.12\jul-to-slf4j-2.0.12.jar;C:\Users\ERIN_JAVALead\.m2\repository\jakarta\annotation\jakarta.annotation-api\2.1.1\jakarta.annotation-api-2.1.1.jar;C:\Users\ERIN_JAVALead\.m2\repository\org\yaml\snakeyaml\2.2\snakeyaml-2.2.jar;C:\Users\ERIN_JAVALead\.m2\repository\org\springframework\boot\spring-boot-starter-json\3.2.4\spring-boot-starter-json-3.2.4.jar;C:\Users\ERIN_JAVALead\.m2\repository\com\fasterxml\jackson\core\jackson-databind\2.15.4\jackson-databind-2.15.4.jar;C:\Users\ERIN_JAVALead\.m2\repository\com\fasterxml\jackson\core\jackson-annotations\2.15.4\jackson-annotations-2.15.4.jar;C:\Users\ERIN_JAVALead\.m2\repository\com\fasterxml\jackson\core\jackson-core\2.15.4\jackson-core-2.15.4.jar;C:\Users\ERIN_JAVALead\.m2\repository\com\fasterxml\jackson\datatype\jackson-datatype-jdk8\2.15.4\jackson-datatype-jdk8-2.15.4.jar;C:\Users\ERIN_JAVALead\.m2\repository\com\fasterxml\jackson\datatype\jackson-datatype-jsr310\2.15.4\jackson-datatype-jsr310-2.15.4.jar;C:\Users\ERIN_JAVALead\.m2\repository\com\fasterxml\jackson\module\jackson-module-parameter-names\2.15.4\jackson-module-parameter-names-2.15.4.jar;C:\Users\ERIN_JAVALead\.m2\repository\org\springframework\boot\spring-boot-starter-tomcat\3.2.4\spring-boot-starter-tomcat-3.2.4.jar;C:\Users\ERIN_JAVALead\.m2\repository\org\apache\tomcat\embed\tomcat-embed-core\10.1.19\tomcat-embed-core-10.1.19.jar;C:\Users\ERIN_JAVALead\.m2\repository\org\apache\tomcat\embed\tomcat-embed-el\10.1.19\tomcat-embed-el-10.1.19.jar;C:\Users\ERIN_JAVALead\.m2\repository\org\apache\tomcat\embed\tomcat-embed-websocket\10.1.19\tomcat-embed-websocket-10.1.19.jar;C:\Users\ERIN_JAVALead\.m2\repository\org\springframework\spring-web\6.1.5\spring-web-6.1.5.jar;C:\Users\ERIN_JAVALead\.m2\repository\org\springframework\spring-beans\6.1.5\spring-beans-6.1.5.jar;C:\Users\ERIN_JAVALead\.m2\repository\io\micrometer\micrometer-observation\1.12.4\micrometer-observation-1.12.4.jar;C:\Users\ERIN_JAVALead\.m2\repository\io\micrometer\micrometer-commons\1.12.4\micrometer-commons-1.12.4.jar;C:\Users\ERIN_JAVALead\.m2\repository\org\springframework\spring-webmvc\6.1.5\spring-webmvc-6.1.5.jar;C:\Users\ERIN_JAVALead\.m2\repository\org\springframework\spring-aop\6.1.5\spring-aop-6.1.5.jar;C:\Users\ERIN_JAVALead\.m2\repository\org\springframework\spring-context\6.1.5\spring-context-6.1.5.jar;C:\Users\ERIN_JAVALead\.m2\repository\org\springframework\spring-expression\6.1.5\spring-expression-6.1.5.jar;C:\Users\ERIN_JAVALead\.m2\repository\org\springframework\boot\spring-boot-devtools\3.2.4\spring-boot-devtools-3.2.4.jar;C:\Users\ERIN_JAVALead\.m2\repository\org\springframework\boot\spring-boot\3.2.4\spring-boot-3.2.4.jar;C:\Users\ERIN_JAVALead\.m2\repository\org\springframework\boot\spring-boot-autoconfigure\3.2.4\spring-boot-autoconfigure-3.2.4.jar;C:\Users\ERIN_JAVALead\.m2\repository\org\projectlombok\lombok\1.18.30\lombok-1.18.30.jar;C:\Users\ERIN_JAVALead\.m2\repository\org\slf4j\slf4j-api\2.0.12\slf4j-api-2.0.12.jar;C:\Users\ERIN_JAVALead\.m2\repository\jakarta\xml\bind\jakarta.xml.bind-api\4.0.2\jakarta.xml.bind-api-4.0.2.jar;C:\Users\ERIN_JAVALead\.m2\repository\jakarta\activation\jakarta.activation-api\2.1.3\jakarta.activation-api-2.1.3.jar;C:\Users\ERIN_JAVALead\.m2\repository\net\bytebuddy\byte-buddy\1.14.12\byte-buddy-1.14.12.jar;C:\Users\ERIN_JAVALead\.m2\repository\org\springframework\spring-core\6.1.5\spring-core-6.1.5.jar;C:\Users\ERIN_JAVALead\.m2\repository\org\springframework\spring-jcl\6.1.5\spring-jcl-6.1.5.jar;C:\Users\ERIN_JAVALead\.m2\repository\org\springframework\boot\spring-boot-starter-data-jpa\3.2.4\spring-boot-starter-data-jpa-3.2.4.jar;C:\Users\ERIN_JAVALead\.m2\repository\org\springframework\boot\spring-boot-starter-aop\3.2.4\spring-boot-starter-aop-3.2.4.jar;C:\Users\ERIN_JAVALead\.m2\repository\org\aspectj\aspectjweaver\1.9.21\aspectjweaver-1.9.21.jar;C:\Users\ERIN_JAVALead\.m2\repository\org\springframework\boot\spring-boot-starter-jdbc\3.2.4\spring-boot-starter-jdbc-3.2.4.jar;C:\Users\ERIN_JAVALead\.m2\repository\com\zaxxer\HikariCP\5.0.1\HikariCP-5.0.1.jar;C:\Users\ERIN_JAVALead\.m2\repository\org\springframework\spring-jdbc\6.1.5\spring-jdbc-6.1.5.jar;C:\Users\ERIN_JAVALead\.m2\repository\org\hibernate\orm\hibernate-core\6.4.4.Final\hibernate-core-6.4.4.Final.jar;C:\Users\ERIN_JAVALead\.m2\repository\jakarta\persistence\jakarta.persistence-api\3.1.0\jakarta.persistence-api-3.1.0.jar;C:\Users\ERIN_JAVALead\.m2\repository\jakarta\transaction\jakarta.transaction-api\2.0.1\jakarta.transaction-api-2.0.1.jar;C:\Users\ERIN_JAVALead\.m2\repository\org\jboss\logging\jboss-logging\3.5.3.Final\jboss-logging-3.5.3.Final.jar;C:\Users\ERIN_JAVALead\.m2\repository\org\hibernate\common\hibernate-commons-annotations\6.0.6.Final\hibernate-commons-annotations-6.0.6.Final.jar;C:\Users\ERIN_JAVALead\.m2\repository\io\smallrye\jandex\3.1.2\jandex-3.1.2.jar;C:\Users\ERIN_JAVALead\.m2\repository\com\fasterxml\classmate\1.6.0\classmate-1.6.0.jar;C:\Users\ERIN_JAVALead\.m2\repository\org\glassfish\jaxb\jaxb-runtime\4.0.5\jaxb-runtime-4.0.5.jar;C:\Users\ERIN_JAVALead\.m2\repository\org\glassfish\jaxb\jaxb-core\4.0.5\jaxb-core-4.0.5.jar;C:\Users\ERIN_JAVALead\.m2\repository\org\eclipse\angus\angus-activation\2.0.2\angus-activation-2.0.2.jar;C:\Users\ERIN_JAVALead\.m2\repository\org\glassfish\jaxb\txw2\4.0.5\txw2-4.0.5.jar;C:\Users\ERIN_JAVALead\.m2\repository\com\sun\istack\istack-commons-runtime\4.1.2\istack-commons-runtime-4.1.2.jar;C:\Users\ERIN_JAVALead\.m2\repository\jakarta\inject\jakarta.inject-api\2.0.1\jakarta.inject-api-2.0.1.jar;C:\Users\ERIN_JAVALead\.m2\repository\org\antlr\antlr4-runtime\4.13.0\antlr4-runtime-4.13.0.jar;C:\Users\ERIN_JAVALead\.m2\repository\org\springframework\data\spring-data-jpa\3.2.4\spring-data-jpa-3.2.4.jar;C:\Users\ERIN_JAVALead\.m2\repository\org\springframework\data\spring-data-commons\3.2.4\spring-data-commons-3.2.4.jar;C:\Users\ERIN_JAVALead\.m2\repository\org\springframework\spring-orm\6.1.5\spring-orm-6.1.5.jar;C:\Users\ERIN_JAVALead\.m2\repository\org\springframework\spring-tx\6.1.5\spring-tx-6.1.5.jar;C:\Users\ERIN_JAVALead\.m2\repository\org\springframework\spring-aspects\6.1.5\spring-aspects-6.1.5.jar;C:\Users\ERIN_JAVALead\.m2\repository\com\microsoft\sqlserver\mssql-jdbc\12.4.2.jre11\mssql-jdbc-12.4.2.jre11.jar
Launcher Type: SUN_STANDARD

[Global flags]
     intx CICompilerCount                          = 3                                         {product} {ergonomic}
     uint ConcGCThreads                            = 1                                         {product} {ergonomic}
     uint G1ConcRefinementThreads                  = 4                                         {product} {ergonomic}
   size_t G1HeapRegionSize                         = 1048576                                   {product} {ergonomic}
    uintx GCDrainStackTargetSize                   = 64                                        {product} {ergonomic}
   size_t InitialHeapSize                          = 67108864                                  {product} {ergonomic}
   size_t MarkStackSize                            = 4194304                                   {product} {ergonomic}
   size_t MaxHeapSize                              = 1052770304                                {product} {ergonomic}
   size_t MaxNewSize                               = 631242752                                 {product} {ergonomic}
   size_t MinHeapDeltaBytes                        = 1048576                                   {product} {ergonomic}
   size_t MinHeapSize                              = 8388608                                   {product} {ergonomic}
    uintx NonNMethodCodeHeapSize                   = 5832780                                {pd product} {ergonomic}
    uintx NonProfiledCodeHeapSize                  = 122912730                              {pd product} {ergonomic}
    uintx ProfiledCodeHeapSize                     = 122912730                              {pd product} {ergonomic}
    uintx ReservedCodeCacheSize                    = 251658240                              {pd product} {ergonomic}
     bool SegmentedCodeCache                       = true                                      {product} {ergonomic}
   size_t SoftMaxHeapSize                          = 1052770304                             {manageable} {ergonomic}
     bool UseCompressedClassPointers               = true                           {product lp64_product} {ergonomic}
     bool UseCompressedOops                        = true                           {product lp64_product} {ergonomic}
     bool UseG1GC                                  = true                                      {product} {ergonomic}
     bool UseLargePagesIndividualAllocation        = false                                  {pd product} {ergonomic}

Logging:
Log output configuration:
 #0: stdout all=warning uptime,level,tags foldmultilines=false
 #1: stderr all=off uptime,level,tags foldmultilines=false

Environment Variables:
JAVA_HOME=C:\Program Files\Java\jdk1.8.0_202
PATH=C:\Program Files (x86)\Common Files\Oracle\Java\javapath;C:\WINDOWS\system32;C:\WINDOWS;C:\WINDOWS\System32\Wbem;C:\WINDOWS\System32\WindowsPowerShell\v1.0\;C:\WINDOWS\System32\OpenSSH\;C:\Program Files (x86)\nodejs\;C:\Program Files (x86)\nodejs\npm;C:\Users\ERIN_JAVALead\AppData\Roaming\npm;C:\Program Files\Git\cmd;C:\Program Files (x86)\dotnet\;C:\Program Files (x86)\Microsoft SQL Server\160\DTS\Binn\;C:\Program Files\Azure Data Studio\bin;C:\Program Files (x86)\Microsoft SQL Server\160\Tools\Binn\;C:\Program Files\Microsoft SQL Server\160\Tools\Binn\;C:\Program Files\Microsoft SQL Server\Client SDK\ODBC\170\Tools\Binn\;C:\Program Files\Microsoft SQL Server\160\DTS\Binn\;C:\Program Files\Java\jdk1.8.0_202\bin;C:\Program Files\Java\jdk1.8.0_202\jre\bin;C:\kafkasrc\bin\windows;C:\Program Files\Docker\Docker\resources\bin;C:\Program Files\Docker\Docker;C:\Users\ERIN_JAVALead\AppData\Local\Microsoft\WindowsApps;;C:\Users\ERIN_JAVALead\AppData\Local\Programs\Microsoft VS Code\bin;C:\Users\ERIN_JAVALead\AppData\Roaming\npm;C:\Program Files\Azure Data Studio\bin
USERNAME=ERIN_JAVALead
OS=Windows_NT
PROCESSOR_IDENTIFIER=Intel64 Family 6 Model 78 Stepping 3, GenuineIntel



---------------  S Y S T E M  ---------------

OS:
 Windows 10 , 64 bit Build 19041 (10.0.19041.3636)
OS uptime: 0 days 8:02 hours
Hyper-V role detected

CPU: total 4 (initial active 4) (2 cores per cpu, 2 threads per core) family 6 model 78 stepping 3 microcode 0xcc, cx8, cmov, fxsr, ht, mmx, 3dnowpref, sse, sse2, sse3, ssse3, sse4.1, sse4.2, popcnt, lzcnt, tsc, tscinvbit, avx, avx2, aes, erms, clmul, bmi1, bmi2, adx, fma, vzeroupper, clflush, clflushopt, hv

Memory: 4k page, system-wide physical 4012M (308M free)
TotalPageFile size 6060M (AvailPageFile size 6M)
current process WorkingSet (physical memory assigned to process): 211M, peak: 212M
current process commit charge ("private bytes"): 242M, peak: 243M

vm_info: OpenJDK 64-Bit Server VM (18.0.2+9-FR) for windows-amd64 JRE (18.0.2+9-FR), built on Jul 15 2022 20:03:03 by "Administrator" with MS VC++ 15.9 (VS2017)

END.
