#
# There is insufficient memory for the Java Runtime Environment to continue.
# Native memory allocation (malloc) failed to allocate 310416 bytes for Chunk::new
# Possible reasons:
#   The system is out of physical RAM or swap space
#   The process is running with CompressedOops enabled, and the Java Heap may be blocking the growth of the native heap
# Possible solutions:
#   Reduce memory load on the system
#   Increase physical memory or swap space
#   Check if swap backing store is full
#   Decrease Java heap size (-Xmx/-Xms)
#   Decrease number of Java threads
#   Decrease Java thread stack sizes (-Xss)
#   Set larger code cache with -XX:ReservedCodeCacheSize=
#   JVM is running with Unscaled Compressed Oops mode in which the Java heap is
#     placed in the first 4GB address space. The Java Heap base address is the
#     maximum limit for the native heap growth. Please use -XX:HeapBaseMinAddress
#     to set the Java Heap base and to place the Java Heap above 4GB virtual address.
# This output file may be truncated or incomplete.
#
#  Out of Memory Error (arena.cpp:184), pid=7188, tid=3400
#
# JRE version: OpenJDK Runtime Environment Corretto-18.0.2.9.1 (18.0.2+9) (build 18.0.2+9-FR)
# Java VM: OpenJDK 64-Bit Server VM Corretto-18.0.2.9.1 (18.0.2+9-FR, mixed mode, sharing, tiered, compressed oops, compressed class ptrs, g1 gc, windows-amd64)
# No core dump will be written. Minidumps are not enabled by default on client versions of Windows
#

---------------  S U M M A R Y ------------

Command Line: -javaagent:C:\Program Files\JetBrains\IntelliJ IDEA Community Edition 2021.3.3\lib\idea_rt.jar=51317:C:\Program Files\JetBrains\IntelliJ IDEA Community Edition 2021.3.3\bin -Dfile.encoding=UTF-8 com.verise.veganapp.VeriseApplication

Host: Intel(R) Core(TM) i3-6006U CPU @ 2.00GHz, 4 cores, 3G,  Windows 10 , 64 bit Build 19041 (10.0.19041.3636)
Time: Wed Apr 10 09:16:18 2024 W. Europe Daylight Time elapsed time: 24.538779 seconds (0d 0h 0m 24s)

---------------  T H R E A D  ---------------

Current thread (0x000002671ca66120):  JavaThread "C2 CompilerThread0" daemon [_thread_in_native, id=3400, stack(0x000000f767700000,0x000000f767800000)]


Current CompileTask:
C2:  24538 5768 %     4       java.util.Properties$LineReader::readLine @ 53 (584 bytes)

Stack: [0x000000f767700000,0x000000f767800000]
Native frames: (J=compiled Java code, j=interpreted, Vv=VM code, C=native code)
V  [jvm.dll+0x685a2a]
V  [jvm.dll+0x82ae8d]
V  [jvm.dll+0x82c75e]
V  [jvm.dll+0x82ce03]
V  [jvm.dll+0x25ef4b]
V  [jvm.dll+0xd42d2]
V  [jvm.dll+0xd4665]
V  [jvm.dll+0x385751]
V  [jvm.dll+0x34d82a]
V  [jvm.dll+0x34cc1a]
V  [jvm.dll+0x233a65]
V  [jvm.dll+0x232f37]
V  [jvm.dll+0x1c0a35]
V  [jvm.dll+0x24212c]
V  [jvm.dll+0x240534]
V  [jvm.dll+0x7df6db]
V  [jvm.dll+0x7d9cba]
V  [jvm.dll+0x6848a5]
C  [ucrtbase.dll+0x21bb2]
C  [KERNEL32.DLL+0x17344]
C  [ntdll.dll+0x526b1]


---------------  P R O C E S S  ---------------

Threads class SMR info:
_java_thread_list=0x000002673f7b1970, length=32, elements={
0x000002671ca483d0, 0x000002671ca49030, 0x000002671ca62760, 0x000002671ca64110,
0x000002671ca64ab0, 0x000002671ca65450, 0x000002671ca66120, 0x000002671ca66b00,
0x0000026737f806c0, 0x000002671ca2ff40, 0x000002673c53c100, 0x000002673c53c5c0,
0x000002673e96cb50, 0x000002673e96c680, 0x000002673e96d4f0, 0x000002673e96d9c0,
0x000002673e96b340, 0x000002673e96a9a0, 0x000002673e96ae70, 0x000002673e96b810,
0x000002673e96bce0, 0x000002673e96c1b0, 0x000002673e2f53a0, 0x000002673e2ef830,
0x000002673e2ef360, 0x000002673e2f1040, 0x000002673e2f2d20, 0x000002673e2f3b90,
0x000002673e2f4060, 0x000002673e2f66e0, 0x000002673e2f4a00, 0x000002673e2f5d40
}

Java Threads: ( => current thread )
  0x000002671ca483d0 JavaThread "Reference Handler" daemon [_thread_blocked, id=5856, stack(0x000000f767100000,0x000000f767200000)]
  0x000002671ca49030 JavaThread "Finalizer" daemon [_thread_blocked, id=9408, stack(0x000000f767200000,0x000000f767300000)]
  0x000002671ca62760 JavaThread "Signal Dispatcher" daemon [_thread_blocked, id=9580, stack(0x000000f767300000,0x000000f767400000)]
  0x000002671ca64110 JavaThread "Attach Listener" daemon [_thread_blocked, id=12012, stack(0x000000f767400000,0x000000f767500000)]
  0x000002671ca64ab0 JavaThread "Service Thread" daemon [_thread_blocked, id=10104, stack(0x000000f767500000,0x000000f767600000)]
  0x000002671ca65450 JavaThread "Monitor Deflation Thread" daemon [_thread_blocked, id=11400, stack(0x000000f767600000,0x000000f767700000)]
=>0x000002671ca66120 JavaThread "C2 CompilerThread0" daemon [_thread_in_native, id=3400, stack(0x000000f767700000,0x000000f767800000)]
  0x000002671ca66b00 JavaThread "C1 CompilerThread0" daemon [_thread_blocked, id=5720, stack(0x000000f767800000,0x000000f767900000)]
  0x0000026737f806c0 JavaThread "Sweeper thread" daemon [_thread_blocked, id=7416, stack(0x000000f767900000,0x000000f767a00000)]
  0x000002671ca2ff40 JavaThread "Common-Cleaner" daemon [_thread_blocked, id=1604, stack(0x000000f767a00000,0x000000f767b00000)]
  0x000002673c53c100 JavaThread "Monitor Ctrl-Break" daemon [_thread_in_native, id=9584, stack(0x000000f767b00000,0x000000f767c00000)]
  0x000002673c53c5c0 JavaThread "Notification Thread" daemon [_thread_blocked, id=9448, stack(0x000000f767c00000,0x000000f767d00000)]
  0x000002673e96cb50 JavaThread "Catalina-utility-1" [_thread_blocked, id=10420, stack(0x000000f768300000,0x000000f768400000)]
  0x000002673e96c680 JavaThread "Catalina-utility-2" [_thread_blocked, id=12048, stack(0x000000f768400000,0x000000f768500000)]
  0x000002673e96d4f0 JavaThread "container-0" [_thread_blocked, id=11088, stack(0x000000f768500000,0x000000f768600000)]
  0x000002673e96d9c0 JavaThread "mssql-jdbc-shared-timer-core-0" daemon [_thread_blocked, id=6020, stack(0x000000f768700000,0x000000f768800000)]
  0x000002673e96b340 JavaThread "HikariPool-1 housekeeper" daemon [_thread_blocked, id=9756, stack(0x000000f768800000,0x000000f768900000)]
  0x000002673e96a9a0 JavaThread "File Watcher" daemon [_thread_blocked, id=11912, stack(0x000000f768a00000,0x000000f768b00000)]
  0x000002673e96ae70 JavaThread "Live Reload Server" daemon [_thread_in_native, id=9972, stack(0x000000f768c00000,0x000000f768d00000)]
  0x000002673e96b810 JavaThread "http-nio-8082-exec-1" daemon [_thread_blocked, id=9144, stack(0x000000f768b00000,0x000000f768c00000)]
  0x000002673e96bce0 JavaThread "http-nio-8082-exec-2" daemon [_thread_in_native, id=9176, stack(0x000000f768d00000,0x000000f768e00000)]
  0x000002673e96c1b0 JavaThread "http-nio-8082-exec-3" daemon [_thread_blocked, id=6748, stack(0x000000f768e00000,0x000000f768f00000)]
  0x000002673e2f53a0 JavaThread "http-nio-8082-exec-4" daemon [_thread_blocked, id=8288, stack(0x000000f768f00000,0x000000f769000000)]
  0x000002673e2ef830 JavaThread "http-nio-8082-exec-5" daemon [_thread_blocked, id=7496, stack(0x000000f769000000,0x000000f769100000)]
  0x000002673e2ef360 JavaThread "http-nio-8082-exec-6" daemon [_thread_blocked, id=7488, stack(0x000000f769100000,0x000000f769200000)]
  0x000002673e2f1040 JavaThread "http-nio-8082-exec-7" daemon [_thread_blocked, id=12084, stack(0x000000f769200000,0x000000f769300000)]
  0x000002673e2f2d20 JavaThread "http-nio-8082-exec-8" daemon [_thread_blocked, id=8168, stack(0x000000f769300000,0x000000f769400000)]
  0x000002673e2f3b90 JavaThread "http-nio-8082-exec-9" daemon [_thread_blocked, id=12784, stack(0x000000f769400000,0x000000f769500000)]
  0x000002673e2f4060 JavaThread "http-nio-8082-exec-10" daemon [_thread_blocked, id=12808, stack(0x000000f769500000,0x000000f769600000)]
  0x000002673e2f66e0 JavaThread "http-nio-8082-Poller" daemon [_thread_in_native, id=3884, stack(0x000000f769600000,0x000000f769700000)]
  0x000002673e2f4a00 JavaThread "http-nio-8082-Acceptor" daemon [_thread_in_native, id=6304, stack(0x000000f769700000,0x000000f769800000)]
  0x000002673e2f5d40 JavaThread "DestroyJavaVM" [_thread_blocked, id=9048, stack(0x000000f766a00000,0x000000f766b00000)]

Other Threads:
  0x000002671ca43b80 VMThread "VM Thread" [stack: 0x000000f767000000,0x000000f767100000] [id=8480]
  0x000002671c9ad770 WatcherThread "VM Periodic Task Thread" [stack: 0x000000f767d00000,0x000000f767e00000] [id=5584]
  0x000002671c9ee490 WorkerThread "GC Thread#0" [stack: 0x000000f766b00000,0x000000f766c00000] [id=7940]
  0x000002673c552c90 WorkerThread "GC Thread#1" [stack: 0x000000f767e00000,0x000000f767f00000] [id=6188]
  0x000002673c7b8af0 WorkerThread "GC Thread#2" [stack: 0x000000f767f00000,0x000000f768000000] [id=3576]
  0x000002673c7b8d90 WorkerThread "GC Thread#3" [stack: 0x000000f768000000,0x000000f768100000] [id=12396]
  0x000002671c9f7140 ConcurrentGCThread "G1 Main Marker" [stack: 0x000000f766c00000,0x000000f766d00000] [id=12336]
  0x000002671c9f7b30 WorkerThread "G1 Conc#0" [stack: 0x000000f766d00000,0x000000f766e00000] [id=12860]
  0x000002671ca1eed0 ConcurrentGCThread "G1 Refine#0" [stack: 0x000000f766e00000,0x000000f766f00000] [id=9324]
  0x000002671ca1f7e0 ConcurrentGCThread "G1 Service" [stack: 0x000000f766f00000,0x000000f767000000] [id=12896]

Threads with active compile tasks:
C2 CompilerThread0    24632 5768 %     4       java.util.Properties$LineReader::readLine @ 53 (584 bytes)

VM state: not at safepoint (normal execution)

VM Mutex/Monitor currently owned by a thread: None

Heap address: 0x00000000c1400000, size: 1004 MB, Compressed Oops mode: 32-bit

CDS archive(s) mapped at: [0x0000000800000000-0x0000000800ba0000-0x0000000800ba0000), size 12189696, SharedBaseAddress: 0x0000000800000000, ArchiveRelocationMode: 0.
Compressed class space mapped at: 0x0000000800c00000-0x0000000840c00000, reserved size: 1073741824
Narrow klass base: 0x0000000800000000, Narrow klass shift: 0, Narrow klass range: 0x100000000

GC Precious Log:
 CardTable entry size: 512
 Card Set container configuration: InlinePtr #cards 5 size 8 Array Of Cards #cards 12 size 40 Howl #buckets 4 coarsen threshold 1843 Howl Bitmap #cards 512 size 80 coarsen threshold 460 Card regions per heap region 1 cards per card region 2048
 CPUs: 4 total, 4 available
 Memory: 4012M
 Large Page Support: Disabled
 NUMA Support: Disabled
 Compressed Oops: Enabled (32-bit)
 Heap Region Size: 1M
 Heap Min Capacity: 8M
 Heap Initial Capacity: 64M
 Heap Max Capacity: 1004M
 Pre-touch: Disabled
 Parallel Workers: 4
 Concurrent Workers: 1
 Concurrent Refinement Workers: 4
 Periodic GC: Disabled

Heap:
 garbage-first heap   total 53248K, used 35228K [0x00000000c1400000, 0x0000000100000000)
  region size 1024K, 9 young (9216K), 2 survivors (2048K)
 Metaspace       used 64300K, committed 65024K, reserved 1114112K
  class space    used 8490K, committed 8832K, reserved 1048576K

Heap Regions: E=young(eden), S=young(survivor), O=old, HS=humongous(starts), HC=humongous(continues), CS=collection set, F=free, OA=open archive, CA=closed archive, TAMS=top-at-mark-start (previous, next)
|   0|0x00000000c1400000, 0x00000000c1500000, 0x00000000c1500000|100%|HS|  |TAMS 0x00000000c1500000, 0x00000000c1400000| Complete 
|   1|0x00000000c1500000, 0x00000000c1600000, 0x00000000c1600000|100%| O|  |TAMS 0x00000000c1600000, 0x00000000c1500000| Untracked 
|   2|0x00000000c1600000, 0x00000000c1700000, 0x00000000c1700000|100%| O|  |TAMS 0x00000000c1700000, 0x00000000c1600000| Untracked 
|   3|0x00000000c1700000, 0x00000000c1800000, 0x00000000c1800000|100%| O|  |TAMS 0x00000000c1800000, 0x00000000c1700000| Untracked 
|   4|0x00000000c1800000, 0x00000000c1900000, 0x00000000c1900000|100%| O|  |TAMS 0x00000000c1900000, 0x00000000c1800000| Untracked 
|   5|0x00000000c1900000, 0x00000000c1a00000, 0x00000000c1a00000|100%| O|  |TAMS 0x00000000c1a00000, 0x00000000c1900000| Untracked 
|   6|0x00000000c1a00000, 0x00000000c1b00000, 0x00000000c1b00000|100%| O|  |TAMS 0x00000000c1b00000, 0x00000000c1a00000| Untracked 
|   7|0x00000000c1b00000, 0x00000000c1c00000, 0x00000000c1c00000|100%| O|  |TAMS 0x00000000c1c00000, 0x00000000c1b00000| Untracked 
|   8|0x00000000c1c00000, 0x00000000c1d00000, 0x00000000c1d00000|100%| O|  |TAMS 0x00000000c1d00000, 0x00000000c1c00000| Untracked 
|   9|0x00000000c1d00000, 0x00000000c1e00000, 0x00000000c1e00000|100%| O|  |TAMS 0x00000000c1e00000, 0x00000000c1d00000| Untracked 
|  10|0x00000000c1e00000, 0x00000000c1f00000, 0x00000000c1f00000|100%| O|  |TAMS 0x00000000c1f00000, 0x00000000c1e00000| Untracked 
|  11|0x00000000c1f00000, 0x00000000c1f9ca00, 0x00000000c2000000| 61%| O|  |TAMS 0x00000000c1f9ca00, 0x00000000c1f00000| Untracked 
|  12|0x00000000c2000000, 0x00000000c2100000, 0x00000000c2100000|100%| O|  |TAMS 0x00000000c2100000, 0x00000000c2000000| Untracked 
|  13|0x00000000c2100000, 0x00000000c2200000, 0x00000000c2200000|100%| O|  |TAMS 0x00000000c2200000, 0x00000000c2100000| Untracked 
|  14|0x00000000c2200000, 0x00000000c2300000, 0x00000000c2300000|100%| O|  |TAMS 0x00000000c2300000, 0x00000000c2200000| Untracked 
|  15|0x00000000c2300000, 0x00000000c2400000, 0x00000000c2400000|100%| O|  |TAMS 0x00000000c2400000, 0x00000000c2300000| Untracked 
|  16|0x00000000c2400000, 0x00000000c2500000, 0x00000000c2500000|100%| O|  |TAMS 0x00000000c2500000, 0x00000000c2400000| Untracked 
|  17|0x00000000c2500000, 0x00000000c2600000, 0x00000000c2600000|100%| O|  |TAMS 0x00000000c2600000, 0x00000000c2500000| Untracked 
|  18|0x00000000c2600000, 0x00000000c2700000, 0x00000000c2700000|100%| O|  |TAMS 0x00000000c2700000, 0x00000000c2600000| Untracked 
|  19|0x00000000c2700000, 0x00000000c2800000, 0x00000000c2800000|100%| O|  |TAMS 0x00000000c2800000, 0x00000000c2700000| Untracked 
|  20|0x00000000c2800000, 0x00000000c2900000, 0x00000000c2900000|100%| O|  |TAMS 0x00000000c2900000, 0x00000000c2800000| Untracked 
|  21|0x00000000c2900000, 0x00000000c2a00000, 0x00000000c2a00000|100%| O|  |TAMS 0x00000000c2a00000, 0x00000000c2900000| Untracked 
|  22|0x00000000c2a00000, 0x00000000c2b00000, 0x00000000c2b00000|100%| O|  |TAMS 0x00000000c2b00000, 0x00000000c2a00000| Untracked 
|  23|0x00000000c2b00000, 0x00000000c2c00000, 0x00000000c2c00000|100%| O|  |TAMS 0x00000000c2bca800, 0x00000000c2b00000| Untracked 
|  24|0x00000000c2c00000, 0x00000000c2d00000, 0x00000000c2d00000|100%| O|  |TAMS 0x00000000c2c00000, 0x00000000c2c00000| Untracked 
|  25|0x00000000c2d00000, 0x00000000c2e00000, 0x00000000c2e00000|100%| O|  |TAMS 0x00000000c2d00000, 0x00000000c2d00000| Untracked 
|  26|0x00000000c2e00000, 0x00000000c2f00000, 0x00000000c2f00000|100%| O|  |TAMS 0x00000000c2e00000, 0x00000000c2e00000| Untracked 
|  27|0x00000000c2f00000, 0x00000000c2f59e00, 0x00000000c3000000| 35%| O|  |TAMS 0x00000000c2f00000, 0x00000000c2f00000| Untracked 
|  28|0x00000000c3000000, 0x00000000c3000000, 0x00000000c3100000|  0%| F|  |TAMS 0x00000000c3000000, 0x00000000c3000000| Untracked 
|  29|0x00000000c3100000, 0x00000000c3100000, 0x00000000c3200000|  0%| F|  |TAMS 0x00000000c3100000, 0x00000000c3100000| Untracked 
|  30|0x00000000c3200000, 0x00000000c3200000, 0x00000000c3300000|  0%| F|  |TAMS 0x00000000c3200000, 0x00000000c3200000| Untracked 
|  31|0x00000000c3300000, 0x00000000c3300000, 0x00000000c3400000|  0%| F|  |TAMS 0x00000000c3300000, 0x00000000c3300000| Untracked 
|  32|0x00000000c3400000, 0x00000000c3400000, 0x00000000c3500000|  0%| F|  |TAMS 0x00000000c3400000, 0x00000000c3400000| Untracked 
|  33|0x00000000c3500000, 0x00000000c3500000, 0x00000000c3600000|  0%| F|  |TAMS 0x00000000c3500000, 0x00000000c3500000| Untracked 
|  34|0x00000000c3600000, 0x00000000c3600000, 0x00000000c3700000|  0%| F|  |TAMS 0x00000000c3600000, 0x00000000c3600000| Untracked 
|  35|0x00000000c3700000, 0x00000000c3700000, 0x00000000c3800000|  0%| F|  |TAMS 0x00000000c3700000, 0x00000000c3700000| Untracked 
|  36|0x00000000c3800000, 0x00000000c3800000, 0x00000000c3900000|  0%| F|  |TAMS 0x00000000c3800000, 0x00000000c3800000| Untracked 
|  37|0x00000000c3900000, 0x00000000c3900000, 0x00000000c3a00000|  0%| F|  |TAMS 0x00000000c3900000, 0x00000000c3900000| Untracked 
|  38|0x00000000c3a00000, 0x00000000c3a00000, 0x00000000c3b00000|  0%| F|  |TAMS 0x00000000c3a00000, 0x00000000c3a00000| Untracked 
|  39|0x00000000c3b00000, 0x00000000c3b70a40, 0x00000000c3c00000| 44%| S|CS|TAMS 0x00000000c3b00000, 0x00000000c3b00000| Complete 
|  40|0x00000000c3c00000, 0x00000000c3d00000, 0x00000000c3d00000|100%| S|CS|TAMS 0x00000000c3c00000, 0x00000000c3c00000| Complete 
|  41|0x00000000c3d00000, 0x00000000c3d00000, 0x00000000c3e00000|  0%| F|  |TAMS 0x00000000c3d00000, 0x00000000c3d00000| Untracked 
|  42|0x00000000c3e00000, 0x00000000c3e00000, 0x00000000c3f00000|  0%| F|  |TAMS 0x00000000c3e00000, 0x00000000c3e00000| Untracked 
|  43|0x00000000c3f00000, 0x00000000c3f00000, 0x00000000c4000000|  0%| F|  |TAMS 0x00000000c3f00000, 0x00000000c3f00000| Untracked 
|  44|0x00000000c4000000, 0x00000000c4000000, 0x00000000c4100000|  0%| F|  |TAMS 0x00000000c4000000, 0x00000000c4000000| Untracked 
|  45|0x00000000c4100000, 0x00000000c4200000, 0x00000000c4200000|100%| E|  |TAMS 0x00000000c4100000, 0x00000000c4100000| Complete 
|  46|0x00000000c4200000, 0x00000000c4300000, 0x00000000c4300000|100%| E|CS|TAMS 0x00000000c4200000, 0x00000000c4200000| Complete 
|  47|0x00000000c4300000, 0x00000000c4400000, 0x00000000c4400000|100%| E|CS|TAMS 0x00000000c4300000, 0x00000000c4300000| Complete 
|  48|0x00000000c4400000, 0x00000000c4500000, 0x00000000c4500000|100%| E|CS|TAMS 0x00000000c4400000, 0x00000000c4400000| Complete 
|  49|0x00000000c4500000, 0x00000000c4600000, 0x00000000c4600000|100%| E|CS|TAMS 0x00000000c4500000, 0x00000000c4500000| Complete 
|  50|0x00000000c4600000, 0x00000000c4700000, 0x00000000c4700000|100%| E|CS|TAMS 0x00000000c4600000, 0x00000000c4600000| Complete 
|  63|0x00000000c5300000, 0x00000000c5400000, 0x00000000c5400000|100%| E|CS|TAMS 0x00000000c5300000, 0x00000000c5300000| Complete 

Card table byte_map: [0x0000026733770000,0x0000026733970000] _byte_map_base: 0x0000026733166000

Marking Bits (Prev, Next): (CMBitMap*) 0x000002671c9eea90, (CMBitMap*) 0x000002671c9eead0
 Prev Bits: [0x0000026733b70000, 0x0000026734b20000)
 Next Bits: [0x0000026734b20000, 0x0000026735ad0000)

Polling page: 0x000002671a930000

Metaspace:

Usage:
  Non-class:     54.51 MB used.
      Class:      8.29 MB used.
       Both:     62.80 MB used.

Virtual space:
  Non-class space:       64.00 MB reserved,      54.88 MB ( 86%) committed,  1 nodes.
      Class space:        1.00 GB reserved,       8.63 MB ( <1%) committed,  1 nodes.
             Both:        1.06 GB reserved,      63.50 MB (  6%) committed. 

Chunk freelists:
   Non-Class:  720.00 KB
       Class:  3.38 MB
        Both:  4.08 MB

MaxMetaspaceSize: unlimited
CompressedClassSpaceSize: 1.00 GB
Initial GC threshold: 21.00 MB
Current GC threshold: 101.06 MB
CDS: on
MetaspaceReclaimPolicy: balanced
 - commit_granule_bytes: 65536.
 - commit_granule_words: 8192.
 - virtual_space_node_default_size: 8388608.
 - enlarge_chunks_in_place: 1.
 - new_chunks_are_fully_committed: 0.
 - uncommit_free_chunks: 1.
 - use_allocation_guard: 0.


Internal statistics:

num_allocs_failed_limit: 6.
num_arena_births: 944.
num_arena_deaths: 0.
num_vsnodes_births: 2.
num_vsnodes_deaths: 0.
num_space_committed: 1016.
num_space_uncommitted: 0.
num_chunks_returned_to_freelist: 6.
num_chunks_taken_from_freelist: 3165.
num_chunk_merges: 6.
num_chunk_splits: 2280.
num_chunks_enlarged: 1798.
num_inconsistent_stats: 0.

CodeHeap 'non-profiled nmethods': size=120000Kb used=2115Kb max_used=2797Kb free=117884Kb
 bounds [0x000002672c040000, 0x000002672c300000, 0x0000026733570000]
CodeHeap 'profiled nmethods': size=120000Kb used=9357Kb max_used=11592Kb free=110642Kb
 bounds [0x0000026724b10000, 0x0000026725670000, 0x000002672c040000]
CodeHeap 'non-nmethods': size=5760Kb used=1380Kb max_used=1456Kb free=4379Kb
 bounds [0x0000026724570000, 0x00000267247e0000, 0x0000026724b10000]
 total_blobs=5609 nmethods=4900 adapters=621
 compilation: enabled
              stopped_count=0, restarted_count=0
 full_count=0

Compilation events (20 events):
Event: 24.356 Thread 0x000002671ca66120 nmethod 5759 0x000002672c04f510 code [0x000002672c04f680, 0x000002672c04f8d8]
Event: 24.387 Thread 0x000002671ca66120 5760       4       java.util.concurrent.ConcurrentHashMap$EntryIterator::next (5 bytes)
Event: 24.397 Thread 0x000002671ca66b00 5761       3       java.nio.ByteBuffer::mark (7 bytes)
Event: 24.398 Thread 0x000002671ca66b00 nmethod 5761 0x0000026724b5e610 code [0x0000026724b5e7a0, 0x0000026724b5e918]
Event: 24.400 Thread 0x000002671ca66120 nmethod 5760 0x000002672c059c10 code [0x000002672c059da0, 0x000002672c05a298]
Event: 24.404 Thread 0x000002671ca66120 5762       4       java.nio.ByteBuffer::limit (6 bytes)
Event: 24.406 Thread 0x000002671ca66120 nmethod 5762 0x000002672c062610 code [0x000002672c0627a0, 0x000002672c0628b8]
Event: 24.409 Thread 0x000002671ca66b00 5763       3       java.lang.invoke.LambdaForm$NamedFunction::<init> (95 bytes)
Event: 24.410 Thread 0x000002671ca66b00 nmethod 5763 0x0000026724b68d90 code [0x0000026724b68f80, 0x0000026724b69478]
Event: 24.411 Thread 0x000002671ca66120 5764       4       java.lang.invoke.InvokerBytecodeGenerator::emitImplicitConversion (161 bytes)
Event: 24.475 Thread 0x000002671ca66120 nmethod 5764 0x000002672c0ee910 code [0x000002672c0eeba0, 0x000002672c0efb48]
Event: 24.476 Thread 0x000002671ca66120 5766       4       java.lang.StringConcatHelper::stringOf (20 bytes)
Event: 24.477 Thread 0x000002671ca66120 nmethod 5766 0x000002672c04b390 code [0x000002672c04b500, 0x000002672c04b598]
Event: 24.488 Thread 0x000002671ca66120 5767       4       java.lang.Module::isNamed (13 bytes)
Event: 24.489 Thread 0x000002671ca66120 nmethod 5767 0x000002672c054490 code [0x000002672c054600, 0x000002672c054698]
Event: 24.490 Thread 0x000002671ca66120 5768 %     4       java.util.Properties$LineReader::readLine @ 53 (584 bytes)
Event: 24.501 Thread 0x000002671ca66b00 5772       3       org.springframework.core.OrderComparator::getOrder (111 bytes)
Event: 24.502 Thread 0x000002671ca66b00 nmethod 5772 0x0000026725342690 code [0x00000267253428c0, 0x0000026725343078]
Event: 24.502 Thread 0x000002671ca66b00 5773       3       org.springframework.core.OrderComparator::getOrder (22 bytes)
Event: 24.502 Thread 0x000002671ca66b00 nmethod 5773 0x0000026724b1cd10 code [0x0000026724b1cec0, 0x0000026724b1d148]

GC Heap History (20 events):
Event: 13.685 GC heap before
{Heap before GC invocations=8 (full 0):
 garbage-first heap   total 51200K, used 35703K [0x00000000c1400000, 0x0000000100000000)
  region size 1024K, 20 young (20480K), 3 survivors (3072K)
 Metaspace       used 33961K, committed 34496K, reserved 1114112K
  class space    used 4262K, committed 4544K, reserved 1048576K
}
Event: 13.691 GC heap after
{Heap after GC invocations=9 (full 0):
 garbage-first heap   total 51200K, used 20198K [0x00000000c1400000, 0x0000000100000000)
  region size 1024K, 2 young (2048K), 2 survivors (2048K)
 Metaspace       used 33961K, committed 34496K, reserved 1114112K
  class space    used 4262K, committed 4544K, reserved 1048576K
}
Event: 13.974 GC heap before
{Heap before GC invocations=9 (full 0):
 garbage-first heap   total 51200K, used 25318K [0x00000000c1400000, 0x0000000100000000)
  region size 1024K, 8 young (8192K), 2 survivors (2048K)
 Metaspace       used 35384K, committed 35968K, reserved 1114112K
  class space    used 4493K, committed 4736K, reserved 1048576K
}
Event: 13.977 GC heap after
{Heap after GC invocations=10 (full 0):
 garbage-first heap   total 51200K, used 20273K [0x00000000c1400000, 0x0000000100000000)
  region size 1024K, 2 young (2048K), 2 survivors (2048K)
 Metaspace       used 35384K, committed 35968K, reserved 1114112K
  class space    used 4493K, committed 4736K, reserved 1048576K
}
Event: 15.265 GC heap before
{Heap before GC invocations=11 (full 0):
 garbage-first heap   total 51200K, used 38705K [0x00000000c1400000, 0x0000000100000000)
  region size 1024K, 20 young (20480K), 2 survivors (2048K)
 Metaspace       used 42513K, committed 43072K, reserved 1114112K
  class space    used 5321K, committed 5568K, reserved 1048576K
}
Event: 15.273 GC heap after
{Heap after GC invocations=12 (full 0):
 garbage-first heap   total 51200K, used 21455K [0x00000000c1400000, 0x0000000100000000)
  region size 1024K, 3 young (3072K), 3 survivors (3072K)
 Metaspace       used 42513K, committed 43072K, reserved 1114112K
  class space    used 5321K, committed 5568K, reserved 1048576K
}
Event: 15.951 GC heap before
{Heap before GC invocations=12 (full 0):
 garbage-first heap   total 51200K, used 39887K [0x00000000c1400000, 0x0000000100000000)
  region size 1024K, 21 young (21504K), 3 survivors (3072K)
 Metaspace       used 45781K, committed 46336K, reserved 1114112K
  class space    used 5758K, committed 6016K, reserved 1048576K
}
Event: 15.957 GC heap after
{Heap after GC invocations=13 (full 0):
 garbage-first heap   total 51200K, used 22604K [0x00000000c1400000, 0x0000000100000000)
  region size 1024K, 3 young (3072K), 3 survivors (3072K)
 Metaspace       used 45781K, committed 46336K, reserved 1114112K
  class space    used 5758K, committed 6016K, reserved 1048576K
}
Event: 16.705 GC heap before
{Heap before GC invocations=13 (full 0):
 garbage-first heap   total 51200K, used 38988K [0x00000000c1400000, 0x0000000100000000)
  region size 1024K, 20 young (20480K), 3 survivors (3072K)
 Metaspace       used 50663K, committed 51264K, reserved 1114112K
  class space    used 6450K, committed 6720K, reserved 1048576K
}
Event: 16.711 GC heap after
{Heap after GC invocations=14 (full 0):
 garbage-first heap   total 51200K, used 23449K [0x00000000c1400000, 0x0000000100000000)
  region size 1024K, 2 young (2048K), 2 survivors (2048K)
 Metaspace       used 50663K, committed 51264K, reserved 1114112K
  class space    used 6450K, committed 6720K, reserved 1048576K
}
Event: 17.621 GC heap before
{Heap before GC invocations=14 (full 0):
 garbage-first heap   total 51200K, used 39833K [0x00000000c1400000, 0x0000000100000000)
  region size 1024K, 19 young (19456K), 2 survivors (2048K)
 Metaspace       used 54721K, committed 55296K, reserved 1114112K
  class space    used 7137K, committed 7424K, reserved 1048576K
}
Event: 17.626 GC heap after
{Heap after GC invocations=15 (full 0):
 garbage-first heap   total 51200K, used 24201K [0x00000000c1400000, 0x0000000100000000)
  region size 1024K, 2 young (2048K), 2 survivors (2048K)
 Metaspace       used 54721K, committed 55296K, reserved 1114112K
  class space    used 7137K, committed 7424K, reserved 1048576K
}
Event: 18.270 GC heap before
{Heap before GC invocations=15 (full 0):
 garbage-first heap   total 51200K, used 40585K [0x00000000c1400000, 0x0000000100000000)
  region size 1024K, 18 young (18432K), 2 survivors (2048K)
 Metaspace       used 58189K, committed 58816K, reserved 1114112K
  class space    used 7584K, committed 7872K, reserved 1048576K
}
Event: 18.277 GC heap after
{Heap after GC invocations=16 (full 0):
 garbage-first heap   total 51200K, used 25454K [0x00000000c1400000, 0x0000000100000000)
  region size 1024K, 3 young (3072K), 3 survivors (3072K)
 Metaspace       used 58189K, committed 58816K, reserved 1114112K
  class space    used 7584K, committed 7872K, reserved 1048576K
}
Event: 18.725 GC heap before
{Heap before GC invocations=17 (full 0):
 garbage-first heap   total 51200K, used 40814K [0x00000000c1400000, 0x0000000100000000)
  region size 1024K, 18 young (18432K), 3 survivors (3072K)
 Metaspace       used 59196K, committed 59776K, reserved 1114112K
  class space    used 7813K, committed 8128K, reserved 1048576K
}
Event: 18.732 GC heap after
{Heap after GC invocations=18 (full 0):
 garbage-first heap   total 51200K, used 26249K [0x00000000c1400000, 0x0000000100000000)
  region size 1024K, 3 young (3072K), 3 survivors (3072K)
 Metaspace       used 59196K, committed 59776K, reserved 1114112K
  class space    used 7813K, committed 8128K, reserved 1048576K
}
Event: 19.483 GC heap before
{Heap before GC invocations=18 (full 0):
 garbage-first heap   total 51200K, used 41609K [0x00000000c1400000, 0x0000000100000000)
  region size 1024K, 18 young (18432K), 3 survivors (3072K)
 Metaspace       used 61136K, committed 61760K, reserved 1114112K
  class space    used 8070K, committed 8384K, reserved 1048576K
}
Event: 19.491 GC heap after
{Heap after GC invocations=19 (full 0):
 garbage-first heap   total 51200K, used 27920K [0x00000000c1400000, 0x0000000100000000)
  region size 1024K, 3 young (3072K), 3 survivors (3072K)
 Metaspace       used 61136K, committed 61760K, reserved 1114112K
  class space    used 8070K, committed 8384K, reserved 1048576K
}
Event: 20.000 GC heap before
{Heap before GC invocations=20 (full 0):
 garbage-first heap   total 53248K, used 39184K [0x00000000c1400000, 0x0000000100000000)
  region size 1024K, 14 young (14336K), 3 survivors (3072K)
 Metaspace       used 62447K, committed 63168K, reserved 1114112K
  class space    used 8252K, committed 8576K, reserved 1048576K
}
Event: 20.008 GC heap after
{Heap after GC invocations=21 (full 0):
 garbage-first heap   total 53248K, used 29084K [0x00000000c1400000, 0x0000000100000000)
  region size 1024K, 2 young (2048K), 2 survivors (2048K)
 Metaspace       used 62447K, committed 63168K, reserved 1114112K
  class space    used 8252K, committed 8576K, reserved 1048576K
}

Deoptimization events (20 events):
Event: 19.099 Thread 0x000002673c6ba630 DEOPT PACKING pc=0x000002672c2481b8 sp=0x000000f7682fc720
Event: 19.099 Thread 0x000002673c6ba630 DEOPT UNPACKING pc=0x00000267245c23a3 sp=0x000000f7682fc6a8 mode 2
Event: 19.749 Thread 0x000002673c6ba630 Uncommon trap: trap_request=0xffffff45 fr.pc=0x000002672c2c1784 relative=0x00000000000004c4
Event: 19.749 Thread 0x000002673c6ba630 Uncommon trap: reason=unstable_if action=reinterpret pc=0x000002672c2c1784 method=org.springframework.beans.factory.support.DefaultSingletonBeanRegistry.getSingleton(Ljava/lang/String;Z)Ljava/lang/Object; @ 39 c2
Event: 19.749 Thread 0x000002673c6ba630 DEOPT PACKING pc=0x000002672c2c1784 sp=0x000000f7682fdb20
Event: 19.749 Thread 0x000002673c6ba630 DEOPT UNPACKING pc=0x00000267245c23a3 sp=0x000000f7682fdab8 mode 2
Event: 19.797 Thread 0x000002673c6ba630 Uncommon trap: trap_request=0xfffffff4 fr.pc=0x000002672c165e48 relative=0x0000000000000288
Event: 19.797 Thread 0x000002673c6ba630 Uncommon trap: reason=null_check action=make_not_entrant pc=0x000002672c165e48 method=org.springframework.util.ClassUtils.isAssignable(Ljava/lang/Class;Ljava/lang/Class;)Z @ 14 c2
Event: 19.797 Thread 0x000002673c6ba630 DEOPT PACKING pc=0x000002672c165e48 sp=0x000000f7682fdf70
Event: 19.797 Thread 0x000002673c6ba630 DEOPT UNPACKING pc=0x00000267245c23a3 sp=0x000000f7682fdf00 mode 2
Event: 19.812 Thread 0x000002673c6ba630 DEOPT PACKING pc=0x0000026724d592a3 sp=0x000000f7682fc620
Event: 19.812 Thread 0x000002673c6ba630 DEOPT UNPACKING pc=0x00000267245c2b43 sp=0x000000f7682fba90 mode 0
Event: 19.998 Thread 0x000002673c6ba630 Uncommon trap: trap_request=0xffffff45 fr.pc=0x000002672c0a8160 relative=0x0000000000000060
Event: 19.998 Thread 0x000002673c6ba630 Uncommon trap: reason=unstable_if action=reinterpret pc=0x000002672c0a8160 method=org.springframework.util.ConcurrentReferenceHashMap$Segment.clear()V @ 7 c2
Event: 19.998 Thread 0x000002673c6ba630 DEOPT PACKING pc=0x000002672c0a8160 sp=0x000000f7682fe8b0
Event: 19.998 Thread 0x000002673c6ba630 DEOPT UNPACKING pc=0x00000267245c23a3 sp=0x000000f7682fe840 mode 2
Event: 20.011 Thread 0x000002673c6ba630 Uncommon trap: trap_request=0xffffff54 fr.pc=0x000002672c0c0e98 relative=0x0000000000000258
Event: 20.011 Thread 0x000002673c6ba630 Uncommon trap: reason=speculate_null_assert action=make_not_entrant pc=0x000002672c0c0e98 method=org.springframework.util.ConcurrentReferenceHashMap$Segment.restructureIfNecessary(Z)V @ 41 c2
Event: 20.012 Thread 0x000002673c6ba630 DEOPT PACKING pc=0x000002672c0c0e98 sp=0x000000f7682fe5a0
Event: 20.012 Thread 0x000002673c6ba630 DEOPT UNPACKING pc=0x00000267245c23a3 sp=0x000000f7682fe578 mode 2

Classes loaded (20 events):
Event: 24.346 Loading class java/util/concurrent/Semaphore$Sync done
Event: 24.346 Loading class java/util/concurrent/Semaphore$NonfairSync done
Event: 24.346 Loading class sun/nio/ch/SocketAdaptor
Event: 24.347 Loading class sun/nio/ch/SocketAdaptor done
Event: 24.351 Loading class sun/nio/ch/SelectionKeyImpl
Event: 24.351 Loading class java/nio/channels/spi/AbstractSelectionKey
Event: 24.351 Loading class java/nio/channels/SelectionKey
Event: 24.352 Loading class java/nio/channels/SelectionKey done
Event: 24.352 Loading class java/nio/channels/spi/AbstractSelectionKey done
Event: 24.352 Loading class sun/nio/ch/SelectionKeyImpl done
Event: 24.352 Loading class java/lang/invoke/ConstantBootstraps
Event: 24.352 Loading class java/lang/invoke/ConstantBootstraps done
Event: 24.419 Loading class sun/nio/cs/ThreadLocalCoders
Event: 24.419 Loading class sun/nio/cs/ThreadLocalCoders done
Event: 24.419 Loading class sun/nio/cs/ThreadLocalCoders$1
Event: 24.419 Loading class sun/nio/cs/ThreadLocalCoders$Cache
Event: 24.419 Loading class sun/nio/cs/ThreadLocalCoders$Cache done
Event: 24.419 Loading class sun/nio/cs/ThreadLocalCoders$1 done
Event: 24.419 Loading class sun/nio/cs/ThreadLocalCoders$2
Event: 24.419 Loading class sun/nio/cs/ThreadLocalCoders$2 done

Classes unloaded (0 events):
No events

Classes redefined (0 events):
No events

Internal exceptions (20 events):
Event: 17.786 Thread 0x000002673c6ba630 Exception <a 'java/lang/NoSuchMethodError'{0x00000000c412ecc8}: 'void java.lang.invoke.DirectMethodHandle$Holder.invokeInterface(java.lang.Object, java.lang.Object)'> (0x00000000c412ecc8) 
thrown [s\src\hotspot\share\interpreter\linkResolver.cpp, line 759]
Event: 17.953 Thread 0x000002673c6ba630 Exception <a 'java/lang/NoSuchMethodError'{0x00000000c3e17610}: 'void java.lang.invoke.Invokers$Holder.invokeExact_MT(java.lang.Object, java.lang.Object, java.lang.Object, java.lang.Object)'> (0x00000000c3e17610) 
thrown [s\src\hotspot\share\interpreter\linkResolver.cpp, line 759]
Event: 17.985 Thread 0x000002673c6ba630 Implicit null exception at 0x000002672c297e51 to 0x000002672c29808c
Event: 18.055 Thread 0x000002673c6ba630 Exception <a 'java/lang/IncompatibleClassChangeError'{0x00000000c3be2d50}: Found class java.lang.Object, but interface was expected> (0x00000000c3be2d50) 
thrown [s\src\hotspot\share\interpreter\linkResolver.cpp, line 826]
Event: 18.074 Thread 0x000002673c6ba630 Exception <a 'java/lang/IncompatibleClassChangeError'{0x00000000c3a70d88}: Found class java.lang.Object, but interface was expected> (0x00000000c3a70d88) 
thrown [s\src\hotspot\share\interpreter\linkResolver.cpp, line 826]
Event: 18.129 Thread 0x000002673c6ba630 Exception <a 'java/lang/IncompatibleClassChangeError'{0x00000000c39e31e0}: Found class java.lang.Object, but interface was expected> (0x00000000c39e31e0) 
thrown [s\src\hotspot\share\interpreter\linkResolver.cpp, line 826]
Event: 18.452 Thread 0x000002673c6ba630 Exception <a 'java/lang/IncompatibleClassChangeError'{0x00000000c42a5780}: Found class java.lang.Object, but interface was expected> (0x00000000c42a5780) 
thrown [s\src\hotspot\share\interpreter\linkResolver.cpp, line 826]
Event: 18.956 Thread 0x000002673c6ba630 Exception <a 'java/lang/NoSuchMethodError'{0x00000000c400fd88}: 'java.lang.Object java.lang.invoke.DirectMethodHandle$Holder.newInvokeSpecial(java.lang.Object, java.lang.Object, java.lang.Object, java.lang.Object, java.lang.Object, java.lang.Object, java.lang.Object, java.lang.Object)'> (0x00000000c400fd88) 
thrown [s\src\hotspot\share\interpreter\linkResolver.cpp, line 759]
Event: 19.371 Thread 0x000002673c6ba630 Exception <a 'sun/nio/fs/WindowsException'{0x00000000c3aafa20}> (0x00000000c3aafa20) 
thrown [s\src\hotspot\share\prims\jni.cpp, line 516]
Event: 19.506 Thread 0x000002673c6ba630 Exception <a 'java/lang/IncompatibleClassChangeError'{0x00000000c533f7c8}: Found class java.lang.Object, but interface was expected> (0x00000000c533f7c8) 
thrown [s\src\hotspot\share\interpreter\linkResolver.cpp, line 826]
Event: 19.617 Thread 0x000002673c6ba630 Exception <a 'java/lang/NoSuchMethodError'{0x00000000c44f7c98}: 'void java.lang.invoke.DirectMethodHandle$Holder.invokeVirtual(java.lang.Object, java.lang.Object, long)'> (0x00000000c44f7c98) 
thrown [s\src\hotspot\share\interpreter\linkResolver.cpp, line 759]
Event: 19.740 Thread 0x000002673c6ba630 Exception <a 'java/lang/NoSuchMethodError'{0x00000000c4225190}: 'int java.lang.invoke.DirectMethodHandle$Holder.invokeStaticInit(java.lang.Object, java.lang.Object, java.lang.Object, java.lang.Object)'> (0x00000000c4225190) 
thrown [s\src\hotspot\share\interpreter\linkResolver.cpp, line 759]
Event: 19.776 Thread 0x000002673c6ba630 Exception <a 'java/lang/IncompatibleClassChangeError'{0x00000000c42ee7b8}: Found class java.lang.Object, but interface was expected> (0x00000000c42ee7b8) 
thrown [s\src\hotspot\share\interpreter\linkResolver.cpp, line 826]
Event: 19.797 Thread 0x000002673c6ba630 Implicit null exception at 0x000002672c165be0 to 0x000002672c165e34
Event: 20.015 Thread 0x000002673c6ba630 Exception <a 'java/lang/NoSuchMethodError'{0x00000000c530d610}: 'java.lang.Object java.lang.invoke.DirectMethodHandle$Holder.newInvokeSpecial(java.lang.Object, java.lang.Object, int, java.lang.Object, java.lang.Object)'> (0x00000000c530d610) 
thrown [s\src\hotspot\share\interpreter\linkResolver.cpp, line 759]
Event: 20.016 Thread 0x000002673c6ba630 Exception <a 'java/lang/NoSuchMethodError'{0x00000000c5318b98}: 'java.lang.Object java.lang.invoke.DirectMethodHandle$Holder.invokeSpecial(java.lang.Object, java.lang.Object, int, java.lang.Object, int, java.lang.Object)'> (0x00000000c5318b98) 
thrown [s\src\hotspot\share\interpreter\linkResolver.cpp, line 759]
Event: 20.018 Thread 0x000002673c6ba630 Exception <a 'java/lang/NoSuchMethodError'{0x00000000c5320c48}: 'java.lang.Object java.lang.invoke.DirectMethodHandle$Holder.newInvokeSpecial(java.lang.Object, java.lang.Object, int, java.lang.Object, int)'> (0x00000000c5320c48) 
thrown [s\src\hotspot\share\interpreter\linkResolver.cpp, line 759]
Event: 20.019 Thread 0x000002673c6ba630 Exception <a 'java/lang/NoSuchMethodError'{0x00000000c5324d50}: 'java.lang.Object java.lang.invoke.DirectMethodHandle$Holder.invokeSpecial(java.lang.Object, java.lang.Object, java.lang.Object, int, java.lang.Object, int)'> (0x00000000c5324d50) 
thrown [s\src\hotspot\share\interpreter\linkResolver.cpp, line 759]
Event: 24.411 Thread 0x000002673e96bce0 Exception <a 'java/lang/NoSuchMethodError'{0x00000000c44d45b0}: 'java.lang.Object java.lang.invoke.DirectMethodHandle$Holder.invokeSpecial(java.lang.Object, java.lang.Object, java.lang.Object, java.lang.Object, java.lang.Object, long)'> (0x00000000c44d45b0) 
thrown [s\src\hotspot\share\interpreter\linkResolver.cpp, line 759]
Event: 24.412 Thread 0x000002673e96bce0 Exception <a 'java/lang/NoSuchMethodError'{0x00000000c44d7ff8}: 'java.lang.Object java.lang.invoke.Invokers$Holder.linkToTargetMethod(java.lang.Object, java.lang.Object, java.lang.Object, long, java.lang.Object)'> (0x00000000c44d7ff8) 
thrown [s\src\hotspot\share\interpreter\linkResolver.cpp, line 759]

VM Operations (20 events):
Event: 19.595 Executing VM operation: G1Concurrent
Event: 19.601 Executing VM operation: G1Concurrent done
Event: 19.648 Executing VM operation: G1Concurrent
Event: 19.648 Executing VM operation: G1Concurrent done
Event: 19.665 Executing VM operation: HandshakeAllThreads
Event: 19.665 Executing VM operation: HandshakeAllThreads done
Event: 20.000 Executing VM operation: G1CollectForAllocation
Event: 20.008 Executing VM operation: G1CollectForAllocation done
Event: 20.011 Executing VM operation: HandshakeAllThreads
Event: 20.011 Executing VM operation: HandshakeAllThreads done
Event: 20.858 Executing VM operation: HandshakeAllThreads
Event: 20.859 Executing VM operation: HandshakeAllThreads done
Event: 20.889 Executing VM operation: HandshakeAllThreads
Event: 20.889 Executing VM operation: HandshakeAllThreads done
Event: 20.901 Executing VM operation: HandshakeAllThreads
Event: 20.901 Executing VM operation: HandshakeAllThreads done
Event: 21.903 Executing VM operation: Cleanup
Event: 21.903 Executing VM operation: Cleanup done
Event: 24.454 Executing VM operation: HandshakeAllThreads
Event: 24.454 Executing VM operation: HandshakeAllThreads done

Events (20 events):
Event: 20.909 Thread 0x0000026737f806c0 flushing nmethod 0x0000026725416510
Event: 20.909 Thread 0x0000026737f806c0 flushing nmethod 0x0000026725419b90
Event: 20.909 Thread 0x0000026737f806c0 flushing nmethod 0x000002672541b490
Event: 20.909 Thread 0x0000026737f806c0 flushing nmethod 0x000002672541d010
Event: 20.910 Thread 0x0000026737f806c0 flushing nmethod 0x0000026725451f10
Event: 20.910 Thread 0x0000026737f806c0 flushing nmethod 0x0000026725458910
Event: 20.910 Thread 0x0000026737f806c0 flushing nmethod 0x000002672545c190
Event: 20.910 Thread 0x0000026737f806c0 flushing nmethod 0x000002672545d890
Event: 20.910 Thread 0x0000026737f806c0 flushing nmethod 0x00000267254c9410
Event: 20.910 Thread 0x0000026737f806c0 flushing nmethod 0x00000267254ef110
Event: 20.910 Thread 0x0000026737f806c0 flushing nmethod 0x00000267254f8c90
Event: 20.910 Thread 0x0000026737f806c0 flushing nmethod 0x0000026725503390
Event: 20.911 Thread 0x0000026737f806c0 flushing nmethod 0x000002672556ae10
Event: 20.911 Thread 0x0000026737f806c0 flushing nmethod 0x000002672556ed10
Event: 20.911 Thread 0x0000026737f806c0 flushing nmethod 0x0000026725580e90
Event: 20.911 Thread 0x0000026737f806c0 flushing nmethod 0x00000267255aa910
Event: 20.911 Thread 0x0000026737f806c0 flushing nmethod 0x00000267255bf310
Event: 20.911 Thread 0x0000026737f806c0 flushing nmethod 0x00000267255c0b10
Event: 20.911 Thread 0x0000026737f806c0 flushing nmethod 0x00000267255fe190
Event: 21.096 Thread 0x000002673e96de90 Thread exited: 0x000002673e96de90


Dynamic libraries:
0x00007ff7461d0000 - 0x00007ff7461dd000 	C:\Users\ERIN_JAVALead\.jdks\corretto-18.0.2\bin\java.exe
0x00007ff933fd0000 - 0x00007ff9341c8000 	C:\WINDOWS\SYSTEM32\ntdll.dll
0x00007ff932060000 - 0x00007ff93211d000 	C:\WINDOWS\System32\KERNEL32.DLL
0x00007ff931980000 - 0x00007ff931c76000 	C:\WINDOWS\System32\KERNELBASE.dll
0x00007ff931db0000 - 0x00007ff931eb0000 	C:\WINDOWS\System32\ucrtbase.dll
0x00007ff9292b0000 - 0x00007ff9292c7000 	C:\Users\ERIN_JAVALead\.jdks\corretto-18.0.2\bin\jli.dll
0x00007ff9332c0000 - 0x00007ff93345e000 	C:\WINDOWS\System32\USER32.dll
0x00007ff931700000 - 0x00007ff931722000 	C:\WINDOWS\System32\win32u.dll
0x00007ff932b90000 - 0x00007ff932bbb000 	C:\WINDOWS\System32\GDI32.dll
0x00007ff931eb0000 - 0x00007ff931fc7000 	C:\WINDOWS\System32\gdi32full.dll
0x00007ff9318e0000 - 0x00007ff93197d000 	C:\WINDOWS\System32\msvcp_win.dll
0x00007ff9291a0000 - 0x00007ff9291b5000 	C:\Users\ERIN_JAVALead\.jdks\corretto-18.0.2\bin\VCRUNTIME140.dll
0x00007ff91b740000 - 0x00007ff91b9da000 	C:\WINDOWS\WinSxS\amd64_microsoft.windows.common-controls_6595b64144ccf1df_6.0.19041.3636_none_60b6a03d71f818d5\COMCTL32.dll
0x00007ff933cb0000 - 0x00007ff933d4e000 	C:\WINDOWS\System32\msvcrt.dll
0x00007ff932bc0000 - 0x00007ff932bf2000 	C:\WINDOWS\System32\IMM32.DLL
0x00007ff914f00000 - 0x00007ff914f9b000 	C:\Users\ERIN_JAVALead\.jdks\corretto-18.0.2\bin\msvcp140.dll
0x00007ff8e8fd0000 - 0x00007ff8e9c41000 	C:\Users\ERIN_JAVALead\.jdks\corretto-18.0.2\bin\server\jvm.dll
0x00007ff932120000 - 0x00007ff9321d0000 	C:\WINDOWS\System32\ADVAPI32.dll
0x00007ff933e20000 - 0x00007ff933ec0000 	C:\WINDOWS\System32\sechost.dll
0x00007ff9334c0000 - 0x00007ff9335e5000 	C:\WINDOWS\System32\RPCRT4.dll
0x00007ff931d10000 - 0x00007ff931d37000 	C:\WINDOWS\System32\bcrypt.dll
0x00007ff931fd0000 - 0x00007ff931fd8000 	C:\WINDOWS\System32\PSAPI.DLL
0x00007ff92d2b0000 - 0x00007ff92d2b9000 	C:\WINDOWS\SYSTEM32\WSOCK32.dll
0x00007ff933b70000 - 0x00007ff933bdb000 	C:\WINDOWS\System32\WS2_32.dll
0x00007ff9086b0000 - 0x00007ff9086d7000 	C:\WINDOWS\SYSTEM32\WINMM.dll
0x00007ff92c1d0000 - 0x00007ff92c1da000 	C:\WINDOWS\SYSTEM32\VERSION.dll
0x00007ff92f4c0000 - 0x00007ff92f4d2000 	C:\WINDOWS\SYSTEM32\kernel.appcore.dll
0x00007ff9292a0000 - 0x00007ff9292aa000 	C:\Users\ERIN_JAVALead\.jdks\corretto-18.0.2\bin\jimage.dll
0x00007ff929f00000 - 0x00007ff92a0e4000 	C:\WINDOWS\SYSTEM32\DBGHELP.DLL
0x00007ff929ec0000 - 0x00007ff929ef4000 	C:\WINDOWS\SYSTEM32\dbgcore.DLL
0x00007ff931c80000 - 0x00007ff931d02000 	C:\WINDOWS\System32\bcryptPrimitives.dll
0x00007ff915090000 - 0x00007ff91509e000 	C:\Users\ERIN_JAVALead\.jdks\corretto-18.0.2\bin\instrument.dll
0x00007ff915a10000 - 0x00007ff915a35000 	C:\Users\ERIN_JAVALead\.jdks\corretto-18.0.2\bin\java.dll
0x00007ff913ec0000 - 0x00007ff913f96000 	C:\Users\ERIN_JAVALead\.jdks\corretto-18.0.2\bin\jsvml.dll
0x00007ff9321d0000 - 0x00007ff93293b000 	C:\WINDOWS\System32\SHELL32.dll
0x00007ff92f6c0000 - 0x00007ff92fe5e000 	C:\WINDOWS\SYSTEM32\windows.storage.dll
0x00007ff9335f0000 - 0x00007ff933943000 	C:\WINDOWS\System32\combase.dll
0x00007ff930ed0000 - 0x00007ff930efe000 	C:\WINDOWS\SYSTEM32\Wldp.dll
0x00007ff933d50000 - 0x00007ff933e1d000 	C:\WINDOWS\System32\OLEAUT32.dll
0x00007ff932ce0000 - 0x00007ff932d8d000 	C:\WINDOWS\System32\SHCORE.dll
0x00007ff932df0000 - 0x00007ff932e45000 	C:\WINDOWS\System32\shlwapi.dll
0x00007ff931580000 - 0x00007ff9315a5000 	C:\WINDOWS\SYSTEM32\profapi.dll
0x00007ff91d8e0000 - 0x00007ff91d8f8000 	C:\Users\ERIN_JAVALead\.jdks\corretto-18.0.2\bin\zip.dll
0x00007ff927610000 - 0x00007ff927623000 	C:\Users\ERIN_JAVALead\.jdks\corretto-18.0.2\bin\net.dll
0x00007ff92b0c0000 - 0x00007ff92b1ca000 	C:\WINDOWS\SYSTEM32\WINHTTP.dll
0x00007ff930cb0000 - 0x00007ff930d1a000 	C:\WINDOWS\system32\mswsock.dll
0x00007ff923170000 - 0x00007ff923185000 	C:\Users\ERIN_JAVALead\.jdks\corretto-18.0.2\bin\nio.dll
0x00007ff914eb0000 - 0x00007ff914eca000 	C:\Program Files\JetBrains\IntelliJ IDEA Community Edition 2021.3.3\bin\breakgen64.dll
0x00007ff915070000 - 0x00007ff915079000 	C:\Users\ERIN_JAVALead\.jdks\corretto-18.0.2\bin\management.dll
0x00007ff915060000 - 0x00007ff91506b000 	C:\Users\ERIN_JAVALead\.jdks\corretto-18.0.2\bin\management_ext.dll
0x00007ff915030000 - 0x00007ff91503e000 	C:\Users\ERIN_JAVALead\.jdks\corretto-18.0.2\bin\sunmscapi.dll
0x00007ff931780000 - 0x00007ff9318dd000 	C:\WINDOWS\System32\CRYPT32.dll
0x00007ff931020000 - 0x00007ff931048000 	C:\WINDOWS\SYSTEM32\ncrypt.dll
0x00007ff930fe0000 - 0x00007ff93101b000 	C:\WINDOWS\SYSTEM32\NTASN1.dll
0x00007ff930f10000 - 0x00007ff930f28000 	C:\WINDOWS\SYSTEM32\CRYPTSP.dll
0x00007ff930600000 - 0x00007ff930634000 	C:\WINDOWS\system32\rsaenh.dll
0x00007ff931500000 - 0x00007ff93152e000 	C:\WINDOWS\SYSTEM32\USERENV.dll
0x00007ff930e40000 - 0x00007ff930e4c000 	C:\WINDOWS\SYSTEM32\CRYPTBASE.dll
0x00007ff9309c0000 - 0x00007ff9309fb000 	C:\WINDOWS\SYSTEM32\IPHLPAPI.DLL
0x00007ff933f50000 - 0x00007ff933f58000 	C:\WINDOWS\System32\NSI.dll
0x00007ff92bbd0000 - 0x00007ff92bbe7000 	C:\WINDOWS\SYSTEM32\dhcpcsvc6.DLL
0x00007ff92bbb0000 - 0x00007ff92bbcd000 	C:\WINDOWS\SYSTEM32\dhcpcsvc.DLL
0x00007ff930a00000 - 0x00007ff930acb000 	C:\WINDOWS\SYSTEM32\DNSAPI.dll
0x00007ff915a00000 - 0x00007ff915a10000 	C:\Users\ERIN_JAVALead\.jdks\corretto-18.0.2\bin\verify.dll
0x00007ff92baf0000 - 0x00007ff92bb07000 	C:\WINDOWS\system32\napinsp.dll
0x00007ff929220000 - 0x00007ff92923b000 	C:\WINDOWS\system32\pnrpnsp.dll
0x00007ff914fa0000 - 0x00007ff914fb2000 	C:\WINDOWS\System32\winrnr.dll
0x00007ff92c200000 - 0x00007ff92c21d000 	C:\WINDOWS\system32\NLAapi.dll
0x00007ff92c760000 - 0x00007ff92c775000 	C:\WINDOWS\system32\wshbth.dll
0x00007ff92b300000 - 0x00007ff92b30a000 	C:\Windows\System32\rasadhlp.dll
0x00007ff92b400000 - 0x00007ff92b480000 	C:\WINDOWS\System32\fwpuclnt.dll

dbghelp: loaded successfully - version: 4.0.5 - missing functions: none
symbol engine: initialized successfully - sym options: 0x614 - pdb path: .;C:\Users\ERIN_JAVALead\.jdks\corretto-18.0.2\bin;C:\WINDOWS\SYSTEM32;C:\WINDOWS\WinSxS\amd64_microsoft.windows.common-controls_6595b64144ccf1df_6.0.19041.3636_none_60b6a03d71f818d5;C:\Users\ERIN_JAVALead\.jdks\corretto-18.0.2\bin\server;C:\Program Files\JetBrains\IntelliJ IDEA Community Edition 2021.3.3\bin

VM Arguments:
jvm_args: -javaagent:C:\Program Files\JetBrains\IntelliJ IDEA Community Edition 2021.3.3\lib\idea_rt.jar=51317:C:\Program Files\JetBrains\IntelliJ IDEA Community Edition 2021.3.3\bin -Dfile.encoding=UTF-8 
java_command: com.verise.veganapp.VeriseApplication
java_class_path (initial): C:\Users\ERIN_JAVALead\Downloads\verise\verise\target\classes;C:\Users\ERIN_JAVALead\.m2\repository\org\springframework\boot\spring-boot-starter-web\3.2.4\spring-boot-starter-web-3.2.4.jar;C:\Users\ERIN_JAVALead\.m2\repository\org\springframework\boot\spring-boot-starter\3.2.4\spring-boot-starter-3.2.4.jar;C:\Users\ERIN_JAVALead\.m2\repository\org\springframework\boot\spring-boot-starter-logging\3.2.4\spring-boot-starter-logging-3.2.4.jar;C:\Users\ERIN_JAVALead\.m2\repository\ch\qos\logback\logback-classic\1.4.14\logback-classic-1.4.14.jar;C:\Users\ERIN_JAVALead\.m2\repository\ch\qos\logback\logback-core\1.4.14\logback-core-1.4.14.jar;C:\Users\ERIN_JAVALead\.m2\repository\org\apache\logging\log4j\log4j-to-slf4j\2.21.1\log4j-to-slf4j-2.21.1.jar;C:\Users\ERIN_JAVALead\.m2\repository\org\apache\logging\log4j\log4j-api\2.21.1\log4j-api-2.21.1.jar;C:\Users\ERIN_JAVALead\.m2\repository\org\slf4j\jul-to-slf4j\2.0.12\jul-to-slf4j-2.0.12.jar;C:\Users\ERIN_JAVALead\.m2\repository\jakarta\annotation\jakarta.annotation-api\2.1.1\jakarta.annotation-api-2.1.1.jar;C:\Users\ERIN_JAVALead\.m2\repository\org\yaml\snakeyaml\2.2\snakeyaml-2.2.jar;C:\Users\ERIN_JAVALead\.m2\repository\org\springframework\boot\spring-boot-starter-json\3.2.4\spring-boot-starter-json-3.2.4.jar;C:\Users\ERIN_JAVALead\.m2\repository\com\fasterxml\jackson\core\jackson-databind\2.15.4\jackson-databind-2.15.4.jar;C:\Users\ERIN_JAVALead\.m2\repository\com\fasterxml\jackson\core\jackson-annotations\2.15.4\jackson-annotations-2.15.4.jar;C:\Users\ERIN_JAVALead\.m2\repository\com\fasterxml\jackson\core\jackson-core\2.15.4\jackson-core-2.15.4.jar;C:\Users\ERIN_JAVALead\.m2\repository\com\fasterxml\jackson\datatype\jackson-datatype-jdk8\2.15.4\jackson-datatype-jdk8-2.15.4.jar;C:\Users\ERIN_JAVALead\.m2\repository\com\fasterxml\jackson\datatype\jackson-datatype-jsr310\2.15.4\jackson-datatype-jsr310-2.15.4.jar;C:\Users\ERIN_JAVALead\.m2\repository\com\fasterxml\jackson\module\jackson-module-parameter-names\2.15.4\jackson-module-parameter-names-2.15.4.jar;C:\Users\ERIN_JAVALead\.m2\repository\org\springframework\boot\spring-boot-starter-tomcat\3.2.4\spring-boot-starter-tomcat-3.2.4.jar;C:\Users\ERIN_JAVALead\.m2\repository\org\apache\tomcat\embed\tomcat-embed-core\10.1.19\tomcat-embed-core-10.1.19.jar;C:\Users\ERIN_JAVALead\.m2\repository\org\apache\tomcat\embed\tomcat-embed-el\10.1.19\tomcat-embed-el-10.1.19.jar;C:\Users\ERIN_JAVALead\.m2\repository\org\apache\tomcat\embed\tomcat-embed-websocket\10.1.19\tomcat-embed-websocket-10.1.19.jar;C:\Users\ERIN_JAVALead\.m2\repository\org\springframework\spring-web\6.1.5\spring-web-6.1.5.jar;C:\Users\ERIN_JAVALead\.m2\repository\org\springframework\spring-beans\6.1.5\spring-beans-6.1.5.jar;C:\Users\ERIN_JAVALead\.m2\repository\io\micrometer\micrometer-observation\1.12.4\micrometer-observation-1.12.4.jar;C:\Users\ERIN_JAVALead\.m2\repository\io\micrometer\micrometer-commons\1.12.4\micrometer-commons-1.12.4.jar;C:\Users\ERIN_JAVALead\.m2\repository\org\springframework\spring-webmvc\6.1.5\spring-webmvc-6.1.5.jar;C:\Users\ERIN_JAVALead\.m2\repository\org\springframework\spring-aop\6.1.5\spring-aop-6.1.5.jar;C:\Users\ERIN_JAVALead\.m2\repository\org\springframework\spring-context\6.1.5\spring-context-6.1.5.jar;C:\Users\ERIN_JAVALead\.m2\repository\org\springframework\spring-expression\6.1.5\spring-expression-6.1.5.jar;C:\Users\ERIN_JAVALead\.m2\repository\org\modelmapper\modelmapper-module-record\1.0.0\modelmapper-module-record-1.0.0.jar;C:\Users\ERIN_JAVALead\.m2\repository\org\modelmapper\modelmapper\3.1.1\modelmapper-3.1.1.jar;C:\Users\ERIN_JAVALead\.m2\repository\org\springframework\boot\spring-boot-devtools\3.2.4\spring-boot-devtools-3.2.4.jar;C:\Users\ERIN_JAVALead\.m2\repository\org\springframework\boot\spring-boot\3.2.4\spring-boot-3.2.4.jar;C:\Users\ERIN_JAVALead\.m2\repository\org\springframework\boot\spring-boot-autoconfigure\3.2.4\spring-boot-autoconfigure-3.2.4.jar;C:\Users\ERIN_JAVALead\.m2\repository\org\projectlombok\lombok\1.18.30\lombok-1.18.30.jar;C:\Users\ERIN_JAVALead\.m2\repository\org\slf4j\slf4j-api\2.0.12\slf4j-api-2.0.12.jar;C:\Users\ERIN_JAVALead\.m2\repository\jakarta\xml\bind\jakarta.xml.bind-api\4.0.2\jakarta.xml.bind-api-4.0.2.jar;C:\Users\ERIN_JAVALead\.m2\repository\jakarta\activation\jakarta.activation-api\2.1.3\jakarta.activation-api-2.1.3.jar;C:\Users\ERIN_JAVALead\.m2\repository\net\bytebuddy\byte-buddy\1.14.12\byte-buddy-1.14.12.jar;C:\Users\ERIN_JAVALead\.m2\repository\org\springframework\spring-core\6.1.5\spring-core-6.1.5.jar;C:\Users\ERIN_JAVALead\.m2\repository\org\springframework\spring-jcl\6.1.5\spring-jcl-6.1.5.jar;C:\Users\ERIN_JAVALead\.m2\repository\org\springframework\boot\spring-boot-starter-data-jpa\3.2.4\spring-boot-starter-data-jpa-3.2.4.jar;C:\Users\ERIN_JAVALead\.m2\repository\org\springframework\boot\spring-boot-starter-aop\3.2.4\spring-boot-starter-aop-3.2.4.jar;C:\Users\ERIN_JAVALead\.m2\repository\org\aspectj\aspectjweaver\1.9.21\aspectjweaver-1.9.21.jar;C:\Users\ERIN_JAVALead\.m2\repository\org\springframework\boot\spring-boot-starter-jdbc\3.2.4\spring-boot-starter-jdbc-3.2.4.jar;C:\Users\ERIN_JAVALead\.m2\repository\com\zaxxer\HikariCP\5.0.1\HikariCP-5.0.1.jar;C:\Users\ERIN_JAVALead\.m2\repository\org\springframework\spring-jdbc\6.1.5\spring-jdbc-6.1.5.jar;C:\Users\ERIN_JAVALead\.m2\repository\org\hibernate\orm\hibernate-core\6.4.4.Final\hibernate-core-6.4.4.Final.jar;C:\Users\ERIN_JAVALead\.m2\repository\jakarta\persistence\jakarta.persistence-api\3.1.0\jakarta.persistence-api-3.1.0.jar;C:\Users\ERIN_JAVALead\.m2\repository\jakarta\transaction\jakarta.transaction-api\2.0.1\jakarta.transaction-api-2.0.1.jar;C:\Users\ERIN_JAVALead\.m2\repository\org\jboss\logging\jboss-logging\3.5.3.Final\jboss-logging-3.5.3.Final.jar;C:\Users\ERIN_JAVALead\.m2\repository\org\hibernate\common\hibernate-commons-annotations\6.0.6.Final\hibernate-commons-annotations-6.0.6.Final.jar;C:\Users\ERIN_JAVALead\.m2\repository\io\smallrye\jandex\3.1.2\jandex-3.1.2.jar;C:\Users\ERIN_JAVALead\.m2\repository\com\fasterxml\classmate\1.6.0\classmate-1.6.0.jar;C:\Users\ERIN_JAVALead\.m2\repository\org\glassfish\jaxb\jaxb-runtime\4.0.5\jaxb-runtime-4.0.5.jar;C:\Users\ERIN_JAVALead\.m2\repository\org\glassfish\jaxb\jaxb-core\4.0.5\jaxb-core-4.0.5.jar;C:\Users\ERIN_JAVALead\.m2\repository\org\eclipse\angus\angus-activation\2.0.2\angus-activation-2.0.2.jar;C:\Users\ERIN_JAVALead\.m2\repository\org\glassfish\jaxb\txw2\4.0.5\txw2-4.0.5.jar;C:\Users\ERIN_JAVALead\.m2\repository\com\sun\istack\istack-commons-runtime\4.1.2\istack-commons-runtime-4.1.2.jar;C:\Users\ERIN_JAVALead\.m2\repository\jakarta\inject\jakarta.inject-api\2.0.1\jakarta.inject-api-2.0.1.jar;C:\Users\ERIN_JAVALead\.m2\repository\org\antlr\antlr4-runtime\4.13.0\antlr4-runtime-4.13.0.jar;C:\Users\ERIN_JAVALead\.m2\repository\org\springframework\data\spring-data-jpa\3.2.4\spring-data-jpa-3.2.4.jar;C:\Users\ERIN_JAVALead\.m2\repository\org\springframework\data\spring-data-commons\3.2.4\spring-data-commons-3.2.4.jar;C:\Users\ERIN_JAVALead\.m2\repository\org\springframework\spring-orm\6.1.5\spring-orm-6.1.5.jar;C:\Users\ERIN_JAVALead\.m2\repository\org\springframework\spring-tx\6.1.5\spring-tx-6.1.5.jar;C:\Users\ERIN_JAVALead\.m2\repository\org\springframework\spring-aspects\6.1.5\spring-aspects-6.1.5.jar;C:\Users\ERIN_JAVALead\.m2\repository\com\microsoft\sqlserver\mssql-jdbc\12.4.2.jre11\mssql-jdbc-12.4.2.jre11.jar
Launcher Type: SUN_STANDARD

[Global flags]
     intx CICompilerCount                          = 3                                         {product} {ergonomic}
     uint ConcGCThreads                            = 1                                         {product} {ergonomic}
     uint G1ConcRefinementThreads                  = 4                                         {product} {ergonomic}
   size_t G1HeapRegionSize                         = 1048576                                   {product} {ergonomic}
    uintx GCDrainStackTargetSize                   = 64                                        {product} {ergonomic}
   size_t InitialHeapSize                          = 67108864                                  {product} {ergonomic}
   size_t MarkStackSize                            = 4194304                                   {product} {ergonomic}
   size_t MaxHeapSize                              = 1052770304                                {product} {ergonomic}
   size_t MaxNewSize                               = 631242752                                 {product} {ergonomic}
   size_t MinHeapDeltaBytes                        = 1048576                                   {product} {ergonomic}
   size_t MinHeapSize                              = 8388608                                   {product} {ergonomic}
    uintx NonNMethodCodeHeapSize                   = 5832780                                {pd product} {ergonomic}
    uintx NonProfiledCodeHeapSize                  = 122912730                              {pd product} {ergonomic}
    uintx ProfiledCodeHeapSize                     = 122912730                              {pd product} {ergonomic}
    uintx ReservedCodeCacheSize                    = 251658240                              {pd product} {ergonomic}
     bool SegmentedCodeCache                       = true                                      {product} {ergonomic}
   size_t SoftMaxHeapSize                          = 1052770304                             {manageable} {ergonomic}
     bool UseCompressedClassPointers               = true                           {product lp64_product} {ergonomic}
     bool UseCompressedOops                        = true                           {product lp64_product} {ergonomic}
     bool UseG1GC                                  = true                                      {product} {ergonomic}
     bool UseLargePagesIndividualAllocation        = false                                  {pd product} {ergonomic}

Logging:
Log output configuration:
 #0: stdout all=warning uptime,level,tags foldmultilines=false
 #1: stderr all=off uptime,level,tags foldmultilines=false

Environment Variables:
JAVA_HOME=C:\Program Files\Java\jdk1.8.0_202
PATH=C:\Program Files (x86)\Common Files\Oracle\Java\javapath;C:\WINDOWS\system32;C:\WINDOWS;C:\WINDOWS\System32\Wbem;C:\WINDOWS\System32\WindowsPowerShell\v1.0\;C:\WINDOWS\System32\OpenSSH\;C:\Program Files (x86)\nodejs\;C:\Program Files (x86)\nodejs\npm;C:\Users\ERIN_JAVALead\AppData\Roaming\npm;C:\Program Files\Git\cmd;C:\Program Files (x86)\dotnet\;C:\Program Files (x86)\Microsoft SQL Server\160\DTS\Binn\;C:\Program Files\Azure Data Studio\bin;C:\Program Files (x86)\Microsoft SQL Server\160\Tools\Binn\;C:\Program Files\Microsoft SQL Server\160\Tools\Binn\;C:\Program Files\Microsoft SQL Server\Client SDK\ODBC\170\Tools\Binn\;C:\Program Files\Microsoft SQL Server\160\DTS\Binn\;C:\Program Files\Java\jdk1.8.0_202\bin;C:\Program Files\Java\jdk1.8.0_202\jre\bin;C:\kafkasrc\bin\windows;C:\Program Files\Docker\Docker\resources\bin;C:\Program Files\Docker\Docker;C:\Users\ERIN_JAVALead\AppData\Local\Microsoft\WindowsApps;;C:\Users\ERIN_JAVALead\AppData\Local\Programs\Microsoft VS Code\bin;C:\Users\ERIN_JAVALead\AppData\Roaming\npm;C:\Program Files\Azure Data Studio\bin
USERNAME=ERIN_JAVALead
OS=Windows_NT
PROCESSOR_IDENTIFIER=Intel64 Family 6 Model 78 Stepping 3, GenuineIntel



---------------  S Y S T E M  ---------------

OS:
 Windows 10 , 64 bit Build 19041 (10.0.19041.3636)
OS uptime: 0 days 0:36 hours
Hyper-V role detected

CPU: total 4 (initial active 4) (2 cores per cpu, 2 threads per core) family 6 model 78 stepping 3 microcode 0xcc, cx8, cmov, fxsr, ht, mmx, 3dnowpref, sse, sse2, sse3, ssse3, sse4.1, sse4.2, popcnt, lzcnt, tsc, tscinvbit, avx, avx2, aes, erms, clmul, bmi1, bmi2, adx, fma, vzeroupper, clflush, clflushopt, hv

Memory: 4k page, system-wide physical 4012M (292M free)
TotalPageFile size 6060M (AvailPageFile size 3M)
current process WorkingSet (physical memory assigned to process): 206M, peak: 228M
current process commit charge ("private bytes"): 237M, peak: 259M

vm_info: OpenJDK 64-Bit Server VM (18.0.2+9-FR) for windows-amd64 JRE (18.0.2+9-FR), built on Jul 15 2022 20:03:03 by "Administrator" with MS VC++ 15.9 (VS2017)

END.
