#
# There is insufficient memory for the Java Runtime Environment to continue.
# Native memory allocation (malloc) failed to allocate 1926416 bytes for Chunk::new
# Possible reasons:
#   The system is out of physical RAM or swap space
#   The process is running with CompressedOops enabled, and the Java Heap may be blocking the growth of the native heap
# Possible solutions:
#   Reduce memory load on the system
#   Increase physical memory or swap space
#   Check if swap backing store is full
#   Decrease Java heap size (-Xmx/-Xms)
#   Decrease number of Java threads
#   Decrease Java thread stack sizes (-Xss)
#   Set larger code cache with -XX:ReservedCodeCacheSize=
#   JVM is running with Unscaled Compressed Oops mode in which the Java heap is
#     placed in the first 4GB address space. The Java Heap base address is the
#     maximum limit for the native heap growth. Please use -XX:HeapBaseMinAddress
#     to set the Java Heap base and to place the Java Heap above 4GB virtual address.
# This output file may be truncated or incomplete.
#
#  Out of Memory Error (arena.cpp:184), pid=3200, tid=2904
#
# JRE version: OpenJDK Runtime Environment Corretto-18.0.2.9.1 (18.0.2+9) (build 18.0.2+9-FR)
# Java VM: OpenJDK 64-Bit Server VM Corretto-18.0.2.9.1 (18.0.2+9-FR, mixed mode, sharing, tiered, compressed oops, compressed class ptrs, g1 gc, windows-amd64)
# No core dump will be written. Minidumps are not enabled by default on client versions of Windows
#

---------------  S U M M A R Y ------------

Command Line: -javaagent:C:\Program Files\JetBrains\IntelliJ IDEA Community Edition 2021.3.3\lib\idea_rt.jar=55811:C:\Program Files\JetBrains\IntelliJ IDEA Community Edition 2021.3.3\bin -Dfile.encoding=UTF-8 com.verise.veganapp.VeriseApplication

Host: Intel(R) Core(TM) i3-6006U CPU @ 2.00GHz, 4 cores, 3G,  Windows 10 , 64 bit Build 19041 (10.0.19041.3636)
Time: Thu Apr 11 23:43:32 2024 W. Europe Daylight Time elapsed time: 16.707965 seconds (0d 0h 0m 16s)

---------------  T H R E A D  ---------------

Current thread (0x000002b651df6790):  JavaThread "C2 CompilerThread0" daemon [_thread_in_native, id=2904, stack(0x000000cb14200000,0x000000cb14300000)]


Current CompileTask:
C2:  16708 5309       4       org.springframework.beans.factory.support.AbstractBeanFactory::isTypeMatch (619 bytes)

Stack: [0x000000cb14200000,0x000000cb14300000]
Native frames: (J=compiled Java code, j=interpreted, Vv=VM code, C=native code)
V  [jvm.dll+0x685a2a]
V  [jvm.dll+0x82ae8d]
V  [jvm.dll+0x82c75e]
V  [jvm.dll+0x82ce03]
V  [jvm.dll+0x25ef4b]
V  [jvm.dll+0xd42d2]
V  [jvm.dll+0xd4665]
V  [jvm.dll+0x385751]
V  [jvm.dll+0x34d82a]
V  [jvm.dll+0x34cc1a]
V  [jvm.dll+0x233a65]
V  [jvm.dll+0x232f37]
V  [jvm.dll+0x1c0a35]
V  [jvm.dll+0x24212c]
V  [jvm.dll+0x240534]
V  [jvm.dll+0x7df6db]
V  [jvm.dll+0x7d9cba]
V  [jvm.dll+0x6848a5]
C  [ucrtbase.dll+0x21bb2]
C  [KERNEL32.DLL+0x17344]
C  [ntdll.dll+0x526b1]


---------------  P R O C E S S  ---------------

Threads class SMR info:
_java_thread_list=0x000002b67306c500, length=21, elements={
0x000002b651d3d050, 0x000002b651dd9a10, 0x000002b651dda670, 0x000002b651df3de0,
0x000002b651df4780, 0x000002b651df5120, 0x000002b651df5ac0, 0x000002b651df6790,
0x000002b651dfce20, 0x000002b66d3293f0, 0x000002b651dbff10, 0x000002b6716b92e0,
0x000002b6716b9ba0, 0x000002b671dc4270, 0x000002b67207e560, 0x000002b672c29a80,
0x000002b672c2a8f0, 0x000002b672c2adc0, 0x000002b673847e10, 0x000002b67384b7d0,
0x000002b67384a490
}

Java Threads: ( => current thread )
  0x000002b651d3d050 JavaThread "main" [_thread_blocked, id=1052, stack(0x000000cb13500000,0x000000cb13600000)]
  0x000002b651dd9a10 JavaThread "Reference Handler" daemon [_thread_blocked, id=4884, stack(0x000000cb13c00000,0x000000cb13d00000)]
  0x000002b651dda670 JavaThread "Finalizer" daemon [_thread_blocked, id=7156, stack(0x000000cb13d00000,0x000000cb13e00000)]
  0x000002b651df3de0 JavaThread "Signal Dispatcher" daemon [_thread_blocked, id=7012, stack(0x000000cb13e00000,0x000000cb13f00000)]
  0x000002b651df4780 JavaThread "Attach Listener" daemon [_thread_blocked, id=984, stack(0x000000cb13f00000,0x000000cb14000000)]
  0x000002b651df5120 JavaThread "Service Thread" daemon [_thread_blocked, id=11632, stack(0x000000cb14000000,0x000000cb14100000)]
  0x000002b651df5ac0 JavaThread "Monitor Deflation Thread" daemon [_thread_blocked, id=6888, stack(0x000000cb14100000,0x000000cb14200000)]
=>0x000002b651df6790 JavaThread "C2 CompilerThread0" daemon [_thread_in_native, id=2904, stack(0x000000cb14200000,0x000000cb14300000)]
  0x000002b651dfce20 JavaThread "C1 CompilerThread0" daemon [_thread_blocked, id=12728, stack(0x000000cb14300000,0x000000cb14400000)]
  0x000002b66d3293f0 JavaThread "Sweeper thread" daemon [_thread_blocked, id=13132, stack(0x000000cb14400000,0x000000cb14500000)]
  0x000002b651dbff10 JavaThread "Common-Cleaner" daemon [_thread_blocked, id=11428, stack(0x000000cb14500000,0x000000cb14600000)]
  0x000002b6716b92e0 JavaThread "Monitor Ctrl-Break" daemon [_thread_in_native, id=2464, stack(0x000000cb14600000,0x000000cb14700000)]
  0x000002b6716b9ba0 JavaThread "Notification Thread" daemon [_thread_blocked, id=2372, stack(0x000000cb14700000,0x000000cb14800000)]
  0x000002b671dc4270 JavaThread "Thread-0" [_thread_blocked, id=2296, stack(0x000000cb14c00000,0x000000cb14d00000)]
  0x000002b67207e560 JavaThread "restartedMain" [_thread_in_Java, id=13080, stack(0x000000cb14d00000,0x000000cb14e00000)]
  0x000002b672c29a80 JavaThread "Catalina-utility-1" [_thread_blocked, id=11944, stack(0x000000cb14e00000,0x000000cb14f00000)]
  0x000002b672c2a8f0 JavaThread "Catalina-utility-2" [_thread_blocked, id=8916, stack(0x000000cb14f00000,0x000000cb15000000)]
  0x000002b672c2adc0 JavaThread "container-0" [_thread_blocked, id=9624, stack(0x000000cb15000000,0x000000cb15100000)]
  0x000002b673847e10 JavaThread "mssql-jdbc-shared-timer-core-0" daemon [_thread_blocked, id=10756, stack(0x000000cb15200000,0x000000cb15300000)]
  0x000002b67384b7d0 JavaThread "HikariPool-1 housekeeper" daemon [_thread_blocked, id=9836, stack(0x000000cb15300000,0x000000cb15400000)]
  0x000002b67384a490 JavaThread "HikariPool-1 connection adder" daemon [_thread_blocked, id=10224, stack(0x000000cb15400000,0x000000cb15500000)]

Other Threads:
  0x000002b651dd5260 VMThread "VM Thread" [stack: 0x000000cb13b00000,0x000000cb13c00000] [id=572]
  0x000002b6717635e0 WatcherThread "VM Periodic Task Thread" [stack: 0x000000cb14800000,0x000000cb14900000] [id=6184]
  0x000002b651d7ed10 WorkerThread "GC Thread#0" [stack: 0x000000cb13600000,0x000000cb13700000] [id=5724]
  0x000002b6720fecc0 WorkerThread "GC Thread#1" [stack: 0x000000cb14900000,0x000000cb14a00000] [id=6212]
  0x000002b672088cd0 WorkerThread "GC Thread#2" [stack: 0x000000cb14a00000,0x000000cb14b00000] [id=8020]
  0x000002b671b04f80 WorkerThread "GC Thread#3" [stack: 0x000000cb14b00000,0x000000cb14c00000] [id=7256]
  0x000002b651d879c0 ConcurrentGCThread "G1 Main Marker" [stack: 0x000000cb13700000,0x000000cb13800000] [id=11852]
  0x000002b651d883b0 WorkerThread "G1 Conc#0" [stack: 0x000000cb13800000,0x000000cb13900000] [id=1576]
  0x000002b651daf6a0 ConcurrentGCThread "G1 Refine#0" [stack: 0x000000cb13900000,0x000000cb13a00000] [id=10876]
  0x000002b651daffb0 ConcurrentGCThread "G1 Service" [stack: 0x000000cb13a00000,0x000000cb13b00000] [id=6404]

Threads with active compile tasks:
C2 CompilerThread0    16796 5309       4       org.springframework.beans.factory.support.AbstractBeanFactory::isTypeMatch (619 bytes)

VM state: not at safepoint (normal execution)

VM Mutex/Monitor currently owned by a thread: None

Heap address: 0x00000000c1400000, size: 1004 MB, Compressed Oops mode: 32-bit

CDS archive(s) mapped at: [0x0000000800000000-0x0000000800ba0000-0x0000000800ba0000), size 12189696, SharedBaseAddress: 0x0000000800000000, ArchiveRelocationMode: 0.
Compressed class space mapped at: 0x0000000800c00000-0x0000000840c00000, reserved size: 1073741824
Narrow klass base: 0x0000000800000000, Narrow klass shift: 0, Narrow klass range: 0x100000000

GC Precious Log:
 CardTable entry size: 512
 Card Set container configuration: InlinePtr #cards 5 size 8 Array Of Cards #cards 12 size 40 Howl #buckets 4 coarsen threshold 1843 Howl Bitmap #cards 512 size 80 coarsen threshold 460 Card regions per heap region 1 cards per card region 2048
 CPUs: 4 total, 4 available
 Memory: 4012M
 Large Page Support: Disabled
 NUMA Support: Disabled
 Compressed Oops: Enabled (32-bit)
 Heap Region Size: 1M
 Heap Min Capacity: 8M
 Heap Initial Capacity: 64M
 Heap Max Capacity: 1004M
 Pre-touch: Disabled
 Parallel Workers: 4
 Concurrent Workers: 1
 Concurrent Refinement Workers: 4
 Periodic GC: Disabled

Heap:
 garbage-first heap   total 51200K, used 31753K [0x00000000c1400000, 0x0000000100000000)
  region size 1024K, 11 young (11264K), 3 survivors (3072K)
 Metaspace       used 59608K, committed 60288K, reserved 1114112K
  class space    used 7817K, committed 8128K, reserved 1048576K

Heap Regions: E=young(eden), S=young(survivor), O=old, HS=humongous(starts), HC=humongous(continues), CS=collection set, F=free, OA=open archive, CA=closed archive, TAMS=top-at-mark-start (previous, next)
|   0|0x00000000c1400000, 0x00000000c1500000, 0x00000000c1500000|100%|HS|  |TAMS 0x00000000c1500000, 0x00000000c1400000| Complete 
|   1|0x00000000c1500000, 0x00000000c1600000, 0x00000000c1600000|100%| O|  |TAMS 0x00000000c1600000, 0x00000000c1500000| Untracked 
|   2|0x00000000c1600000, 0x00000000c1700000, 0x00000000c1700000|100%| O|  |TAMS 0x00000000c1700000, 0x00000000c1600000| Untracked 
|   3|0x00000000c1700000, 0x00000000c1800000, 0x00000000c1800000|100%| O|  |TAMS 0x00000000c1800000, 0x00000000c1700000| Untracked 
|   4|0x00000000c1800000, 0x00000000c1900000, 0x00000000c1900000|100%| O|  |TAMS 0x00000000c1900000, 0x00000000c1800000| Untracked 
|   5|0x00000000c1900000, 0x00000000c1a00000, 0x00000000c1a00000|100%| O|  |TAMS 0x00000000c1a00000, 0x00000000c1900000| Untracked 
|   6|0x00000000c1a00000, 0x00000000c1b00000, 0x00000000c1b00000|100%| O|  |TAMS 0x00000000c1b00000, 0x00000000c1a00000| Untracked 
|   7|0x00000000c1b00000, 0x00000000c1c00000, 0x00000000c1c00000|100%| O|  |TAMS 0x00000000c1c00000, 0x00000000c1b00000| Untracked 
|   8|0x00000000c1c00000, 0x00000000c1d00000, 0x00000000c1d00000|100%| O|  |TAMS 0x00000000c1d00000, 0x00000000c1c00000| Untracked 
|   9|0x00000000c1d00000, 0x00000000c1e00000, 0x00000000c1e00000|100%| O|  |TAMS 0x00000000c1e00000, 0x00000000c1d00000| Untracked 
|  10|0x00000000c1e00000, 0x00000000c1f00000, 0x00000000c1f00000|100%| O|  |TAMS 0x00000000c1f00000, 0x00000000c1e00000| Untracked 
|  11|0x00000000c1f00000, 0x00000000c2000000, 0x00000000c2000000|100%| O|  |TAMS 0x00000000c2000000, 0x00000000c1f00000| Untracked 
|  12|0x00000000c2000000, 0x00000000c2100000, 0x00000000c2100000|100%| O|  |TAMS 0x00000000c2000000, 0x00000000c2000000| Untracked 
|  13|0x00000000c2100000, 0x00000000c2200000, 0x00000000c2200000|100%| O|  |TAMS 0x00000000c2200000, 0x00000000c2100000| Untracked 
|  14|0x00000000c2200000, 0x00000000c2300000, 0x00000000c2300000|100%| O|  |TAMS 0x00000000c2300000, 0x00000000c2200000| Untracked 
|  15|0x00000000c2300000, 0x00000000c2400000, 0x00000000c2400000|100%| O|  |TAMS 0x00000000c2400000, 0x00000000c2300000| Untracked 
|  16|0x00000000c2400000, 0x00000000c2500000, 0x00000000c2500000|100%| O|  |TAMS 0x00000000c249b400, 0x00000000c2400000| Untracked 
|  17|0x00000000c2500000, 0x00000000c2600000, 0x00000000c2600000|100%| O|  |TAMS 0x00000000c2500000, 0x00000000c2500000| Untracked 
|  18|0x00000000c2600000, 0x00000000c2700000, 0x00000000c2700000|100%| O|  |TAMS 0x00000000c2600000, 0x00000000c2600000| Untracked 
|  19|0x00000000c2700000, 0x00000000c2800000, 0x00000000c2800000|100%| O|  |TAMS 0x00000000c2700000, 0x00000000c2700000| Untracked 
|  20|0x00000000c2800000, 0x00000000c2900000, 0x00000000c2900000|100%| O|  |TAMS 0x00000000c2900000, 0x00000000c2800000| Untracked 
|  21|0x00000000c2900000, 0x00000000c29a8000, 0x00000000c2a00000| 65%| O|  |TAMS 0x00000000c2900000, 0x00000000c2900000| Untracked 
|  22|0x00000000c2a00000, 0x00000000c2a00000, 0x00000000c2b00000|  0%| F|  |TAMS 0x00000000c2a00000, 0x00000000c2a00000| Untracked 
|  23|0x00000000c2b00000, 0x00000000c2b00000, 0x00000000c2c00000|  0%| F|  |TAMS 0x00000000c2b00000, 0x00000000c2b00000| Untracked 
|  24|0x00000000c2c00000, 0x00000000c2c00000, 0x00000000c2d00000|  0%| F|  |TAMS 0x00000000c2c00000, 0x00000000c2c00000| Untracked 
|  25|0x00000000c2d00000, 0x00000000c2d00000, 0x00000000c2e00000|  0%| F|  |TAMS 0x00000000c2d00000, 0x00000000c2d00000| Untracked 
|  26|0x00000000c2e00000, 0x00000000c2e00000, 0x00000000c2f00000|  0%| F|  |TAMS 0x00000000c2e00000, 0x00000000c2e00000| Untracked 
|  27|0x00000000c2f00000, 0x00000000c2f5a500, 0x00000000c3000000| 35%| S|CS|TAMS 0x00000000c2f00000, 0x00000000c2f00000| Complete 
|  28|0x00000000c3000000, 0x00000000c3000000, 0x00000000c3100000|  0%| F|  |TAMS 0x00000000c3000000, 0x00000000c3000000| Untracked 
|  29|0x00000000c3100000, 0x00000000c3100000, 0x00000000c3200000|  0%| F|  |TAMS 0x00000000c3100000, 0x00000000c3100000| Untracked 
|  30|0x00000000c3200000, 0x00000000c3300000, 0x00000000c3300000|100%| S|CS|TAMS 0x00000000c3200000, 0x00000000c3200000| Complete 
|  31|0x00000000c3300000, 0x00000000c3400000, 0x00000000c3400000|100%| S|CS|TAMS 0x00000000c3300000, 0x00000000c3300000| Complete 
|  32|0x00000000c3400000, 0x00000000c3400000, 0x00000000c3500000|  0%| F|  |TAMS 0x00000000c3400000, 0x00000000c3400000| Untracked 
|  33|0x00000000c3500000, 0x00000000c3500000, 0x00000000c3600000|  0%| F|  |TAMS 0x00000000c3500000, 0x00000000c3500000| Untracked 
|  34|0x00000000c3600000, 0x00000000c3600000, 0x00000000c3700000|  0%| F|  |TAMS 0x00000000c3600000, 0x00000000c3600000| Untracked 
|  35|0x00000000c3700000, 0x00000000c3700000, 0x00000000c3800000|  0%| F|  |TAMS 0x00000000c3700000, 0x00000000c3700000| Untracked 
|  36|0x00000000c3800000, 0x00000000c3800000, 0x00000000c3900000|  0%| F|  |TAMS 0x00000000c3800000, 0x00000000c3800000| Untracked 
|  37|0x00000000c3900000, 0x00000000c3900000, 0x00000000c3a00000|  0%| F|  |TAMS 0x00000000c3900000, 0x00000000c3900000| Untracked 
|  38|0x00000000c3a00000, 0x00000000c3a00000, 0x00000000c3b00000|  0%| F|  |TAMS 0x00000000c3a00000, 0x00000000c3a00000| Untracked 
|  39|0x00000000c3b00000, 0x00000000c3b00000, 0x00000000c3c00000|  0%| F|  |TAMS 0x00000000c3b00000, 0x00000000c3b00000| Untracked 
|  40|0x00000000c3c00000, 0x00000000c3c00000, 0x00000000c3d00000|  0%| F|  |TAMS 0x00000000c3c00000, 0x00000000c3c00000| Untracked 
|  41|0x00000000c3d00000, 0x00000000c3d00000, 0x00000000c3e00000|  0%| F|  |TAMS 0x00000000c3d00000, 0x00000000c3d00000| Untracked 
|  42|0x00000000c3e00000, 0x00000000c3e52278, 0x00000000c3f00000| 32%| E|  |TAMS 0x00000000c3e00000, 0x00000000c3e00000| Complete 
|  43|0x00000000c3f00000, 0x00000000c4000000, 0x00000000c4000000|100%| E|CS|TAMS 0x00000000c3f00000, 0x00000000c3f00000| Complete 
|  44|0x00000000c4000000, 0x00000000c4100000, 0x00000000c4100000|100%| E|CS|TAMS 0x00000000c4000000, 0x00000000c4000000| Complete 
|  45|0x00000000c4100000, 0x00000000c4200000, 0x00000000c4200000|100%| E|CS|TAMS 0x00000000c4100000, 0x00000000c4100000| Complete 
|  46|0x00000000c4200000, 0x00000000c4300000, 0x00000000c4300000|100%| E|CS|TAMS 0x00000000c4200000, 0x00000000c4200000| Complete 
|  47|0x00000000c4300000, 0x00000000c4400000, 0x00000000c4400000|100%| E|CS|TAMS 0x00000000c4300000, 0x00000000c4300000| Complete 
|  48|0x00000000c4400000, 0x00000000c4500000, 0x00000000c4500000|100%| E|CS|TAMS 0x00000000c4400000, 0x00000000c4400000| Complete 
|  63|0x00000000c5300000, 0x00000000c5400000, 0x00000000c5400000|100%| E|CS|TAMS 0x00000000c5300000, 0x00000000c5300000| Complete 

Card table byte_map: [0x000002b668b00000,0x000002b668d00000] _byte_map_base: 0x000002b6684f6000

Marking Bits (Prev, Next): (CMBitMap*) 0x000002b651d7f310, (CMBitMap*) 0x000002b651d7f350
 Prev Bits: [0x000002b668f00000, 0x000002b669eb0000)
 Next Bits: [0x000002b669eb0000, 0x000002b66ae60000)

Polling page: 0x000002b64fb10000

Metaspace:

Usage:
  Non-class:     50.58 MB used.
      Class:      7.63 MB used.
       Both:     58.21 MB used.

Virtual space:
  Non-class space:       64.00 MB reserved,      50.94 MB ( 80%) committed,  1 nodes.
      Class space:        1.00 GB reserved,       7.94 MB ( <1%) committed,  1 nodes.
             Both:        1.06 GB reserved,      58.88 MB (  5%) committed. 

Chunk freelists:
   Non-Class:  1.10 MB
       Class:  75.00 KB
        Both:  1.17 MB

MaxMetaspaceSize: unlimited
CompressedClassSpaceSize: 1.00 GB
Initial GC threshold: 21.00 MB
Current GC threshold: 58.88 MB
CDS: on
MetaspaceReclaimPolicy: balanced
 - commit_granule_bytes: 65536.
 - commit_granule_words: 8192.
 - virtual_space_node_default_size: 8388608.
 - enlarge_chunks_in_place: 1.
 - new_chunks_are_fully_committed: 0.
 - uncommit_free_chunks: 1.
 - use_allocation_guard: 0.


Internal statistics:

num_allocs_failed_limit: 6.
num_arena_births: 840.
num_arena_deaths: 0.
num_vsnodes_births: 2.
num_vsnodes_deaths: 0.
num_space_committed: 942.
num_space_uncommitted: 0.
num_chunks_returned_to_freelist: 6.
num_chunks_taken_from_freelist: 2855.
num_chunk_merges: 6.
num_chunk_splits: 2078.
num_chunks_enlarged: 1643.
num_inconsistent_stats: 0.

CodeHeap 'non-profiled nmethods': size=120000Kb used=2527Kb max_used=2527Kb free=117473Kb
 bounds [0x000002b6613d0000, 0x000002b661650000, 0x000002b668900000]
CodeHeap 'profiled nmethods': size=120000Kb used=11302Kb max_used=11302Kb free=108697Kb
 bounds [0x000002b659ea0000, 0x000002b65a9b0000, 0x000002b6613d0000]
CodeHeap 'non-nmethods': size=5760Kb used=1372Kb max_used=1421Kb free=4387Kb
 bounds [0x000002b659900000, 0x000002b659b70000, 0x000002b659ea0000]
 total_blobs=6091 nmethods=5395 adapters=608
 compilation: enabled
              stopped_count=0, restarted_count=0
 full_count=0

Compilation events (20 events):
Event: 16.605 Thread 0x000002b651dfce20 5481   !   2       jdk.proxy2.$Proxy118::annotationType (29 bytes)
Event: 16.605 Thread 0x000002b651dfce20 nmethod 5481 0x000002b65a999d90 code [0x000002b65a999f40, 0x000002b65a99a1b8]
Event: 16.610 Thread 0x000002b651dfce20 5482       2       java.util.HashMap::putVal (300 bytes)
Event: 16.611 Thread 0x000002b651dfce20 nmethod 5482 0x000002b65a99a310 code [0x000002b65a99a560, 0x000002b65a99ad18]
Event: 16.617 Thread 0x000002b651dfce20 5484       2       org.springframework.core.annotation.MergedAnnotationSelectors$Nearest::isBestCandidate (15 bytes)
Event: 16.618 Thread 0x000002b651dfce20 nmethod 5484 0x000002b65a99b190 code [0x000002b65a99b320, 0x000002b65a99b468]
Event: 16.619 Thread 0x000002b651dfce20 5487       2       java.util.HashMap::put (13 bytes)
Event: 16.620 Thread 0x000002b651dfce20 nmethod 5487 0x000002b65a99b510 code [0x000002b65a99b6c0, 0x000002b65a99b858]
Event: 16.620 Thread 0x000002b651dfce20 5485       2       org.springframework.core.annotation.AbstractMergedAnnotation::synthesize (38 bytes)
Event: 16.620 Thread 0x000002b651dfce20 nmethod 5485 0x000002b65a99b910 code [0x000002b65a99bae0, 0x000002b65a99bd88]
Event: 16.620 Thread 0x000002b651dfce20 5486       2       org.springframework.core.annotation.TypeMappedAnnotation::createSynthesizedAnnotation (78 bytes)
Event: 16.621 Thread 0x000002b651dfce20 nmethod 5486 0x000002b65a99be90 code [0x000002b65a99c080, 0x000002b65a99c448]
Event: 16.621 Thread 0x000002b651dfce20 5488       2       org.springframework.core.annotation.TypeMappedAnnotations$MergedAnnotationFinder::updateLastResult (29 bytes)
Event: 16.622 Thread 0x000002b651dfce20 nmethod 5488 0x000002b65a99c710 code [0x000002b65a99c8c0, 0x000002b65a99ca68]
Event: 16.623 Thread 0x000002b651dfce20 5489       2       org.springframework.data.repository.core.RepositoryInformationSupport$$Lambda$1171/0x00000008013d39d8::test (12 bytes)
Event: 16.624 Thread 0x000002b651dfce20 nmethod 5489 0x000002b65a99cb10 code [0x000002b65a99ccc0, 0x000002b65a99ce48]
Event: 16.624 Thread 0x000002b651dfce20 5490       2       org.springframework.data.repository.core.RepositoryInformationSupport::lambda$isQueryMethod$0 (6 bytes)
Event: 16.624 Thread 0x000002b651dfce20 nmethod 5490 0x000002b65a99cf10 code [0x000002b65a99d0a0, 0x000002b65a99d1a8]
Event: 16.630 Thread 0x000002b651dfce20 5491   !   2       org.springframework.core.annotation.AnnotationUtils::isSynthesizedAnnotation (33 bytes)
Event: 16.632 Thread 0x000002b651dfce20 nmethod 5491 0x000002b65a99d290 code [0x000002b65a99d4a0, 0x000002b65a99da58]

GC Heap History (20 events):
Event: 9.052 GC heap before
{Heap before GC invocations=7 (full 0):
 garbage-first heap   total 51200K, used 17086K [0x00000000c1400000, 0x0000000100000000)
  region size 1024K, 5 young (5120K), 4 survivors (4096K)
 Metaspace       used 26343K, committed 26816K, reserved 1114112K
  class space    used 3301K, committed 3520K, reserved 1048576K
}
Event: 9.061 GC heap after
{Heap after GC invocations=8 (full 0):
 garbage-first heap   total 51200K, used 16814K [0x00000000c1400000, 0x0000000100000000)
  region size 1024K, 1 young (1024K), 1 survivors (1024K)
 Metaspace       used 26343K, committed 26816K, reserved 1114112K
  class space    used 3301K, committed 3520K, reserved 1048576K
}
Event: 9.895 GC heap before
{Heap before GC invocations=8 (full 0):
 garbage-first heap   total 51200K, used 35246K [0x00000000c1400000, 0x0000000100000000)
  region size 1024K, 20 young (20480K), 1 survivors (1024K)
 Metaspace       used 29876K, committed 30336K, reserved 1114112K
  class space    used 3681K, committed 3904K, reserved 1048576K
}
Event: 9.902 GC heap after
{Heap after GC invocations=9 (full 0):
 garbage-first heap   total 51200K, used 18111K [0x00000000c1400000, 0x0000000100000000)
  region size 1024K, 2 young (2048K), 2 survivors (2048K)
 Metaspace       used 29876K, committed 30336K, reserved 1114112K
  class space    used 3681K, committed 3904K, reserved 1048576K
}
Event: 10.945 GC heap before
{Heap before GC invocations=9 (full 0):
 garbage-first heap   total 51200K, used 37567K [0x00000000c1400000, 0x0000000100000000)
  region size 1024K, 21 young (21504K), 2 survivors (2048K)
 Metaspace       used 34541K, committed 35072K, reserved 1114112K
  class space    used 4347K, committed 4608K, reserved 1048576K
}
Event: 10.953 GC heap after
{Heap after GC invocations=10 (full 0):
 garbage-first heap   total 51200K, used 19136K [0x00000000c1400000, 0x0000000100000000)
  region size 1024K, 2 young (2048K), 2 survivors (2048K)
 Metaspace       used 34541K, committed 35072K, reserved 1114112K
  class space    used 4347K, committed 4608K, reserved 1048576K
}
Event: 11.162 GC heap before
{Heap before GC invocations=10 (full 0):
 garbage-first heap   total 51200K, used 22208K [0x00000000c1400000, 0x0000000100000000)
  region size 1024K, 6 young (6144K), 2 survivors (2048K)
 Metaspace       used 35396K, committed 35968K, reserved 1114112K
  class space    used 4508K, committed 4800K, reserved 1048576K
}
Event: 11.166 GC heap after
{Heap after GC invocations=11 (full 0):
 garbage-first heap   total 51200K, used 19282K [0x00000000c1400000, 0x0000000100000000)
  region size 1024K, 2 young (2048K), 2 survivors (2048K)
 Metaspace       used 35396K, committed 35968K, reserved 1114112K
  class space    used 4508K, committed 4800K, reserved 1048576K
}
Event: 12.862 GC heap before
{Heap before GC invocations=12 (full 0):
 garbage-first heap   total 51200K, used 37714K [0x00000000c1400000, 0x0000000100000000)
  region size 1024K, 21 young (21504K), 2 survivors (2048K)
 Metaspace       used 42763K, committed 43264K, reserved 1114112K
  class space    used 5384K, committed 5632K, reserved 1048576K
}
Event: 12.868 GC heap after
{Heap after GC invocations=13 (full 0):
 garbage-first heap   total 51200K, used 20604K [0x00000000c1400000, 0x0000000100000000)
  region size 1024K, 3 young (3072K), 3 survivors (3072K)
 Metaspace       used 42763K, committed 43264K, reserved 1114112K
  class space    used 5384K, committed 5632K, reserved 1048576K
}
Event: 12.913 GC heap before
{Heap before GC invocations=13 (full 0):
 garbage-first heap   total 51200K, used 21628K [0x00000000c1400000, 0x0000000100000000)
  region size 1024K, 4 young (4096K), 3 survivors (3072K)
 Metaspace       used 43132K, committed 43648K, reserved 1114112K
  class space    used 5420K, committed 5696K, reserved 1048576K
}
Event: 12.920 GC heap after
{Heap after GC invocations=14 (full 0):
 garbage-first heap   total 51200K, used 20521K [0x00000000c1400000, 0x0000000100000000)
  region size 1024K, 1 young (1024K), 1 survivors (1024K)
 Metaspace       used 43132K, committed 43648K, reserved 1114112K
  class space    used 5420K, committed 5696K, reserved 1048576K
}
Event: 13.716 GC heap before
{Heap before GC invocations=14 (full 0):
 garbage-first heap   total 51200K, used 38953K [0x00000000c1400000, 0x0000000100000000)
  region size 1024K, 20 young (20480K), 1 survivors (1024K)
 Metaspace       used 45832K, committed 46400K, reserved 1114112K
  class space    used 5778K, committed 6016K, reserved 1048576K
}
Event: 13.720 GC heap after
{Heap after GC invocations=15 (full 0):
 garbage-first heap   total 51200K, used 21314K [0x00000000c1400000, 0x0000000100000000)
  region size 1024K, 2 young (2048K), 2 survivors (2048K)
 Metaspace       used 45832K, committed 46400K, reserved 1114112K
  class space    used 5778K, committed 6016K, reserved 1048576K
}
Event: 14.683 GC heap before
{Heap before GC invocations=15 (full 0):
 garbage-first heap   total 51200K, used 38722K [0x00000000c1400000, 0x0000000100000000)
  region size 1024K, 20 young (20480K), 2 survivors (2048K)
 Metaspace       used 51425K, committed 51968K, reserved 1114112K
  class space    used 6606K, committed 6848K, reserved 1048576K
}
Event: 14.689 GC heap after
{Heap after GC invocations=16 (full 0):
 garbage-first heap   total 51200K, used 22165K [0x00000000c1400000, 0x0000000100000000)
  region size 1024K, 2 young (2048K), 2 survivors (2048K)
 Metaspace       used 51425K, committed 51968K, reserved 1114112K
  class space    used 6606K, committed 6848K, reserved 1048576K
}
Event: 15.752 GC heap before
{Heap before GC invocations=16 (full 0):
 garbage-first heap   total 51200K, used 40597K [0x00000000c1400000, 0x0000000100000000)
  region size 1024K, 20 young (20480K), 2 survivors (2048K)
 Metaspace       used 55266K, committed 55872K, reserved 1114112K
  class space    used 7226K, committed 7488K, reserved 1048576K
}
Event: 15.757 GC heap after
{Heap after GC invocations=17 (full 0):
 garbage-first heap   total 51200K, used 22944K [0x00000000c1400000, 0x0000000100000000)
  region size 1024K, 2 young (2048K), 2 survivors (2048K)
 Metaspace       used 55266K, committed 55872K, reserved 1114112K
  class space    used 7226K, committed 7488K, reserved 1048576K
}
Event: 16.571 GC heap before
{Heap before GC invocations=17 (full 0):
 garbage-first heap   total 51200K, used 40352K [0x00000000c1400000, 0x0000000100000000)
  region size 1024K, 20 young (20480K), 2 survivors (2048K)
 Metaspace       used 58954K, committed 59520K, reserved 1114112K
  class space    used 7722K, committed 8000K, reserved 1048576K
}
Event: 16.578 GC heap after
{Heap after GC invocations=18 (full 0):
 garbage-first heap   total 51200K, used 24585K [0x00000000c1400000, 0x0000000100000000)
  region size 1024K, 3 young (3072K), 3 survivors (3072K)
 Metaspace       used 58954K, committed 59520K, reserved 1114112K
  class space    used 7722K, committed 8000K, reserved 1048576K
}

Deoptimization events (20 events):
Event: 16.458 Thread 0x000002b67207e560 Uncommon trap: trap_request=0xffffffde fr.pc=0x000002b66154d504 relative=0x0000000000000624
Event: 16.458 Thread 0x000002b67207e560 Uncommon trap: reason=class_check action=maybe_recompile pc=0x000002b66154d504 method=org.springframework.util.ConcurrentReferenceHashMap$Segment.findInChain(Lorg/springframework/util/ConcurrentReferenceHashMap$Reference;Ljava/lang/Object;I)Lorg/springfra
Event: 16.458 Thread 0x000002b67207e560 DEOPT PACKING pc=0x000002b66154d504 sp=0x000000cb14dfbff0
Event: 16.458 Thread 0x000002b67207e560 DEOPT UNPACKING pc=0x000002b6599523a3 sp=0x000000cb14dfbe18 mode 2
Event: 16.459 Thread 0x000002b67207e560 Uncommon trap: trap_request=0xffffffde fr.pc=0x000002b66154e588 relative=0x00000000000005a8
Event: 16.459 Thread 0x000002b67207e560 Uncommon trap: reason=class_check action=maybe_recompile pc=0x000002b66154e588 method=org.springframework.util.ConcurrentReferenceHashMap$Segment.findInChain(Lorg/springframework/util/ConcurrentReferenceHashMap$Reference;Ljava/lang/Object;I)Lorg/springfra
Event: 16.459 Thread 0x000002b67207e560 DEOPT PACKING pc=0x000002b66154e588 sp=0x000000cb14dfbf40
Event: 16.460 Thread 0x000002b67207e560 DEOPT UNPACKING pc=0x000002b6599523a3 sp=0x000000cb14dfbe08 mode 2
Event: 16.460 Thread 0x000002b67207e560 Uncommon trap: trap_request=0xffffffde fr.pc=0x000002b66154c9ac relative=0x000000000000020c
Event: 16.460 Thread 0x000002b67207e560 Uncommon trap: reason=class_check action=maybe_recompile pc=0x000002b66154c9ac method=org.springframework.util.ConcurrentReferenceHashMap$Segment.findInChain(Lorg/springframework/util/ConcurrentReferenceHashMap$Reference;Ljava/lang/Object;I)Lorg/springfra
Event: 16.460 Thread 0x000002b67207e560 DEOPT PACKING pc=0x000002b66154c9ac sp=0x000000cb14dfbe50
Event: 16.460 Thread 0x000002b67207e560 DEOPT UNPACKING pc=0x000002b6599523a3 sp=0x000000cb14dfbdf8 mode 2
Event: 16.606 Thread 0x000002b67207e560 Uncommon trap: trap_request=0xffffff45 fr.pc=0x000002b6615ba9f8 relative=0x0000000000000878
Event: 16.606 Thread 0x000002b67207e560 Uncommon trap: reason=unstable_if action=reinterpret pc=0x000002b6615ba9f8 method=java.util.HashMap.putVal(ILjava/lang/Object;Ljava/lang/Object;ZZ)Ljava/lang/Object; @ 206 c2
Event: 16.606 Thread 0x000002b67207e560 DEOPT PACKING pc=0x000002b6615ba9f8 sp=0x000000cb14dfc1e0
Event: 16.606 Thread 0x000002b67207e560 DEOPT UNPACKING pc=0x000002b6599523a3 sp=0x000000cb14dfc108 mode 2
Event: 16.607 Thread 0x000002b67207e560 Uncommon trap: trap_request=0xffffff45 fr.pc=0x000002b6615b9900 relative=0x0000000000000800
Event: 16.607 Thread 0x000002b67207e560 Uncommon trap: reason=unstable_if action=reinterpret pc=0x000002b6615b9900 method=java.util.HashMap.putVal(ILjava/lang/Object;Ljava/lang/Object;ZZ)Ljava/lang/Object; @ 206 c2
Event: 16.607 Thread 0x000002b67207e560 DEOPT PACKING pc=0x000002b6615b9900 sp=0x000000cb14dfc130
Event: 16.607 Thread 0x000002b67207e560 DEOPT UNPACKING pc=0x000002b6599523a3 sp=0x000000cb14dfc0f8 mode 2

Classes loaded (20 events):
Event: 16.166 Loading class java/util/concurrent/ConcurrentHashMap$TreeNode
Event: 16.166 Loading class java/util/concurrent/ConcurrentHashMap$TreeNode done
Event: 16.166 Loading class java/util/concurrent/ConcurrentHashMap$TreeBin
Event: 16.167 Loading class java/util/concurrent/ConcurrentHashMap$TreeBin done
Event: 16.473 Loading class java/util/WeakHashMap$KeyIterator
Event: 16.473 Loading class java/util/WeakHashMap$HashIterator
Event: 16.473 Loading class java/util/WeakHashMap$HashIterator done
Event: 16.473 Loading class java/util/WeakHashMap$KeyIterator done
Event: 16.474 Loading class java/util/WeakHashMap$EntrySet
Event: 16.474 Loading class java/util/WeakHashMap$EntrySet done
Event: 16.474 Loading class java/util/WeakHashMap$EntryIterator
Event: 16.474 Loading class java/util/WeakHashMap$EntryIterator done
Event: 16.558 Loading class java/lang/Package$1PackageInfoProxy
Event: 16.559 Loading class java/lang/Package$1PackageInfoProxy done
Event: 16.670 Loading class java/util/stream/ReduceOps$5
Event: 16.675 Loading class java/util/stream/ReduceOps$5 done
Event: 16.675 Loading class java/util/stream/ReduceOps$CountingSink$OfRef
Event: 16.675 Loading class java/util/stream/ReduceOps$CountingSink
Event: 16.676 Loading class java/util/stream/ReduceOps$CountingSink done
Event: 16.676 Loading class java/util/stream/ReduceOps$CountingSink$OfRef done

Classes unloaded (0 events):
No events

Classes redefined (0 events):
No events

Internal exceptions (20 events):
Event: 15.560 Thread 0x000002b67207e560 Exception <a 'java/lang/NoSuchMethodError'{0x00000000c3767a28}: 'void java.lang.invoke.DirectMethodHandle$Holder.invokeInterface(java.lang.Object, java.lang.Object, int, java.lang.Object)'> (0x00000000c3767a28) 
thrown [s\src\hotspot\share\interpreter\linkResolver.cpp, line 759]
Event: 15.568 Thread 0x000002b67207e560 Exception <a 'java/lang/NoSuchMethodError'{0x00000000c378f280}: 'java.lang.Object java.lang.invoke.DirectMethodHandle$Holder.newInvokeSpecial(java.lang.Object, java.lang.Object, int, java.lang.Object)'> (0x00000000c378f280) 
thrown [s\src\hotspot\share\interpreter\linkResolver.cpp, line 759]
Event: 15.569 Thread 0x000002b67207e560 Exception <a 'java/lang/NoSuchMethodError'{0x00000000c3792e58}: 'java.lang.Object java.lang.invoke.Invokers$Holder.linkToTargetMethod(java.lang.Object, int, java.lang.Object, java.lang.Object)'> (0x00000000c3792e58) 
thrown [s\src\hotspot\share\interpreter\linkResolver.cpp, line 759]
Event: 15.584 Thread 0x000002b67207e560 Exception <a 'java/lang/NoSuchMethodError'{0x00000000c37e9c08}: 'void java.lang.invoke.DirectMethodHandle$Holder.invokeSpecial(java.lang.Object, java.lang.Object, java.lang.Object, java.lang.Object, java.lang.Object, java.lang.Object, java.lang.Object, java.lang.Object)'> (0x00000000c37e9c08) 
thrown [s\src\hotspot\share\interpreter\linkResolver.cpp, line 759]
Event: 15.672 Thread 0x000002b67207e560 Exception <a 'java/lang/NoSuchMethodError'{0x00000000c35a93c0}: 'java.lang.Object java.lang.invoke.DirectMethodHandle$Holder.newInvokeSpecial(java.lang.Object, java.lang.Object, java.lang.Object, java.lang.Object, java.lang.Object, int, java.lang.Object)'> (0x00000000c35a93c0) 
thrown [s\src\hotspot\share\interpreter\linkResolver.cpp, line 759]
Event: 15.685 Thread 0x000002b67207e560 Exception <a 'java/lang/NoSuchMethodError'{0x00000000c35e53c0}: 'java.lang.Object java.lang.invoke.DirectMethodHandle$Holder.newInvokeSpecial(java.lang.Object, java.lang.Object, java.lang.Object, java.lang.Object, java.lang.Object, java.lang.Object, java.lang.Object, java.lang.Object, java.lang.Object, java.lang.Object, java.lang.Object, java.lang.Object)'> (0x00000000c35e53c0) 
thrown [s\src\hotspot\share\interpreter\linkResolver.cpp, line 759]
Event: 15.686 Thread 0x000002b67207e560 Exception <a 'java/lang/NoSuchMethodError'{0x00000000c35e9e68}: 'java.lang.Object java.lang.invoke.DirectMethodHandle$Holder.invokeSpecial(java.lang.Object, java.lang.Object, java.lang.Object, java.lang.Object, java.lang.Object, java.lang.Object, java.lang.Object, java.lang.Object, java.lang.Object, java.lang.Object, java.lang.Object, java.lang.Object, java.lang.Object)'> (0x00000000c35e9e68) 
thrown [s\src\hotspot\share\interpreter\linkResolver.cpp, line 759]
Event: 15.686 Thread 0x000002b67207e560 Exception <a 'java/lang/NoSuchMethodError'{0x00000000c35ee580}: 'java.lang.Object java.lang.invoke.Invokers$Holder.linkToTargetMethod(java.lang.Object, java.lang.Object, java.lang.Object, java.lang.Object, java.lang.Object, java.lang.Object, java.lang.Object, java.lang.Object, java.lang.Object, java.lang.Object, java.lang.Object, java.lang.Object)'> (0x00000000c35ee580) 
thrown [s\src\hotspot\share\interpreter\linkResolver.cpp, line 759]
Event: 15.730 Thread 0x000002b67207e560 Exception <a 'java/lang/IncompatibleClassChangeError'{0x00000000c3491da8}: Found class java.lang.Object, but interface was expected> (0x00000000c3491da8) 
thrown [s\src\hotspot\share\interpreter\linkResolver.cpp, line 826]
Event: 15.819 Thread 0x000002b67207e560 Exception <a 'java/lang/NoSuchMethodError'{0x00000000c4422560}: 'java.lang.Object java.lang.invoke.DirectMethodHandle$Holder.newInvokeSpecial(java.lang.Object, java.lang.Object, java.lang.Object, java.lang.Object, java.lang.Object, java.lang.Object, java.lang.Object, int)'> (0x00000000c4422560) 
thrown [s\src\hotspot\share\interpreter\linkResolver.cpp, line 759]
Event: 15.819 Thread 0x000002b67207e560 Exception <a 'java/lang/NoSuchMethodError'{0x00000000c4427560}: 'java.lang.Object java.lang.invoke.DirectMethodHandle$Holder.invokeSpecial(java.lang.Object, java.lang.Object, java.lang.Object, java.lang.Object, java.lang.Object, java.lang.Object, java.lang.Object, java.lang.Object, int)'> (0x00000000c4427560) 
thrown [s\src\hotspot\share\interpreter\linkResolver.cpp, line 759]
Event: 15.820 Thread 0x000002b67207e560 Exception <a 'java/lang/NoSuchMethodError'{0x00000000c442c060}: 'java.lang.Object java.lang.invoke.Invokers$Holder.linkToTargetMethod(java.lang.Object, java.lang.Object, java.lang.Object, java.lang.Object, java.lang.Object, java.lang.Object, int, java.lang.Object)'> (0x00000000c442c060) 
thrown [s\src\hotspot\share\interpreter\linkResolver.cpp, line 759]
Event: 15.869 Thread 0x000002b67207e560 Exception <a 'java/lang/NoSuchMethodError'{0x00000000c4308908}: 'java.lang.Object java.lang.invoke.DirectMethodHandle$Holder.newInvokeSpecial(java.lang.Object, java.lang.Object, int, java.lang.Object, int, java.lang.Object, java.lang.Object)'> (0x00000000c4308908) 
thrown [s\src\hotspot\share\interpreter\linkResolver.cpp, line 759]
Event: 15.875 Thread 0x000002b67207e560 Exception <a 'java/lang/NoSuchMethodError'{0x00000000c4323038}: 'void java.lang.invoke.DirectMethodHandle$Holder.invokeInterface(java.lang.Object, java.lang.Object)'> (0x00000000c4323038) 
thrown [s\src\hotspot\share\interpreter\linkResolver.cpp, line 759]
Event: 16.009 Thread 0x000002b67207e560 Exception <a 'java/lang/NoSuchMethodError'{0x00000000c41fab50}: 'void java.lang.invoke.Invokers$Holder.invokeExact_MT(java.lang.Object, java.lang.Object, java.lang.Object, java.lang.Object)'> (0x00000000c41fab50) 
thrown [s\src\hotspot\share\interpreter\linkResolver.cpp, line 759]
Event: 16.056 Thread 0x000002b67207e560 Implicit null exception at 0x000002b661636951 to 0x000002b661636b8c
Event: 16.167 Thread 0x000002b67207e560 Exception <a 'java/lang/IncompatibleClassChangeError'{0x00000000c3dcb1b8}: Found class java.lang.Object, but interface was expected> (0x00000000c3dcb1b8) 
thrown [s\src\hotspot\share\interpreter\linkResolver.cpp, line 826]
Event: 16.191 Thread 0x000002b67207e560 Exception <a 'java/lang/IncompatibleClassChangeError'{0x00000000c3c4c4c0}: Found class java.lang.Object, but interface was expected> (0x00000000c3c4c4c0) 
thrown [s\src\hotspot\share\interpreter\linkResolver.cpp, line 826]
Event: 16.249 Thread 0x000002b67207e560 Exception <a 'java/lang/IncompatibleClassChangeError'{0x00000000c3bb9e68}: Found class java.lang.Object, but interface was expected> (0x00000000c3bb9e68) 
thrown [s\src\hotspot\share\interpreter\linkResolver.cpp, line 826]
Event: 16.550 Thread 0x000002b67207e560 Exception <a 'java/lang/IncompatibleClassChangeError'{0x00000000c346aaa8}: Found class java.lang.Object, but interface was expected> (0x00000000c346aaa8) 
thrown [s\src\hotspot\share\interpreter\linkResolver.cpp, line 826]

VM Operations (20 events):
Event: 13.382 Executing VM operation: ICBufferFull
Event: 13.383 Executing VM operation: ICBufferFull done
Event: 13.716 Executing VM operation: G1CollectForAllocation
Event: 13.720 Executing VM operation: G1CollectForAllocation done
Event: 14.631 Executing VM operation: HandshakeAllThreads
Event: 14.632 Executing VM operation: HandshakeAllThreads done
Event: 14.683 Executing VM operation: G1CollectForAllocation
Event: 14.689 Executing VM operation: G1CollectForAllocation done
Event: 15.292 Executing VM operation: ICBufferFull
Event: 15.293 Executing VM operation: ICBufferFull done
Event: 15.751 Executing VM operation: G1CollectForAllocation
Event: 15.757 Executing VM operation: G1CollectForAllocation done
Event: 16.442 Executing VM operation: HandshakeAllThreads
Event: 16.442 Executing VM operation: HandshakeAllThreads done
Event: 16.570 Executing VM operation: G1CollectForAllocation
Event: 16.578 Executing VM operation: G1CollectForAllocation done
Event: 16.640 Executing VM operation: HandshakeAllThreads
Event: 16.640 Executing VM operation: HandshakeAllThreads done
Event: 16.641 Executing VM operation: HandshakeAllThreads
Event: 16.641 Executing VM operation: HandshakeAllThreads done

Events (20 events):
Event: 1.144 Loaded shared library C:\Program Files\JetBrains\IntelliJ IDEA Community Edition 2021.3.3\bin\breakgen64.dll
Event: 1.146 Thread 0x000002b6716b92e0 Thread added: 0x000002b6716b92e0
Event: 1.146 Thread 0x000002b6716b9ba0 Thread added: 0x000002b6716b9ba0
Event: 1.282 Loaded shared library C:\Users\ERIN_JAVALead\.jdks\corretto-18.0.2\bin\jimage.dll
Event: 2.074 Loaded shared library C:\Users\ERIN_JAVALead\.jdks\corretto-18.0.2\bin\management.dll
Event: 2.084 Loaded shared library C:\Users\ERIN_JAVALead\.jdks\corretto-18.0.2\bin\management_ext.dll
Event: 2.304 Thread 0x000002b671dc4270 Thread added: 0x000002b671dc4270
Event: 2.320 Thread 0x000002b67207e560 Thread added: 0x000002b67207e560
Event: 3.654 Thread 0x000002b672384e90 Thread added: 0x000002b672384e90
Event: 4.980 Loaded shared library C:\Users\ERIN_JAVALead\.jdks\corretto-18.0.2\bin\sunmscapi.dll
Event: 5.010 Thread 0x000002b672384e90 Thread exited: 0x000002b672384e90
Event: 5.093 Thread 0x000002b6726e4450 Thread added: 0x000002b6726e4450
Event: 5.311 Thread 0x000002b6726e4450 Thread exited: 0x000002b6726e4450
Event: 9.739 Thread 0x000002b672c29a80 Thread added: 0x000002b672c29a80
Event: 9.743 Thread 0x000002b672c2a8f0 Thread added: 0x000002b672c2a8f0
Event: 9.751 Thread 0x000002b672c2adc0 Thread added: 0x000002b672c2adc0
Event: 10.826 Loaded shared library C:\Users\ERIN_JAVALead\.jdks\corretto-18.0.2\bin\verify.dll
Event: 12.441 Thread 0x000002b673847e10 Thread added: 0x000002b673847e10
Event: 12.558 Thread 0x000002b67384b7d0 Thread added: 0x000002b67384b7d0
Event: 12.674 Thread 0x000002b67384a490 Thread added: 0x000002b67384a490


Dynamic libraries:
0x00007ff6ed860000 - 0x00007ff6ed86d000 	C:\Users\ERIN_JAVALead\.jdks\corretto-18.0.2\bin\java.exe
0x00007ffd670b0000 - 0x00007ffd672a8000 	C:\WINDOWS\SYSTEM32\ntdll.dll
0x00007ffd65a40000 - 0x00007ffd65afd000 	C:\WINDOWS\System32\KERNEL32.DLL
0x00007ffd64730000 - 0x00007ffd64a26000 	C:\WINDOWS\System32\KERNELBASE.dll
0x00007ffd64f30000 - 0x00007ffd65030000 	C:\WINDOWS\System32\ucrtbase.dll
0x00007ffd60170000 - 0x00007ffd60185000 	C:\Users\ERIN_JAVALead\.jdks\corretto-18.0.2\bin\VCRUNTIME140.dll
0x00007ffd60150000 - 0x00007ffd60167000 	C:\Users\ERIN_JAVALead\.jdks\corretto-18.0.2\bin\jli.dll
0x00007ffd65e10000 - 0x00007ffd65faf000 	C:\WINDOWS\System32\USER32.dll
0x00007ffd64a30000 - 0x00007ffd64a52000 	C:\WINDOWS\System32\win32u.dll
0x00007ffd651e0000 - 0x00007ffd6520b000 	C:\WINDOWS\System32\GDI32.dll
0x00007ffd64af0000 - 0x00007ffd64c07000 	C:\WINDOWS\System32\gdi32full.dll
0x00007ffd64c80000 - 0x00007ffd64d1d000 	C:\WINDOWS\System32\msvcp_win.dll
0x00007ffd4ee30000 - 0x00007ffd4f0ca000 	C:\WINDOWS\WinSxS\amd64_microsoft.windows.common-controls_6595b64144ccf1df_6.0.19041.3636_none_60b6a03d71f818d5\COMCTL32.dll
0x00007ffd660d0000 - 0x00007ffd6616e000 	C:\WINDOWS\System32\msvcrt.dll
0x00007ffd65fb0000 - 0x00007ffd65fe2000 	C:\WINDOWS\System32\IMM32.DLL
0x00007ffd40580000 - 0x00007ffd4061b000 	C:\Users\ERIN_JAVALead\.jdks\corretto-18.0.2\bin\msvcp140.dll
0x00007ffd221a0000 - 0x00007ffd22e11000 	C:\Users\ERIN_JAVALead\.jdks\corretto-18.0.2\bin\server\jvm.dll
0x00007ffd65210000 - 0x00007ffd652c0000 	C:\WINDOWS\System32\ADVAPI32.dll
0x00007ffd66220000 - 0x00007ffd662c0000 	C:\WINDOWS\System32\sechost.dll
0x00007ffd65bd0000 - 0x00007ffd65cf3000 	C:\WINDOWS\System32\RPCRT4.dll
0x00007ffd65030000 - 0x00007ffd65057000 	C:\WINDOWS\System32\bcrypt.dll
0x00007ffd652c0000 - 0x00007ffd652c8000 	C:\WINDOWS\System32\PSAPI.DLL
0x00007ffd60240000 - 0x00007ffd60249000 	C:\WINDOWS\SYSTEM32\WSOCK32.dll
0x00007ffd663f0000 - 0x00007ffd6645b000 	C:\WINDOWS\System32\WS2_32.dll
0x00007ffd415d0000 - 0x00007ffd415f7000 	C:\WINDOWS\SYSTEM32\WINMM.dll
0x00007ffd5ea30000 - 0x00007ffd5ea3a000 	C:\WINDOWS\SYSTEM32\VERSION.dll
0x00007ffd624a0000 - 0x00007ffd624b2000 	C:\WINDOWS\SYSTEM32\kernel.appcore.dll
0x00007ffd52e30000 - 0x00007ffd52e3a000 	C:\Users\ERIN_JAVALead\.jdks\corretto-18.0.2\bin\jimage.dll
0x00007ffd46540000 - 0x00007ffd46724000 	C:\WINDOWS\SYSTEM32\DBGHELP.DLL
0x00007ffd46500000 - 0x00007ffd46534000 	C:\WINDOWS\SYSTEM32\dbgcore.DLL
0x00007ffd64a60000 - 0x00007ffd64ae2000 	C:\WINDOWS\System32\bcryptPrimitives.dll
0x00007ffd52e20000 - 0x00007ffd52e2e000 	C:\Users\ERIN_JAVALead\.jdks\corretto-18.0.2\bin\instrument.dll
0x00007ffd47410000 - 0x00007ffd47435000 	C:\Users\ERIN_JAVALead\.jdks\corretto-18.0.2\bin\java.dll
0x00007ffd3d220000 - 0x00007ffd3d2f6000 	C:\Users\ERIN_JAVALead\.jdks\corretto-18.0.2\bin\jsvml.dll
0x00007ffd66460000 - 0x00007ffd66bcb000 	C:\WINDOWS\System32\SHELL32.dll
0x00007ffd62780000 - 0x00007ffd62f1e000 	C:\WINDOWS\SYSTEM32\windows.storage.dll
0x00007ffd652d0000 - 0x00007ffd65623000 	C:\WINDOWS\System32\combase.dll
0x00007ffd63fb0000 - 0x00007ffd63fde000 	C:\WINDOWS\SYSTEM32\Wldp.dll
0x00007ffd650b0000 - 0x00007ffd6517d000 	C:\WINDOWS\System32\OLEAUT32.dll
0x00007ffd65d00000 - 0x00007ffd65dad000 	C:\WINDOWS\System32\SHCORE.dll
0x00007ffd65db0000 - 0x00007ffd65e05000 	C:\WINDOWS\System32\shlwapi.dll
0x00007ffd64660000 - 0x00007ffd64683000 	C:\WINDOWS\SYSTEM32\profapi.dll
0x00007ffd473d0000 - 0x00007ffd473e8000 	C:\Users\ERIN_JAVALead\.jdks\corretto-18.0.2\bin\zip.dll
0x00007ffd4ebe0000 - 0x00007ffd4ebf3000 	C:\Users\ERIN_JAVALead\.jdks\corretto-18.0.2\bin\net.dll
0x00007ffd5e350000 - 0x00007ffd5e45a000 	C:\WINDOWS\SYSTEM32\WINHTTP.dll
0x00007ffd63d90000 - 0x00007ffd63dfa000 	C:\WINDOWS\system32\mswsock.dll
0x00007ffd473f0000 - 0x00007ffd47405000 	C:\Users\ERIN_JAVALead\.jdks\corretto-18.0.2\bin\nio.dll
0x00007ffd47230000 - 0x00007ffd4724a000 	C:\Program Files\JetBrains\IntelliJ IDEA Community Edition 2021.3.3\bin\breakgen64.dll
0x00007ffd4eb60000 - 0x00007ffd4eb69000 	C:\Users\ERIN_JAVALead\.jdks\corretto-18.0.2\bin\management.dll
0x00007ffd4eaf0000 - 0x00007ffd4eafb000 	C:\Users\ERIN_JAVALead\.jdks\corretto-18.0.2\bin\management_ext.dll
0x00007ffd49c10000 - 0x00007ffd49c1e000 	C:\Users\ERIN_JAVALead\.jdks\corretto-18.0.2\bin\sunmscapi.dll
0x00007ffd64dd0000 - 0x00007ffd64f2e000 	C:\WINDOWS\System32\CRYPT32.dll
0x00007ffd64100000 - 0x00007ffd64128000 	C:\WINDOWS\SYSTEM32\ncrypt.dll
0x00007ffd640c0000 - 0x00007ffd640fb000 	C:\WINDOWS\SYSTEM32\NTASN1.dll
0x00007ffd63ff0000 - 0x00007ffd64008000 	C:\WINDOWS\SYSTEM32\CRYPTSP.dll
0x00007ffd636d0000 - 0x00007ffd63704000 	C:\WINDOWS\system32\rsaenh.dll
0x00007ffd645e0000 - 0x00007ffd6460e000 	C:\WINDOWS\SYSTEM32\USERENV.dll
0x00007ffd63f20000 - 0x00007ffd63f2c000 	C:\WINDOWS\SYSTEM32\CRYPTBASE.dll
0x00007ffd63a90000 - 0x00007ffd63acb000 	C:\WINDOWS\SYSTEM32\IPHLPAPI.DLL
0x00007ffd65b60000 - 0x00007ffd65b68000 	C:\WINDOWS\System32\NSI.dll
0x00007ffd5e990000 - 0x00007ffd5e9a7000 	C:\WINDOWS\SYSTEM32\dhcpcsvc6.DLL
0x00007ffd5e970000 - 0x00007ffd5e98d000 	C:\WINDOWS\SYSTEM32\dhcpcsvc.DLL
0x00007ffd63ad0000 - 0x00007ffd63b9b000 	C:\WINDOWS\SYSTEM32\DNSAPI.dll
0x00007ffd50790000 - 0x00007ffd507a0000 	C:\Users\ERIN_JAVALead\.jdks\corretto-18.0.2\bin\verify.dll
0x00007ffd3d650000 - 0x00007ffd3d667000 	C:\WINDOWS\system32\napinsp.dll
0x00007ffd3d7f0000 - 0x00007ffd3d80b000 	C:\WINDOWS\system32\pnrpnsp.dll
0x00007ffd3dfd0000 - 0x00007ffd3dfe2000 	C:\WINDOWS\System32\winrnr.dll
0x00007ffd60090000 - 0x00007ffd600ad000 	C:\WINDOWS\system32\NLAapi.dll
0x00007ffd5f5e0000 - 0x00007ffd5f5f5000 	C:\WINDOWS\system32\wshbth.dll
0x00007ffd5d420000 - 0x00007ffd5d42a000 	C:\Windows\System32\rasadhlp.dll
0x00007ffd5dd00000 - 0x00007ffd5dd80000 	C:\WINDOWS\System32\fwpuclnt.dll

dbghelp: loaded successfully - version: 4.0.5 - missing functions: none
symbol engine: initialized successfully - sym options: 0x614 - pdb path: .;C:\Users\ERIN_JAVALead\.jdks\corretto-18.0.2\bin;C:\WINDOWS\SYSTEM32;C:\WINDOWS\WinSxS\amd64_microsoft.windows.common-controls_6595b64144ccf1df_6.0.19041.3636_none_60b6a03d71f818d5;C:\Users\ERIN_JAVALead\.jdks\corretto-18.0.2\bin\server;C:\Program Files\JetBrains\IntelliJ IDEA Community Edition 2021.3.3\bin

VM Arguments:
jvm_args: -javaagent:C:\Program Files\JetBrains\IntelliJ IDEA Community Edition 2021.3.3\lib\idea_rt.jar=55811:C:\Program Files\JetBrains\IntelliJ IDEA Community Edition 2021.3.3\bin -Dfile.encoding=UTF-8 
java_command: com.verise.veganapp.VeriseApplication
java_class_path (initial): C:\Users\ERIN_JAVALead\Downloads\verise\verise\target\classes;C:\Users\ERIN_JAVALead\.m2\repository\org\springframework\boot\spring-boot-starter-web\3.2.4\spring-boot-starter-web-3.2.4.jar;C:\Users\ERIN_JAVALead\.m2\repository\org\springframework\boot\spring-boot-starter\3.2.4\spring-boot-starter-3.2.4.jar;C:\Users\ERIN_JAVALead\.m2\repository\org\springframework\boot\spring-boot-starter-logging\3.2.4\spring-boot-starter-logging-3.2.4.jar;C:\Users\ERIN_JAVALead\.m2\repository\ch\qos\logback\logback-classic\1.4.14\logback-classic-1.4.14.jar;C:\Users\ERIN_JAVALead\.m2\repository\ch\qos\logback\logback-core\1.4.14\logback-core-1.4.14.jar;C:\Users\ERIN_JAVALead\.m2\repository\org\apache\logging\log4j\log4j-to-slf4j\2.21.1\log4j-to-slf4j-2.21.1.jar;C:\Users\ERIN_JAVALead\.m2\repository\org\apache\logging\log4j\log4j-api\2.21.1\log4j-api-2.21.1.jar;C:\Users\ERIN_JAVALead\.m2\repository\org\slf4j\jul-to-slf4j\2.0.12\jul-to-slf4j-2.0.12.jar;C:\Users\ERIN_JAVALead\.m2\repository\jakarta\annotation\jakarta.annotation-api\2.1.1\jakarta.annotation-api-2.1.1.jar;C:\Users\ERIN_JAVALead\.m2\repository\org\yaml\snakeyaml\2.2\snakeyaml-2.2.jar;C:\Users\ERIN_JAVALead\.m2\repository\org\springframework\boot\spring-boot-starter-json\3.2.4\spring-boot-starter-json-3.2.4.jar;C:\Users\ERIN_JAVALead\.m2\repository\com\fasterxml\jackson\core\jackson-databind\2.15.4\jackson-databind-2.15.4.jar;C:\Users\ERIN_JAVALead\.m2\repository\com\fasterxml\jackson\core\jackson-annotations\2.15.4\jackson-annotations-2.15.4.jar;C:\Users\ERIN_JAVALead\.m2\repository\com\fasterxml\jackson\core\jackson-core\2.15.4\jackson-core-2.15.4.jar;C:\Users\ERIN_JAVALead\.m2\repository\com\fasterxml\jackson\datatype\jackson-datatype-jdk8\2.15.4\jackson-datatype-jdk8-2.15.4.jar;C:\Users\ERIN_JAVALead\.m2\repository\com\fasterxml\jackson\datatype\jackson-datatype-jsr310\2.15.4\jackson-datatype-jsr310-2.15.4.jar;C:\Users\ERIN_JAVALead\.m2\repository\com\fasterxml\jackson\module\jackson-module-parameter-names\2.15.4\jackson-module-parameter-names-2.15.4.jar;C:\Users\ERIN_JAVALead\.m2\repository\org\springframework\boot\spring-boot-starter-tomcat\3.2.4\spring-boot-starter-tomcat-3.2.4.jar;C:\Users\ERIN_JAVALead\.m2\repository\org\apache\tomcat\embed\tomcat-embed-core\10.1.19\tomcat-embed-core-10.1.19.jar;C:\Users\ERIN_JAVALead\.m2\repository\org\apache\tomcat\embed\tomcat-embed-el\10.1.19\tomcat-embed-el-10.1.19.jar;C:\Users\ERIN_JAVALead\.m2\repository\org\apache\tomcat\embed\tomcat-embed-websocket\10.1.19\tomcat-embed-websocket-10.1.19.jar;C:\Users\ERIN_JAVALead\.m2\repository\org\springframework\spring-web\6.1.5\spring-web-6.1.5.jar;C:\Users\ERIN_JAVALead\.m2\repository\org\springframework\spring-beans\6.1.5\spring-beans-6.1.5.jar;C:\Users\ERIN_JAVALead\.m2\repository\io\micrometer\micrometer-observation\1.12.4\micrometer-observation-1.12.4.jar;C:\Users\ERIN_JAVALead\.m2\repository\io\micrometer\micrometer-commons\1.12.4\micrometer-commons-1.12.4.jar;C:\Users\ERIN_JAVALead\.m2\repository\org\springframework\spring-webmvc\6.1.5\spring-webmvc-6.1.5.jar;C:\Users\ERIN_JAVALead\.m2\repository\org\springframework\spring-aop\6.1.5\spring-aop-6.1.5.jar;C:\Users\ERIN_JAVALead\.m2\repository\org\springframework\spring-context\6.1.5\spring-context-6.1.5.jar;C:\Users\ERIN_JAVALead\.m2\repository\org\springframework\spring-expression\6.1.5\spring-expression-6.1.5.jar;C:\Users\ERIN_JAVALead\.m2\repository\org\springframework\boot\spring-boot-devtools\3.2.4\spring-boot-devtools-3.2.4.jar;C:\Users\ERIN_JAVALead\.m2\repository\org\springframework\boot\spring-boot\3.2.4\spring-boot-3.2.4.jar;C:\Users\ERIN_JAVALead\.m2\repository\org\springframework\boot\spring-boot-autoconfigure\3.2.4\spring-boot-autoconfigure-3.2.4.jar;C:\Users\ERIN_JAVALead\.m2\repository\org\projectlombok\lombok\1.18.30\lombok-1.18.30.jar;C:\Users\ERIN_JAVALead\.m2\repository\org\slf4j\slf4j-api\2.0.12\slf4j-api-2.0.12.jar;C:\Users\ERIN_JAVALead\.m2\repository\jakarta\xml\bind\jakarta.xml.bind-api\4.0.2\jakarta.xml.bind-api-4.0.2.jar;C:\Users\ERIN_JAVALead\.m2\repository\jakarta\activation\jakarta.activation-api\2.1.3\jakarta.activation-api-2.1.3.jar;C:\Users\ERIN_JAVALead\.m2\repository\net\bytebuddy\byte-buddy\1.14.12\byte-buddy-1.14.12.jar;C:\Users\ERIN_JAVALead\.m2\repository\org\springframework\spring-core\6.1.5\spring-core-6.1.5.jar;C:\Users\ERIN_JAVALead\.m2\repository\org\springframework\spring-jcl\6.1.5\spring-jcl-6.1.5.jar;C:\Users\ERIN_JAVALead\.m2\repository\org\springframework\boot\spring-boot-starter-data-jpa\3.2.4\spring-boot-starter-data-jpa-3.2.4.jar;C:\Users\ERIN_JAVALead\.m2\repository\org\springframework\boot\spring-boot-starter-aop\3.2.4\spring-boot-starter-aop-3.2.4.jar;C:\Users\ERIN_JAVALead\.m2\repository\org\aspectj\aspectjweaver\1.9.21\aspectjweaver-1.9.21.jar;C:\Users\ERIN_JAVALead\.m2\repository\org\springframework\boot\spring-boot-starter-jdbc\3.2.4\spring-boot-starter-jdbc-3.2.4.jar;C:\Users\ERIN_JAVALead\.m2\repository\com\zaxxer\HikariCP\5.0.1\HikariCP-5.0.1.jar;C:\Users\ERIN_JAVALead\.m2\repository\org\springframework\spring-jdbc\6.1.5\spring-jdbc-6.1.5.jar;C:\Users\ERIN_JAVALead\.m2\repository\org\hibernate\orm\hibernate-core\6.4.4.Final\hibernate-core-6.4.4.Final.jar;C:\Users\ERIN_JAVALead\.m2\repository\jakarta\persistence\jakarta.persistence-api\3.1.0\jakarta.persistence-api-3.1.0.jar;C:\Users\ERIN_JAVALead\.m2\repository\jakarta\transaction\jakarta.transaction-api\2.0.1\jakarta.transaction-api-2.0.1.jar;C:\Users\ERIN_JAVALead\.m2\repository\org\jboss\logging\jboss-logging\3.5.3.Final\jboss-logging-3.5.3.Final.jar;C:\Users\ERIN_JAVALead\.m2\repository\org\hibernate\common\hibernate-commons-annotations\6.0.6.Final\hibernate-commons-annotations-6.0.6.Final.jar;C:\Users\ERIN_JAVALead\.m2\repository\io\smallrye\jandex\3.1.2\jandex-3.1.2.jar;C:\Users\ERIN_JAVALead\.m2\repository\com\fasterxml\classmate\1.6.0\classmate-1.6.0.jar;C:\Users\ERIN_JAVALead\.m2\repository\org\glassfish\jaxb\jaxb-runtime\4.0.5\jaxb-runtime-4.0.5.jar;C:\Users\ERIN_JAVALead\.m2\repository\org\glassfish\jaxb\jaxb-core\4.0.5\jaxb-core-4.0.5.jar;C:\Users\ERIN_JAVALead\.m2\repository\org\eclipse\angus\angus-activation\2.0.2\angus-activation-2.0.2.jar;C:\Users\ERIN_JAVALead\.m2\repository\org\glassfish\jaxb\txw2\4.0.5\txw2-4.0.5.jar;C:\Users\ERIN_JAVALead\.m2\repository\com\sun\istack\istack-commons-runtime\4.1.2\istack-commons-runtime-4.1.2.jar;C:\Users\ERIN_JAVALead\.m2\repository\jakarta\inject\jakarta.inject-api\2.0.1\jakarta.inject-api-2.0.1.jar;C:\Users\ERIN_JAVALead\.m2\repository\org\antlr\antlr4-runtime\4.13.0\antlr4-runtime-4.13.0.jar;C:\Users\ERIN_JAVALead\.m2\repository\org\springframework\data\spring-data-jpa\3.2.4\spring-data-jpa-3.2.4.jar;C:\Users\ERIN_JAVALead\.m2\repository\org\springframework\data\spring-data-commons\3.2.4\spring-data-commons-3.2.4.jar;C:\Users\ERIN_JAVALead\.m2\repository\org\springframework\spring-orm\6.1.5\spring-orm-6.1.5.jar;C:\Users\ERIN_JAVALead\.m2\repository\org\springframework\spring-tx\6.1.5\spring-tx-6.1.5.jar;C:\Users\ERIN_JAVALead\.m2\repository\org\springframework\spring-aspects\6.1.5\spring-aspects-6.1.5.jar;C:\Users\ERIN_JAVALead\.m2\repository\com\microsoft\sqlserver\mssql-jdbc\12.4.2.jre11\mssql-jdbc-12.4.2.jre11.jar
Launcher Type: SUN_STANDARD

[Global flags]
     intx CICompilerCount                          = 3                                         {product} {ergonomic}
     uint ConcGCThreads                            = 1                                         {product} {ergonomic}
     uint G1ConcRefinementThreads                  = 4                                         {product} {ergonomic}
   size_t G1HeapRegionSize                         = 1048576                                   {product} {ergonomic}
    uintx GCDrainStackTargetSize                   = 64                                        {product} {ergonomic}
   size_t InitialHeapSize                          = 67108864                                  {product} {ergonomic}
   size_t MarkStackSize                            = 4194304                                   {product} {ergonomic}
   size_t MaxHeapSize                              = 1052770304                                {product} {ergonomic}
   size_t MaxNewSize                               = 631242752                                 {product} {ergonomic}
   size_t MinHeapDeltaBytes                        = 1048576                                   {product} {ergonomic}
   size_t MinHeapSize                              = 8388608                                   {product} {ergonomic}
    uintx NonNMethodCodeHeapSize                   = 5832780                                {pd product} {ergonomic}
    uintx NonProfiledCodeHeapSize                  = 122912730                              {pd product} {ergonomic}
    uintx ProfiledCodeHeapSize                     = 122912730                              {pd product} {ergonomic}
    uintx ReservedCodeCacheSize                    = 251658240                              {pd product} {ergonomic}
     bool SegmentedCodeCache                       = true                                      {product} {ergonomic}
   size_t SoftMaxHeapSize                          = 1052770304                             {manageable} {ergonomic}
     bool UseCompressedClassPointers               = true                           {product lp64_product} {ergonomic}
     bool UseCompressedOops                        = true                           {product lp64_product} {ergonomic}
     bool UseG1GC                                  = true                                      {product} {ergonomic}
     bool UseLargePagesIndividualAllocation        = false                                  {pd product} {ergonomic}

Logging:
Log output configuration:
 #0: stdout all=warning uptime,level,tags foldmultilines=false
 #1: stderr all=off uptime,level,tags foldmultilines=false

Environment Variables:
JAVA_HOME=C:\Program Files\Java\jdk1.8.0_202
PATH=C:\Program Files (x86)\Common Files\Oracle\Java\javapath;C:\WINDOWS\system32;C:\WINDOWS;C:\WINDOWS\System32\Wbem;C:\WINDOWS\System32\WindowsPowerShell\v1.0\;C:\WINDOWS\System32\OpenSSH\;C:\Program Files (x86)\nodejs\;C:\Program Files (x86)\nodejs\npm;C:\Users\ERIN_JAVALead\AppData\Roaming\npm;C:\Program Files\Git\cmd;C:\Program Files (x86)\dotnet\;C:\Program Files (x86)\Microsoft SQL Server\160\DTS\Binn\;C:\Program Files\Azure Data Studio\bin;C:\Program Files (x86)\Microsoft SQL Server\160\Tools\Binn\;C:\Program Files\Microsoft SQL Server\160\Tools\Binn\;C:\Program Files\Microsoft SQL Server\Client SDK\ODBC\170\Tools\Binn\;C:\Program Files\Microsoft SQL Server\160\DTS\Binn\;C:\Program Files\Java\jdk1.8.0_202\bin;C:\Program Files\Java\jdk1.8.0_202\jre\bin;C:\kafkasrc\bin\windows;C:\Program Files\Docker\Docker\resources\bin;C:\Program Files\Docker\Docker;C:\Users\ERIN_JAVALead\AppData\Local\Microsoft\WindowsApps;;C:\Users\ERIN_JAVALead\AppData\Local\Programs\Microsoft VS Code\bin;C:\Users\ERIN_JAVALead\AppData\Roaming\npm;C:\Program Files\Azure Data Studio\bin
USERNAME=ERIN_JAVALead
OS=Windows_NT
PROCESSOR_IDENTIFIER=Intel64 Family 6 Model 78 Stepping 3, GenuineIntel



---------------  S Y S T E M  ---------------

OS:
 Windows 10 , 64 bit Build 19041 (10.0.19041.3636)
OS uptime: 0 days 1:30 hours
Hyper-V role detected

CPU: total 4 (initial active 4) (2 cores per cpu, 2 threads per core) family 6 model 78 stepping 3 microcode 0xcc, cx8, cmov, fxsr, ht, mmx, 3dnowpref, sse, sse2, sse3, ssse3, sse4.1, sse4.2, popcnt, lzcnt, tsc, tscinvbit, avx, avx2, aes, erms, clmul, bmi1, bmi2, adx, fma, vzeroupper, clflush, clflushopt, hv

Memory: 4k page, system-wide physical 4012M (301M free)
TotalPageFile size 6060M (AvailPageFile size 5M)
current process WorkingSet (physical memory assigned to process): 207M, peak: 207M
current process commit charge ("private bytes"): 236M, peak: 237M

vm_info: OpenJDK 64-Bit Server VM (18.0.2+9-FR) for windows-amd64 JRE (18.0.2+9-FR), built on Jul 15 2022 20:03:03 by "Administrator" with MS VC++ 15.9 (VS2017)

END.
