#
# There is insufficient memory for the Java Runtime Environment to continue.
# Native memory allocation (mmap) failed to map 3145728 bytes for G1 virtual space
# Possible reasons:
#   The system is out of physical RAM or swap space
#   The process is running with CompressedOops enabled, and the Java Heap may be blocking the growth of the native heap
# Possible solutions:
#   Reduce memory load on the system
#   Increase physical memory or swap space
#   Check if swap backing store is full
#   Decrease Java heap size (-Xmx/-Xms)
#   Decrease number of Java threads
#   Decrease Java thread stack sizes (-Xss)
#   Set larger code cache with -XX:ReservedCodeCacheSize=
#   JVM is running with Unscaled Compressed Oops mode in which the Java heap is
#     placed in the first 4GB address space. The Java Heap base address is the
#     maximum limit for the native heap growth. Please use -XX:HeapBaseMinAddress
#     to set the Java Heap base and to place the Java Heap above 4GB virtual address.
# This output file may be truncated or incomplete.
#
#  Out of Memory Error (os_windows.cpp:3530), pid=3276, tid=10552
#
# JRE version: OpenJDK Runtime Environment Corretto-18.0.2.9.1 (18.0.2+9) (build 18.0.2+9-FR)
# Java VM: OpenJDK 64-Bit Server VM Corretto-18.0.2.9.1 (18.0.2+9-FR, mixed mode, sharing, tiered, compressed oops, compressed class ptrs, g1 gc, windows-amd64)
# No core dump will be written. Minidumps are not enabled by default on client versions of Windows
#

---------------  S U M M A R Y ------------

Command Line: -javaagent:C:\Program Files\JetBrains\IntelliJ IDEA Community Edition 2021.3.3\lib\idea_rt.jar=50884:C:\Program Files\JetBrains\IntelliJ IDEA Community Edition 2021.3.3\bin -Dfile.encoding=UTF-8 com.verise.veganapp.VeriseApplication

Host: Intel(R) Core(TM) i3-6006U CPU @ 2.00GHz, 4 cores, 3G,  Windows 10 , 64 bit Build 19041 (10.0.19041.3636)
Time: Tue Apr  9 01:18:01 2024 W. Europe Daylight Time elapsed time: 27.843911 seconds (0d 0h 0m 27s)

---------------  T H R E A D  ---------------

Current thread (0x000001c03cd15e80):  VMThread "VM Thread" [stack: 0x000000826e500000,0x000000826e600000] [id=10552]

Stack: [0x000000826e500000,0x000000826e600000]
Native frames: (J=compiled Java code, j=interpreted, Vv=VM code, C=native code)
V  [jvm.dll+0x685a2a]
V  [jvm.dll+0x82ae8d]
V  [jvm.dll+0x82c75e]
V  [jvm.dll+0x82ce03]
V  [jvm.dll+0x25ef4b]
V  [jvm.dll+0x6828ca]
V  [jvm.dll+0x67745a]
V  [jvm.dll+0x3243f9]
V  [jvm.dll+0x32ba86]
V  [jvm.dll+0x37e00a]
V  [jvm.dll+0x37e24f]
V  [jvm.dll+0x2fb50a]
V  [jvm.dll+0x2fe396]
V  [jvm.dll+0x308ce9]
V  [jvm.dll+0x33d0e0]
V  [jvm.dll+0x831b3b]
V  [jvm.dll+0x8328c8]
V  [jvm.dll+0x832e15]
V  [jvm.dll+0x833254]
V  [jvm.dll+0x833315]
V  [jvm.dll+0x7d9cba]
V  [jvm.dll+0x6848a5]
C  [ucrtbase.dll+0x21bb2]
C  [KERNEL32.DLL+0x17344]
C  [ntdll.dll+0x526b1]

VM_Operation (0x000000826e1ff860): G1Concurrent, mode: safepoint, requested by thread 0x000001c03ccc84a0


---------------  P R O C E S S  ---------------

Threads class SMR info:
_java_thread_list=0x000001c060b76bb0, length=32, elements={
0x000001c03cd1a630, 0x000001c03cd1b290, 0x000001c03cd30980, 0x000001c03cd31320,
0x000001c03cd31cc0, 0x000001c03cd32660, 0x000001c03cd33330, 0x000001c058248f30,
0x000001c05825b510, 0x000001c0582ce8d0, 0x000001c05c6b0310, 0x000001c05c6b07d0,
0x000001c05d581c40, 0x000001c05d582110, 0x000001c05d585130, 0x000001c05d585600,
0x000001c05d582ab0, 0x000001c05d583450, 0x000001c05d582f80, 0x000001c05d583920,
0x000001c05d583df0, 0x000001c05d5842c0, 0x000001c05cd84610, 0x000001c05cd81ac0,
0x000001c05cd87b00, 0x000001c05cd85480, 0x000001c05cd87fd0, 0x000001c05cd87630,
0x000001c05cd85e20, 0x000001c05cd88970, 0x000001c05cd84140, 0x000001c05cd87160
}

Java Threads: ( => current thread )
  0x000001c03cd1a630 JavaThread "Reference Handler" daemon [_thread_blocked, id=8576, stack(0x000000826e600000,0x000000826e700000)]
  0x000001c03cd1b290 JavaThread "Finalizer" daemon [_thread_blocked, id=3700, stack(0x000000826e700000,0x000000826e800000)]
  0x000001c03cd30980 JavaThread "Signal Dispatcher" daemon [_thread_blocked, id=8020, stack(0x000000826e800000,0x000000826e900000)]
  0x000001c03cd31320 JavaThread "Attach Listener" daemon [_thread_blocked, id=2936, stack(0x000000826e900000,0x000000826ea00000)]
  0x000001c03cd31cc0 JavaThread "Service Thread" daemon [_thread_blocked, id=1720, stack(0x000000826ea00000,0x000000826eb00000)]
  0x000001c03cd32660 JavaThread "Monitor Deflation Thread" daemon [_thread_blocked, id=12684, stack(0x000000826eb00000,0x000000826ec00000)]
  0x000001c03cd33330 JavaThread "C2 CompilerThread0" daemon [_thread_blocked, id=8632, stack(0x000000826ec00000,0x000000826ed00000)]
  0x000001c058248f30 JavaThread "C1 CompilerThread0" daemon [_thread_blocked, id=12232, stack(0x000000826ed00000,0x000000826ee00000)]
  0x000001c05825b510 JavaThread "Sweeper thread" daemon [_thread_blocked, id=1284, stack(0x000000826ee00000,0x000000826ef00000)]
  0x000001c0582ce8d0 JavaThread "Common-Cleaner" daemon [_thread_blocked, id=10420, stack(0x000000826ef00000,0x000000826f000000)]
  0x000001c05c6b0310 JavaThread "Monitor Ctrl-Break" daemon [_thread_in_native, id=8476, stack(0x000000826f000000,0x000000826f100000)]
  0x000001c05c6b07d0 JavaThread "Notification Thread" daemon [_thread_blocked, id=4920, stack(0x000000826f100000,0x000000826f200000)]
  0x000001c05d581c40 JavaThread "Catalina-utility-1" [_thread_blocked, id=7016, stack(0x000000826f900000,0x000000826fa00000)]
  0x000001c05d582110 JavaThread "Catalina-utility-2" [_thread_blocked, id=7304, stack(0x000000826fa00000,0x000000826fb00000)]
  0x000001c05d585130 JavaThread "container-0" [_thread_blocked, id=7696, stack(0x000000826fb00000,0x000000826fc00000)]
  0x000001c05d585600 JavaThread "mssql-jdbc-shared-timer-core-0" daemon [_thread_blocked, id=2768, stack(0x000000826fd00000,0x000000826fe00000)]
  0x000001c05d582ab0 JavaThread "HikariPool-1 housekeeper" daemon [_thread_blocked, id=220, stack(0x000000826fe00000,0x000000826ff00000)]
  0x000001c05d583450 JavaThread "File Watcher" daemon [_thread_blocked, id=12048, stack(0x0000008270000000,0x0000008270100000)]
  0x000001c05d582f80 JavaThread "Live Reload Server" daemon [_thread_in_native, id=9432, stack(0x0000008270200000,0x0000008270300000)]
  0x000001c05d583920 JavaThread "http-nio-8082-exec-1" daemon [_thread_blocked, id=1304, stack(0x0000008270100000,0x0000008270200000)]
  0x000001c05d583df0 JavaThread "http-nio-8082-exec-2" daemon [_thread_blocked, id=5564, stack(0x0000008270300000,0x0000008270400000)]
  0x000001c05d5842c0 JavaThread "http-nio-8082-exec-3" daemon [_thread_blocked, id=9964, stack(0x0000008270400000,0x0000008270500000)]
  0x000001c05cd84610 JavaThread "http-nio-8082-exec-4" daemon [_thread_blocked, id=4380, stack(0x0000008270500000,0x0000008270600000)]
  0x000001c05cd81ac0 JavaThread "http-nio-8082-exec-5" daemon [_thread_blocked, id=13220, stack(0x0000008270600000,0x0000008270700000)]
  0x000001c05cd87b00 JavaThread "http-nio-8082-exec-6" daemon [_thread_blocked, id=2948, stack(0x0000008270700000,0x0000008270800000)]
  0x000001c05cd85480 JavaThread "http-nio-8082-exec-7" daemon [_thread_blocked, id=6920, stack(0x0000008270800000,0x0000008270900000)]
  0x000001c05cd87fd0 JavaThread "http-nio-8082-exec-8" daemon [_thread_blocked, id=8340, stack(0x0000008270900000,0x0000008270a00000)]
  0x000001c05cd87630 JavaThread "http-nio-8082-exec-9" daemon [_thread_blocked, id=3348, stack(0x0000008270a00000,0x0000008270b00000)]
  0x000001c05cd85e20 JavaThread "http-nio-8082-exec-10" daemon [_thread_blocked, id=6616, stack(0x0000008270b00000,0x0000008270c00000)]
  0x000001c05cd88970 JavaThread "http-nio-8082-Poller" daemon [_thread_in_native, id=7884, stack(0x0000008270c00000,0x0000008270d00000)]
  0x000001c05cd84140 JavaThread "http-nio-8082-Acceptor" daemon [_thread_in_native, id=11588, stack(0x0000008270d00000,0x0000008270e00000)]
  0x000001c05cd87160 JavaThread "DestroyJavaVM" [_thread_blocked, id=9276, stack(0x000000826df00000,0x000000826e000000)]

Other Threads:
=>0x000001c03cd15e80 VMThread "VM Thread" [stack: 0x000000826e500000,0x000000826e600000] [id=10552]
  0x000001c05c71dd80 WatcherThread "VM Periodic Task Thread" [stack: 0x000000826f200000,0x000000826f300000] [id=11976]
  0x000001c03ccbf7f0 WorkerThread "GC Thread#0" [stack: 0x000000826e000000,0x000000826e100000] [id=9452]
  0x000001c05cbabc70 WorkerThread "GC Thread#1" [stack: 0x000000826f300000,0x000000826f400000] [id=5772]
  0x000001c05ccb9340 WorkerThread "GC Thread#2" [stack: 0x000000826f400000,0x000000826f500000] [id=5540]
  0x000001c05ced43a0 WorkerThread "GC Thread#3" [stack: 0x000000826f500000,0x000000826f600000] [id=6760]
  0x000001c03ccc84a0 ConcurrentGCThread "G1 Main Marker" [stack: 0x000000826e100000,0x000000826e200000] [id=12380]
  0x000001c03ccc8e90 WorkerThread "G1 Conc#0" [stack: 0x000000826e200000,0x000000826e300000] [id=10012]
  0x000001c03ccf0780 ConcurrentGCThread "G1 Refine#0" [stack: 0x000000826e300000,0x000000826e400000] [id=12008]
  0x000001c03ccf1090 ConcurrentGCThread "G1 Service" [stack: 0x000000826e400000,0x000000826e500000] [id=6268]

Threads with active compile tasks:
C2 CompilerThread0    27971 5776       4       jdk.internal.org.objectweb.asm.ClassWriter::toByteArray (1515 bytes)

VM state: at safepoint (normal execution)

VM Mutex/Monitor currently owned by a thread:  ([mutex/lock_event])
[0x000001c03cc7be90] Threads_lock - owner thread: 0x000001c03cd15e80
[0x000001c03cc7b860] Heap_lock - owner thread: 0x000001c03ccc84a0

Heap address: 0x00000000c1400000, size: 1004 MB, Compressed Oops mode: 32-bit

CDS archive(s) mapped at: [0x0000000800000000-0x0000000800ba0000-0x0000000800ba0000), size 12189696, SharedBaseAddress: 0x0000000800000000, ArchiveRelocationMode: 0.
Compressed class space mapped at: 0x0000000800c00000-0x0000000840c00000, reserved size: 1073741824
Narrow klass base: 0x0000000800000000, Narrow klass shift: 0, Narrow klass range: 0x100000000

GC Precious Log:
 CardTable entry size: 512
 Card Set container configuration: InlinePtr #cards 5 size 8 Array Of Cards #cards 12 size 40 Howl #buckets 4 coarsen threshold 1843 Howl Bitmap #cards 512 size 80 coarsen threshold 460 Card regions per heap region 1 cards per card region 2048
 CPUs: 4 total, 4 available
 Memory: 4012M
 Large Page Support: Disabled
 NUMA Support: Disabled
 Compressed Oops: Enabled (32-bit)
 Heap Region Size: 1M
 Heap Min Capacity: 8M
 Heap Initial Capacity: 64M
 Heap Max Capacity: 1004M
 Pre-touch: Disabled
 Parallel Workers: 4
 Concurrent Workers: 1
 Concurrent Refinement Workers: 4
 Periodic GC: Disabled

Heap:
 garbage-first heap   total 48128K, used 29217K [0x00000000c1400000, 0x0000000100000000)
  region size 1024K, 3 young (3072K), 1 survivors (1024K)
 Metaspace       used 62642K, committed 63296K, reserved 1114112K
  class space    used 8266K, committed 8576K, reserved 1048576K

Heap Regions: E=young(eden), S=young(survivor), O=old, HS=humongous(starts), HC=humongous(continues), CS=collection set, F=free, OA=open archive, CA=closed archive, TAMS=top-at-mark-start (previous, next)
|   0|0x00000000c1400000, 0x00000000c1500000, 0x00000000c1500000|100%|HS|  |TAMS 0x00000000c1500000, 0x00000000c1400000| Complete 
|   1|0x00000000c1500000, 0x00000000c1600000, 0x00000000c1600000|100%| O|  |TAMS 0x00000000c1600000, 0x00000000c1500000| Untracked 
|   2|0x00000000c1600000, 0x00000000c1700000, 0x00000000c1700000|100%| O|  |TAMS 0x00000000c1700000, 0x00000000c1600000| Untracked 
|   3|0x00000000c1700000, 0x00000000c1800000, 0x00000000c1800000|100%| O|  |TAMS 0x00000000c1800000, 0x00000000c1700000| Untracked 
|   4|0x00000000c1800000, 0x00000000c1900000, 0x00000000c1900000|100%| O|  |TAMS 0x00000000c1900000, 0x00000000c1800000| Untracked 
|   5|0x00000000c1900000, 0x00000000c1a00000, 0x00000000c1a00000|100%| O|  |TAMS 0x00000000c1a00000, 0x00000000c1900000| Untracked 
|   6|0x00000000c1a00000, 0x00000000c1b00000, 0x00000000c1b00000|100%| O|  |TAMS 0x00000000c1b00000, 0x00000000c1a00000| Untracked 
|   7|0x00000000c1b00000, 0x00000000c1c00000, 0x00000000c1c00000|100%| O|  |TAMS 0x00000000c1c00000, 0x00000000c1b00000| Untracked 
|   8|0x00000000c1c00000, 0x00000000c1ceae00, 0x00000000c1d00000| 91%| O|  |TAMS 0x00000000c1ceae00, 0x00000000c1c00000| Updating 
|   9|0x00000000c1d00000, 0x00000000c1e00000, 0x00000000c1e00000|100%| O|  |TAMS 0x00000000c1e00000, 0x00000000c1d00000| Untracked 
|  10|0x00000000c1e00000, 0x00000000c1f00000, 0x00000000c1f00000|100%| O|  |TAMS 0x00000000c1f00000, 0x00000000c1e00000| Updating 
|  11|0x00000000c1f00000, 0x00000000c2000000, 0x00000000c2000000|100%| O|  |TAMS 0x00000000c2000000, 0x00000000c1f00000| Updating 
|  12|0x00000000c2000000, 0x00000000c2100000, 0x00000000c2100000|100%| O|  |TAMS 0x00000000c2100000, 0x00000000c2000000| Untracked 
|  13|0x00000000c2100000, 0x00000000c2200000, 0x00000000c2200000|100%| O|  |TAMS 0x00000000c2200000, 0x00000000c2100000| Untracked 
|  14|0x00000000c2200000, 0x00000000c2300000, 0x00000000c2300000|100%| O|  |TAMS 0x00000000c2300000, 0x00000000c2200000| Updating 
|  15|0x00000000c2300000, 0x00000000c2400000, 0x00000000c2400000|100%| O|  |TAMS 0x00000000c2400000, 0x00000000c2300000| Updating 
|  16|0x00000000c2400000, 0x00000000c2500000, 0x00000000c2500000|100%| O|  |TAMS 0x00000000c2500000, 0x00000000c2400000| Updating 
|  17|0x00000000c2500000, 0x00000000c2600000, 0x00000000c2600000|100%| O|  |TAMS 0x00000000c2600000, 0x00000000c2500000| Updating 
|  18|0x00000000c2600000, 0x00000000c2700000, 0x00000000c2700000|100%| O|  |TAMS 0x00000000c2700000, 0x00000000c2600000| Untracked 
|  19|0x00000000c2700000, 0x00000000c2800000, 0x00000000c2800000|100%| O|  |TAMS 0x00000000c2800000, 0x00000000c2700000| Updating 
|  20|0x00000000c2800000, 0x00000000c2900000, 0x00000000c2900000|100%| O|  |TAMS 0x00000000c2900000, 0x00000000c2800000| Untracked 
|  21|0x00000000c2900000, 0x00000000c2a00000, 0x00000000c2a00000|100%| O|  |TAMS 0x00000000c2a00000, 0x00000000c2900000| Untracked 
|  22|0x00000000c2a00000, 0x00000000c2b00000, 0x00000000c2b00000|100%| O|  |TAMS 0x00000000c2b00000, 0x00000000c2a00000| Untracked 
|  23|0x00000000c2b00000, 0x00000000c2c00000, 0x00000000c2c00000|100%| O|  |TAMS 0x00000000c2c00000, 0x00000000c2b00000| Untracked 
|  24|0x00000000c2c00000, 0x00000000c2d00000, 0x00000000c2d00000|100%| O|  |TAMS 0x00000000c2cc2000, 0x00000000c2c00000| Untracked 
|  25|0x00000000c2d00000, 0x00000000c2e00000, 0x00000000c2e00000|100%| O|  |TAMS 0x00000000c2d00000, 0x00000000c2d00000| Untracked 
|  26|0x00000000c2e00000, 0x00000000c2eb9a00, 0x00000000c2f00000| 72%| O|  |TAMS 0x00000000c2e00000, 0x00000000c2e00000| Updating 
|  27|0x00000000c2f00000, 0x00000000c2f00000, 0x00000000c3000000|  0%| F|  |TAMS 0x00000000c2f00000, 0x00000000c2f00000| Untracked 
|  28|0x00000000c3000000, 0x00000000c3000000, 0x00000000c3100000|  0%| F|  |TAMS 0x00000000c3000000, 0x00000000c3000000| Untracked 
|  29|0x00000000c3100000, 0x00000000c3100000, 0x00000000c3200000|  0%| F|  |TAMS 0x00000000c3100000, 0x00000000c3100000| Untracked 
|  30|0x00000000c3200000, 0x00000000c3200000, 0x00000000c3300000|  0%| F|  |TAMS 0x00000000c3200000, 0x00000000c3200000| Untracked 
|  31|0x00000000c3300000, 0x00000000c3300000, 0x00000000c3400000|  0%| F|  |TAMS 0x00000000c3300000, 0x00000000c3300000| Untracked 
|  32|0x00000000c3400000, 0x00000000c3400000, 0x00000000c3500000|  0%| F|  |TAMS 0x00000000c3400000, 0x00000000c3400000| Untracked 
|  33|0x00000000c3500000, 0x00000000c3500000, 0x00000000c3600000|  0%| F|  |TAMS 0x00000000c3500000, 0x00000000c3500000| Untracked 
|  34|0x00000000c3600000, 0x00000000c3600000, 0x00000000c3700000|  0%| F|  |TAMS 0x00000000c3600000, 0x00000000c3600000| Untracked 
|  35|0x00000000c3700000, 0x00000000c37e3d90, 0x00000000c3800000| 89%| S|CS|TAMS 0x00000000c3700000, 0x00000000c3700000| Complete 
|  36|0x00000000c3800000, 0x00000000c3800000, 0x00000000c3900000|  0%| F|  |TAMS 0x00000000c3800000, 0x00000000c3800000| Untracked 
|  37|0x00000000c3900000, 0x00000000c3900000, 0x00000000c3a00000|  0%| F|  |TAMS 0x00000000c3900000, 0x00000000c3900000| Untracked 
|  38|0x00000000c3a00000, 0x00000000c3a00000, 0x00000000c3b00000|  0%| F|  |TAMS 0x00000000c3a00000, 0x00000000c3a00000| Untracked 
|  39|0x00000000c3b00000, 0x00000000c3b00000, 0x00000000c3c00000|  0%| F|  |TAMS 0x00000000c3b00000, 0x00000000c3b00000| Untracked 
|  40|0x00000000c3c00000, 0x00000000c3c00000, 0x00000000c3d00000|  0%| F|  |TAMS 0x00000000c3c00000, 0x00000000c3c00000| Untracked 
|  41|0x00000000c3d00000, 0x00000000c3d00000, 0x00000000c3e00000|  0%| F|  |TAMS 0x00000000c3d00000, 0x00000000c3d00000| Untracked 
|  42|0x00000000c3e00000, 0x00000000c3e00000, 0x00000000c3f00000|  0%| F|  |TAMS 0x00000000c3e00000, 0x00000000c3e00000| Untracked 
|  43|0x00000000c3f00000, 0x00000000c3f00000, 0x00000000c4000000|  0%| F|  |TAMS 0x00000000c3f00000, 0x00000000c3f00000| Untracked 
|  44|0x00000000c4000000, 0x00000000c4000000, 0x00000000c4100000|  0%| F|  |TAMS 0x00000000c4000000, 0x00000000c4000000| Untracked 
|  45|0x00000000c4100000, 0x00000000c41a5b60, 0x00000000c4200000| 64%| E|  |TAMS 0x00000000c4100000, 0x00000000c4100000| Complete 
|  63|0x00000000c5300000, 0x00000000c5400000, 0x00000000c5400000|100%| E|CS|TAMS 0x00000000c5300000, 0x00000000c5300000| Complete 

Card table byte_map: [0x000001c053a40000,0x000001c053c40000] _byte_map_base: 0x000001c053436000

Marking Bits (Prev, Next): (CMBitMap*) 0x000001c03ccbfdf0, (CMBitMap*) 0x000001c03ccbfe30
 Prev Bits: [0x000001c053e40000, 0x000001c054df0000)
 Next Bits: [0x000001c054df0000, 0x000001c055da0000)

Polling page: 0x000001c03c440000

Metaspace:

Usage:
  Non-class:     53.10 MB used.
      Class:      8.07 MB used.
       Both:     61.17 MB used.

Virtual space:
  Non-class space:       64.00 MB reserved,      53.44 MB ( 83%) committed,  1 nodes.
      Class space:        1.00 GB reserved,       8.38 MB ( <1%) committed,  1 nodes.
             Both:        1.06 GB reserved,      61.81 MB (  6%) committed. 

Chunk freelists:
   Non-Class:  1.88 MB
       Class:  3.63 MB
        Both:  5.50 MB

MaxMetaspaceSize: unlimited
CompressedClassSpaceSize: 1.00 GB
Initial GC threshold: 21.00 MB
Current GC threshold: 99.31 MB
CDS: on
MetaspaceReclaimPolicy: balanced
 - commit_granule_bytes: 65536.
 - commit_granule_words: 8192.
 - virtual_space_node_default_size: 8388608.
 - enlarge_chunks_in_place: 1.
 - new_chunks_are_fully_committed: 0.
 - uncommit_free_chunks: 1.
 - use_allocation_guard: 0.


Internal statistics:

num_allocs_failed_limit: 12.
num_arena_births: 948.
num_arena_deaths: 0.
num_vsnodes_births: 2.
num_vsnodes_deaths: 0.
num_space_committed: 989.
num_space_uncommitted: 0.
num_chunks_returned_to_freelist: 12.
num_chunks_taken_from_freelist: 3085.
num_chunk_merges: 12.
num_chunk_splits: 2242.
num_chunks_enlarged: 1752.
num_inconsistent_stats: 0.

CodeHeap 'non-profiled nmethods': size=120000Kb used=2869Kb max_used=2869Kb free=117130Kb
 bounds [0x000001c04c310000, 0x000001c04c5e0000, 0x000001c053840000]
CodeHeap 'profiled nmethods': size=120000Kb used=9740Kb max_used=9911Kb free=110259Kb
 bounds [0x000001c044de0000, 0x000001c045790000, 0x000001c04c310000]
CodeHeap 'non-nmethods': size=5760Kb used=1379Kb max_used=1454Kb free=4380Kb
 bounds [0x000001c044840000, 0x000001c044ab0000, 0x000001c044de0000]
 total_blobs=5668 nmethods=4958 adapters=622
 compilation: enabled
              stopped_count=0, restarted_count=0
 full_count=0

Compilation events (20 events):
Event: 24.406 Thread 0x000001c058248f30 nmethod 5769 0x000001c044ed3f90 code [0x000001c044ed4180, 0x000001c044ed4558]
Event: 27.728 Thread 0x000001c058248f30 5770       3       jdk.internal.loader.NativeLibraries$NativeLibraryImpl::find (6 bytes)
Event: 27.728 Thread 0x000001c058248f30 nmethod 5770 0x000001c0454d3c90 code [0x000001c0454d3e20, 0x000001c0454d3f48]
Event: 27.733 Thread 0x000001c03cd33330 5772       4       java.util.Collections$UnmodifiableCollection::contains (11 bytes)
Event: 27.736 Thread 0x000001c03cd33330 nmethod 5772 0x000001c04c5dcc10 code [0x000001c04c5dcda0, 0x000001c04c5dcef8]
Event: 27.792 Thread 0x000001c058248f30 5773       3       java.nio.ByteBuffer::mark (7 bytes)
Event: 27.792 Thread 0x000001c058248f30 nmethod 5773 0x000001c044ed3b90 code [0x000001c044ed3d20, 0x000001c044ed3e98]
Event: 27.807 Thread 0x000001c058248f30 5774       3       java.lang.invoke.LambdaFormBuffer::clearDuplicatesAndNulls (268 bytes)
Event: 27.809 Thread 0x000001c058248f30 nmethod 5774 0x000001c044ed2310 code [0x000001c044ed25a0, 0x000001c044ed3698]
Event: 27.810 Thread 0x000001c03cd33330 5775       4       java.lang.invoke.MethodHandle::intrinsicName (4 bytes)
Event: 27.811 Thread 0x000001c03cd33330 nmethod 5775 0x000001c04c5dd090 code [0x000001c04c5dd200, 0x000001c04c5dd278]
Event: 27.811 Thread 0x000001c03cd33330 5776       4       jdk.internal.org.objectweb.asm.ClassWriter::toByteArray (1515 bytes)
Event: 27.813 Thread 0x000001c058248f30 5777       3       java.lang.invoke.LambdaForm$Name::<init> (52 bytes)
Event: 27.813 Thread 0x000001c058248f30 nmethod 5777 0x000001c044ed1e90 code [0x000001c044ed2040, 0x000001c044ed2238]
Event: 27.813 Thread 0x000001c058248f30 5778       3       java.lang.invoke.MethodType::equals (56 bytes)
Event: 27.814 Thread 0x000001c058248f30 nmethod 5778 0x000001c044ed0f10 code [0x000001c044ed1140, 0x000001c044ed1cd8]
Event: 27.815 Thread 0x000001c058248f30 5779       3       java.lang.invoke.MethodType::equals (31 bytes)
Event: 27.815 Thread 0x000001c058248f30 nmethod 5779 0x000001c044ed0a90 code [0x000001c044ed0c40, 0x000001c044ed0e28]
Event: 27.822 Thread 0x000001c058248f30 5782       3       java.lang.ThreadLocal$ThreadLocalMap::getEntryAfterMiss (59 bytes)
Event: 27.823 Thread 0x000001c058248f30 nmethod 5782 0x000001c044ed0010 code [0x000001c044ed0200, 0x000001c044ed0828]

GC Heap History (20 events):
Event: 11.500 GC heap before
{Heap before GC invocations=9 (full 0):
 garbage-first heap   total 48128K, used 29079K [0x00000000c1400000, 0x0000000100000000)
  region size 1024K, 14 young (14336K), 2 survivors (2048K)
 Metaspace       used 35475K, committed 35968K, reserved 1114112K
  class space    used 4527K, committed 4800K, reserved 1048576K
}
Event: 11.505 GC heap after
{Heap after GC invocations=10 (full 0):
 garbage-first heap   total 48128K, used 19349K [0x00000000c1400000, 0x0000000100000000)
  region size 1024K, 2 young (2048K), 2 survivors (2048K)
 Metaspace       used 35475K, committed 35968K, reserved 1114112K
  class space    used 4527K, committed 4800K, reserved 1048576K
}
Event: 12.798 GC heap before
{Heap before GC invocations=11 (full 0):
 garbage-first heap   total 48128K, used 34709K [0x00000000c1400000, 0x0000000100000000)
  region size 1024K, 18 young (18432K), 2 survivors (2048K)
 Metaspace       used 42191K, committed 42752K, reserved 1114112K
  class space    used 5282K, committed 5568K, reserved 1048576K
}
Event: 12.805 GC heap after
{Heap after GC invocations=12 (full 0):
 garbage-first heap   total 48128K, used 20406K [0x00000000c1400000, 0x0000000100000000)
  region size 1024K, 2 young (2048K), 2 survivors (2048K)
 Metaspace       used 42191K, committed 42752K, reserved 1114112K
  class space    used 5282K, committed 5568K, reserved 1048576K
}
Event: 13.591 GC heap before
{Heap before GC invocations=12 (full 0):
 garbage-first heap   total 48128K, used 36790K [0x00000000c1400000, 0x0000000100000000)
  region size 1024K, 18 young (18432K), 2 survivors (2048K)
 Metaspace       used 45259K, committed 45888K, reserved 1114112K
  class space    used 5705K, committed 6016K, reserved 1048576K
}
Event: 13.596 GC heap after
{Heap after GC invocations=13 (full 0):
 garbage-first heap   total 48128K, used 21476K [0x00000000c1400000, 0x0000000100000000)
  region size 1024K, 3 young (3072K), 3 survivors (3072K)
 Metaspace       used 45259K, committed 45888K, reserved 1114112K
  class space    used 5705K, committed 6016K, reserved 1048576K
}
Event: 14.350 GC heap before
{Heap before GC invocations=13 (full 0):
 garbage-first heap   total 48128K, used 37860K [0x00000000c1400000, 0x0000000100000000)
  region size 1024K, 19 young (19456K), 3 survivors (3072K)
 Metaspace       used 48494K, committed 49088K, reserved 1114112K
  class space    used 6092K, committed 6400K, reserved 1048576K
}
Event: 14.355 GC heap after
{Heap after GC invocations=14 (full 0):
 garbage-first heap   total 48128K, used 22439K [0x00000000c1400000, 0x0000000100000000)
  region size 1024K, 2 young (2048K), 2 survivors (2048K)
 Metaspace       used 48494K, committed 49088K, reserved 1114112K
  class space    used 6092K, committed 6400K, reserved 1048576K
}
Event: 15.276 GC heap before
{Heap before GC invocations=14 (full 0):
 garbage-first heap   total 48128K, used 37799K [0x00000000c1400000, 0x0000000100000000)
  region size 1024K, 17 young (17408K), 2 survivors (2048K)
 Metaspace       used 52969K, committed 53568K, reserved 1114112K
  class space    used 6906K, committed 7168K, reserved 1048576K
}
Event: 15.282 GC heap after
{Heap after GC invocations=15 (full 0):
 garbage-first heap   total 48128K, used 23016K [0x00000000c1400000, 0x0000000100000000)
  region size 1024K, 2 young (2048K), 2 survivors (2048K)
 Metaspace       used 52969K, committed 53568K, reserved 1114112K
  class space    used 6906K, committed 7168K, reserved 1048576K
}
Event: 15.944 GC heap before
{Heap before GC invocations=15 (full 0):
 garbage-first heap   total 48128K, used 37352K [0x00000000c1400000, 0x0000000100000000)
  region size 1024K, 17 young (17408K), 2 survivors (2048K)
 Metaspace       used 56570K, committed 57216K, reserved 1114112K
  class space    used 7416K, committed 7744K, reserved 1048576K
}
Event: 15.950 GC heap after
{Heap after GC invocations=16 (full 0):
 garbage-first heap   total 48128K, used 23927K [0x00000000c1400000, 0x0000000100000000)
  region size 1024K, 3 young (3072K), 3 survivors (3072K)
 Metaspace       used 56570K, committed 57216K, reserved 1114112K
  class space    used 7416K, committed 7744K, reserved 1048576K
}
Event: 16.660 GC heap before
{Heap before GC invocations=16 (full 0):
 garbage-first heap   total 48128K, used 38263K [0x00000000c1400000, 0x0000000100000000)
  region size 1024K, 17 young (17408K), 3 survivors (3072K)
 Metaspace       used 58742K, committed 59328K, reserved 1114112K
  class space    used 7686K, committed 8000K, reserved 1048576K
}
Event: 16.667 GC heap after
{Heap after GC invocations=17 (full 0):
 garbage-first heap   total 48128K, used 24996K [0x00000000c1400000, 0x0000000100000000)
  region size 1024K, 3 young (3072K), 3 survivors (3072K)
 Metaspace       used 58742K, committed 59328K, reserved 1114112K
  class space    used 7686K, committed 8000K, reserved 1048576K
}
Event: 17.277 GC heap before
{Heap before GC invocations=17 (full 0):
 garbage-first heap   total 48128K, used 34212K [0x00000000c1400000, 0x0000000100000000)
  region size 1024K, 13 young (13312K), 3 survivors (3072K)
 Metaspace       used 60097K, committed 60736K, reserved 1114112K
  class space    used 7882K, committed 8192K, reserved 1048576K
}
Event: 17.284 GC heap after
{Heap after GC invocations=18 (full 0):
 garbage-first heap   total 48128K, used 25873K [0x00000000c1400000, 0x0000000100000000)
  region size 1024K, 2 young (2048K), 2 survivors (2048K)
 Metaspace       used 60097K, committed 60736K, reserved 1114112K
  class space    used 7882K, committed 8192K, reserved 1048576K
}
Event: 18.028 GC heap before
{Heap before GC invocations=19 (full 0):
 garbage-first heap   total 48128K, used 39185K [0x00000000c1400000, 0x0000000100000000)
  region size 1024K, 15 young (15360K), 2 survivors (2048K)
 Metaspace       used 61269K, committed 61888K, reserved 1114112K
  class space    used 8093K, committed 8384K, reserved 1048576K
}
Event: 18.037 GC heap after
{Heap after GC invocations=20 (full 0):
 garbage-first heap   total 48128K, used 27315K [0x00000000c1400000, 0x0000000100000000)
  region size 1024K, 2 young (2048K), 2 survivors (2048K)
 Metaspace       used 61269K, committed 61888K, reserved 1114112K
  class space    used 8093K, committed 8384K, reserved 1048576K
}
Event: 27.704 GC heap before
{Heap before GC invocations=20 (full 0):
 garbage-first heap   total 48128K, used 37555K [0x00000000c1400000, 0x0000000100000000)
  region size 1024K, 13 young (13312K), 2 survivors (2048K)
 Metaspace       used 62120K, committed 62848K, reserved 1114112K
  class space    used 8206K, committed 8576K, reserved 1048576K
}
Event: 27.711 GC heap after
{Heap after GC invocations=21 (full 0):
 garbage-first heap   total 48128K, used 28193K [0x00000000c1400000, 0x0000000100000000)
  region size 1024K, 1 young (1024K), 1 survivors (1024K)
 Metaspace       used 62120K, committed 62848K, reserved 1114112K
  class space    used 8206K, committed 8576K, reserved 1048576K
}

Deoptimization events (20 events):
Event: 18.018 Thread 0x000001c05cb9b860 Uncommon trap: trap_request=0xfffffff4 fr.pc=0x000001c04c43e548 relative=0x0000000000000288
Event: 18.018 Thread 0x000001c05cb9b860 Uncommon trap: reason=null_check action=make_not_entrant pc=0x000001c04c43e548 method=org.springframework.util.ClassUtils.isAssignable(Ljava/lang/Class;Ljava/lang/Class;)Z @ 14 c2
Event: 18.018 Thread 0x000001c05cb9b860 DEOPT PACKING pc=0x000001c04c43e548 sp=0x000000826f7fe050
Event: 18.018 Thread 0x000001c05cb9b860 DEOPT UNPACKING pc=0x000001c0448923a3 sp=0x000000826f7fdfe0 mode 2
Event: 18.303 Thread 0x000001c05cb9b860 Uncommon trap: trap_request=0xffffff45 fr.pc=0x000001c04c376760 relative=0x0000000000000060
Event: 18.303 Thread 0x000001c05cb9b860 Uncommon trap: reason=unstable_if action=reinterpret pc=0x000001c04c376760 method=org.springframework.util.ConcurrentReferenceHashMap$Segment.clear()V @ 7 c2
Event: 18.303 Thread 0x000001c05cb9b860 DEOPT PACKING pc=0x000001c04c376760 sp=0x000000826f7fe990
Event: 18.303 Thread 0x000001c05cb9b860 DEOPT UNPACKING pc=0x000001c0448923a3 sp=0x000000826f7fe920 mode 2
Event: 18.307 Thread 0x000001c05cb9b860 Uncommon trap: trap_request=0xffffff54 fr.pc=0x000001c04c38ab98 relative=0x0000000000000258
Event: 18.307 Thread 0x000001c05cb9b860 Uncommon trap: reason=speculate_null_assert action=make_not_entrant pc=0x000001c04c38ab98 method=org.springframework.util.ConcurrentReferenceHashMap$Segment.restructureIfNecessary(Z)V @ 41 c2
Event: 18.307 Thread 0x000001c05cb9b860 DEOPT PACKING pc=0x000001c04c38ab98 sp=0x000000826f7fe680
Event: 18.307 Thread 0x000001c05cb9b860 DEOPT UNPACKING pc=0x000001c0448923a3 sp=0x000000826f7fe658 mode 2
Event: 18.396 Thread 0x000001c05cb9b860 DEOPT PACKING pc=0x000001c045216862 sp=0x000000826f7fe0f0
Event: 18.396 Thread 0x000001c05cb9b860 DEOPT UNPACKING pc=0x000001c044892b43 sp=0x000000826f7fd580 mode 3
Event: 18.414 Thread 0x000001c05d582110 DEOPT PACKING pc=0x000001c04518feb1 sp=0x000000826faff140
Event: 18.415 Thread 0x000001c05d582110 DEOPT UNPACKING pc=0x000001c044892b43 sp=0x000000826fafe598 mode 3
Event: 27.736 Thread 0x000001c05d583df0 Uncommon trap: trap_request=0xffffff45 fr.pc=0x000001c04c450db8 relative=0x0000000000000298
Event: 27.736 Thread 0x000001c05d583df0 Uncommon trap: reason=unstable_if action=reinterpret pc=0x000001c04c450db8 method=java.lang.invoke.MethodType.equals(Ljava/lang/Object;)Z @ 11 c2
Event: 27.736 Thread 0x000001c05d583df0 DEOPT PACKING pc=0x000001c04c450db8 sp=0x00000082703fe3f0
Event: 27.736 Thread 0x000001c05d583df0 DEOPT UNPACKING pc=0x000001c0448923a3 sp=0x00000082703fe3b8 mode 2

Classes loaded (20 events):
Event: 27.718 Loading class java/nio/channels/WritePendingException
Event: 27.719 Loading class java/nio/channels/WritePendingException done
Event: 27.724 Loading class java/util/concurrent/Semaphore
Event: 27.725 Loading class java/util/concurrent/Semaphore done
Event: 27.725 Loading class java/util/concurrent/Semaphore$NonfairSync
Event: 27.725 Loading class java/util/concurrent/Semaphore$Sync
Event: 27.725 Loading class java/util/concurrent/Semaphore$Sync done
Event: 27.725 Loading class java/util/concurrent/Semaphore$NonfairSync done
Event: 27.726 Loading class sun/nio/ch/SocketAdaptor
Event: 27.726 Loading class sun/nio/ch/SocketAdaptor done
Event: 27.732 Loading class sun/nio/ch/SelectionKeyImpl
Event: 27.733 Loading class java/nio/channels/spi/AbstractSelectionKey
Event: 27.733 Loading class java/nio/channels/SelectionKey
Event: 27.733 Loading class java/nio/channels/SelectionKey done
Event: 27.733 Loading class java/nio/channels/spi/AbstractSelectionKey done
Event: 27.733 Loading class sun/nio/ch/SelectionKeyImpl done
Event: 27.733 Loading class java/lang/invoke/ConstantBootstraps
Event: 27.734 Loading class java/lang/invoke/ConstantBootstraps done
Event: 27.827 Loading class sun/nio/cs/ThreadLocalCoders
Event: 27.827 Loading class sun/nio/cs/ThreadLocalCoders done

Classes unloaded (0 events):
No events

Classes redefined (0 events):
No events

Internal exceptions (20 events):
Event: 15.753 Thread 0x000001c05cb9b860 Exception <a 'java/lang/NoSuchMethodError'{0x00000000c3826f20}: 'void java.lang.invoke.DirectMethodHandle$Holder.invokeInterface(java.lang.Object, java.lang.Object)'> (0x00000000c3826f20) 
thrown [s\src\hotspot\share\interpreter\linkResolver.cpp, line 759]
Event: 15.866 Thread 0x000001c05cb9b860 Exception <a 'java/lang/NoSuchMethodError'{0x00000000c36e3628}: 'void java.lang.invoke.Invokers$Holder.invokeExact_MT(java.lang.Object, java.lang.Object, java.lang.Object, java.lang.Object)'> (0x00000000c36e3628) 
thrown [s\src\hotspot\share\interpreter\linkResolver.cpp, line 759]
Event: 15.900 Thread 0x000001c05cb9b860 Implicit null exception at 0x000001c04c31ed51 to 0x000001c04c31ef8c
Event: 16.034 Thread 0x000001c05cb9b860 Exception <a 'java/lang/IncompatibleClassChangeError'{0x00000000c41cec78}: Found class java.lang.Object, but interface was expected> (0x00000000c41cec78) 
thrown [s\src\hotspot\share\interpreter\linkResolver.cpp, line 826]
Event: 16.103 Thread 0x000001c05cb9b860 Exception <a 'java/lang/IncompatibleClassChangeError'{0x00000000c4043fe0}: Found class java.lang.Object, but interface was expected> (0x00000000c4043fe0) 
thrown [s\src\hotspot\share\interpreter\linkResolver.cpp, line 826]
Event: 16.188 Thread 0x000001c05cb9b860 Exception <a 'java/lang/IncompatibleClassChangeError'{0x00000000c3fb08e0}: Found class java.lang.Object, but interface was expected> (0x00000000c3fb08e0) 
thrown [s\src\hotspot\share\interpreter\linkResolver.cpp, line 826]
Event: 16.585 Thread 0x000001c05cb9b860 Exception <a 'java/lang/IncompatibleClassChangeError'{0x00000000c386c510}: Found class java.lang.Object, but interface was expected> (0x00000000c386c510) 
thrown [s\src\hotspot\share\interpreter\linkResolver.cpp, line 826]
Event: 17.000 Thread 0x000001c05cb9b860 Exception <a 'java/lang/NoSuchMethodError'{0x00000000c3c18e48}: 'java.lang.Object java.lang.invoke.DirectMethodHandle$Holder.newInvokeSpecial(java.lang.Object, java.lang.Object, java.lang.Object, java.lang.Object, java.lang.Object, java.lang.Object, java.lang.Object, java.lang.Object)'> (0x00000000c3c18e48) 
thrown [s\src\hotspot\share\interpreter\linkResolver.cpp, line 759]
Event: 17.548 Thread 0x000001c05cb9b860 Exception <a 'sun/nio/fs/WindowsException'{0x00000000c3f35c10}> (0x00000000c3f35c10) 
thrown [s\src\hotspot\share\prims\jni.cpp, line 516]
Event: 17.684 Thread 0x000001c05cb9b860 Exception <a 'java/lang/IncompatibleClassChangeError'{0x00000000c3ccf8d8}: Found class java.lang.Object, but interface was expected> (0x00000000c3ccf8d8) 
thrown [s\src\hotspot\share\interpreter\linkResolver.cpp, line 826]
Event: 17.770 Thread 0x000001c05cb9b860 Exception <a 'java/lang/NoSuchMethodError'{0x00000000c3a73cf0}: 'void java.lang.invoke.DirectMethodHandle$Holder.invokeVirtual(java.lang.Object, java.lang.Object, long)'> (0x00000000c3a73cf0) 
thrown [s\src\hotspot\share\interpreter\linkResolver.cpp, line 759]
Event: 17.936 Thread 0x000001c05cb9b860 Exception <a 'java/lang/NoSuchMethodError'{0x00000000c359ac88}: 'int java.lang.invoke.DirectMethodHandle$Holder.invokeStaticInit(java.lang.Object, java.lang.Object, java.lang.Object, java.lang.Object)'> (0x00000000c359ac88) 
thrown [s\src\hotspot\share\interpreter\linkResolver.cpp, line 759]
Event: 17.999 Thread 0x000001c05cb9b860 Exception <a 'java/lang/IncompatibleClassChangeError'{0x00000000c3461500}: Found class java.lang.Object, but interface was expected> (0x00000000c3461500) 
thrown [s\src\hotspot\share\interpreter\linkResolver.cpp, line 826]
Event: 18.018 Thread 0x000001c05cb9b860 Implicit null exception at 0x000001c04c43e2e0 to 0x000001c04c43e534
Event: 18.310 Thread 0x000001c05cb9b860 Exception <a 'java/lang/NoSuchMethodError'{0x00000000c3a76f08}: 'java.lang.Object java.lang.invoke.DirectMethodHandle$Holder.newInvokeSpecial(java.lang.Object, java.lang.Object, int, java.lang.Object, java.lang.Object)'> (0x00000000c3a76f08) 
thrown [s\src\hotspot\share\interpreter\linkResolver.cpp, line 759]
Event: 18.312 Thread 0x000001c05cb9b860 Exception <a 'java/lang/NoSuchMethodError'{0x00000000c3a95368}: 'java.lang.Object java.lang.invoke.DirectMethodHandle$Holder.invokeSpecial(java.lang.Object, java.lang.Object, int, java.lang.Object, int, java.lang.Object)'> (0x00000000c3a95368) 
thrown [s\src\hotspot\share\interpreter\linkResolver.cpp, line 759]
Event: 18.313 Thread 0x000001c05cb9b860 Exception <a 'java/lang/NoSuchMethodError'{0x00000000c3a9d418}: 'java.lang.Object java.lang.invoke.DirectMethodHandle$Holder.newInvokeSpecial(java.lang.Object, java.lang.Object, int, java.lang.Object, int)'> (0x00000000c3a9d418) 
thrown [s\src\hotspot\share\interpreter\linkResolver.cpp, line 759]
Event: 18.314 Thread 0x000001c05cb9b860 Exception <a 'java/lang/NoSuchMethodError'{0x00000000c3aa1520}: 'java.lang.Object java.lang.invoke.DirectMethodHandle$Holder.invokeSpecial(java.lang.Object, java.lang.Object, java.lang.Object, int, java.lang.Object, int)'> (0x00000000c3aa1520) 
thrown [s\src\hotspot\share\interpreter\linkResolver.cpp, line 759]
Event: 27.818 Thread 0x000001c05d583df0 Exception <a 'java/lang/NoSuchMethodError'{0x00000000c4186078}: 'java.lang.Object java.lang.invoke.DirectMethodHandle$Holder.invokeSpecial(java.lang.Object, java.lang.Object, java.lang.Object, java.lang.Object, java.lang.Object, long)'> (0x00000000c4186078) 
thrown [s\src\hotspot\share\interpreter\linkResolver.cpp, line 759]
Event: 27.819 Thread 0x000001c05d583df0 Exception <a 'java/lang/NoSuchMethodError'{0x00000000c4189ac0}: 'java.lang.Object java.lang.invoke.Invokers$Holder.linkToTargetMethod(java.lang.Object, java.lang.Object, java.lang.Object, long, java.lang.Object)'> (0x00000000c4189ac0) 
thrown [s\src\hotspot\share\interpreter\linkResolver.cpp, line 759]

VM Operations (20 events):
Event: 17.284 Executing VM operation: CollectForMetadataAllocation done
Event: 17.382 Executing VM operation: G1Concurrent
Event: 17.390 Executing VM operation: G1Concurrent done
Event: 17.409 Executing VM operation: HandshakeAllThreads
Event: 17.409 Executing VM operation: HandshakeAllThreads done
Event: 17.433 Executing VM operation: G1Concurrent
Event: 17.433 Executing VM operation: G1Concurrent done
Event: 17.805 Executing VM operation: HandshakeAllThreads
Event: 17.806 Executing VM operation: HandshakeAllThreads done
Event: 18.027 Executing VM operation: G1CollectForAllocation
Event: 18.037 Executing VM operation: G1CollectForAllocation done
Event: 18.306 Executing VM operation: HandshakeAllThreads
Event: 18.307 Executing VM operation: HandshakeAllThreads done
Event: 18.386 Executing VM operation: HandshakeAllThreads
Event: 18.396 Executing VM operation: HandshakeAllThreads done
Event: 19.400 Executing VM operation: Cleanup
Event: 19.400 Executing VM operation: Cleanup done
Event: 27.704 Executing VM operation: G1CollectForAllocation
Event: 27.714 Executing VM operation: G1CollectForAllocation done
Event: 27.829 Executing VM operation: G1Concurrent

Events (20 events):
Event: 18.278 Thread 0x000001c05d5842c0 Thread exited: 0x000001c05d5842c0
Event: 18.278 Thread 0x000001c05d582f80 Thread added: 0x000001c05d582f80
Event: 18.336 Thread 0x000001c05d583920 Thread added: 0x000001c05d583920
Event: 18.336 Thread 0x000001c05d583df0 Thread added: 0x000001c05d583df0
Event: 18.337 Thread 0x000001c05d5842c0 Thread added: 0x000001c05d5842c0
Event: 18.337 Thread 0x000001c05cd84610 Thread added: 0x000001c05cd84610
Event: 18.337 Thread 0x000001c05cd81ac0 Thread added: 0x000001c05cd81ac0
Event: 18.337 Thread 0x000001c05cd87b00 Thread added: 0x000001c05cd87b00
Event: 18.337 Thread 0x000001c05cd85480 Thread added: 0x000001c05cd85480
Event: 18.338 Thread 0x000001c05cd87fd0 Thread added: 0x000001c05cd87fd0
Event: 18.338 Thread 0x000001c05cd87630 Thread added: 0x000001c05cd87630
Event: 18.339 Thread 0x000001c05cd85e20 Thread added: 0x000001c05cd85e20
Event: 18.381 Thread 0x000001c05cd88970 Thread added: 0x000001c05cd88970
Event: 18.384 Thread 0x000001c05cd84140 Thread added: 0x000001c05cd84140
Event: 18.444 Thread 0x000001c05cb9b860 Thread exited: 0x000001c05cb9b860
Event: 18.448 Thread 0x000001c05cf65720 Thread exited: 0x000001c05cf65720
Event: 18.449 Thread 0x000001c03cc7cbf0 Thread exited: 0x000001c03cc7cbf0
Event: 18.449 Thread 0x000001c05cd87160 Thread added: 0x000001c05cd87160
Event: 19.208 Thread 0x000001c05d584790 Thread exited: 0x000001c05d584790
Event: 20.320 Thread 0x000001c05da5bef0 Thread exited: 0x000001c05da5bef0


Dynamic libraries:
0x00007ff674d40000 - 0x00007ff674d4d000 	C:\Users\ERIN_JAVALead\.jdks\corretto-18.0.2\bin\java.exe
0x00007ffaf5530000 - 0x00007ffaf5728000 	C:\WINDOWS\SYSTEM32\ntdll.dll
0x00007ffaf40f0000 - 0x00007ffaf41ad000 	C:\WINDOWS\System32\KERNEL32.DLL
0x00007ffaf2c60000 - 0x00007ffaf2f56000 	C:\WINDOWS\System32\KERNELBASE.dll
0x00007ffaf2f60000 - 0x00007ffaf3060000 	C:\WINDOWS\System32\ucrtbase.dll
0x00007ffaf02e0000 - 0x00007ffaf02f7000 	C:\Users\ERIN_JAVALead\.jdks\corretto-18.0.2\bin\jli.dll
0x00007ffaee670000 - 0x00007ffaee685000 	C:\Users\ERIN_JAVALead\.jdks\corretto-18.0.2\bin\VCRUNTIME140.dll
0x00007ffaf3530000 - 0x00007ffaf36ce000 	C:\WINDOWS\System32\USER32.dll
0x00007ffaf2bb0000 - 0x00007ffaf2bd2000 	C:\WINDOWS\System32\win32u.dll
0x00007ffaf3fa0000 - 0x00007ffaf3fcb000 	C:\WINDOWS\System32\GDI32.dll
0x00007ffaf3240000 - 0x00007ffaf3357000 	C:\WINDOWS\System32\gdi32full.dll
0x00007ffad4eb0000 - 0x00007ffad514a000 	C:\WINDOWS\WinSxS\amd64_microsoft.windows.common-controls_6595b64144ccf1df_6.0.19041.3636_none_60b6a03d71f818d5\COMCTL32.dll
0x00007ffaf31a0000 - 0x00007ffaf323d000 	C:\WINDOWS\System32\msvcp_win.dll
0x00007ffaf3df0000 - 0x00007ffaf3e8e000 	C:\WINDOWS\System32\msvcrt.dll
0x00007ffaf52f0000 - 0x00007ffaf5322000 	C:\WINDOWS\System32\IMM32.DLL
0x00007ffaee5d0000 - 0x00007ffaee66b000 	C:\Users\ERIN_JAVALead\.jdks\corretto-18.0.2\bin\msvcp140.dll
0x00007ffab30b0000 - 0x00007ffab3d21000 	C:\Users\ERIN_JAVALead\.jdks\corretto-18.0.2\bin\server\jvm.dll
0x00007ffaf3fd0000 - 0x00007ffaf4080000 	C:\WINDOWS\System32\ADVAPI32.dll
0x00007ffaf51c0000 - 0x00007ffaf5260000 	C:\WINDOWS\System32\sechost.dll
0x00007ffaf3b10000 - 0x00007ffaf3c35000 	C:\WINDOWS\System32\RPCRT4.dll
0x00007ffaf2c30000 - 0x00007ffaf2c57000 	C:\WINDOWS\System32\bcrypt.dll
0x00007ffae2d40000 - 0x00007ffae2d49000 	C:\WINDOWS\SYSTEM32\WSOCK32.dll
0x00007ffaf42a0000 - 0x00007ffaf430b000 	C:\WINDOWS\System32\WS2_32.dll
0x00007ffad57e0000 - 0x00007ffad5807000 	C:\WINDOWS\SYSTEM32\WINMM.dll
0x00007ffaecff0000 - 0x00007ffaecffa000 	C:\WINDOWS\SYSTEM32\VERSION.dll
0x00007ffaf45c0000 - 0x00007ffaf45c8000 	C:\WINDOWS\System32\PSAPI.DLL
0x00007ffaf0a20000 - 0x00007ffaf0a32000 	C:\WINDOWS\SYSTEM32\kernel.appcore.dll
0x00007ffaf0380000 - 0x00007ffaf038a000 	C:\Users\ERIN_JAVALead\.jdks\corretto-18.0.2\bin\jimage.dll
0x00007ffaccce0000 - 0x00007ffaccec4000 	C:\WINDOWS\SYSTEM32\DBGHELP.DLL
0x00007ffacf1b0000 - 0x00007ffacf1e4000 	C:\WINDOWS\SYSTEM32\dbgcore.DLL
0x00007ffaf3110000 - 0x00007ffaf3192000 	C:\WINDOWS\System32\bcryptPrimitives.dll
0x00007ffaee590000 - 0x00007ffaee59e000 	C:\Users\ERIN_JAVALead\.jdks\corretto-18.0.2\bin\instrument.dll
0x00007ffaee5a0000 - 0x00007ffaee5c5000 	C:\Users\ERIN_JAVALead\.jdks\corretto-18.0.2\bin\java.dll
0x00007ffae0480000 - 0x00007ffae0556000 	C:\Users\ERIN_JAVALead\.jdks\corretto-18.0.2\bin\jsvml.dll
0x00007ffaf4a50000 - 0x00007ffaf51bb000 	C:\WINDOWS\System32\SHELL32.dll
0x00007ffaf0c20000 - 0x00007ffaf13be000 	C:\WINDOWS\SYSTEM32\windows.storage.dll
0x00007ffaf37b0000 - 0x00007ffaf3b03000 	C:\WINDOWS\System32\combase.dll
0x00007ffaf2430000 - 0x00007ffaf245e000 	C:\WINDOWS\SYSTEM32\Wldp.dll
0x00007ffaf41d0000 - 0x00007ffaf429d000 	C:\WINDOWS\System32\OLEAUT32.dll
0x00007ffaf5330000 - 0x00007ffaf53dd000 	C:\WINDOWS\System32\SHCORE.dll
0x00007ffaf5460000 - 0x00007ffaf54b5000 	C:\WINDOWS\System32\shlwapi.dll
0x00007ffaf2ae0000 - 0x00007ffaf2b05000 	C:\WINDOWS\SYSTEM32\profapi.dll
0x00007ffaed1e0000 - 0x00007ffaed1f8000 	C:\Users\ERIN_JAVALead\.jdks\corretto-18.0.2\bin\zip.dll
0x00007ffaee570000 - 0x00007ffaee583000 	C:\Users\ERIN_JAVALead\.jdks\corretto-18.0.2\bin\net.dll
0x00007ffaec700000 - 0x00007ffaec80a000 	C:\WINDOWS\SYSTEM32\WINHTTP.dll
0x00007ffaf2210000 - 0x00007ffaf227a000 	C:\WINDOWS\system32\mswsock.dll
0x00007ffaee550000 - 0x00007ffaee565000 	C:\Users\ERIN_JAVALead\.jdks\corretto-18.0.2\bin\nio.dll
0x00007ffaebde0000 - 0x00007ffaebdfa000 	C:\Program Files\JetBrains\IntelliJ IDEA Community Edition 2021.3.3\bin\breakgen64.dll
0x00007ffaed1d0000 - 0x00007ffaed1d9000 	C:\Users\ERIN_JAVALead\.jdks\corretto-18.0.2\bin\management.dll
0x00007ffaeb450000 - 0x00007ffaeb45b000 	C:\Users\ERIN_JAVALead\.jdks\corretto-18.0.2\bin\management_ext.dll
0x00007ffaeaaa0000 - 0x00007ffaeaaae000 	C:\Users\ERIN_JAVALead\.jdks\corretto-18.0.2\bin\sunmscapi.dll
0x00007ffaf33d0000 - 0x00007ffaf352d000 	C:\WINDOWS\System32\CRYPT32.dll
0x00007ffaf2580000 - 0x00007ffaf25a8000 	C:\WINDOWS\SYSTEM32\ncrypt.dll
0x00007ffaf2540000 - 0x00007ffaf257b000 	C:\WINDOWS\SYSTEM32\NTASN1.dll
0x00007ffaf2470000 - 0x00007ffaf2488000 	C:\WINDOWS\SYSTEM32\CRYPTSP.dll
0x00007ffaf1b60000 - 0x00007ffaf1b94000 	C:\WINDOWS\system32\rsaenh.dll
0x00007ffaf2a60000 - 0x00007ffaf2a8e000 	C:\WINDOWS\SYSTEM32\USERENV.dll
0x00007ffaf23a0000 - 0x00007ffaf23ac000 	C:\WINDOWS\SYSTEM32\CRYPTBASE.dll
0x00007ffaf1f20000 - 0x00007ffaf1f5b000 	C:\WINDOWS\SYSTEM32\IPHLPAPI.DLL
0x00007ffaf40e0000 - 0x00007ffaf40e8000 	C:\WINDOWS\System32\NSI.dll
0x00007ffaece50000 - 0x00007ffaece67000 	C:\WINDOWS\SYSTEM32\dhcpcsvc6.DLL
0x00007ffaece30000 - 0x00007ffaece4d000 	C:\WINDOWS\SYSTEM32\dhcpcsvc.DLL
0x00007ffaf1f60000 - 0x00007ffaf202b000 	C:\WINDOWS\SYSTEM32\DNSAPI.dll
0x00007ffaee540000 - 0x00007ffaee550000 	C:\Users\ERIN_JAVALead\.jdks\corretto-18.0.2\bin\verify.dll
0x00007ffae0440000 - 0x00007ffae0457000 	C:\WINDOWS\system32\napinsp.dll
0x00007ffae0420000 - 0x00007ffae043b000 	C:\WINDOWS\system32\pnrpnsp.dll
0x00007ffae0400000 - 0x00007ffae0412000 	C:\WINDOWS\System32\winrnr.dll
0x00007ffaee520000 - 0x00007ffaee53d000 	C:\WINDOWS\system32\NLAapi.dll
0x00007ffaeda70000 - 0x00007ffaeda85000 	C:\WINDOWS\system32\wshbth.dll
0x00007ffaeaf60000 - 0x00007ffaeaf6a000 	C:\Windows\System32\rasadhlp.dll
0x00007ffaec190000 - 0x00007ffaec210000 	C:\WINDOWS\System32\fwpuclnt.dll

dbghelp: loaded successfully - version: 4.0.5 - missing functions: none
symbol engine: initialized successfully - sym options: 0x614 - pdb path: .;C:\Users\ERIN_JAVALead\.jdks\corretto-18.0.2\bin;C:\WINDOWS\SYSTEM32;C:\WINDOWS\WinSxS\amd64_microsoft.windows.common-controls_6595b64144ccf1df_6.0.19041.3636_none_60b6a03d71f818d5;C:\Users\ERIN_JAVALead\.jdks\corretto-18.0.2\bin\server;C:\Program Files\JetBrains\IntelliJ IDEA Community Edition 2021.3.3\bin

VM Arguments:
jvm_args: -javaagent:C:\Program Files\JetBrains\IntelliJ IDEA Community Edition 2021.3.3\lib\idea_rt.jar=50884:C:\Program Files\JetBrains\IntelliJ IDEA Community Edition 2021.3.3\bin -Dfile.encoding=UTF-8 
java_command: com.verise.veganapp.VeriseApplication
java_class_path (initial): C:\Users\ERIN_JAVALead\Downloads\verise\verise\target\classes;C:\Users\ERIN_JAVALead\.m2\repository\org\springframework\boot\spring-boot-starter-web\3.2.4\spring-boot-starter-web-3.2.4.jar;C:\Users\ERIN_JAVALead\.m2\repository\org\springframework\boot\spring-boot-starter\3.2.4\spring-boot-starter-3.2.4.jar;C:\Users\ERIN_JAVALead\.m2\repository\org\springframework\boot\spring-boot-starter-logging\3.2.4\spring-boot-starter-logging-3.2.4.jar;C:\Users\ERIN_JAVALead\.m2\repository\ch\qos\logback\logback-classic\1.4.14\logback-classic-1.4.14.jar;C:\Users\ERIN_JAVALead\.m2\repository\ch\qos\logback\logback-core\1.4.14\logback-core-1.4.14.jar;C:\Users\ERIN_JAVALead\.m2\repository\org\apache\logging\log4j\log4j-to-slf4j\2.21.1\log4j-to-slf4j-2.21.1.jar;C:\Users\ERIN_JAVALead\.m2\repository\org\apache\logging\log4j\log4j-api\2.21.1\log4j-api-2.21.1.jar;C:\Users\ERIN_JAVALead\.m2\repository\org\slf4j\jul-to-slf4j\2.0.12\jul-to-slf4j-2.0.12.jar;C:\Users\ERIN_JAVALead\.m2\repository\jakarta\annotation\jakarta.annotation-api\2.1.1\jakarta.annotation-api-2.1.1.jar;C:\Users\ERIN_JAVALead\.m2\repository\org\yaml\snakeyaml\2.2\snakeyaml-2.2.jar;C:\Users\ERIN_JAVALead\.m2\repository\org\springframework\boot\spring-boot-starter-json\3.2.4\spring-boot-starter-json-3.2.4.jar;C:\Users\ERIN_JAVALead\.m2\repository\com\fasterxml\jackson\core\jackson-databind\2.15.4\jackson-databind-2.15.4.jar;C:\Users\ERIN_JAVALead\.m2\repository\com\fasterxml\jackson\core\jackson-annotations\2.15.4\jackson-annotations-2.15.4.jar;C:\Users\ERIN_JAVALead\.m2\repository\com\fasterxml\jackson\core\jackson-core\2.15.4\jackson-core-2.15.4.jar;C:\Users\ERIN_JAVALead\.m2\repository\com\fasterxml\jackson\datatype\jackson-datatype-jdk8\2.15.4\jackson-datatype-jdk8-2.15.4.jar;C:\Users\ERIN_JAVALead\.m2\repository\com\fasterxml\jackson\datatype\jackson-datatype-jsr310\2.15.4\jackson-datatype-jsr310-2.15.4.jar;C:\Users\ERIN_JAVALead\.m2\repository\com\fasterxml\jackson\module\jackson-module-parameter-names\2.15.4\jackson-module-parameter-names-2.15.4.jar;C:\Users\ERIN_JAVALead\.m2\repository\org\springframework\boot\spring-boot-starter-tomcat\3.2.4\spring-boot-starter-tomcat-3.2.4.jar;C:\Users\ERIN_JAVALead\.m2\repository\org\apache\tomcat\embed\tomcat-embed-core\10.1.19\tomcat-embed-core-10.1.19.jar;C:\Users\ERIN_JAVALead\.m2\repository\org\apache\tomcat\embed\tomcat-embed-el\10.1.19\tomcat-embed-el-10.1.19.jar;C:\Users\ERIN_JAVALead\.m2\repository\org\apache\tomcat\embed\tomcat-embed-websocket\10.1.19\tomcat-embed-websocket-10.1.19.jar;C:\Users\ERIN_JAVALead\.m2\repository\org\springframework\spring-web\6.1.5\spring-web-6.1.5.jar;C:\Users\ERIN_JAVALead\.m2\repository\org\springframework\spring-beans\6.1.5\spring-beans-6.1.5.jar;C:\Users\ERIN_JAVALead\.m2\repository\io\micrometer\micrometer-observation\1.12.4\micrometer-observation-1.12.4.jar;C:\Users\ERIN_JAVALead\.m2\repository\io\micrometer\micrometer-commons\1.12.4\micrometer-commons-1.12.4.jar;C:\Users\ERIN_JAVALead\.m2\repository\org\springframework\spring-webmvc\6.1.5\spring-webmvc-6.1.5.jar;C:\Users\ERIN_JAVALead\.m2\repository\org\springframework\spring-aop\6.1.5\spring-aop-6.1.5.jar;C:\Users\ERIN_JAVALead\.m2\repository\org\springframework\spring-context\6.1.5\spring-context-6.1.5.jar;C:\Users\ERIN_JAVALead\.m2\repository\org\springframework\spring-expression\6.1.5\spring-expression-6.1.5.jar;C:\Users\ERIN_JAVALead\.m2\repository\org\springframework\boot\spring-boot-devtools\3.2.4\spring-boot-devtools-3.2.4.jar;C:\Users\ERIN_JAVALead\.m2\repository\org\springframework\boot\spring-boot\3.2.4\spring-boot-3.2.4.jar;C:\Users\ERIN_JAVALead\.m2\repository\org\springframework\boot\spring-boot-autoconfigure\3.2.4\spring-boot-autoconfigure-3.2.4.jar;C:\Users\ERIN_JAVALead\.m2\repository\org\projectlombok\lombok\1.18.30\lombok-1.18.30.jar;C:\Users\ERIN_JAVALead\.m2\repository\org\slf4j\slf4j-api\2.0.12\slf4j-api-2.0.12.jar;C:\Users\ERIN_JAVALead\.m2\repository\jakarta\xml\bind\jakarta.xml.bind-api\4.0.2\jakarta.xml.bind-api-4.0.2.jar;C:\Users\ERIN_JAVALead\.m2\repository\jakarta\activation\jakarta.activation-api\2.1.3\jakarta.activation-api-2.1.3.jar;C:\Users\ERIN_JAVALead\.m2\repository\net\bytebuddy\byte-buddy\1.14.12\byte-buddy-1.14.12.jar;C:\Users\ERIN_JAVALead\.m2\repository\org\springframework\spring-core\6.1.5\spring-core-6.1.5.jar;C:\Users\ERIN_JAVALead\.m2\repository\org\springframework\spring-jcl\6.1.5\spring-jcl-6.1.5.jar;C:\Users\ERIN_JAVALead\.m2\repository\org\springframework\boot\spring-boot-starter-data-jpa\3.2.4\spring-boot-starter-data-jpa-3.2.4.jar;C:\Users\ERIN_JAVALead\.m2\repository\org\springframework\boot\spring-boot-starter-aop\3.2.4\spring-boot-starter-aop-3.2.4.jar;C:\Users\ERIN_JAVALead\.m2\repository\org\aspectj\aspectjweaver\1.9.21\aspectjweaver-1.9.21.jar;C:\Users\ERIN_JAVALead\.m2\repository\org\springframework\boot\spring-boot-starter-jdbc\3.2.4\spring-boot-starter-jdbc-3.2.4.jar;C:\Users\ERIN_JAVALead\.m2\repository\com\zaxxer\HikariCP\5.0.1\HikariCP-5.0.1.jar;C:\Users\ERIN_JAVALead\.m2\repository\org\springframework\spring-jdbc\6.1.5\spring-jdbc-6.1.5.jar;C:\Users\ERIN_JAVALead\.m2\repository\org\hibernate\orm\hibernate-core\6.4.4.Final\hibernate-core-6.4.4.Final.jar;C:\Users\ERIN_JAVALead\.m2\repository\jakarta\persistence\jakarta.persistence-api\3.1.0\jakarta.persistence-api-3.1.0.jar;C:\Users\ERIN_JAVALead\.m2\repository\jakarta\transaction\jakarta.transaction-api\2.0.1\jakarta.transaction-api-2.0.1.jar;C:\Users\ERIN_JAVALead\.m2\repository\org\jboss\logging\jboss-logging\3.5.3.Final\jboss-logging-3.5.3.Final.jar;C:\Users\ERIN_JAVALead\.m2\repository\org\hibernate\common\hibernate-commons-annotations\6.0.6.Final\hibernate-commons-annotations-6.0.6.Final.jar;C:\Users\ERIN_JAVALead\.m2\repository\io\smallrye\jandex\3.1.2\jandex-3.1.2.jar;C:\Users\ERIN_JAVALead\.m2\repository\com\fasterxml\classmate\1.6.0\classmate-1.6.0.jar;C:\Users\ERIN_JAVALead\.m2\repository\org\glassfish\jaxb\jaxb-runtime\4.0.5\jaxb-runtime-4.0.5.jar;C:\Users\ERIN_JAVALead\.m2\repository\org\glassfish\jaxb\jaxb-core\4.0.5\jaxb-core-4.0.5.jar;C:\Users\ERIN_JAVALead\.m2\repository\org\eclipse\angus\angus-activation\2.0.2\angus-activation-2.0.2.jar;C:\Users\ERIN_JAVALead\.m2\repository\org\glassfish\jaxb\txw2\4.0.5\txw2-4.0.5.jar;C:\Users\ERIN_JAVALead\.m2\repository\com\sun\istack\istack-commons-runtime\4.1.2\istack-commons-runtime-4.1.2.jar;C:\Users\ERIN_JAVALead\.m2\repository\jakarta\inject\jakarta.inject-api\2.0.1\jakarta.inject-api-2.0.1.jar;C:\Users\ERIN_JAVALead\.m2\repository\org\antlr\antlr4-runtime\4.13.0\antlr4-runtime-4.13.0.jar;C:\Users\ERIN_JAVALead\.m2\repository\org\springframework\data\spring-data-jpa\3.2.4\spring-data-jpa-3.2.4.jar;C:\Users\ERIN_JAVALead\.m2\repository\org\springframework\data\spring-data-commons\3.2.4\spring-data-commons-3.2.4.jar;C:\Users\ERIN_JAVALead\.m2\repository\org\springframework\spring-orm\6.1.5\spring-orm-6.1.5.jar;C:\Users\ERIN_JAVALead\.m2\repository\org\springframework\spring-tx\6.1.5\spring-tx-6.1.5.jar;C:\Users\ERIN_JAVALead\.m2\repository\org\springframework\spring-aspects\6.1.5\spring-aspects-6.1.5.jar;C:\Users\ERIN_JAVALead\.m2\repository\com\microsoft\sqlserver\mssql-jdbc\12.4.2.jre11\mssql-jdbc-12.4.2.jre11.jar
Launcher Type: SUN_STANDARD

[Global flags]
     intx CICompilerCount                          = 3                                         {product} {ergonomic}
     uint ConcGCThreads                            = 1                                         {product} {ergonomic}
     uint G1ConcRefinementThreads                  = 4                                         {product} {ergonomic}
   size_t G1HeapRegionSize                         = 1048576                                   {product} {ergonomic}
    uintx GCDrainStackTargetSize                   = 64                                        {product} {ergonomic}
   size_t InitialHeapSize                          = 67108864                                  {product} {ergonomic}
   size_t MarkStackSize                            = 4194304                                   {product} {ergonomic}
   size_t MaxHeapSize                              = 1052770304                                {product} {ergonomic}
   size_t MaxNewSize                               = 631242752                                 {product} {ergonomic}
   size_t MinHeapDeltaBytes                        = 1048576                                   {product} {ergonomic}
   size_t MinHeapSize                              = 8388608                                   {product} {ergonomic}
    uintx NonNMethodCodeHeapSize                   = 5832780                                {pd product} {ergonomic}
    uintx NonProfiledCodeHeapSize                  = 122912730                              {pd product} {ergonomic}
    uintx ProfiledCodeHeapSize                     = 122912730                              {pd product} {ergonomic}
    uintx ReservedCodeCacheSize                    = 251658240                              {pd product} {ergonomic}
     bool SegmentedCodeCache                       = true                                      {product} {ergonomic}
   size_t SoftMaxHeapSize                          = 1052770304                             {manageable} {ergonomic}
     bool UseCompressedClassPointers               = true                           {product lp64_product} {ergonomic}
     bool UseCompressedOops                        = true                           {product lp64_product} {ergonomic}
     bool UseG1GC                                  = true                                      {product} {ergonomic}
     bool UseLargePagesIndividualAllocation        = false                                  {pd product} {ergonomic}

Logging:
Log output configuration:
 #0: stdout all=warning uptime,level,tags foldmultilines=false
 #1: stderr all=off uptime,level,tags foldmultilines=false

Environment Variables:
JAVA_HOME=C:\Program Files\Java\jdk1.8.0_202
PATH=C:\Program Files (x86)\Common Files\Oracle\Java\javapath;C:\WINDOWS\system32;C:\WINDOWS;C:\WINDOWS\System32\Wbem;C:\WINDOWS\System32\WindowsPowerShell\v1.0\;C:\WINDOWS\System32\OpenSSH\;C:\Program Files (x86)\nodejs\;C:\Program Files (x86)\nodejs\npm;C:\Users\ERIN_JAVALead\AppData\Roaming\npm;C:\Program Files\Git\cmd;C:\Program Files (x86)\dotnet\;C:\Program Files (x86)\Microsoft SQL Server\160\DTS\Binn\;C:\Program Files\Azure Data Studio\bin;C:\Program Files (x86)\Microsoft SQL Server\160\Tools\Binn\;C:\Program Files\Microsoft SQL Server\160\Tools\Binn\;C:\Program Files\Microsoft SQL Server\Client SDK\ODBC\170\Tools\Binn\;C:\Program Files\Microsoft SQL Server\160\DTS\Binn\;C:\Program Files\Java\jdk1.8.0_202\bin;C:\Program Files\Java\jdk1.8.0_202\jre\bin;C:\kafkasrc\bin\windows;C:\Program Files\Docker\Docker\resources\bin;C:\Program Files\Docker\Docker;C:\Users\ERIN_JAVALead\AppData\Local\Microsoft\WindowsApps;;C:\Users\ERIN_JAVALead\AppData\Local\Programs\Microsoft VS Code\bin;C:\Users\ERIN_JAVALead\AppData\Roaming\npm;C:\Program Files\Azure Data Studio\bin
USERNAME=ERIN_JAVALead
OS=Windows_NT
PROCESSOR_IDENTIFIER=Intel64 Family 6 Model 78 Stepping 3, GenuineIntel



---------------  S Y S T E M  ---------------

OS:
 Windows 10 , 64 bit Build 19041 (10.0.19041.3636)
OS uptime: 0 days 0:22 hours
Hyper-V role detected

CPU: total 4 (initial active 4) (2 cores per cpu, 2 threads per core) family 6 model 78 stepping 3 microcode 0xcc, cx8, cmov, fxsr, ht, mmx, 3dnowpref, sse, sse2, sse3, ssse3, sse4.1, sse4.2, popcnt, lzcnt, tsc, tscinvbit, avx, avx2, aes, erms, clmul, bmi1, bmi2, adx, fma, vzeroupper, clflush, clflushopt, hv

Memory: 4k page, system-wide physical 4012M (395M free)
TotalPageFile size 6060M (AvailPageFile size 5M)
current process WorkingSet (physical memory assigned to process): 195M, peak: 239M
current process commit charge ("private bytes"): 227M, peak: 270M

vm_info: OpenJDK 64-Bit Server VM (18.0.2+9-FR) for windows-amd64 JRE (18.0.2+9-FR), built on Jul 15 2022 20:03:03 by "Administrator" with MS VC++ 15.9 (VS2017)

END.
