#
# There is insufficient memory for the Java Runtime Environment to continue.
# Native memory allocation (malloc) failed to allocate 808032 bytes for Chunk::new
# Possible reasons:
#   The system is out of physical RAM or swap space
#   The process is running with CompressedOops enabled, and the Java Heap may be blocking the growth of the native heap
# Possible solutions:
#   Reduce memory load on the system
#   Increase physical memory or swap space
#   Check if swap backing store is full
#   Decrease Java heap size (-Xmx/-Xms)
#   Decrease number of Java threads
#   Decrease Java thread stack sizes (-Xss)
#   Set larger code cache with -XX:ReservedCodeCacheSize=
#   JVM is running with Unscaled Compressed Oops mode in which the Java heap is
#     placed in the first 4GB address space. The Java Heap base address is the
#     maximum limit for the native heap growth. Please use -XX:HeapBaseMinAddress
#     to set the Java Heap base and to place the Java Heap above 4GB virtual address.
# This output file may be truncated or incomplete.
#
#  Out of Memory Error (arena.cpp:184), pid=9312, tid=13032
#
# JRE version: OpenJDK Runtime Environment Corretto-18.0.2.9.1 (18.0.2+9) (build 18.0.2+9-FR)
# Java VM: OpenJDK 64-Bit Server VM Corretto-18.0.2.9.1 (18.0.2+9-FR, mixed mode, sharing, tiered, compressed oops, compressed class ptrs, g1 gc, windows-amd64)
# No core dump will be written. Minidumps are not enabled by default on client versions of Windows
#

---------------  S U M M A R Y ------------

Command Line: -javaagent:C:\Program Files\JetBrains\IntelliJ IDEA Community Edition 2021.3.3\lib\idea_rt.jar=50841:C:\Program Files\JetBrains\IntelliJ IDEA Community Edition 2021.3.3\bin -Dfile.encoding=UTF-8 com.verise.veganapp.VeriseApplication

Host: Intel(R) Core(TM) i3-6006U CPU @ 2.00GHz, 4 cores, 3G,  Windows 10 , 64 bit Build 19041 (10.0.19041.3636)
Time: Tue Apr  9 02:16:23 2024 W. Europe Daylight Time elapsed time: 3.839052 seconds (0d 0h 0m 3s)

---------------  T H R E A D  ---------------

Current thread (0x000001737d5464c0):  JavaThread "C2 CompilerThread0" daemon [_thread_in_native, id=13032, stack(0x0000001cd7000000,0x0000001cd7100000)]


Current CompileTask:
C2:   3839 1654       4       org.springframework.boot.context.properties.source.ConfigurationPropertyName$ElementsParser::parse (234 bytes)

Stack: [0x0000001cd7000000,0x0000001cd7100000]
Native frames: (J=compiled Java code, j=interpreted, Vv=VM code, C=native code)
V  [jvm.dll+0x685a2a]
V  [jvm.dll+0x82ae8d]
V  [jvm.dll+0x82c75e]
V  [jvm.dll+0x82ce03]
V  [jvm.dll+0x25ef4b]
V  [jvm.dll+0xd42d2]
V  [jvm.dll+0xd4665]
V  [jvm.dll+0x38578b]
V  [jvm.dll+0x34d82a]
V  [jvm.dll+0x34cc1a]
V  [jvm.dll+0x233a65]
V  [jvm.dll+0x232f37]
V  [jvm.dll+0x1c0a35]
V  [jvm.dll+0x24212c]
V  [jvm.dll+0x240534]
V  [jvm.dll+0x7df6db]
V  [jvm.dll+0x7d9cba]
V  [jvm.dll+0x6848a5]
C  [ucrtbase.dll+0x21bb2]
C  [KERNEL32.DLL+0x17344]
C  [ntdll.dll+0x526b1]


---------------  P R O C E S S  ---------------

Threads class SMR info:
_java_thread_list=0x000001731da265c0, length=16, elements={
0x000001737d48c720, 0x000001737d52ae40, 0x000001737d52bbf0, 0x000001737d541ce0,
0x000001737d542590, 0x000001737d542e40, 0x000001737d5437e0, 0x000001737d5464c0,
0x000001737d546ea0, 0x000001737ff80380, 0x000001737ffd86d0, 0x000001731cef84e0,
0x000001731cd43500, 0x000001731d430ad0, 0x000001731d425fe0, 0x000001731da1c8e0
}

Java Threads: ( => current thread )
  0x000001737d48c720 JavaThread "main" [_thread_blocked, id=6548, stack(0x0000001cd6300000,0x0000001cd6400000)]
  0x000001737d52ae40 JavaThread "Reference Handler" daemon [_thread_blocked, id=7792, stack(0x0000001cd6a00000,0x0000001cd6b00000)]
  0x000001737d52bbf0 JavaThread "Finalizer" daemon [_thread_blocked, id=9956, stack(0x0000001cd6b00000,0x0000001cd6c00000)]
  0x000001737d541ce0 JavaThread "Signal Dispatcher" daemon [_thread_blocked, id=3124, stack(0x0000001cd6c00000,0x0000001cd6d00000)]
  0x000001737d542590 JavaThread "Attach Listener" daemon [_thread_blocked, id=5108, stack(0x0000001cd6d00000,0x0000001cd6e00000)]
  0x000001737d542e40 JavaThread "Service Thread" daemon [_thread_blocked, id=13268, stack(0x0000001cd6e00000,0x0000001cd6f00000)]
  0x000001737d5437e0 JavaThread "Monitor Deflation Thread" daemon [_thread_blocked, id=7816, stack(0x0000001cd6f00000,0x0000001cd7000000)]
=>0x000001737d5464c0 JavaThread "C2 CompilerThread0" daemon [_thread_in_native, id=13032, stack(0x0000001cd7000000,0x0000001cd7100000)]
  0x000001737d546ea0 JavaThread "C1 CompilerThread0" daemon [_thread_blocked, id=6708, stack(0x0000001cd7100000,0x0000001cd7200000)]
  0x000001737ff80380 JavaThread "Sweeper thread" daemon [_thread_blocked, id=7868, stack(0x0000001cd7200000,0x0000001cd7300000)]
  0x000001737ffd86d0 JavaThread "Common-Cleaner" daemon [_thread_blocked, id=4772, stack(0x0000001cd7300000,0x0000001cd7400000)]
  0x000001731cef84e0 JavaThread "Monitor Ctrl-Break" daemon [_thread_in_native, id=1340, stack(0x0000001cd7400000,0x0000001cd7500000)]
  0x000001731cd43500 JavaThread "Notification Thread" daemon [_thread_blocked, id=6572, stack(0x0000001cd7500000,0x0000001cd7600000)]
  0x000001731d430ad0 JavaThread "Thread-0" [_thread_blocked, id=7492, stack(0x0000001cd7b00000,0x0000001cd7c00000)]
  0x000001731d425fe0 JavaThread "restartedMain" [_thread_in_native, id=1440, stack(0x0000001cd7c00000,0x0000001cd7d00000)]
  0x000001731da1c8e0 JavaThread "background-preinit" [_thread_in_Java, id=3476, stack(0x0000001cd7d00000,0x0000001cd7e00000)]

Other Threads:
  0x000001737d524610 VMThread "VM Thread" [stack: 0x0000001cd6900000,0x0000001cd6a00000] [id=12504]
  0x000001731ceee120 WatcherThread "VM Periodic Task Thread" [stack: 0x0000001cd7600000,0x0000001cd7700000] [id=2184]
  0x000001737d4cd3d0 WorkerThread "GC Thread#0" [stack: 0x0000001cd6400000,0x0000001cd6500000] [id=8296]
  0x000001731d244070 WorkerThread "GC Thread#1" [stack: 0x0000001cd7700000,0x0000001cd7800000] [id=5612]
  0x000001731d453330 WorkerThread "GC Thread#2" [stack: 0x0000001cd7800000,0x0000001cd7900000] [id=13196]
  0x000001731d2b5d10 WorkerThread "GC Thread#3" [stack: 0x0000001cd7900000,0x0000001cd7a00000] [id=7240]
  0x000001737d4d7090 ConcurrentGCThread "G1 Main Marker" [stack: 0x0000001cd6500000,0x0000001cd6600000] [id=7584]
  0x000001737d4d7a80 WorkerThread "G1 Conc#0" [stack: 0x0000001cd6600000,0x0000001cd6700000] [id=12488]
  0x000001737d4ff2c0 ConcurrentGCThread "G1 Refine#0" [stack: 0x0000001cd6700000,0x0000001cd6800000] [id=2044]
  0x000001731d2b5fb0 ConcurrentGCThread "G1 Refine#1" [stack: 0x0000001cd7a00000,0x0000001cd7b00000] [id=9972]
  0x000001737d4ffbd0 ConcurrentGCThread "G1 Service" [stack: 0x0000001cd6800000,0x0000001cd6900000] [id=10984]

Threads with active compile tasks:
C2 CompilerThread0     3923 1654       4       org.springframework.boot.context.properties.source.ConfigurationPropertyName$ElementsParser::parse (234 bytes)

VM state: at safepoint (normal execution)

VM Mutex/Monitor currently owned by a thread:  ([mutex/lock_event])
[0x000001737d488a80] Threads_lock - owner thread: 0x000001737d524610
[0x000001737d488de0] Heap_lock - owner thread: 0x000001731da1c8e0

Heap address: 0x00000000c1400000, size: 1004 MB, Compressed Oops mode: 32-bit

CDS archive(s) mapped at: [0x0000000800000000-0x0000000800ba0000-0x0000000800ba0000), size 12189696, SharedBaseAddress: 0x0000000800000000, ArchiveRelocationMode: 0.
Compressed class space mapped at: 0x0000000800c00000-0x0000000840c00000, reserved size: 1073741824
Narrow klass base: 0x0000000800000000, Narrow klass shift: 0, Narrow klass range: 0x100000000

GC Precious Log:
 CardTable entry size: 512
 Card Set container configuration: InlinePtr #cards 5 size 8 Array Of Cards #cards 12 size 40 Howl #buckets 4 coarsen threshold 1843 Howl Bitmap #cards 512 size 80 coarsen threshold 460 Card regions per heap region 1 cards per card region 2048
 CPUs: 4 total, 4 available
 Memory: 4012M
 Large Page Support: Disabled
 NUMA Support: Disabled
 Compressed Oops: Enabled (32-bit)
 Heap Region Size: 1M
 Heap Min Capacity: 8M
 Heap Initial Capacity: 64M
 Heap Max Capacity: 1004M
 Pre-touch: Disabled
 Parallel Workers: 4
 Concurrent Workers: 1
 Concurrent Refinement Workers: 4
 Periodic GC: Disabled

Heap:
 garbage-first heap   total 65536K, used 8573K [0x00000000c1400000, 0x0000000100000000)
  region size 1024K, 4 young (4096K), 3 survivors (3072K)
 Metaspace       used 11882K, committed 12160K, reserved 1114112K
  class space    used 1386K, committed 1536K, reserved 1048576K

Heap Regions: E=young(eden), S=young(survivor), O=old, HS=humongous(starts), HC=humongous(continues), CS=collection set, F=free, OA=open archive, CA=closed archive, TAMS=top-at-mark-start (previous, next)
|   0|0x00000000c1400000, 0x00000000c1500000, 0x00000000c1500000|100%|HS|  |TAMS 0x00000000c1400000, 0x00000000c1400000| Complete 
|   1|0x00000000c1500000, 0x00000000c1600000, 0x00000000c1600000|100%| O|  |TAMS 0x00000000c1500000, 0x00000000c1500000| Untracked 
|   2|0x00000000c1600000, 0x00000000c1700000, 0x00000000c1700000|100%| O|  |TAMS 0x00000000c1600000, 0x00000000c1600000| Untracked 
|   3|0x00000000c1700000, 0x00000000c1800000, 0x00000000c1800000|100%| O|  |TAMS 0x00000000c1700000, 0x00000000c1700000| Untracked 
|   4|0x00000000c1800000, 0x00000000c1900000, 0x00000000c1900000|100%| O|  |TAMS 0x00000000c1800000, 0x00000000c1800000| Untracked 
|   5|0x00000000c1900000, 0x00000000c19dd400, 0x00000000c1a00000| 86%| O|  |TAMS 0x00000000c1900000, 0x00000000c1900000| Untracked 
|   6|0x00000000c1a00000, 0x00000000c1a00000, 0x00000000c1b00000|  0%| F|  |TAMS 0x00000000c1a00000, 0x00000000c1a00000| Untracked 
|   7|0x00000000c1b00000, 0x00000000c1b00000, 0x00000000c1c00000|  0%| F|  |TAMS 0x00000000c1b00000, 0x00000000c1b00000| Untracked 
|   8|0x00000000c1c00000, 0x00000000c1c00000, 0x00000000c1d00000|  0%| F|  |TAMS 0x00000000c1c00000, 0x00000000c1c00000| Untracked 
|   9|0x00000000c1d00000, 0x00000000c1d00000, 0x00000000c1e00000|  0%| F|  |TAMS 0x00000000c1d00000, 0x00000000c1d00000| Untracked 
|  10|0x00000000c1e00000, 0x00000000c1e00000, 0x00000000c1f00000|  0%| F|  |TAMS 0x00000000c1e00000, 0x00000000c1e00000| Untracked 
|  11|0x00000000c1f00000, 0x00000000c1f00000, 0x00000000c2000000|  0%| F|  |TAMS 0x00000000c1f00000, 0x00000000c1f00000| Untracked 
|  12|0x00000000c2000000, 0x00000000c2000000, 0x00000000c2100000|  0%| F|  |TAMS 0x00000000c2000000, 0x00000000c2000000| Untracked 
|  13|0x00000000c2100000, 0x00000000c2100000, 0x00000000c2200000|  0%| F|  |TAMS 0x00000000c2100000, 0x00000000c2100000| Untracked 
|  14|0x00000000c2200000, 0x00000000c2200000, 0x00000000c2300000|  0%| F|  |TAMS 0x00000000c2200000, 0x00000000c2200000| Untracked 
|  15|0x00000000c2300000, 0x00000000c2300000, 0x00000000c2400000|  0%| F|  |TAMS 0x00000000c2300000, 0x00000000c2300000| Untracked 
|  16|0x00000000c2400000, 0x00000000c2400000, 0x00000000c2500000|  0%| F|  |TAMS 0x00000000c2400000, 0x00000000c2400000| Untracked 
|  17|0x00000000c2500000, 0x00000000c2500000, 0x00000000c2600000|  0%| F|  |TAMS 0x00000000c2500000, 0x00000000c2500000| Untracked 
|  18|0x00000000c2600000, 0x00000000c2600000, 0x00000000c2700000|  0%| F|  |TAMS 0x00000000c2600000, 0x00000000c2600000| Untracked 
|  19|0x00000000c2700000, 0x00000000c2700000, 0x00000000c2800000|  0%| F|  |TAMS 0x00000000c2700000, 0x00000000c2700000| Untracked 
|  20|0x00000000c2800000, 0x00000000c2800000, 0x00000000c2900000|  0%| F|  |TAMS 0x00000000c2800000, 0x00000000c2800000| Untracked 
|  21|0x00000000c2900000, 0x00000000c2900000, 0x00000000c2a00000|  0%| F|  |TAMS 0x00000000c2900000, 0x00000000c2900000| Untracked 
|  22|0x00000000c2a00000, 0x00000000c2a00000, 0x00000000c2b00000|  0%| F|  |TAMS 0x00000000c2a00000, 0x00000000c2a00000| Untracked 
|  23|0x00000000c2b00000, 0x00000000c2b00000, 0x00000000c2c00000|  0%| F|  |TAMS 0x00000000c2b00000, 0x00000000c2b00000| Untracked 
|  24|0x00000000c2c00000, 0x00000000c2c00000, 0x00000000c2d00000|  0%| F|  |TAMS 0x00000000c2c00000, 0x00000000c2c00000| Untracked 
|  25|0x00000000c2d00000, 0x00000000c2d00000, 0x00000000c2e00000|  0%| F|  |TAMS 0x00000000c2d00000, 0x00000000c2d00000| Untracked 
|  26|0x00000000c2e00000, 0x00000000c2e00000, 0x00000000c2f00000|  0%| F|  |TAMS 0x00000000c2e00000, 0x00000000c2e00000| Untracked 
|  27|0x00000000c2f00000, 0x00000000c2f00000, 0x00000000c3000000|  0%| F|  |TAMS 0x00000000c2f00000, 0x00000000c2f00000| Untracked 
|  28|0x00000000c3000000, 0x00000000c3000000, 0x00000000c3100000|  0%| F|  |TAMS 0x00000000c3000000, 0x00000000c3000000| Untracked 
|  29|0x00000000c3100000, 0x00000000c3100000, 0x00000000c3200000|  0%| F|  |TAMS 0x00000000c3100000, 0x00000000c3100000| Untracked 
|  30|0x00000000c3200000, 0x00000000c3200000, 0x00000000c3300000|  0%| F|  |TAMS 0x00000000c3200000, 0x00000000c3200000| Untracked 
|  31|0x00000000c3300000, 0x00000000c3300000, 0x00000000c3400000|  0%| F|  |TAMS 0x00000000c3300000, 0x00000000c3300000| Untracked 
|  32|0x00000000c3400000, 0x00000000c3400000, 0x00000000c3500000|  0%| F|  |TAMS 0x00000000c3400000, 0x00000000c3400000| Untracked 
|  33|0x00000000c3500000, 0x00000000c3500000, 0x00000000c3600000|  0%| F|  |TAMS 0x00000000c3500000, 0x00000000c3500000| Untracked 
|  34|0x00000000c3600000, 0x00000000c3600000, 0x00000000c3700000|  0%| F|  |TAMS 0x00000000c3600000, 0x00000000c3600000| Untracked 
|  35|0x00000000c3700000, 0x00000000c3700000, 0x00000000c3800000|  0%| F|  |TAMS 0x00000000c3700000, 0x00000000c3700000| Untracked 
|  36|0x00000000c3800000, 0x00000000c3800000, 0x00000000c3900000|  0%| F|  |TAMS 0x00000000c3800000, 0x00000000c3800000| Untracked 
|  37|0x00000000c3900000, 0x00000000c3900000, 0x00000000c3a00000|  0%| F|  |TAMS 0x00000000c3900000, 0x00000000c3900000| Untracked 
|  38|0x00000000c3a00000, 0x00000000c3a00000, 0x00000000c3b00000|  0%| F|  |TAMS 0x00000000c3a00000, 0x00000000c3a00000| Untracked 
|  39|0x00000000c3b00000, 0x00000000c3b82310, 0x00000000c3c00000| 50%| S|CS|TAMS 0x00000000c3b00000, 0x00000000c3b00000| Complete 
|  40|0x00000000c3c00000, 0x00000000c3d00000, 0x00000000c3d00000|100%| S|CS|TAMS 0x00000000c3c00000, 0x00000000c3c00000| Complete 
|  41|0x00000000c3d00000, 0x00000000c3e00000, 0x00000000c3e00000|100%| S|CS|TAMS 0x00000000c3d00000, 0x00000000c3d00000| Complete 
|  42|0x00000000c3e00000, 0x00000000c3e00000, 0x00000000c3f00000|  0%| F|  |TAMS 0x00000000c3e00000, 0x00000000c3e00000| Untracked 
|  43|0x00000000c3f00000, 0x00000000c3f00000, 0x00000000c4000000|  0%| F|  |TAMS 0x00000000c3f00000, 0x00000000c3f00000| Untracked 
|  44|0x00000000c4000000, 0x00000000c4000000, 0x00000000c4100000|  0%| F|  |TAMS 0x00000000c4000000, 0x00000000c4000000| Untracked 
|  45|0x00000000c4100000, 0x00000000c4100000, 0x00000000c4200000|  0%| F|  |TAMS 0x00000000c4100000, 0x00000000c4100000| Untracked 
|  46|0x00000000c4200000, 0x00000000c4200000, 0x00000000c4300000|  0%| F|  |TAMS 0x00000000c4200000, 0x00000000c4200000| Untracked 
|  47|0x00000000c4300000, 0x00000000c4300000, 0x00000000c4400000|  0%| F|  |TAMS 0x00000000c4300000, 0x00000000c4300000| Untracked 
|  48|0x00000000c4400000, 0x00000000c4400000, 0x00000000c4500000|  0%| F|  |TAMS 0x00000000c4400000, 0x00000000c4400000| Untracked 
|  49|0x00000000c4500000, 0x00000000c4500000, 0x00000000c4600000|  0%| F|  |TAMS 0x00000000c4500000, 0x00000000c4500000| Untracked 
|  50|0x00000000c4600000, 0x00000000c4600000, 0x00000000c4700000|  0%| F|  |TAMS 0x00000000c4600000, 0x00000000c4600000| Untracked 
|  51|0x00000000c4700000, 0x00000000c4700000, 0x00000000c4800000|  0%| F|  |TAMS 0x00000000c4700000, 0x00000000c4700000| Untracked 
|  52|0x00000000c4800000, 0x00000000c4800000, 0x00000000c4900000|  0%| F|  |TAMS 0x00000000c4800000, 0x00000000c4800000| Untracked 
|  53|0x00000000c4900000, 0x00000000c4900000, 0x00000000c4a00000|  0%| F|  |TAMS 0x00000000c4900000, 0x00000000c4900000| Untracked 
|  54|0x00000000c4a00000, 0x00000000c4a00000, 0x00000000c4b00000|  0%| F|  |TAMS 0x00000000c4a00000, 0x00000000c4a00000| Untracked 
|  55|0x00000000c4b00000, 0x00000000c4b00000, 0x00000000c4c00000|  0%| F|  |TAMS 0x00000000c4b00000, 0x00000000c4b00000| Untracked 
|  56|0x00000000c4c00000, 0x00000000c4c00000, 0x00000000c4d00000|  0%| F|  |TAMS 0x00000000c4c00000, 0x00000000c4c00000| Untracked 
|  57|0x00000000c4d00000, 0x00000000c4d00000, 0x00000000c4e00000|  0%| F|  |TAMS 0x00000000c4d00000, 0x00000000c4d00000| Untracked 
|  58|0x00000000c4e00000, 0x00000000c4e00000, 0x00000000c4f00000|  0%| F|  |TAMS 0x00000000c4e00000, 0x00000000c4e00000| Untracked 
|  59|0x00000000c4f00000, 0x00000000c4f00000, 0x00000000c5000000|  0%| F|  |TAMS 0x00000000c4f00000, 0x00000000c4f00000| Untracked 
|  60|0x00000000c5000000, 0x00000000c5000000, 0x00000000c5100000|  0%| F|  |TAMS 0x00000000c5000000, 0x00000000c5000000| Untracked 
|  61|0x00000000c5100000, 0x00000000c5100000, 0x00000000c5200000|  0%| F|  |TAMS 0x00000000c5100000, 0x00000000c5100000| Untracked 
|  62|0x00000000c5200000, 0x00000000c5200000, 0x00000000c5300000|  0%| F|  |TAMS 0x00000000c5200000, 0x00000000c5200000| Untracked 
|  63|0x00000000c5300000, 0x00000000c5360628, 0x00000000c5400000| 37%| E|  |TAMS 0x00000000c5300000, 0x00000000c5300000| Complete 

Card table byte_map: [0x000001737d750000,0x000001737d950000] _byte_map_base: 0x000001737d146000

Marking Bits (Prev, Next): (CMBitMap*) 0x000001737d4ce9e0, (CMBitMap*) 0x000001737d4cea20
 Prev Bits: [0x000001737db50000, 0x000001737eb00000)
 Next Bits: [0x000001737eb00000, 0x000001737fab0000)

Polling page: 0x000001737b270000

Metaspace:

Usage:
  Non-class:     10.26 MB used.
      Class:      1.36 MB used.
       Both:     11.61 MB used.

Virtual space:
  Non-class space:       64.00 MB reserved,      10.38 MB ( 16%) committed,  1 nodes.
      Class space:        1.00 GB reserved,       1.50 MB ( <1%) committed,  1 nodes.
             Both:        1.06 GB reserved,      11.88 MB (  1%) committed. 

Chunk freelists:
   Non-Class:  1.64 MB
       Class:  2.48 MB
        Both:  4.12 MB

MaxMetaspaceSize: unlimited
CompressedClassSpaceSize: 1.00 GB
Initial GC threshold: 21.00 MB
Current GC threshold: 21.00 MB
CDS: on
MetaspaceReclaimPolicy: balanced
 - commit_granule_bytes: 65536.
 - commit_granule_words: 8192.
 - virtual_space_node_default_size: 8388608.
 - enlarge_chunks_in_place: 1.
 - new_chunks_are_fully_committed: 0.
 - uncommit_free_chunks: 1.
 - use_allocation_guard: 0.


Internal statistics:

num_allocs_failed_limit: 0.
num_arena_births: 218.
num_arena_deaths: 0.
num_vsnodes_births: 2.
num_vsnodes_deaths: 0.
num_space_committed: 190.
num_space_uncommitted: 0.
num_chunks_returned_to_freelist: 0.
num_chunks_taken_from_freelist: 566.
num_chunk_merges: 0.
num_chunk_splits: 380.
num_chunks_enlarged: 291.
num_inconsistent_stats: 0.

CodeHeap 'non-profiled nmethods': size=120000Kb used=529Kb max_used=529Kb free=119470Kb
 bounds [0x000001730f5d0000, 0x000001730f840000, 0x0000017316b00000]
CodeHeap 'profiled nmethods': size=120000Kb used=3170Kb max_used=3170Kb free=116829Kb
 bounds [0x00000173080a0000, 0x00000173083c0000, 0x000001730f5d0000]
CodeHeap 'non-nmethods': size=5760Kb used=1181Kb max_used=1207Kb free=4578Kb
 bounds [0x0000017307b00000, 0x0000017307d70000, 0x00000173080a0000]
 total_blobs=2167 nmethods=1706 adapters=373
 compilation: enabled
              stopped_count=0, restarted_count=0
 full_count=0

Compilation events (20 events):
Event: 3.752 Thread 0x000001737d546ea0 nmethod 1655 0x0000017308392790 code [0x0000017308392940, 0x0000017308392c28]
Event: 3.758 Thread 0x000001737d546ea0 1657       3       org.springframework.core.ResolvableType::forClass (9 bytes)
Event: 3.758 Thread 0x000001737d546ea0 nmethod 1657 0x0000017308392d10 code [0x0000017308392ec0, 0x0000017308393048]
Event: 3.758 Thread 0x000001737d546ea0 1658       3       org.springframework.core.ResolvableType::<init> (47 bytes)
Event: 3.759 Thread 0x000001737d546ea0 nmethod 1658 0x0000017308393110 code [0x00000173083932c0, 0x00000173083935f8]
Event: 3.767 Thread 0x000001737d546ea0 1660       3       java.lang.invoke.MemberName::asSpecial (89 bytes)
Event: 3.768 Thread 0x000001737d546ea0 nmethod 1660 0x0000017308393690 code [0x0000017308393960, 0x0000017308394628]
Event: 3.770 Thread 0x000001737d546ea0 1661       3       java.util.LinkedHashMap::afterNodeAccess (116 bytes)
Event: 3.771 Thread 0x000001737d546ea0 nmethod 1661 0x0000017308394a90 code [0x0000017308394c60, 0x00000173083952b8]
Event: 3.774 Thread 0x000001737d546ea0 1662       3       java.util.Arrays::equals (43 bytes)
Event: 3.775 Thread 0x000001737d546ea0 nmethod 1662 0x0000017308395410 code [0x00000173083955e0, 0x00000173083958c8]
Event: 3.783 Thread 0x000001737d546ea0 1663       3       java.lang.invoke.InfoFromMemberName::getName (8 bytes)
Event: 3.783 Thread 0x000001737d546ea0 nmethod 1663 0x0000017308395990 code [0x0000017308395b60, 0x0000017308395f48]
Event: 3.784 Thread 0x000001737d546ea0 1664       3       java.lang.invoke.InfoFromMemberName::getMethodType (8 bytes)
Event: 3.784 Thread 0x000001737d546ea0 nmethod 1664 0x0000017308396090 code [0x0000017308396240, 0x0000017308396388]
Event: 3.827 Thread 0x000001737d546ea0 1665       3       java.lang.invoke.BootstrapMethodInvoker::isLambdaMetafactoryIndyBSM (13 bytes)
Event: 3.828 Thread 0x000001737d546ea0 nmethod 1665 0x0000017308396490 code [0x0000017308396620, 0x0000017308396778]
Event: 3.828 Thread 0x000001737d546ea0 1666       3       java.lang.invoke.InnerClassLambdaMetafactory::<init> (258 bytes)
Event: 3.832 Thread 0x000001737d546ea0 nmethod 1666 0x0000017308396810 code [0x0000017308396c20, 0x0000017308398b58]
Event: 3.832 Thread 0x000001737d546ea0 1667   !   3       java.lang.invoke.AbstractValidatingLambdaMetafactory::<init> (559 bytes)

GC Heap History (4 events):
Event: 1.521 GC heap before
{Heap before GC invocations=0 (full 0):
 garbage-first heap   total 65536K, used 13312K [0x00000000c1400000, 0x0000000100000000)
  region size 1024K, 13 young (13312K), 0 survivors (0K)
 Metaspace       used 3661K, committed 3840K, reserved 1114112K
  class space    used 376K, committed 448K, reserved 1048576K
}
Event: 1.534 GC heap after
{Heap after GC invocations=1 (full 0):
 garbage-first heap   total 65536K, used 6020K [0x00000000c1400000, 0x0000000100000000)
  region size 1024K, 2 young (2048K), 2 survivors (2048K)
 Metaspace       used 3661K, committed 3840K, reserved 1114112K
  class space    used 376K, committed 448K, reserved 1048576K
}
Event: 2.525 GC heap before
{Heap before GC invocations=1 (full 0):
 garbage-first heap   total 65536K, used 15236K [0x00000000c1400000, 0x0000000100000000)
  region size 1024K, 12 young (12288K), 2 survivors (2048K)
 Metaspace       used 6048K, committed 6208K, reserved 1114112K
  class space    used 673K, committed 768K, reserved 1048576K
}
Event: 2.531 GC heap after
{Heap after GC invocations=2 (full 0):
 garbage-first heap   total 65536K, used 6943K [0x00000000c1400000, 0x0000000100000000)
  region size 1024K, 1 young (1024K), 1 survivors (1024K)
 Metaspace       used 6048K, committed 6208K, reserved 1114112K
  class space    used 673K, committed 768K, reserved 1048576K
}

Deoptimization events (20 events):
Event: 2.998 Thread 0x000001731d425fe0 Uncommon trap: trap_request=0xffffffde fr.pc=0x000001730f62b8a8 relative=0x0000000000000828
Event: 2.999 Thread 0x000001731d425fe0 Uncommon trap: reason=class_check action=maybe_recompile pc=0x000001730f62b8a8 method=java.util.HashMap.putVal(ILjava/lang/Object;Ljava/lang/Object;ZZ)Ljava/lang/Object; @ 91 c2
Event: 2.999 Thread 0x000001731d425fe0 DEOPT PACKING pc=0x000001730f62b8a8 sp=0x0000001cd7cfdc50
Event: 2.999 Thread 0x000001731d425fe0 DEOPT UNPACKING pc=0x0000017307b523a3 sp=0x0000001cd7cfdb60 mode 2
Event: 3.152 Thread 0x000001731d425fe0 Uncommon trap: trap_request=0xffffff45 fr.pc=0x000001730f606e80 relative=0x0000000000000260
Event: 3.152 Thread 0x000001731d425fe0 Uncommon trap: reason=unstable_if action=reinterpret pc=0x000001730f606e80 method=java.lang.String.startsWith(Ljava/lang/String;I)Z @ 1 c2
Event: 3.152 Thread 0x000001731d425fe0 DEOPT PACKING pc=0x000001730f606e80 sp=0x0000001cd7cfdfc0
Event: 3.152 Thread 0x000001731d425fe0 DEOPT UNPACKING pc=0x0000017307b523a3 sp=0x0000001cd7cfdf28 mode 2
Event: 3.197 Thread 0x000001731d425fe0 Uncommon trap: trap_request=0xffffffc6 fr.pc=0x000001730f63c248 relative=0x0000000000000368
Event: 3.197 Thread 0x000001731d425fe0 Uncommon trap: reason=bimorphic_or_optimized_type_check action=maybe_recompile pc=0x000001730f63c248 method=java.util.HashMap.getNode(Ljava/lang/Object;)Ljava/util/HashMap$Node; @ 63 c2
Event: 3.197 Thread 0x000001731d425fe0 DEOPT PACKING pc=0x000001730f63c248 sp=0x0000001cd7cfe110
Event: 3.197 Thread 0x000001731d425fe0 DEOPT UNPACKING pc=0x0000017307b523a3 sp=0x0000001cd7cfe088 mode 2
Event: 3.197 Thread 0x000001731d425fe0 Uncommon trap: trap_request=0xffffffc6 fr.pc=0x000001730f63c248 relative=0x0000000000000368
Event: 3.197 Thread 0x000001731d425fe0 Uncommon trap: reason=bimorphic_or_optimized_type_check action=maybe_recompile pc=0x000001730f63c248 method=java.util.HashMap.getNode(Ljava/lang/Object;)Ljava/util/HashMap$Node; @ 63 c2
Event: 3.197 Thread 0x000001731d425fe0 DEOPT PACKING pc=0x000001730f63c248 sp=0x0000001cd7cfe110
Event: 3.197 Thread 0x000001731d425fe0 DEOPT UNPACKING pc=0x0000017307b523a3 sp=0x0000001cd7cfe088 mode 2
Event: 3.211 Thread 0x000001731d425fe0 Uncommon trap: trap_request=0xffffffc6 fr.pc=0x000001730f63c248 relative=0x0000000000000368
Event: 3.211 Thread 0x000001731d425fe0 Uncommon trap: reason=bimorphic_or_optimized_type_check action=maybe_recompile pc=0x000001730f63c248 method=java.util.HashMap.getNode(Ljava/lang/Object;)Ljava/util/HashMap$Node; @ 63 c2
Event: 3.211 Thread 0x000001731d425fe0 DEOPT PACKING pc=0x000001730f63c248 sp=0x0000001cd7cfe110
Event: 3.211 Thread 0x000001731d425fe0 DEOPT UNPACKING pc=0x0000017307b523a3 sp=0x0000001cd7cfe088 mode 2

Classes loaded (20 events):
Event: 3.596 Loading class jdk/xml/internal/XMLSecurityManager$Processor
Event: 3.596 Loading class jdk/xml/internal/XMLSecurityManager$Processor done
Event: 3.596 Loading class jdk/xml/internal/XMLSecurityManager$NameMap
Event: 3.596 Loading class jdk/xml/internal/XMLSecurityManager$NameMap done
Event: 3.597 Loading class jdk/xml/internal/JdkProperty
Event: 3.597 Loading class jdk/xml/internal/JdkProperty done
Event: 3.613 Loading class java/io/NotSerializableException
Event: 3.613 Loading class java/io/ObjectStreamException
Event: 3.613 Loading class java/io/ObjectStreamException done
Event: 3.614 Loading class java/io/NotSerializableException done
Event: 3.641 Loading class java/util/RegularEnumSet$EnumSetIterator
Event: 3.642 Loading class java/util/RegularEnumSet$EnumSetIterator done
Event: 3.663 Loading class java/lang/CloneNotSupportedException
Event: 3.663 Loading class java/lang/CloneNotSupportedException done
Event: 3.718 Loading class java/lang/Deprecated
Event: 3.718 Loading class java/lang/Deprecated done
Event: 3.822 Loading class java/beans/Transient
Event: 3.822 Loading class java/beans/Transient done
Event: 3.822 Loading class java/beans/ConstructorProperties
Event: 3.822 Loading class java/beans/ConstructorProperties done

Classes unloaded (0 events):
No events

Classes redefined (0 events):
No events

Internal exceptions (20 events):
Event: 2.909 Thread 0x000001731d425fe0 Exception <a 'java/lang/NoSuchMethodError'{0x00000000c4fb9620}: 'java.lang.Object java.lang.invoke.DirectMethodHandle$Holder.invokeSpecial(java.lang.Object, java.lang.Object, java.lang.Object, java.lang.Object, java.lang.Object, java.lang.Object, int)'> (0x00000000c4fb9620) 
thrown [s\src\hotspot\share\interpreter\linkResolver.cpp, line 759]
Event: 2.911 Thread 0x000001731d425fe0 Exception <a 'java/lang/NoSuchMethodError'{0x00000000c4fc3b88}: 'java.lang.Object java.lang.invoke.DirectMethodHandle$Holder.newInvokeSpecial(java.lang.Object, java.lang.Object, java.lang.Object, java.lang.Object, java.lang.Object, java.lang.Object, int)'> (0x00000000c4fc3b88) 
thrown [s\src\hotspot\share\interpreter\linkResolver.cpp, line 759]
Event: 2.912 Thread 0x000001731d425fe0 Exception <a 'java/lang/NoSuchMethodError'{0x00000000c4fc8bd8}: 'java.lang.Object java.lang.invoke.DirectMethodHandle$Holder.invokeSpecial(java.lang.Object, java.lang.Object, java.lang.Object, java.lang.Object, java.lang.Object, java.lang.Object, java.lang.Object, int)'> (0x00000000c4fc8bd8) 
thrown [s\src\hotspot\share\interpreter\linkResolver.cpp, line 759]
Event: 3.001 Thread 0x000001731d425fe0 Exception <a 'java/lang/NoSuchMethodError'{0x00000000c4ef2cf0}: 'int java.lang.invoke.DirectMethodHandle$Holder.invokeInterface(java.lang.Object, java.lang.Object)'> (0x00000000c4ef2cf0) 
thrown [s\src\hotspot\share\interpreter\linkResolver.cpp, line 759]
Event: 3.114 Thread 0x000001731d425fe0 Exception <a 'java/lang/NoSuchMethodError'{0x00000000c4df7db0}: 'java.lang.Object java.lang.invoke.DirectMethodHandle$Holder.invokeSpecial(java.lang.Object, java.lang.Object, java.lang.Object, int, java.lang.Object)'> (0x00000000c4df7db0) 
thrown [s\src\hotspot\share\interpreter\linkResolver.cpp, line 759]
Event: 3.115 Thread 0x000001731d425fe0 Exception <a 'java/lang/NoSuchMethodError'{0x00000000c4c00928}: 'java.lang.Object java.lang.invoke.DirectMethodHandle$Holder.newInvokeSpecial(java.lang.Object, java.lang.Object, java.lang.Object, int, java.lang.Object)'> (0x00000000c4c00928) 
thrown [s\src\hotspot\share\interpreter\linkResolver.cpp, line 759]
Event: 3.117 Thread 0x000001731d425fe0 Exception <a 'java/lang/NoSuchMethodError'{0x00000000c4c08308}: 'java.lang.Object java.lang.invoke.Invokers$Holder.linkToTargetMethod(java.lang.Object, java.lang.Object, int, java.lang.Object, java.lang.Object)'> (0x00000000c4c08308) 
thrown [s\src\hotspot\share\interpreter\linkResolver.cpp, line 759]
Event: 3.120 Thread 0x000001731d425fe0 Exception <a 'java/lang/NoSuchMethodError'{0x00000000c4c17598}: 'java.lang.Object java.lang.invoke.DirectMethodHandle$Holder.newInvokeSpecial(java.lang.Object, int, java.lang.Object)'> (0x00000000c4c17598) 
thrown [s\src\hotspot\share\interpreter\linkResolver.cpp, line 759]
Event: 3.122 Thread 0x000001731d425fe0 Exception <a 'java/lang/NoSuchMethodError'{0x00000000c4c1c288}: 'int java.lang.invoke.DirectMethodHandle$Holder.invokeSpecialIFC(java.lang.Object, java.lang.Object, java.lang.Object, java.lang.Object)'> (0x00000000c4c1c288) 
thrown [s\src\hotspot\share\interpreter\linkResolver.cpp, line 759]
Event: 3.174 Thread 0x000001731d425fe0 Exception <a 'java/lang/NoSuchMethodError'{0x00000000c4ce4860}: 'void java.lang.invoke.DirectMethodHandle$Holder.invokeInterface(java.lang.Object, java.lang.Object, java.lang.Object)'> (0x00000000c4ce4860) 
thrown [s\src\hotspot\share\interpreter\linkResolver.cpp, line 759]
Event: 3.238 Thread 0x000001731d425fe0 Exception <a 'java/lang/NoSuchMethodError'{0x00000000c4b86eb0}: 'void java.lang.invoke.DirectMethodHandle$Holder.invokeStaticInit(java.lang.Object, java.lang.Object, java.lang.Object)'> (0x00000000c4b86eb0) 
thrown [s\src\hotspot\share\interpreter\linkResolver.cpp, line 759]
Event: 3.252 Thread 0x000001731d425fe0 Exception <a 'java/lang/NoSuchMethodError'{0x00000000c4bce6e0}: 'java.lang.Object java.lang.invoke.DirectMethodHandle$Holder.invokeVirtual(java.lang.Object, java.lang.Object, java.lang.Object)'> (0x00000000c4bce6e0) 
thrown [s\src\hotspot\share\interpreter\linkResolver.cpp, line 759]
Event: 3.263 Thread 0x000001731d425fe0 Exception <a 'java/lang/NoSuchMethodError'{0x00000000c4bef6f0}: 'java.lang.Object java.lang.invoke.DirectMethodHandle$Holder.invokeStatic(java.lang.Object, java.lang.Object, long, java.lang.Object)'> (0x00000000c4bef6f0) 
thrown [s\src\hotspot\share\interpreter\linkResolver.cpp, line 759]
Event: 3.264 Thread 0x000001731d425fe0 Exception <a 'java/lang/NoSuchMethodError'{0x00000000c4bf3180}: 'java.lang.Object java.lang.invoke.DirectMethodHandle$Holder.invokeStaticInit(java.lang.Object, java.lang.Object, long, java.lang.Object)'> (0x00000000c4bf3180) 
thrown [s\src\hotspot\share\interpreter\linkResolver.cpp, line 759]
Event: 3.265 Thread 0x000001731d425fe0 Exception <a 'java/lang/NoSuchMethodError'{0x00000000c4bf9888}: 'java.lang.Object java.lang.invoke.DirectMethodHandle$Holder.newInvokeSpecial(java.lang.Object, java.lang.Object, long)'> (0x00000000c4bf9888) 
thrown [s\src\hotspot\share\interpreter\linkResolver.cpp, line 759]
Event: 3.266 Thread 0x000001731d425fe0 Exception <a 'java/lang/NoSuchMethodError'{0x00000000c4bfd400}: 'java.lang.Object java.lang.invoke.Invokers$Holder.linkToTargetMethod(java.lang.Object, long, java.lang.Object)'> (0x00000000c4bfd400) 
thrown [s\src\hotspot\share\interpreter\linkResolver.cpp, line 759]
Event: 3.303 Thread 0x000001731d425fe0 Exception <a 'java/lang/NoSuchMethodError'{0x00000000c4a47bf0}: 'void java.lang.invoke.DirectMethodHandle$Holder.invokeSpecial(java.lang.Object, java.lang.Object, java.lang.Object, java.lang.Object, java.lang.Object)'> (0x00000000c4a47bf0) 
thrown [s\src\hotspot\share\interpreter\linkResolver.cpp, line 759]
Event: 3.305 Thread 0x000001731d425fe0 Exception <a 'java/lang/NoSuchMethodError'{0x00000000c4a50410}: 'void java.lang.invoke.DirectMethodHandle$Holder.invokeVirtual(java.lang.Object, java.lang.Object, java.lang.Object, java.lang.Object)'> (0x00000000c4a50410) 
thrown [s\src\hotspot\share\interpreter\linkResolver.cpp, line 759]
Event: 3.481 Thread 0x000001731d425fe0 Exception <a 'java/lang/IncompatibleClassChangeError'{0x00000000c48e5728}: Found class java.lang.Object, but interface was expected> (0x00000000c48e5728) 
thrown [s\src\hotspot\share\interpreter\linkResolver.cpp, line 826]
Event: 3.483 Thread 0x000001731da1c8e0 Exception <a 'java/lang/NoClassDefFoundError'{0x00000000c48d5fd0}: jakarta/validation/Validation> (0x00000000c48d5fd0) 
thrown [s\src\hotspot\share\classfile\systemDictionary.cpp, line 244]

VM Operations (20 events):
Event: 0.738 Executing VM operation: HandshakeAllThreads
Event: 0.739 Executing VM operation: HandshakeAllThreads done
Event: 0.853 Executing VM operation: HandshakeAllThreads
Event: 0.853 Executing VM operation: HandshakeAllThreads done
Event: 0.887 Executing VM operation: HandshakeAllThreads
Event: 0.887 Executing VM operation: HandshakeAllThreads done
Event: 1.521 Executing VM operation: G1CollectForAllocation
Event: 1.534 Executing VM operation: G1CollectForAllocation done
Event: 2.387 Executing VM operation: HandshakeAllThreads
Event: 2.387 Executing VM operation: HandshakeAllThreads done
Event: 2.525 Executing VM operation: G1CollectForAllocation
Event: 2.531 Executing VM operation: G1CollectForAllocation done
Event: 3.053 Executing VM operation: HandshakeAllThreads
Event: 3.053 Executing VM operation: HandshakeAllThreads done
Event: 3.164 Executing VM operation: HandshakeAllThreads
Event: 3.165 Executing VM operation: HandshakeAllThreads done
Event: 3.459 Executing VM operation: HandshakeAllThreads
Event: 3.459 Executing VM operation: HandshakeAllThreads done
Event: 3.459 Executing VM operation: HandshakeAllThreads
Event: 3.460 Executing VM operation: HandshakeAllThreads done

Events (20 events):
Event: 0.120 Thread 0x000001737d542e40 Thread added: 0x000001737d542e40
Event: 0.121 Thread 0x000001737d5437e0 Thread added: 0x000001737d5437e0
Event: 0.121 Thread 0x000001737d5464c0 Thread added: 0x000001737d5464c0
Event: 0.125 Thread 0x000001737d546ea0 Thread added: 0x000001737d546ea0
Event: 0.157 Thread 0x000001737ff80380 Thread added: 0x000001737ff80380
Event: 0.346 Thread 0x000001737ffd86d0 Thread added: 0x000001737ffd86d0
Event: 0.402 Loaded shared library C:\Users\ERIN_JAVALead\.jdks\corretto-18.0.2\bin\zip.dll
Event: 0.410 Loaded shared library C:\Users\ERIN_JAVALead\.jdks\corretto-18.0.2\bin\instrument.dll
Event: 0.426 Loaded shared library C:\Users\ERIN_JAVALead\.jdks\corretto-18.0.2\bin\net.dll
Event: 0.431 Loaded shared library C:\Users\ERIN_JAVALead\.jdks\corretto-18.0.2\bin\nio.dll
Event: 0.437 Loaded shared library C:\Users\ERIN_JAVALead\.jdks\corretto-18.0.2\bin\zip.dll
Event: 0.729 Loaded shared library C:\Program Files\JetBrains\IntelliJ IDEA Community Edition 2021.3.3\bin\breakgen64.dll
Event: 0.731 Thread 0x000001731cef84e0 Thread added: 0x000001731cef84e0
Event: 0.731 Thread 0x000001731cd43500 Thread added: 0x000001731cd43500
Event: 0.864 Loaded shared library C:\Users\ERIN_JAVALead\.jdks\corretto-18.0.2\bin\jimage.dll
Event: 1.776 Loaded shared library C:\Users\ERIN_JAVALead\.jdks\corretto-18.0.2\bin\management.dll
Event: 1.781 Loaded shared library C:\Users\ERIN_JAVALead\.jdks\corretto-18.0.2\bin\management_ext.dll
Event: 2.033 Thread 0x000001731d430ad0 Thread added: 0x000001731d430ad0
Event: 2.049 Thread 0x000001731d425fe0 Thread added: 0x000001731d425fe0
Event: 3.475 Thread 0x000001731da1c8e0 Thread added: 0x000001731da1c8e0


Dynamic libraries:
0x00007ff673de0000 - 0x00007ff673ded000 	C:\Users\ERIN_JAVALead\.jdks\corretto-18.0.2\bin\java.exe
0x00007ff91eed0000 - 0x00007ff91f0c8000 	C:\WINDOWS\SYSTEM32\ntdll.dll
0x00007ff91e910000 - 0x00007ff91e9cd000 	C:\WINDOWS\System32\KERNEL32.DLL
0x00007ff91c9e0000 - 0x00007ff91ccd6000 	C:\WINDOWS\System32\KERNELBASE.dll
0x00007ff91cce0000 - 0x00007ff91cde0000 	C:\WINDOWS\System32\ucrtbase.dll
0x00007ff90d6d0000 - 0x00007ff90d6e7000 	C:\Users\ERIN_JAVALead\.jdks\corretto-18.0.2\bin\jli.dll
0x00007ff907a00000 - 0x00007ff907a15000 	C:\Users\ERIN_JAVALead\.jdks\corretto-18.0.2\bin\VCRUNTIME140.dll
0x00007ff91e630000 - 0x00007ff91e7ce000 	C:\WINDOWS\System32\USER32.dll
0x00007ff91c550000 - 0x00007ff91c572000 	C:\WINDOWS\System32\win32u.dll
0x00007ff906950000 - 0x00007ff906bea000 	C:\WINDOWS\WinSxS\amd64_microsoft.windows.common-controls_6595b64144ccf1df_6.0.19041.3636_none_60b6a03d71f818d5\COMCTL32.dll
0x00007ff91d800000 - 0x00007ff91d82b000 	C:\WINDOWS\System32\GDI32.dll
0x00007ff91e500000 - 0x00007ff91e59e000 	C:\WINDOWS\System32\msvcrt.dll
0x00007ff91c660000 - 0x00007ff91c777000 	C:\WINDOWS\System32\gdi32full.dll
0x00007ff91ce30000 - 0x00007ff91cecd000 	C:\WINDOWS\System32\msvcp_win.dll
0x00007ff91d2b0000 - 0x00007ff91d2e2000 	C:\WINDOWS\System32\IMM32.DLL
0x00007ff8f7e80000 - 0x00007ff8f7f1b000 	C:\Users\ERIN_JAVALead\.jdks\corretto-18.0.2\bin\msvcp140.dll
0x00007ff8d3330000 - 0x00007ff8d3fa1000 	C:\Users\ERIN_JAVALead\.jdks\corretto-18.0.2\bin\server\jvm.dll
0x00007ff91ed90000 - 0x00007ff91ee40000 	C:\WINDOWS\System32\ADVAPI32.dll
0x00007ff91d2f0000 - 0x00007ff91d390000 	C:\WINDOWS\System32\sechost.dll
0x00007ff91e7e0000 - 0x00007ff91e905000 	C:\WINDOWS\System32\RPCRT4.dll
0x00007ff91c630000 - 0x00007ff91c657000 	C:\WINDOWS\System32\bcrypt.dll
0x00007ff91e000000 - 0x00007ff91e008000 	C:\WINDOWS\System32\PSAPI.DLL
0x00007ff914970000 - 0x00007ff914979000 	C:\WINDOWS\SYSTEM32\WSOCK32.dll
0x00007ff8ff000000 - 0x00007ff8ff027000 	C:\WINDOWS\SYSTEM32\WINMM.dll
0x00007ff91e010000 - 0x00007ff91e07b000 	C:\WINDOWS\System32\WS2_32.dll
0x00007ff916990000 - 0x00007ff91699a000 	C:\WINDOWS\SYSTEM32\VERSION.dll
0x00007ff91a3c0000 - 0x00007ff91a3d2000 	C:\WINDOWS\SYSTEM32\kernel.appcore.dll
0x00007ff919d10000 - 0x00007ff919d1a000 	C:\Users\ERIN_JAVALead\.jdks\corretto-18.0.2\bin\jimage.dll
0x00007ff8f6e60000 - 0x00007ff8f7044000 	C:\WINDOWS\SYSTEM32\DBGHELP.DLL
0x00007ff8f5d90000 - 0x00007ff8f5dc4000 	C:\WINDOWS\SYSTEM32\dbgcore.DLL
0x00007ff91c780000 - 0x00007ff91c802000 	C:\WINDOWS\System32\bcryptPrimitives.dll
0x00007ff9172c0000 - 0x00007ff9172ce000 	C:\Users\ERIN_JAVALead\.jdks\corretto-18.0.2\bin\instrument.dll
0x00007ff8f7e50000 - 0x00007ff8f7e75000 	C:\Users\ERIN_JAVALead\.jdks\corretto-18.0.2\bin\java.dll
0x00007ff8f7cc0000 - 0x00007ff8f7d96000 	C:\Users\ERIN_JAVALead\.jdks\corretto-18.0.2\bin\jsvml.dll
0x00007ff91d830000 - 0x00007ff91df9b000 	C:\WINDOWS\System32\SHELL32.dll
0x00007ff91a5c0000 - 0x00007ff91ad5e000 	C:\WINDOWS\SYSTEM32\windows.storage.dll
0x00007ff91ea30000 - 0x00007ff91ed83000 	C:\WINDOWS\System32\combase.dll
0x00007ff91bdd0000 - 0x00007ff91bdfe000 	C:\WINDOWS\SYSTEM32\Wldp.dll
0x00007ff91d1e0000 - 0x00007ff91d2ad000 	C:\WINDOWS\System32\OLEAUT32.dll
0x00007ff91d130000 - 0x00007ff91d1dd000 	C:\WINDOWS\System32\SHCORE.dll
0x00007ff91e440000 - 0x00007ff91e495000 	C:\WINDOWS\System32\shlwapi.dll
0x00007ff91c480000 - 0x00007ff91c4a5000 	C:\WINDOWS\SYSTEM32\profapi.dll
0x00007ff8f5be0000 - 0x00007ff8f5bf8000 	C:\Users\ERIN_JAVALead\.jdks\corretto-18.0.2\bin\zip.dll
0x00007ff8f8020000 - 0x00007ff8f8033000 	C:\Users\ERIN_JAVALead\.jdks\corretto-18.0.2\bin\net.dll
0x00007ff916190000 - 0x00007ff91629a000 	C:\WINDOWS\SYSTEM32\WINHTTP.dll
0x00007ff91bbb0000 - 0x00007ff91bc1a000 	C:\WINDOWS\system32\mswsock.dll
0x00007ff8f6c50000 - 0x00007ff8f6c65000 	C:\Users\ERIN_JAVALead\.jdks\corretto-18.0.2\bin\nio.dll
0x00007ff8f5bc0000 - 0x00007ff8f5bda000 	C:\Program Files\JetBrains\IntelliJ IDEA Community Edition 2021.3.3\bin\breakgen64.dll
0x00007ff90d8a0000 - 0x00007ff90d8a9000 	C:\Users\ERIN_JAVALead\.jdks\corretto-18.0.2\bin\management.dll
0x00007ff90c2f0000 - 0x00007ff90c2fb000 	C:\Users\ERIN_JAVALead\.jdks\corretto-18.0.2\bin\management_ext.dll

dbghelp: loaded successfully - version: 4.0.5 - missing functions: none
symbol engine: initialized successfully - sym options: 0x614 - pdb path: .;C:\Users\ERIN_JAVALead\.jdks\corretto-18.0.2\bin;C:\WINDOWS\SYSTEM32;C:\WINDOWS\WinSxS\amd64_microsoft.windows.common-controls_6595b64144ccf1df_6.0.19041.3636_none_60b6a03d71f818d5;C:\Users\ERIN_JAVALead\.jdks\corretto-18.0.2\bin\server;C:\Program Files\JetBrains\IntelliJ IDEA Community Edition 2021.3.3\bin

VM Arguments:
jvm_args: -javaagent:C:\Program Files\JetBrains\IntelliJ IDEA Community Edition 2021.3.3\lib\idea_rt.jar=50841:C:\Program Files\JetBrains\IntelliJ IDEA Community Edition 2021.3.3\bin -Dfile.encoding=UTF-8 
java_command: com.verise.veganapp.VeriseApplication
java_class_path (initial): C:\Users\ERIN_JAVALead\Downloads\verise\verise\target\classes;C:\Users\ERIN_JAVALead\.m2\repository\org\springframework\boot\spring-boot-starter-web\3.2.4\spring-boot-starter-web-3.2.4.jar;C:\Users\ERIN_JAVALead\.m2\repository\org\springframework\boot\spring-boot-starter\3.2.4\spring-boot-starter-3.2.4.jar;C:\Users\ERIN_JAVALead\.m2\repository\org\springframework\boot\spring-boot-starter-logging\3.2.4\spring-boot-starter-logging-3.2.4.jar;C:\Users\ERIN_JAVALead\.m2\repository\ch\qos\logback\logback-classic\1.4.14\logback-classic-1.4.14.jar;C:\Users\ERIN_JAVALead\.m2\repository\ch\qos\logback\logback-core\1.4.14\logback-core-1.4.14.jar;C:\Users\ERIN_JAVALead\.m2\repository\org\apache\logging\log4j\log4j-to-slf4j\2.21.1\log4j-to-slf4j-2.21.1.jar;C:\Users\ERIN_JAVALead\.m2\repository\org\apache\logging\log4j\log4j-api\2.21.1\log4j-api-2.21.1.jar;C:\Users\ERIN_JAVALead\.m2\repository\org\slf4j\jul-to-slf4j\2.0.12\jul-to-slf4j-2.0.12.jar;C:\Users\ERIN_JAVALead\.m2\repository\jakarta\annotation\jakarta.annotation-api\2.1.1\jakarta.annotation-api-2.1.1.jar;C:\Users\ERIN_JAVALead\.m2\repository\org\yaml\snakeyaml\2.2\snakeyaml-2.2.jar;C:\Users\ERIN_JAVALead\.m2\repository\org\springframework\boot\spring-boot-starter-json\3.2.4\spring-boot-starter-json-3.2.4.jar;C:\Users\ERIN_JAVALead\.m2\repository\com\fasterxml\jackson\core\jackson-databind\2.15.4\jackson-databind-2.15.4.jar;C:\Users\ERIN_JAVALead\.m2\repository\com\fasterxml\jackson\core\jackson-annotations\2.15.4\jackson-annotations-2.15.4.jar;C:\Users\ERIN_JAVALead\.m2\repository\com\fasterxml\jackson\core\jackson-core\2.15.4\jackson-core-2.15.4.jar;C:\Users\ERIN_JAVALead\.m2\repository\com\fasterxml\jackson\datatype\jackson-datatype-jdk8\2.15.4\jackson-datatype-jdk8-2.15.4.jar;C:\Users\ERIN_JAVALead\.m2\repository\com\fasterxml\jackson\datatype\jackson-datatype-jsr310\2.15.4\jackson-datatype-jsr310-2.15.4.jar;C:\Users\ERIN_JAVALead\.m2\repository\com\fasterxml\jackson\module\jackson-module-parameter-names\2.15.4\jackson-module-parameter-names-2.15.4.jar;C:\Users\ERIN_JAVALead\.m2\repository\org\springframework\boot\spring-boot-starter-tomcat\3.2.4\spring-boot-starter-tomcat-3.2.4.jar;C:\Users\ERIN_JAVALead\.m2\repository\org\apache\tomcat\embed\tomcat-embed-core\10.1.19\tomcat-embed-core-10.1.19.jar;C:\Users\ERIN_JAVALead\.m2\repository\org\apache\tomcat\embed\tomcat-embed-el\10.1.19\tomcat-embed-el-10.1.19.jar;C:\Users\ERIN_JAVALead\.m2\repository\org\apache\tomcat\embed\tomcat-embed-websocket\10.1.19\tomcat-embed-websocket-10.1.19.jar;C:\Users\ERIN_JAVALead\.m2\repository\org\springframework\spring-web\6.1.5\spring-web-6.1.5.jar;C:\Users\ERIN_JAVALead\.m2\repository\org\springframework\spring-beans\6.1.5\spring-beans-6.1.5.jar;C:\Users\ERIN_JAVALead\.m2\repository\io\micrometer\micrometer-observation\1.12.4\micrometer-observation-1.12.4.jar;C:\Users\ERIN_JAVALead\.m2\repository\io\micrometer\micrometer-commons\1.12.4\micrometer-commons-1.12.4.jar;C:\Users\ERIN_JAVALead\.m2\repository\org\springframework\spring-webmvc\6.1.5\spring-webmvc-6.1.5.jar;C:\Users\ERIN_JAVALead\.m2\repository\org\springframework\spring-aop\6.1.5\spring-aop-6.1.5.jar;C:\Users\ERIN_JAVALead\.m2\repository\org\springframework\spring-context\6.1.5\spring-context-6.1.5.jar;C:\Users\ERIN_JAVALead\.m2\repository\org\springframework\spring-expression\6.1.5\spring-expression-6.1.5.jar;C:\Users\ERIN_JAVALead\.m2\repository\org\springframework\boot\spring-boot-devtools\3.2.4\spring-boot-devtools-3.2.4.jar;C:\Users\ERIN_JAVALead\.m2\repository\org\springframework\boot\spring-boot\3.2.4\spring-boot-3.2.4.jar;C:\Users\ERIN_JAVALead\.m2\repository\org\springframework\boot\spring-boot-autoconfigure\3.2.4\spring-boot-autoconfigure-3.2.4.jar;C:\Users\ERIN_JAVALead\.m2\repository\org\projectlombok\lombok\1.18.30\lombok-1.18.30.jar;C:\Users\ERIN_JAVALead\.m2\repository\org\slf4j\slf4j-api\2.0.12\slf4j-api-2.0.12.jar;C:\Users\ERIN_JAVALead\.m2\repository\jakarta\xml\bind\jakarta.xml.bind-api\4.0.2\jakarta.xml.bind-api-4.0.2.jar;C:\Users\ERIN_JAVALead\.m2\repository\jakarta\activation\jakarta.activation-api\2.1.3\jakarta.activation-api-2.1.3.jar;C:\Users\ERIN_JAVALead\.m2\repository\net\bytebuddy\byte-buddy\1.14.12\byte-buddy-1.14.12.jar;C:\Users\ERIN_JAVALead\.m2\repository\org\springframework\spring-core\6.1.5\spring-core-6.1.5.jar;C:\Users\ERIN_JAVALead\.m2\repository\org\springframework\spring-jcl\6.1.5\spring-jcl-6.1.5.jar;C:\Users\ERIN_JAVALead\.m2\repository\org\springframework\boot\spring-boot-starter-data-jpa\3.2.4\spring-boot-starter-data-jpa-3.2.4.jar;C:\Users\ERIN_JAVALead\.m2\repository\org\springframework\boot\spring-boot-starter-aop\3.2.4\spring-boot-starter-aop-3.2.4.jar;C:\Users\ERIN_JAVALead\.m2\repository\org\aspectj\aspectjweaver\1.9.21\aspectjweaver-1.9.21.jar;C:\Users\ERIN_JAVALead\.m2\repository\org\springframework\boot\spring-boot-starter-jdbc\3.2.4\spring-boot-starter-jdbc-3.2.4.jar;C:\Users\ERIN_JAVALead\.m2\repository\com\zaxxer\HikariCP\5.0.1\HikariCP-5.0.1.jar;C:\Users\ERIN_JAVALead\.m2\repository\org\springframework\spring-jdbc\6.1.5\spring-jdbc-6.1.5.jar;C:\Users\ERIN_JAVALead\.m2\repository\org\hibernate\orm\hibernate-core\6.4.4.Final\hibernate-core-6.4.4.Final.jar;C:\Users\ERIN_JAVALead\.m2\repository\jakarta\persistence\jakarta.persistence-api\3.1.0\jakarta.persistence-api-3.1.0.jar;C:\Users\ERIN_JAVALead\.m2\repository\jakarta\transaction\jakarta.transaction-api\2.0.1\jakarta.transaction-api-2.0.1.jar;C:\Users\ERIN_JAVALead\.m2\repository\org\jboss\logging\jboss-logging\3.5.3.Final\jboss-logging-3.5.3.Final.jar;C:\Users\ERIN_JAVALead\.m2\repository\org\hibernate\common\hibernate-commons-annotations\6.0.6.Final\hibernate-commons-annotations-6.0.6.Final.jar;C:\Users\ERIN_JAVALead\.m2\repository\io\smallrye\jandex\3.1.2\jandex-3.1.2.jar;C:\Users\ERIN_JAVALead\.m2\repository\com\fasterxml\classmate\1.6.0\classmate-1.6.0.jar;C:\Users\ERIN_JAVALead\.m2\repository\org\glassfish\jaxb\jaxb-runtime\4.0.5\jaxb-runtime-4.0.5.jar;C:\Users\ERIN_JAVALead\.m2\repository\org\glassfish\jaxb\jaxb-core\4.0.5\jaxb-core-4.0.5.jar;C:\Users\ERIN_JAVALead\.m2\repository\org\eclipse\angus\angus-activation\2.0.2\angus-activation-2.0.2.jar;C:\Users\ERIN_JAVALead\.m2\repository\org\glassfish\jaxb\txw2\4.0.5\txw2-4.0.5.jar;C:\Users\ERIN_JAVALead\.m2\repository\com\sun\istack\istack-commons-runtime\4.1.2\istack-commons-runtime-4.1.2.jar;C:\Users\ERIN_JAVALead\.m2\repository\jakarta\inject\jakarta.inject-api\2.0.1\jakarta.inject-api-2.0.1.jar;C:\Users\ERIN_JAVALead\.m2\repository\org\antlr\antlr4-runtime\4.13.0\antlr4-runtime-4.13.0.jar;C:\Users\ERIN_JAVALead\.m2\repository\org\springframework\data\spring-data-jpa\3.2.4\spring-data-jpa-3.2.4.jar;C:\Users\ERIN_JAVALead\.m2\repository\org\springframework\data\spring-data-commons\3.2.4\spring-data-commons-3.2.4.jar;C:\Users\ERIN_JAVALead\.m2\repository\org\springframework\spring-orm\6.1.5\spring-orm-6.1.5.jar;C:\Users\ERIN_JAVALead\.m2\repository\org\springframework\spring-tx\6.1.5\spring-tx-6.1.5.jar;C:\Users\ERIN_JAVALead\.m2\repository\org\springframework\spring-aspects\6.1.5\spring-aspects-6.1.5.jar;C:\Users\ERIN_JAVALead\.m2\repository\com\microsoft\sqlserver\mssql-jdbc\12.4.2.jre11\mssql-jdbc-12.4.2.jre11.jar
Launcher Type: SUN_STANDARD

[Global flags]
     intx CICompilerCount                          = 3                                         {product} {ergonomic}
     uint ConcGCThreads                            = 1                                         {product} {ergonomic}
     uint G1ConcRefinementThreads                  = 4                                         {product} {ergonomic}
   size_t G1HeapRegionSize                         = 1048576                                   {product} {ergonomic}
    uintx GCDrainStackTargetSize                   = 64                                        {product} {ergonomic}
   size_t InitialHeapSize                          = 67108864                                  {product} {ergonomic}
   size_t MarkStackSize                            = 4194304                                   {product} {ergonomic}
   size_t MaxHeapSize                              = 1052770304                                {product} {ergonomic}
   size_t MaxNewSize                               = 631242752                                 {product} {ergonomic}
   size_t MinHeapDeltaBytes                        = 1048576                                   {product} {ergonomic}
   size_t MinHeapSize                              = 8388608                                   {product} {ergonomic}
    uintx NonNMethodCodeHeapSize                   = 5832780                                {pd product} {ergonomic}
    uintx NonProfiledCodeHeapSize                  = 122912730                              {pd product} {ergonomic}
    uintx ProfiledCodeHeapSize                     = 122912730                              {pd product} {ergonomic}
    uintx ReservedCodeCacheSize                    = 251658240                              {pd product} {ergonomic}
     bool SegmentedCodeCache                       = true                                      {product} {ergonomic}
   size_t SoftMaxHeapSize                          = 1052770304                             {manageable} {ergonomic}
     bool UseCompressedClassPointers               = true                           {product lp64_product} {ergonomic}
     bool UseCompressedOops                        = true                           {product lp64_product} {ergonomic}
     bool UseG1GC                                  = true                                      {product} {ergonomic}
     bool UseLargePagesIndividualAllocation        = false                                  {pd product} {ergonomic}

Logging:
Log output configuration:
 #0: stdout all=warning uptime,level,tags foldmultilines=false
 #1: stderr all=off uptime,level,tags foldmultilines=false

Environment Variables:
JAVA_HOME=C:\Program Files\Java\jdk1.8.0_202
PATH=C:\Program Files (x86)\Common Files\Oracle\Java\javapath;C:\WINDOWS\system32;C:\WINDOWS;C:\WINDOWS\System32\Wbem;C:\WINDOWS\System32\WindowsPowerShell\v1.0\;C:\WINDOWS\System32\OpenSSH\;C:\Program Files (x86)\nodejs\;C:\Program Files (x86)\nodejs\npm;C:\Users\ERIN_JAVALead\AppData\Roaming\npm;C:\Program Files\Git\cmd;C:\Program Files (x86)\dotnet\;C:\Program Files (x86)\Microsoft SQL Server\160\DTS\Binn\;C:\Program Files\Azure Data Studio\bin;C:\Program Files (x86)\Microsoft SQL Server\160\Tools\Binn\;C:\Program Files\Microsoft SQL Server\160\Tools\Binn\;C:\Program Files\Microsoft SQL Server\Client SDK\ODBC\170\Tools\Binn\;C:\Program Files\Microsoft SQL Server\160\DTS\Binn\;C:\Program Files\Java\jdk1.8.0_202\bin;C:\Program Files\Java\jdk1.8.0_202\jre\bin;C:\kafkasrc\bin\windows;C:\Program Files\Docker\Docker\resources\bin;C:\Program Files\Docker\Docker;C:\Users\ERIN_JAVALead\AppData\Local\Microsoft\WindowsApps;;C:\Users\ERIN_JAVALead\AppData\Local\Programs\Microsoft VS Code\bin;C:\Users\ERIN_JAVALead\AppData\Roaming\npm;C:\Program Files\Azure Data Studio\bin
USERNAME=ERIN_JAVALead
OS=Windows_NT
PROCESSOR_IDENTIFIER=Intel64 Family 6 Model 78 Stepping 3, GenuineIntel



---------------  S Y S T E M  ---------------

OS:
 Windows 10 , 64 bit Build 19041 (10.0.19041.3636)
OS uptime: 0 days 0:31 hours
Hyper-V role detected

CPU: total 4 (initial active 4) (2 cores per cpu, 2 threads per core) family 6 model 78 stepping 3 microcode 0xcc, cx8, cmov, fxsr, ht, mmx, 3dnowpref, sse, sse2, sse3, ssse3, sse4.1, sse4.2, popcnt, lzcnt, tsc, tscinvbit, avx, avx2, aes, erms, clmul, bmi1, bmi2, adx, fma, vzeroupper, clflush, clflushopt, hv

Memory: 4k page, system-wide physical 4012M (378M free)
TotalPageFile size 6060M (AvailPageFile size 4M)
current process WorkingSet (physical memory assigned to process): 93M, peak: 93M
current process commit charge ("private bytes"): 163M, peak: 163M

vm_info: OpenJDK 64-Bit Server VM (18.0.2+9-FR) for windows-amd64 JRE (18.0.2+9-FR), built on Jul 15 2022 20:03:03 by "Administrator" with MS VC++ 15.9 (VS2017)

END.
