#
# There is insufficient memory for the Java Runtime Environment to continue.
# Native memory allocation (malloc) failed to allocate 32744 bytes for Chunk::new
# Possible reasons:
#   The system is out of physical RAM or swap space
#   The process is running with CompressedOops enabled, and the Java Heap may be blocking the growth of the native heap
# Possible solutions:
#   Reduce memory load on the system
#   Increase physical memory or swap space
#   Check if swap backing store is full
#   Decrease Java heap size (-Xmx/-Xms)
#   Decrease number of Java threads
#   Decrease Java thread stack sizes (-Xss)
#   Set larger code cache with -XX:ReservedCodeCacheSize=
#   JVM is running with Unscaled Compressed Oops mode in which the Java heap is
#     placed in the first 4GB address space. The Java Heap base address is the
#     maximum limit for the native heap growth. Please use -XX:HeapBaseMinAddress
#     to set the Java Heap base and to place the Java Heap above 4GB virtual address.
# This output file may be truncated or incomplete.
#
#  Out of Memory Error (arena.cpp:184), pid=804, tid=12872
#
# JRE version: OpenJDK Runtime Environment Corretto-18.0.2.9.1 (18.0.2+9) (build 18.0.2+9-FR)
# Java VM: OpenJDK 64-Bit Server VM Corretto-18.0.2.9.1 (18.0.2+9-FR, mixed mode, sharing, tiered, compressed oops, compressed class ptrs, g1 gc, windows-amd64)
# No core dump will be written. Minidumps are not enabled by default on client versions of Windows
#

---------------  S U M M A R Y ------------

Command Line: -agentlib:jdwp=transport=dt_socket,address=127.0.0.1:50376,suspend=y,server=n -javaagent:C:\Users\ERIN_JAVALead\AppData\Local\JetBrains\IdeaIC2021.3\captureAgent\debugger-agent.jar -Dfile.encoding=UTF-8 com.verise.veganapp.VeriseApplication

Host: Intel(R) Core(TM) i3-6006U CPU @ 2.00GHz, 4 cores, 3G,  Windows 10 , 64 bit Build 19041 (10.0.19041.3636)
Time: Thu Apr 11 00:05:58 2024 W. Europe Daylight Time elapsed time: 27.175363 seconds (0d 0h 0m 27s)

---------------  T H R E A D  ---------------

Current thread (0x000001e6999e3440):  JavaThread "http-nio-8082-exec-2" daemon [_thread_in_vm, id=12872, stack(0x000000be35800000,0x000000be35900000)]

Stack: [0x000000be35800000,0x000000be35900000]
Native frames: (J=compiled Java code, j=interpreted, Vv=VM code, C=native code)
V  [jvm.dll+0x685a2a]
V  [jvm.dll+0x82ae8d]
V  [jvm.dll+0x82c75e]
V  [jvm.dll+0x82ce03]
V  [jvm.dll+0x25ef4b]
V  [jvm.dll+0xd42d2]
V  [jvm.dll+0xd4665]
V  [jvm.dll+0x20579a]
V  [jvm.dll+0x208305]
V  [jvm.dll+0x1fde59]
V  [jvm.dll+0x54c245]
V  [jvm.dll+0x7a8aed]
V  [jvm.dll+0x7a8a4a]
V  [jvm.dll+0x424f11]
V  [jvm.dll+0x437ba6]
C  [java.dll+0x1657]

Java frames: (J=compiled Java code, j=interpreted, Vv=VM code)
J 1896  java.lang.ClassLoader.defineClass0(Ljava/lang/ClassLoader;Ljava/lang/Class;Ljava/lang/String;[BIILjava/security/ProtectionDomain;ZILjava/lang/Object;)Ljava/lang/Class; java.base@18.0.2 (0 bytes) @ 0x000001e687b70b11 [0x000001e687b70a20+0x00000000000000f1]
J 1895 c1 java.lang.System$2.defineClass(Ljava/lang/ClassLoader;Ljava/lang/Class;Ljava/lang/String;[BLjava/security/ProtectionDomain;ZILjava/lang/Object;)Ljava/lang/Class; java.base@18.0.2 (21 bytes) @ 0x000001e680931e14 [0x000001e680931d40+0x00000000000000d4]
J 1894 c1 java.lang.invoke.MethodHandles$Lookup$ClassDefiner.defineClass(ZLjava/lang/Object;)Ljava/lang/Class; java.base@18.0.2 (97 bytes) @ 0x000001e6809315d4 [0x000001e6809310a0+0x0000000000000534]
J 3651 c1 java.lang.invoke.MethodHandles$Lookup$ClassDefiner.defineClassAsLookup(Z)Ljava/lang/invoke/MethodHandles$Lookup; java.base@18.0.2 (19 bytes) @ 0x000001e680d8a154 [0x000001e680d8a0c0+0x0000000000000094]
J 2766 c1 java.lang.invoke.MethodHandles$Lookup.defineHiddenClass([BZ[Ljava/lang/invoke/MethodHandles$Lookup$ClassOption;)Ljava/lang/invoke/MethodHandles$Lookup; java.base@18.0.2 (69 bytes) @ 0x000001e680b6a184 [0x000001e680b698a0+0x00000000000008e4]
J 1866 c1 java.lang.invoke.InnerClassLambdaMetafactory.generateInnerClass()Ljava/lang/Class; java.base@18.0.2 (619 bytes) @ 0x000001e680920bac [0x000001e68091eaa0+0x000000000000210c]
J 3375 c1 java.lang.invoke.InnerClassLambdaMetafactory.spinInnerClass()Ljava/lang/Class; java.base@18.0.2 (111 bytes) @ 0x000001e680cd9c84 [0x000001e680cd9ae0+0x00000000000001a4]
J 3457 c1 java.lang.invoke.InnerClassLambdaMetafactory.buildCallSite()Ljava/lang/invoke/CallSite; java.base@18.0.2 (150 bytes) @ 0x000001e680d1ca04 [0x000001e680d1c980+0x0000000000000084]
J 2232 c1 java.lang.invoke.LambdaMetafactory.metafactory(Ljava/lang/invoke/MethodHandles$Lookup;Ljava/lang/String;Ljava/lang/invoke/MethodType;Ljava/lang/invoke/MethodType;Ljava/lang/invoke/MethodHandle;Ljava/lang/invoke/MethodType;)Ljava/lang/invoke/CallSite; java.base@18.0.2 (71 bytes) @ 0x000001e680a0dc04 [0x000001e680a0d740+0x00000000000004c4]
J 2467 c1 java.lang.invoke.LambdaForm$DMH+0x0000000800d09800.invokeStatic(Ljava/lang/Object;Ljava/lang/Object;Ljava/lang/Object;Ljava/lang/Object;Ljava/lang/Object;Ljava/lang/Object;Ljava/lang/Object;)Ljava/lang/Object; java.base@18.0.2 (31 bytes) @ 0x000001e680aa472c [0x000001e680aa43e0+0x000000000000034c]
J 1913 c1 java.lang.invoke.BootstrapMethodInvoker.invoke(Ljava/lang/Class;Ljava/lang/invoke/MethodHandle;Ljava/lang/String;Ljava/lang/Object;Ljava/lang/Object;Ljava/lang/Class;)Ljava/lang/Object; java.base@18.0.2 (974 bytes) @ 0x000001e6809443ac [0x000001e68093d9c0+0x00000000000069ec]
J 1912 c1 java.lang.invoke.CallSite.makeSite(Ljava/lang/invoke/MethodHandle;Ljava/lang/String;Ljava/lang/invoke/MethodType;Ljava/lang/Object;Ljava/lang/Class;)Ljava/lang/invoke/CallSite; java.base@18.0.2 (91 bytes) @ 0x000001e68093af84 [0x000001e68093aee0+0x00000000000000a4]
J 1581 c1 java.lang.invoke.MethodHandleNatives.linkCallSiteImpl(Ljava/lang/Class;Ljava/lang/invoke/MethodHandle;Ljava/lang/String;Ljava/lang/invoke/MethodType;Ljava/lang/Object;[Ljava/lang/Object;)Ljava/lang/invoke/MemberName; java.base@18.0.2 (44 bytes) @ 0x000001e68087b8c4 [0x000001e68087b840+0x0000000000000084]
J 1580 c1 java.lang.invoke.MethodHandleNatives.linkCallSite(Ljava/lang/Object;Ljava/lang/Object;Ljava/lang/Object;Ljava/lang/Object;Ljava/lang/Object;[Ljava/lang/Object;)Ljava/lang/invoke/MemberName; java.base@18.0.2 (65 bytes) @ 0x000001e68087b2cc [0x000001e68087ae60+0x000000000000046c]
v  ~StubRoutines::call_stub
j  org.springframework.web.servlet.DispatcherServlet.logRequest(Ljakarta/servlet/http/HttpServletRequest;)V+6
j  org.springframework.web.servlet.DispatcherServlet.doService(Ljakarta/servlet/http/HttpServletRequest;Ljakarta/servlet/http/HttpServletResponse;)V+2
j  org.springframework.web.servlet.FrameworkServlet.processRequest(Ljakarta/servlet/http/HttpServletRequest;Ljakarta/servlet/http/HttpServletResponse;)V+70
j  org.springframework.web.servlet.FrameworkServlet.doGet(Ljakarta/servlet/http/HttpServletRequest;Ljakarta/servlet/http/HttpServletResponse;)V+3
j  jakarta.servlet.http.HttpServlet.service(Ljakarta/servlet/http/HttpServletRequest;Ljakarta/servlet/http/HttpServletResponse;)V+35
j  org.springframework.web.servlet.FrameworkServlet.service(Ljakarta/servlet/http/HttpServletRequest;Ljakarta/servlet/http/HttpServletResponse;)V+20
j  jakarta.servlet.http.HttpServlet.service(Ljakarta/servlet/ServletRequest;Ljakarta/servlet/ServletResponse;)V+37
j  org.apache.catalina.core.ApplicationFilterChain.internalDoFilter(Ljakarta/servlet/ServletRequest;Ljakarta/servlet/ServletResponse;)V+305
j  org.apache.catalina.core.ApplicationFilterChain.doFilter(Ljakarta/servlet/ServletRequest;Ljakarta/servlet/ServletResponse;)V+99
j  org.apache.tomcat.websocket.server.WsFilter.doFilter(Ljakarta/servlet/ServletRequest;Ljakarta/servlet/ServletResponse;Ljakarta/servlet/FilterChain;)V+21
j  org.apache.catalina.core.ApplicationFilterChain.internalDoFilter(Ljakarta/servlet/ServletRequest;Ljakarta/servlet/ServletResponse;)V+135
j  org.apache.catalina.core.ApplicationFilterChain.doFilter(Ljakarta/servlet/ServletRequest;Ljakarta/servlet/ServletResponse;)V+99
j  org.springframework.web.filter.RequestContextFilter.doFilterInternal(Ljakarta/servlet/http/HttpServletRequest;Ljakarta/servlet/http/HttpServletResponse;Ljakarta/servlet/FilterChain;)V+21
j  org.springframework.web.filter.OncePerRequestFilter.doFilter(Ljakarta/servlet/ServletRequest;Ljakarta/servlet/ServletResponse;Ljakarta/servlet/FilterChain;)V+150
j  org.apache.catalina.core.ApplicationFilterChain.internalDoFilter(Ljakarta/servlet/ServletRequest;Ljakarta/servlet/ServletResponse;)V+135
j  org.apache.catalina.core.ApplicationFilterChain.doFilter(Ljakarta/servlet/ServletRequest;Ljakarta/servlet/ServletResponse;)V+99
j  org.springframework.web.filter.FormContentFilter.doFilterInternal(Ljakarta/servlet/http/HttpServletRequest;Ljakarta/servlet/http/HttpServletResponse;Ljakarta/servlet/FilterChain;)V+38
j  org.springframework.web.filter.OncePerRequestFilter.doFilter(Ljakarta/servlet/ServletRequest;Ljakarta/servlet/ServletResponse;Ljakarta/servlet/FilterChain;)V+150
j  org.apache.catalina.core.ApplicationFilterChain.internalDoFilter(Ljakarta/servlet/ServletRequest;Ljakarta/servlet/ServletResponse;)V+135
j  org.apache.catalina.core.ApplicationFilterChain.doFilter(Ljakarta/servlet/ServletRequest;Ljakarta/servlet/ServletResponse;)V+99
j  org.springframework.web.filter.CharacterEncodingFilter.doFilterInternal(Ljakarta/servlet/http/HttpServletRequest;Ljakarta/servlet/http/HttpServletResponse;Ljakarta/servlet/FilterChain;)V+53
j  org.springframework.web.filter.OncePerRequestFilter.doFilter(Ljakarta/servlet/ServletRequest;Ljakarta/servlet/ServletResponse;Ljakarta/servlet/FilterChain;)V+150
j  org.apache.catalina.core.ApplicationFilterChain.internalDoFilter(Ljakarta/servlet/ServletRequest;Ljakarta/servlet/ServletResponse;)V+135
j  org.apache.catalina.core.ApplicationFilterChain.doFilter(Ljakarta/servlet/ServletRequest;Ljakarta/servlet/ServletResponse;)V+99
j  org.apache.catalina.core.StandardWrapperValve.invoke(Lorg/apache/catalina/connector/Request;Lorg/apache/catalina/connector/Response;)V+514
j  org.apache.catalina.core.StandardContextValve.invoke(Lorg/apache/catalina/connector/Request;Lorg/apache/catalina/connector/Response;)V+169
j  org.apache.catalina.authenticator.AuthenticatorBase.invoke(Lorg/apache/catalina/connector/Request;Lorg/apache/catalina/connector/Response;)V+218
j  org.apache.catalina.core.StandardHostValve.invoke(Lorg/apache/catalina/connector/Request;Lorg/apache/catalina/connector/Response;)V+131
j  org.apache.catalina.valves.ErrorReportValve.invoke(Lorg/apache/catalina/connector/Request;Lorg/apache/catalina/connector/Response;)V+6
j  org.apache.catalina.core.StandardEngineValve.invoke(Lorg/apache/catalina/connector/Request;Lorg/apache/catalina/connector/Response;)V+59
j  org.apache.catalina.connector.CoyoteAdapter.service(Lorg/apache/coyote/Request;Lorg/apache/coyote/Response;)V+188
j  org.apache.coyote.http11.Http11Processor.service(Lorg/apache/tomcat/util/net/SocketWrapperBase;)Lorg/apache/tomcat/util/net/AbstractEndpoint$Handler$SocketState;+795
j  org.apache.coyote.AbstractProcessorLight.process(Lorg/apache/tomcat/util/net/SocketWrapperBase;Lorg/apache/tomcat/util/net/SocketEvent;)Lorg/apache/tomcat/util/net/AbstractEndpoint$Handler$SocketState;+152
j  org.apache.coyote.AbstractProtocol$ConnectionHandler.process(Lorg/apache/tomcat/util/net/SocketWrapperBase;Lorg/apache/tomcat/util/net/SocketEvent;)Lorg/apache/tomcat/util/net/AbstractEndpoint$Handler$SocketState;+482
j  org.apache.tomcat.util.net.NioEndpoint$SocketProcessor.doRun()V+249
j  org.apache.tomcat.util.net.SocketProcessorBase.run()V+32
j  org.apache.tomcat.util.threads.ThreadPoolExecutor.runWorker(Lorg/apache/tomcat/util/threads/ThreadPoolExecutor$Worker;)V+92
j  org.apache.tomcat.util.threads.ThreadPoolExecutor$Worker.run()V+5
j  org.apache.tomcat.util.threads.TaskThread$WrappingRunnable.run()V+4
j  java.lang.Thread.run()V+11 java.base@18.0.2
v  ~StubRoutines::call_stub

---------------  P R O C E S S  ---------------

Threads class SMR info:
_java_thread_list=0x000001e6980abea0, length=34, elements={
0x000001e6f6d3eee0, 0x000001e6f6d3fb40, 0x000001e6f6d55d50, 0x000001e6f6d566f0,
0x000001e6f6d57090, 0x000001e6f6d57a30, 0x000001e6f6d58700, 0x000001e692361070,
0x000001e692365680, 0x000001e6f6d24bb0, 0x000001e696677b70, 0x000001e6966452a0,
0x000001e6965c6030, 0x000001e69664c190, 0x000001e698b3ecc0, 0x000001e698b3d980,
0x000001e698b3de50, 0x000001e698b3f660, 0x000001e698b3fb30, 0x000001e6999e5f90,
0x000001e6999e3de0, 0x000001e6999e2aa0, 0x000001e6999e3440, 0x000001e6999e6930,
0x000001e6999e72d0, 0x000001e6999e2100, 0x000001e6999e1c30, 0x000001e6999e4780,
0x000001e6999e6460, 0x000001e6999e25d0, 0x000001e6999e77a0, 0x000001e6999e8140,
0x000001e6999e4c50, 0x000001e6999e8610
}

Java Threads: ( => current thread )
  0x000001e6f6d3eee0 JavaThread "Reference Handler" daemon [_thread_blocked, id=10324, stack(0x000000be33b00000,0x000000be33c00000)]
  0x000001e6f6d3fb40 JavaThread "Finalizer" daemon [_thread_blocked, id=1740, stack(0x000000be33c00000,0x000000be33d00000)]
  0x000001e6f6d55d50 JavaThread "Signal Dispatcher" daemon [_thread_blocked, id=4060, stack(0x000000be33d00000,0x000000be33e00000)]
  0x000001e6f6d566f0 JavaThread "Attach Listener" daemon [_thread_blocked, id=3512, stack(0x000000be33e00000,0x000000be33f00000)]
  0x000001e6f6d57090 JavaThread "Service Thread" daemon [_thread_blocked, id=5292, stack(0x000000be33f00000,0x000000be34000000)]
  0x000001e6f6d57a30 JavaThread "Monitor Deflation Thread" daemon [_thread_blocked, id=1524, stack(0x000000be34000000,0x000000be34100000)]
  0x000001e6f6d58700 JavaThread "C2 CompilerThread0" daemon [_thread_blocked, id=13140, stack(0x000000be34100000,0x000000be34200000)]
  0x000001e692361070 JavaThread "C1 CompilerThread0" daemon [_thread_blocked, id=10252, stack(0x000000be34200000,0x000000be34300000)]
  0x000001e692365680 JavaThread "Sweeper thread" daemon [_thread_blocked, id=4392, stack(0x000000be34300000,0x000000be34400000)]
  0x000001e6f6d24bb0 JavaThread "Common-Cleaner" daemon [_thread_blocked, id=13196, stack(0x000000be34400000,0x000000be34500000)]
  0x000001e696677b70 JavaThread "JDWP Transport Listener: dt_socket" daemon [_thread_blocked, id=12748, stack(0x000000be34500000,0x000000be34600000)]
  0x000001e6966452a0 JavaThread "JDWP Event Helper Thread" daemon [_thread_blocked, id=6160, stack(0x000000be34600000,0x000000be34700000)]
  0x000001e6965c6030 JavaThread "JDWP Command Reader" daemon [_thread_in_native, id=2452, stack(0x000000be34700000,0x000000be34800000)]
  0x000001e69664c190 JavaThread "Notification Thread" daemon [_thread_blocked, id=10940, stack(0x000000be34800000,0x000000be34900000)]
  0x000001e698b3ecc0 JavaThread "Catalina-utility-1" [_thread_blocked, id=8308, stack(0x000000be34f00000,0x000000be35000000)]
  0x000001e698b3d980 JavaThread "Catalina-utility-2" [_thread_blocked, id=7936, stack(0x000000be35000000,0x000000be35100000)]
  0x000001e698b3de50 JavaThread "container-0" [_thread_blocked, id=9584, stack(0x000000be35100000,0x000000be35200000)]
  0x000001e698b3f660 JavaThread "mssql-jdbc-shared-timer-core-0" daemon [_thread_blocked, id=12604, stack(0x000000be35300000,0x000000be35400000)]
  0x000001e698b3fb30 JavaThread "HikariPool-1 housekeeper" daemon [_thread_blocked, id=1744, stack(0x000000be35400000,0x000000be35500000)]
  0x000001e6999e5f90 JavaThread "File Watcher" daemon [_thread_blocked, id=728, stack(0x000000be35500000,0x000000be35600000)]
  0x000001e6999e3de0 JavaThread "Live Reload Server" daemon [_thread_in_native, id=10328, stack(0x000000be35700000,0x000000be35800000)]
  0x000001e6999e2aa0 JavaThread "http-nio-8082-exec-1" daemon [_thread_blocked, id=10984, stack(0x000000be35600000,0x000000be35700000)]
=>0x000001e6999e3440 JavaThread "http-nio-8082-exec-2" daemon [_thread_in_vm, id=12872, stack(0x000000be35800000,0x000000be35900000)]
  0x000001e6999e6930 JavaThread "http-nio-8082-exec-3" daemon [_thread_blocked, id=12372, stack(0x000000be35900000,0x000000be35a00000)]
  0x000001e6999e72d0 JavaThread "http-nio-8082-exec-4" daemon [_thread_blocked, id=7856, stack(0x000000be35a00000,0x000000be35b00000)]
  0x000001e6999e2100 JavaThread "http-nio-8082-exec-5" daemon [_thread_blocked, id=2056, stack(0x000000be35b00000,0x000000be35c00000)]
  0x000001e6999e1c30 JavaThread "http-nio-8082-exec-6" daemon [_thread_blocked, id=10872, stack(0x000000be35c00000,0x000000be35d00000)]
  0x000001e6999e4780 JavaThread "http-nio-8082-exec-7" daemon [_thread_blocked, id=4624, stack(0x000000be35d00000,0x000000be35e00000)]
  0x000001e6999e6460 JavaThread "http-nio-8082-exec-8" daemon [_thread_blocked, id=7132, stack(0x000000be35e00000,0x000000be35f00000)]
  0x000001e6999e25d0 JavaThread "http-nio-8082-exec-9" daemon [_thread_blocked, id=11084, stack(0x000000be35f00000,0x000000be36000000)]
  0x000001e6999e77a0 JavaThread "http-nio-8082-exec-10" daemon [_thread_blocked, id=3200, stack(0x000000be36000000,0x000000be36100000)]
  0x000001e6999e8140 JavaThread "http-nio-8082-Poller" daemon [_thread_in_native, id=2156, stack(0x000000be36100000,0x000000be36200000)]
  0x000001e6999e4c50 JavaThread "http-nio-8082-Acceptor" daemon [_thread_in_native, id=4536, stack(0x000000be36200000,0x000000be36300000)]
  0x000001e6999e8610 JavaThread "DestroyJavaVM" [_thread_blocked, id=9200, stack(0x000000be33400000,0x000000be33500000)]

Other Threads:
  0x000001e6f6d37340 VMThread "VM Thread" [stack: 0x000000be33a00000,0x000000be33b00000] [id=7036]
  0x000001e6966264d0 WatcherThread "VM Periodic Task Thread" [stack: 0x000000be34900000,0x000000be34a00000] [id=11892]
  0x000001e6f6cdf110 WorkerThread "GC Thread#0" [stack: 0x000000be33500000,0x000000be33600000] [id=5264]
  0x000001e696b34ef0 WorkerThread "GC Thread#1" [stack: 0x000000be34a00000,0x000000be34b00000] [id=7860]
  0x000001e696b458b0 WorkerThread "GC Thread#2" [stack: 0x000000be34b00000,0x000000be34c00000] [id=9512]
  0x000001e696b46360 WorkerThread "GC Thread#3" [stack: 0x000000be34c00000,0x000000be34d00000] [id=12100]
  0x000001e6f6ce8dd0 ConcurrentGCThread "G1 Main Marker" [stack: 0x000000be33600000,0x000000be33700000] [id=12912]
  0x000001e6f6cea7d0 WorkerThread "G1 Conc#0" [stack: 0x000000be33700000,0x000000be33800000] [id=8304]
  0x000001e6f6d11e10 ConcurrentGCThread "G1 Refine#0" [stack: 0x000000be33800000,0x000000be33900000] [id=1492]
  0x000001e6f6d12720 ConcurrentGCThread "G1 Service" [stack: 0x000000be33900000,0x000000be33a00000] [id=1852]

Threads with active compile tasks:

VM state: not at safepoint (normal execution)

VM Mutex/Monitor currently owned by a thread: None

Heap address: 0x00000000c1400000, size: 1004 MB, Compressed Oops mode: 32-bit

CDS archive(s) mapped at: [0x0000000800000000-0x0000000800ba0000-0x0000000800ba0000), size 12189696, SharedBaseAddress: 0x0000000800000000, ArchiveRelocationMode: 0.
Compressed class space mapped at: 0x0000000800c00000-0x0000000840c00000, reserved size: 1073741824
Narrow klass base: 0x0000000800000000, Narrow klass shift: 0, Narrow klass range: 0x100000000

GC Precious Log:
 CardTable entry size: 512
 Card Set container configuration: InlinePtr #cards 5 size 8 Array Of Cards #cards 12 size 40 Howl #buckets 4 coarsen threshold 1843 Howl Bitmap #cards 512 size 80 coarsen threshold 460 Card regions per heap region 1 cards per card region 2048
 CPUs: 4 total, 4 available
 Memory: 4012M
 Large Page Support: Disabled
 NUMA Support: Disabled
 Compressed Oops: Enabled (32-bit)
 Heap Region Size: 1M
 Heap Min Capacity: 8M
 Heap Initial Capacity: 64M
 Heap Max Capacity: 1004M
 Pre-touch: Disabled
 Parallel Workers: 4
 Concurrent Workers: 1
 Concurrent Refinement Workers: 4
 Periodic GC: Disabled

Heap:
 garbage-first heap   total 66560K, used 44598K [0x00000000c1400000, 0x0000000100000000)
  region size 1024K, 19 young (19456K), 3 survivors (3072K)
 Metaspace       used 69603K, committed 70208K, reserved 1114112K
  class space    used 9291K, committed 9600K, reserved 1048576K

Heap Regions: E=young(eden), S=young(survivor), O=old, HS=humongous(starts), HC=humongous(continues), CS=collection set, F=free, OA=open archive, CA=closed archive, TAMS=top-at-mark-start (previous, next)
|   0|0x00000000c1400000, 0x00000000c1500000, 0x00000000c1500000|100%|HS|  |TAMS 0x00000000c1500000, 0x00000000c1400000| Complete 
|   1|0x00000000c1500000, 0x00000000c1600000, 0x00000000c1600000|100%| O|  |TAMS 0x00000000c1600000, 0x00000000c1500000| Untracked 
|   2|0x00000000c1600000, 0x00000000c1700000, 0x00000000c1700000|100%| O|  |TAMS 0x00000000c1700000, 0x00000000c1600000| Untracked 
|   3|0x00000000c1700000, 0x00000000c1800000, 0x00000000c1800000|100%| O|  |TAMS 0x00000000c1800000, 0x00000000c1700000| Untracked 
|   4|0x00000000c1800000, 0x00000000c1900000, 0x00000000c1900000|100%| O|  |TAMS 0x00000000c1900000, 0x00000000c1800000| Untracked 
|   5|0x00000000c1900000, 0x00000000c1a00000, 0x00000000c1a00000|100%| O|  |TAMS 0x00000000c1a00000, 0x00000000c1900000| Untracked 
|   6|0x00000000c1a00000, 0x00000000c1b00000, 0x00000000c1b00000|100%| O|  |TAMS 0x00000000c1b00000, 0x00000000c1a00000| Untracked 
|   7|0x00000000c1b00000, 0x00000000c1c00000, 0x00000000c1c00000|100%| O|  |TAMS 0x00000000c1c00000, 0x00000000c1b00000| Untracked 
|   8|0x00000000c1c00000, 0x00000000c1d00000, 0x00000000c1d00000|100%| O|  |TAMS 0x00000000c1d00000, 0x00000000c1c00000| Untracked 
|   9|0x00000000c1d00000, 0x00000000c1e00000, 0x00000000c1e00000|100%| O|  |TAMS 0x00000000c1e00000, 0x00000000c1d00000| Untracked 
|  10|0x00000000c1e00000, 0x00000000c1e65000, 0x00000000c1f00000| 39%| O|  |TAMS 0x00000000c1e65000, 0x00000000c1e00000| Untracked 
|  11|0x00000000c1f00000, 0x00000000c2000000, 0x00000000c2000000|100%| O|  |TAMS 0x00000000c2000000, 0x00000000c1f00000| Untracked 
|  12|0x00000000c2000000, 0x00000000c2100000, 0x00000000c2100000|100%| O|  |TAMS 0x00000000c2100000, 0x00000000c2000000| Untracked 
|  13|0x00000000c2100000, 0x00000000c2200000, 0x00000000c2200000|100%| O|  |TAMS 0x00000000c2200000, 0x00000000c2100000| Untracked 
|  14|0x00000000c2200000, 0x00000000c2300000, 0x00000000c2300000|100%| O|  |TAMS 0x00000000c2300000, 0x00000000c2200000| Untracked 
|  15|0x00000000c2300000, 0x00000000c2400000, 0x00000000c2400000|100%| O|  |TAMS 0x00000000c2400000, 0x00000000c2300000| Untracked 
|  16|0x00000000c2400000, 0x00000000c2500000, 0x00000000c2500000|100%| O|  |TAMS 0x00000000c2500000, 0x00000000c2400000| Untracked 
|  17|0x00000000c2500000, 0x00000000c2600000, 0x00000000c2600000|100%| O|  |TAMS 0x00000000c2600000, 0x00000000c2500000| Untracked 
|  18|0x00000000c2600000, 0x00000000c2700000, 0x00000000c2700000|100%| O|  |TAMS 0x00000000c2700000, 0x00000000c2600000| Untracked 
|  19|0x00000000c2700000, 0x00000000c2800000, 0x00000000c2800000|100%| O|  |TAMS 0x00000000c2800000, 0x00000000c2700000| Untracked 
|  20|0x00000000c2800000, 0x00000000c2900000, 0x00000000c2900000|100%| O|  |TAMS 0x00000000c2900000, 0x00000000c2800000| Untracked 
|  21|0x00000000c2900000, 0x00000000c2a00000, 0x00000000c2a00000|100%| O|  |TAMS 0x00000000c2a00000, 0x00000000c2900000| Untracked 
|  22|0x00000000c2a00000, 0x00000000c2b00000, 0x00000000c2b00000|100%| O|  |TAMS 0x00000000c2b00000, 0x00000000c2a00000| Untracked 
|  23|0x00000000c2b00000, 0x00000000c2c00000, 0x00000000c2c00000|100%| O|  |TAMS 0x00000000c2c00000, 0x00000000c2b00000| Untracked 
|  24|0x00000000c2c00000, 0x00000000c2d00000, 0x00000000c2d00000|100%| O|  |TAMS 0x00000000c2cdce00, 0x00000000c2c00000| Untracked 
|  25|0x00000000c2d00000, 0x00000000c2e00000, 0x00000000c2e00000|100%| O|  |TAMS 0x00000000c2d00000, 0x00000000c2d00000| Untracked 
|  26|0x00000000c2e00000, 0x00000000c2f00000, 0x00000000c2f00000|100%| O|  |TAMS 0x00000000c2e00000, 0x00000000c2e00000| Untracked 
|  27|0x00000000c2f00000, 0x00000000c2f38000, 0x00000000c3000000| 21%| O|  |TAMS 0x00000000c2f00000, 0x00000000c2f00000| Untracked 
|  28|0x00000000c3000000, 0x00000000c3000000, 0x00000000c3100000|  0%| F|  |TAMS 0x00000000c3000000, 0x00000000c3000000| Untracked 
|  29|0x00000000c3100000, 0x00000000c3100000, 0x00000000c3200000|  0%| F|  |TAMS 0x00000000c3100000, 0x00000000c3100000| Untracked 
|  30|0x00000000c3200000, 0x00000000c3200000, 0x00000000c3300000|  0%| F|  |TAMS 0x00000000c3200000, 0x00000000c3200000| Untracked 
|  31|0x00000000c3300000, 0x00000000c3300000, 0x00000000c3400000|  0%| F|  |TAMS 0x00000000c3300000, 0x00000000c3300000| Untracked 
|  32|0x00000000c3400000, 0x00000000c3400000, 0x00000000c3500000|  0%| F|  |TAMS 0x00000000c3400000, 0x00000000c3400000| Untracked 
|  33|0x00000000c3500000, 0x00000000c3500000, 0x00000000c3600000|  0%| F|  |TAMS 0x00000000c3500000, 0x00000000c3500000| Untracked 
|  34|0x00000000c3600000, 0x00000000c3600000, 0x00000000c3700000|  0%| F|  |TAMS 0x00000000c3600000, 0x00000000c3600000| Untracked 
|  35|0x00000000c3700000, 0x00000000c3700000, 0x00000000c3800000|  0%| F|  |TAMS 0x00000000c3700000, 0x00000000c3700000| Untracked 
|  36|0x00000000c3800000, 0x00000000c3800000, 0x00000000c3900000|  0%| F|  |TAMS 0x00000000c3800000, 0x00000000c3800000| Untracked 
|  37|0x00000000c3900000, 0x00000000c39f0b10, 0x00000000c3a00000| 94%| S|CS|TAMS 0x00000000c3900000, 0x00000000c3900000| Complete 
|  38|0x00000000c3a00000, 0x00000000c3b00000, 0x00000000c3b00000|100%| S|CS|TAMS 0x00000000c3a00000, 0x00000000c3a00000| Complete 
|  39|0x00000000c3b00000, 0x00000000c3c00000, 0x00000000c3c00000|100%| S|CS|TAMS 0x00000000c3b00000, 0x00000000c3b00000| Complete 
|  40|0x00000000c3c00000, 0x00000000c3c00000, 0x00000000c3d00000|  0%| F|  |TAMS 0x00000000c3c00000, 0x00000000c3c00000| Untracked 
|  41|0x00000000c3d00000, 0x00000000c3d00000, 0x00000000c3e00000|  0%| F|  |TAMS 0x00000000c3d00000, 0x00000000c3d00000| Untracked 
|  42|0x00000000c3e00000, 0x00000000c3e00000, 0x00000000c3f00000|  0%| F|  |TAMS 0x00000000c3e00000, 0x00000000c3e00000| Untracked 
|  43|0x00000000c3f00000, 0x00000000c3f00000, 0x00000000c4000000|  0%| F|  |TAMS 0x00000000c3f00000, 0x00000000c3f00000| Untracked 
|  44|0x00000000c4000000, 0x00000000c4000000, 0x00000000c4100000|  0%| F|  |TAMS 0x00000000c4000000, 0x00000000c4000000| Untracked 
|  45|0x00000000c4100000, 0x00000000c4100000, 0x00000000c4200000|  0%| F|  |TAMS 0x00000000c4100000, 0x00000000c4100000| Untracked 
|  46|0x00000000c4200000, 0x00000000c4200000, 0x00000000c4300000|  0%| F|  |TAMS 0x00000000c4200000, 0x00000000c4200000| Untracked 
|  47|0x00000000c4300000, 0x00000000c4300000, 0x00000000c4400000|  0%| F|  |TAMS 0x00000000c4300000, 0x00000000c4300000| Untracked 
|  48|0x00000000c4400000, 0x00000000c4400000, 0x00000000c4500000|  0%| F|  |TAMS 0x00000000c4400000, 0x00000000c4400000| Untracked 
|  49|0x00000000c4500000, 0x00000000c459fac0, 0x00000000c4600000| 62%| E|  |TAMS 0x00000000c4500000, 0x00000000c4500000| Complete 
|  50|0x00000000c4600000, 0x00000000c4700000, 0x00000000c4700000|100%| E|  |TAMS 0x00000000c4600000, 0x00000000c4600000| Complete 
|  51|0x00000000c4700000, 0x00000000c4800000, 0x00000000c4800000|100%| E|CS|TAMS 0x00000000c4700000, 0x00000000c4700000| Complete 
|  52|0x00000000c4800000, 0x00000000c4900000, 0x00000000c4900000|100%| E|CS|TAMS 0x00000000c4800000, 0x00000000c4800000| Complete 
|  53|0x00000000c4900000, 0x00000000c4a00000, 0x00000000c4a00000|100%| E|CS|TAMS 0x00000000c4900000, 0x00000000c4900000| Complete 
|  54|0x00000000c4a00000, 0x00000000c4b00000, 0x00000000c4b00000|100%| E|CS|TAMS 0x00000000c4a00000, 0x00000000c4a00000| Complete 
|  55|0x00000000c4b00000, 0x00000000c4c00000, 0x00000000c4c00000|100%| E|CS|TAMS 0x00000000c4b00000, 0x00000000c4b00000| Complete 
|  56|0x00000000c4c00000, 0x00000000c4d00000, 0x00000000c4d00000|100%| E|CS|TAMS 0x00000000c4c00000, 0x00000000c4c00000| Complete 
|  57|0x00000000c4d00000, 0x00000000c4e00000, 0x00000000c4e00000|100%| E|CS|TAMS 0x00000000c4d00000, 0x00000000c4d00000| Complete 
|  58|0x00000000c4e00000, 0x00000000c4f00000, 0x00000000c4f00000|100%| E|CS|TAMS 0x00000000c4e00000, 0x00000000c4e00000| Complete 
|  59|0x00000000c4f00000, 0x00000000c5000000, 0x00000000c5000000|100%| E|CS|TAMS 0x00000000c4f00000, 0x00000000c4f00000| Complete 
|  60|0x00000000c5000000, 0x00000000c5100000, 0x00000000c5100000|100%| E|CS|TAMS 0x00000000c5000000, 0x00000000c5000000| Complete 
|  61|0x00000000c5100000, 0x00000000c5200000, 0x00000000c5200000|100%| E|CS|TAMS 0x00000000c5100000, 0x00000000c5100000| Complete 
|  62|0x00000000c5200000, 0x00000000c5300000, 0x00000000c5300000|100%| E|CS|TAMS 0x00000000c5200000, 0x00000000c5200000| Complete 
|  63|0x00000000c5300000, 0x00000000c5400000, 0x00000000c5400000|100%| E|CS|TAMS 0x00000000c5300000, 0x00000000c5300000| Complete 
|  64|0x00000000c5400000, 0x00000000c5500000, 0x00000000c5500000|100%| E|CS|TAMS 0x00000000c5400000, 0x00000000c5400000| Complete 

Card table byte_map: [0x000001e6fea60000,0x000001e6fec60000] _byte_map_base: 0x000001e6fe456000

Marking Bits (Prev, Next): (CMBitMap*) 0x000001e6f6ce0720, (CMBitMap*) 0x000001e6f6ce0760
 Prev Bits: [0x000001e6fee60000, 0x000001e6ffe10000)
 Next Bits: [0x000001e68f000000, 0x000001e68ffb0000)

Polling page: 0x000001e6f4e30000

Metaspace:

Usage:
  Non-class:     58.90 MB used.
      Class:      9.07 MB used.
       Both:     67.97 MB used.

Virtual space:
  Non-class space:       64.00 MB reserved,      59.19 MB ( 92%) committed,  1 nodes.
      Class space:        1.00 GB reserved,       9.38 MB ( <1%) committed,  1 nodes.
             Both:        1.06 GB reserved,      68.56 MB (  6%) committed. 

Chunk freelists:
   Non-Class:  3.88 MB
       Class:  2.64 MB
        Both:  6.52 MB

MaxMetaspaceSize: unlimited
CompressedClassSpaceSize: 1.00 GB
Initial GC threshold: 21.00 MB
Current GC threshold: 103.88 MB
CDS: on
MetaspaceReclaimPolicy: balanced
 - commit_granule_bytes: 65536.
 - commit_granule_words: 8192.
 - virtual_space_node_default_size: 8388608.
 - enlarge_chunks_in_place: 1.
 - new_chunks_are_fully_committed: 0.
 - uncommit_free_chunks: 1.
 - use_allocation_guard: 0.


Internal statistics:

num_allocs_failed_limit: 11.
num_arena_births: 954.
num_arena_deaths: 0.
num_vsnodes_births: 2.
num_vsnodes_deaths: 0.
num_space_committed: 1097.
num_space_uncommitted: 0.
num_chunks_returned_to_freelist: 11.
num_chunks_taken_from_freelist: 3302.
num_chunk_merges: 11.
num_chunk_splits: 2433.
num_chunks_enlarged: 1962.
num_inconsistent_stats: 0.

CodeHeap 'non-profiled nmethods': size=120000Kb used=2916Kb max_used=2916Kb free=117083Kb
 bounds [0x000001e687ad0000, 0x000001e687db0000, 0x000001e68f000000]
CodeHeap 'profiled nmethods': size=120000Kb used=10755Kb max_used=10969Kb free=109244Kb
 bounds [0x000001e6805a0000, 0x000001e681060000, 0x000001e687ad0000]
CodeHeap 'non-nmethods': size=5760Kb used=1447Kb max_used=1537Kb free=4312Kb
 bounds [0x000001e680000000, 0x000001e680270000, 0x000001e6805a0000]
 total_blobs=6186 nmethods=5475 adapters=623
 compilation: enabled
              stopped_count=0, restarted_count=0
 full_count=0

Compilation events (20 events):
Event: 27.096 Thread 0x000001e692361070 nmethod 6328 0x000001e687ba8c90 code [0x000001e687ba8e20, 0x000001e687ba8ef8]
Event: 27.097 Thread 0x000001e692361070 6329       3       sun.net.www.protocol.jar.URLJarFile::getEntry (69 bytes)
Event: 27.097 Thread 0x000001e6f6d58700 6334 %     4       java.util.Properties$LineReader::readLine @ 293 (584 bytes)
Event: 27.099 Thread 0x000001e692361070 nmethod 6329 0x000001e680c97c90 code [0x000001e680c97fe0, 0x000001e680c99498]
Event: 27.099 Thread 0x000001e692361070 6330       3       sun.net.www.protocol.jar.URLJarFile$URLJarFileEntry::<init> (16 bytes)
Event: 27.099 Thread 0x000001e692361070 nmethod 6330 0x000001e6809d0b10 code [0x000001e6809d0ce0, 0x000001e6809d10c8]
Event: 27.099 Thread 0x000001e692361070 6331       3       java.util.jar.JarEntry::<init> (30 bytes)
Event: 27.099 Thread 0x000001e692361070 nmethod 6331 0x000001e680c97710 code [0x000001e680c978c0, 0x000001e680c97ba8]
Event: 27.100 Thread 0x000001e692361070 6332       3       java.util.jar.JarEntry::<init> (6 bytes)
Event: 27.100 Thread 0x000001e692361070 nmethod 6332 0x000001e6809d0610 code [0x000001e6809d07a0, 0x000001e6809d08e8]
Event: 27.100 Thread 0x000001e692361070 6333       3       java.util.zip.ZipEntry::<init> (172 bytes)
Event: 27.100 Thread 0x000001e692361070 nmethod 6333 0x000001e680c96e10 code [0x000001e680c96fe0, 0x000001e680c975a8]
Event: 27.106 Thread 0x000001e692361070 6336       3       java.lang.invoke.StringConcatFactory::stringifierFor (34 bytes)
Event: 27.107 Thread 0x000001e692361070 nmethod 6336 0x000001e680c96890 code [0x000001e680c96a60, 0x000001e680c96d28]
Event: 27.107 Thread 0x000001e692361070 6337       3       java.lang.invoke.StringConcatFactory::prepender (48 bytes)
Event: 27.107 Thread 0x000001e692361070 nmethod 6337 0x000001e680c95e90 code [0x000001e680c96080, 0x000001e680c966e8]
Event: 27.107 Thread 0x000001e692361070 6338       3       java.lang.invoke.StringConcatFactory::mixer (16 bytes)
Event: 27.108 Thread 0x000001e692361070 nmethod 6338 0x000001e680c95990 code [0x000001e680c95b40, 0x000001e680c95d88]
Event: 27.114 Thread 0x000001e692361070 6340       3       org.springframework.core.OrderComparator::getOrder (111 bytes)
Event: 27.116 Thread 0x000001e692361070 nmethod 6340 0x000001e680c94c90 code [0x000001e680c94ec0, 0x000001e680c956b8]

GC Heap History (20 events):
Event: 15.351 GC heap before
{Heap before GC invocations=14 (full 0):
 garbage-first heap   total 51200K, used 39828K [0x00000000c1400000, 0x0000000100000000)
  region size 1024K, 22 young (22528K), 3 survivors (3072K)
 Metaspace       used 48722K, committed 49280K, reserved 1114112K
  class space    used 6061K, committed 6336K, reserved 1048576K
}
Event: 15.359 GC heap after
{Heap after GC invocations=15 (full 0):
 garbage-first heap   total 51200K, used 22409K [0x00000000c1400000, 0x0000000100000000)
  region size 1024K, 3 young (3072K), 3 survivors (3072K)
 Metaspace       used 48722K, committed 49280K, reserved 1114112K
  class space    used 6061K, committed 6336K, reserved 1048576K
}
Event: 16.312 GC heap before
{Heap before GC invocations=15 (full 0):
 garbage-first heap   total 51200K, used 38793K [0x00000000c1400000, 0x0000000100000000)
  region size 1024K, 20 young (20480K), 3 survivors (3072K)
 Metaspace       used 53356K, committed 53888K, reserved 1114112K
  class space    used 6847K, committed 7104K, reserved 1048576K
}
Event: 16.317 GC heap after
{Heap after GC invocations=16 (full 0):
 garbage-first heap   total 51200K, used 22998K [0x00000000c1400000, 0x0000000100000000)
  region size 1024K, 2 young (2048K), 2 survivors (2048K)
 Metaspace       used 53356K, committed 53888K, reserved 1114112K
  class space    used 6847K, committed 7104K, reserved 1048576K
}
Event: 17.219 GC heap before
{Heap before GC invocations=16 (full 0):
 garbage-first heap   total 51200K, used 41430K [0x00000000c1400000, 0x0000000100000000)
  region size 1024K, 20 young (20480K), 2 survivors (2048K)
 Metaspace       used 57043K, committed 57664K, reserved 1114112K
  class space    used 7412K, committed 7680K, reserved 1048576K
}
Event: 17.224 GC heap after
{Heap after GC invocations=17 (full 0):
 garbage-first heap   total 51200K, used 23490K [0x00000000c1400000, 0x0000000100000000)
  region size 1024K, 3 young (3072K), 3 survivors (3072K)
 Metaspace       used 57043K, committed 57664K, reserved 1114112K
  class space    used 7412K, committed 7680K, reserved 1048576K
}
Event: 18.002 GC heap before
{Heap before GC invocations=17 (full 0):
 garbage-first heap   total 51200K, used 40898K [0x00000000c1400000, 0x0000000100000000)
  region size 1024K, 20 young (20480K), 3 survivors (3072K)
 Metaspace       used 59743K, committed 60352K, reserved 1114112K
  class space    used 7733K, committed 8000K, reserved 1048576K
}
Event: 18.009 GC heap after
{Heap after GC invocations=18 (full 0):
 garbage-first heap   total 51200K, used 24950K [0x00000000c1400000, 0x0000000100000000)
  region size 1024K, 3 young (3072K), 3 survivors (3072K)
 Metaspace       used 59743K, committed 60352K, reserved 1114112K
  class space    used 7733K, committed 8000K, reserved 1048576K
}
Event: 18.143 GC heap before
{Heap before GC invocations=18 (full 0):
 garbage-first heap   total 51200K, used 30070K [0x00000000c1400000, 0x0000000100000000)
  region size 1024K, 9 young (9216K), 3 survivors (3072K)
 Metaspace       used 60166K, committed 60736K, reserved 1114112K
  class space    used 7790K, committed 8064K, reserved 1048576K
}
Event: 18.149 GC heap after
{Heap after GC invocations=19 (full 0):
 garbage-first heap   total 51200K, used 25090K [0x00000000c1400000, 0x0000000100000000)
  region size 1024K, 2 young (2048K), 2 survivors (2048K)
 Metaspace       used 60166K, committed 60736K, reserved 1114112K
  class space    used 7790K, committed 8064K, reserved 1048576K
}
Event: 18.735 GC heap before
{Heap before GC invocations=20 (full 0):
 garbage-first heap   total 51200K, used 40450K [0x00000000c1400000, 0x0000000100000000)
  region size 1024K, 18 young (18432K), 2 survivors (2048K)
 Metaspace       used 61552K, committed 62144K, reserved 1114112K
  class space    used 8124K, committed 8384K, reserved 1048576K
}
Event: 18.745 GC heap after
{Heap after GC invocations=21 (full 0):
 garbage-first heap   total 51200K, used 27150K [0x00000000c1400000, 0x0000000100000000)
  region size 1024K, 3 young (3072K), 3 survivors (3072K)
 Metaspace       used 61552K, committed 62144K, reserved 1114112K
  class space    used 8124K, committed 8384K, reserved 1048576K
}
Event: 19.161 GC heap before
{Heap before GC invocations=21 (full 0):
 garbage-first heap   total 51200K, used 39438K [0x00000000c1400000, 0x0000000100000000)
  region size 1024K, 16 young (16384K), 3 survivors (3072K)
 Metaspace       used 63153K, committed 63744K, reserved 1114112K
  class space    used 8459K, committed 8768K, reserved 1048576K
}
Event: 19.167 GC heap after
{Heap after GC invocations=22 (full 0):
 garbage-first heap   total 51200K, used 27875K [0x00000000c1400000, 0x0000000100000000)
  region size 1024K, 2 young (2048K), 2 survivors (2048K)
 Metaspace       used 63153K, committed 63744K, reserved 1114112K
  class space    used 8459K, committed 8768K, reserved 1048576K
}
Event: 19.293 GC heap before
{Heap before GC invocations=22 (full 0):
 garbage-first heap   total 66560K, used 40163K [0x00000000c1400000, 0x0000000100000000)
  region size 1024K, 14 young (14336K), 2 survivors (2048K)
 Metaspace       used 63171K, committed 63808K, reserved 1114112K
  class space    used 8459K, committed 8768K, reserved 1048576K
}
Event: 19.299 GC heap after
{Heap after GC invocations=23 (full 0):
 garbage-first heap   total 66560K, used 28938K [0x00000000c1400000, 0x0000000100000000)
  region size 1024K, 2 young (2048K), 2 survivors (2048K)
 Metaspace       used 63171K, committed 63808K, reserved 1114112K
  class space    used 8459K, committed 8768K, reserved 1048576K
}
Event: 19.776 GC heap before
{Heap before GC invocations=24 (full 0):
 garbage-first heap   total 66560K, used 50442K [0x00000000c1400000, 0x0000000100000000)
  region size 1024K, 24 young (24576K), 2 survivors (2048K)
 Metaspace       used 65091K, committed 65664K, reserved 1114112K
  class space    used 8719K, committed 9024K, reserved 1048576K
}
Event: 19.780 GC heap after
{Heap after GC invocations=25 (full 0):
 garbage-first heap   total 66560K, used 28171K [0x00000000c1400000, 0x0000000100000000)
  region size 1024K, 1 young (1024K), 1 survivors (1024K)
 Metaspace       used 65091K, committed 65664K, reserved 1114112K
  class space    used 8719K, committed 9024K, reserved 1048576K
}
Event: 20.811 GC heap before
{Heap before GC invocations=25 (full 0):
 garbage-first heap   total 66560K, used 52747K [0x00000000c1400000, 0x0000000100000000)
  region size 1024K, 25 young (25600K), 1 survivors (1024K)
 Metaspace       used 67235K, committed 67840K, reserved 1114112K
  class space    used 9003K, committed 9280K, reserved 1048576K
}
Event: 20.817 GC heap after
{Heap after GC invocations=26 (full 0):
 garbage-first heap   total 66560K, used 30262K [0x00000000c1400000, 0x0000000100000000)
  region size 1024K, 3 young (3072K), 3 survivors (3072K)
 Metaspace       used 67235K, committed 67840K, reserved 1114112K
  class space    used 9003K, committed 9280K, reserved 1048576K
}

Deoptimization events (20 events):
Event: 21.191 Thread 0x000001e697321490 DEOPT PACKING pc=0x000001e687b531a0 sp=0x000000be34efeac0
Event: 21.191 Thread 0x000001e697321490 DEOPT UNPACKING pc=0x000001e6800523a3 sp=0x000000be34efea98 mode 2
Event: 21.272 Thread 0x000001e697321490 DEOPT PACKING pc=0x000001e6806397c4 sp=0x000000be34efea20
Event: 21.272 Thread 0x000001e697321490 DEOPT UNPACKING pc=0x000001e680052b43 sp=0x000000be34efdf88 mode 1
Event: 21.272 Thread 0x000001e697321490 DEOPT PACKING pc=0x000001e6806397c4 sp=0x000000be34efe9b0
Event: 21.272 Thread 0x000001e697321490 DEOPT UNPACKING pc=0x000001e680052b43 sp=0x000000be34efdf18 mode 1
Event: 21.272 Thread 0x000001e697321490 DEOPT PACKING pc=0x000001e6806397c4 sp=0x000000be34efe940
Event: 21.273 Thread 0x000001e697321490 DEOPT UNPACKING pc=0x000001e680052b43 sp=0x000000be34efdea8 mode 1
Event: 26.951 Thread 0x000001e6999e3440 DEOPT PACKING pc=0x000001e687ce8f48 sp=0x000000be358fe380
Event: 26.951 Thread 0x000001e6999e3440 DEOPT UNPACKING pc=0x000001e680052b43 sp=0x000000be358fd818 mode 1
Event: 26.965 Thread 0x000001e6999e2aa0 DEOPT PACKING pc=0x000001e687ce8f48 sp=0x000000be356fe310
Event: 26.965 Thread 0x000001e6999e2aa0 DEOPT UNPACKING pc=0x000001e680052b43 sp=0x000000be356fd7a8 mode 1
Event: 27.096 Thread 0x000001e6999e3440 DEOPT PACKING pc=0x000001e687ce8f48 sp=0x000000be358fdd70
Event: 27.096 Thread 0x000001e6999e3440 DEOPT UNPACKING pc=0x000001e680052b43 sp=0x000000be358fd208 mode 1
Event: 27.142 Thread 0x000001e6999e3440 DEOPT PACKING pc=0x000001e687ce8f48 sp=0x000000be358fce80
Event: 27.142 Thread 0x000001e6999e3440 DEOPT UNPACKING pc=0x000001e680052b43 sp=0x000000be358fc318 mode 1
Event: 27.142 Thread 0x000001e6999e3440 DEOPT PACKING pc=0x000001e687c497c4 sp=0x000000be358fd880
Event: 27.142 Thread 0x000001e6999e3440 DEOPT UNPACKING pc=0x000001e680052b43 sp=0x000000be358fcc78 mode 1
Event: 27.142 Thread 0x000001e6999e3440 DEOPT PACKING pc=0x000001e680a22c84 sp=0x000000be358fd8c0
Event: 27.142 Thread 0x000001e6999e3440 DEOPT UNPACKING pc=0x000001e680052b43 sp=0x000000be358fcf00 mode 1

Classes loaded (20 events):
Event: 27.144 Loading class org/springframework/web/servlet/LocaleResolver
Event: 27.144 Loading class org/springframework/web/servlet/LocaleResolver done
Event: 27.144 Loading class org/springframework/web/servlet/LocaleResolver
Event: 27.144 Loading class org/springframework/web/servlet/LocaleResolver done
Event: 27.145 Loading class org/springframework/web/context/request/async/WebAsyncUtils
Event: 27.145 Loading class org/springframework/web/context/request/async/WebAsyncUtils done
Event: 27.146 Loading class org/springframework/web/context/request/async/AsyncWebRequest
Event: 27.146 Loading class org/springframework/web/context/request/async/AsyncWebRequest done
Event: 27.149 Loading class org/springframework/web/context/request/async/TimeoutCallableProcessingInterceptor
Event: 27.149 Loading class org/springframework/web/context/request/async/TimeoutCallableProcessingInterceptor done
Event: 27.150 Loading class org/springframework/web/context/request/async/TimeoutDeferredResultProcessingInterceptor
Event: 27.150 Loading class org/springframework/web/context/request/async/TimeoutDeferredResultProcessingInterceptor done
Event: 27.152 Loading class org/springframework/web/context/request/async/WebAsyncManager$State
Event: 27.152 Loading class org/springframework/web/context/request/async/WebAsyncManager$State done
Event: 27.153 Loading class org/springframework/web/servlet/FrameworkServlet$RequestBindingInterceptor
Event: 27.153 Loading class org/springframework/web/servlet/FrameworkServlet$RequestBindingInterceptor done
Event: 27.155 Loading class org/springframework/web/servlet/DispatcherServlet
Event: 27.155 Loading class org/springframework/web/servlet/DispatcherServlet done
Event: 27.155 Loading class jakarta/servlet/http/HttpServletRequest
Event: 27.155 Loading class jakarta/servlet/http/HttpServletRequest done

Classes unloaded (0 events):
No events

Classes redefined (0 events):
No events

Internal exceptions (20 events):
Event: 17.139 Thread 0x000001e697321490 Exception <a 'java/lang/NoSuchMethodError'{0x00000000c36bf490}: 'void java.lang.invoke.DirectMethodHandle$Holder.invokeInterface(java.lang.Object, java.lang.Object)'> (0x00000000c36bf490) 
thrown [s\src\hotspot\share\interpreter\linkResolver.cpp, line 759]
Event: 17.271 Thread 0x000001e697321490 Exception <a 'java/lang/NoSuchMethodError'{0x00000000c4e1ffe0}: 'void java.lang.invoke.Invokers$Holder.invokeExact_MT(java.lang.Object, java.lang.Object, java.lang.Object, java.lang.Object)'> (0x00000000c4e1ffe0) 
thrown [s\src\hotspot\share\interpreter\linkResolver.cpp, line 759]
Event: 17.324 Thread 0x000001e697321490 Implicit null exception at 0x000001e687c27ee0 to 0x000001e687c28130
Event: 17.433 Thread 0x000001e697321490 Exception <a 'java/lang/IncompatibleClassChangeError'{0x00000000c4040748}: Found class java.lang.Object, but interface was expected> (0x00000000c4040748) 
thrown [s\src\hotspot\share\interpreter\linkResolver.cpp, line 826]
Event: 17.461 Thread 0x000001e697321490 Exception <a 'java/lang/IncompatibleClassChangeError'{0x00000000c40c78a8}: Found class java.lang.Object, but interface was expected> (0x00000000c40c78a8) 
thrown [s\src\hotspot\share\interpreter\linkResolver.cpp, line 826]
Event: 17.554 Thread 0x000001e697321490 Exception <a 'java/lang/IncompatibleClassChangeError'{0x00000000c3e779b8}: Found class java.lang.Object, but interface was expected> (0x00000000c3e779b8) 
thrown [s\src\hotspot\share\interpreter\linkResolver.cpp, line 826]
Event: 17.944 Thread 0x000001e697321490 Exception <a 'java/lang/IncompatibleClassChangeError'{0x00000000c36366e0}: Found class java.lang.Object, but interface was expected> (0x00000000c36366e0) 
thrown [s\src\hotspot\share\interpreter\linkResolver.cpp, line 826]
Event: 20.140 Thread 0x000001e697321490 Exception <a 'java/lang/NoSuchMethodError'{0x00000000c4a27788}: 'java.lang.Object java.lang.invoke.DirectMethodHandle$Holder.newInvokeSpecial(java.lang.Object, java.lang.Object, java.lang.Object, java.lang.Object, java.lang.Object, java.lang.Object, java.lang.Object, java.lang.Object)'> (0x00000000c4a27788) 
thrown [s\src\hotspot\share\interpreter\linkResolver.cpp, line 759]
Event: 20.557 Thread 0x000001e697321490 Exception <a 'sun/nio/fs/WindowsException'{0x00000000c43883e8}> (0x00000000c43883e8) 
thrown [s\src\hotspot\share\prims\jni.cpp, line 516]
Event: 20.676 Thread 0x000001e697321490 Exception <a 'java/lang/IncompatibleClassChangeError'{0x00000000c3f12860}: Found class java.lang.Object, but interface was expected> (0x00000000c3f12860) 
thrown [s\src\hotspot\share\interpreter\linkResolver.cpp, line 826]
Event: 20.775 Thread 0x000001e697321490 Exception <a 'java/lang/NoSuchMethodError'{0x00000000c3ee43d0}: 'void java.lang.invoke.DirectMethodHandle$Holder.invokeVirtual(java.lang.Object, java.lang.Object, long)'> (0x00000000c3ee43d0) 
thrown [s\src\hotspot\share\interpreter\linkResolver.cpp, line 759]
Event: 20.911 Thread 0x000001e697321490 Exception <a 'java/lang/NoSuchMethodError'{0x00000000c528b3d0}: 'int java.lang.invoke.DirectMethodHandle$Holder.invokeStaticInit(java.lang.Object, java.lang.Object, java.lang.Object, java.lang.Object)'> (0x00000000c528b3d0) 
thrown [s\src\hotspot\share\interpreter\linkResolver.cpp, line 759]
Event: 20.954 Thread 0x000001e697321490 Exception <a 'java/lang/IncompatibleClassChangeError'{0x00000000c51562a8}: Found class java.lang.Object, but interface was expected> (0x00000000c51562a8) 
thrown [s\src\hotspot\share\interpreter\linkResolver.cpp, line 826]
Event: 20.975 Thread 0x000001e697321490 Implicit null exception at 0x000001e687c16660 to 0x000001e687c16904
Event: 21.194 Thread 0x000001e697321490 Exception <a 'java/lang/NoSuchMethodError'{0x00000000c4cf9788}: 'java.lang.Object java.lang.invoke.DirectMethodHandle$Holder.newInvokeSpecial(java.lang.Object, java.lang.Object, int, java.lang.Object, java.lang.Object)'> (0x00000000c4cf9788) 
thrown [s\src\hotspot\share\interpreter\linkResolver.cpp, line 759]
Event: 21.196 Thread 0x000001e697321490 Exception <a 'java/lang/NoSuchMethodError'{0x00000000c4b051a8}: 'java.lang.Object java.lang.invoke.DirectMethodHandle$Holder.invokeSpecial(java.lang.Object, java.lang.Object, int, java.lang.Object, int, java.lang.Object)'> (0x00000000c4b051a8) 
thrown [s\src\hotspot\share\interpreter\linkResolver.cpp, line 759]
Event: 21.197 Thread 0x000001e697321490 Exception <a 'java/lang/NoSuchMethodError'{0x00000000c4b0d258}: 'java.lang.Object java.lang.invoke.DirectMethodHandle$Holder.newInvokeSpecial(java.lang.Object, java.lang.Object, int, java.lang.Object, int)'> (0x00000000c4b0d258) 
thrown [s\src\hotspot\share\interpreter\linkResolver.cpp, line 759]
Event: 21.197 Thread 0x000001e697321490 Exception <a 'java/lang/NoSuchMethodError'{0x00000000c4b11360}: 'java.lang.Object java.lang.invoke.DirectMethodHandle$Holder.invokeSpecial(java.lang.Object, java.lang.Object, java.lang.Object, int, java.lang.Object, int)'> (0x00000000c4b11360) 
thrown [s\src\hotspot\share\interpreter\linkResolver.cpp, line 759]
Event: 27.014 Thread 0x000001e6999e2aa0 Exception <a 'java/lang/NoSuchMethodError'{0x00000000c47ca5f8}: 'java.lang.Object java.lang.invoke.DirectMethodHandle$Holder.invokeSpecial(java.lang.Object, java.lang.Object, java.lang.Object, java.lang.Object, java.lang.Object, long)'> (0x00000000c47ca5f8) 
thrown [s\src\hotspot\share\interpreter\linkResolver.cpp, line 759]
Event: 27.014 Thread 0x000001e6999e2aa0 Exception <a 'java/lang/NoSuchMethodError'{0x00000000c47ce040}: 'java.lang.Object java.lang.invoke.Invokers$Holder.linkToTargetMethod(java.lang.Object, java.lang.Object, java.lang.Object, long, java.lang.Object)'> (0x00000000c47ce040) 
thrown [s\src\hotspot\share\interpreter\linkResolver.cpp, line 759]

VM Operations (20 events):
Event: 19.827 Executing VM operation: ChangeBreakpoints
Event: 19.829 Executing VM operation: ChangeBreakpoints done
Event: 19.831 Executing VM operation: ChangeBreakpoints
Event: 19.833 Executing VM operation: ChangeBreakpoints done
Event: 20.303 Executing VM operation: HandshakeAllThreads
Event: 20.303 Executing VM operation: HandshakeAllThreads done
Event: 20.395 Executing VM operation: HandshakeAllThreads
Event: 20.395 Executing VM operation: HandshakeAllThreads done
Event: 20.471 Executing VM operation: HandshakeAllThreads
Event: 20.471 Executing VM operation: HandshakeAllThreads done
Event: 20.810 Executing VM operation: G1CollectForAllocation
Event: 20.817 Executing VM operation: G1CollectForAllocation done
Event: 20.824 Executing VM operation: HandshakeAllThreads
Event: 20.824 Executing VM operation: HandshakeAllThreads done
Event: 21.191 Executing VM operation: HandshakeAllThreads
Event: 21.191 Executing VM operation: HandshakeAllThreads done
Event: 22.201 Executing VM operation: Cleanup
Event: 22.201 Executing VM operation: Cleanup done
Event: 27.058 Executing VM operation: HandshakeAllThreads
Event: 27.058 Executing VM operation: HandshakeAllThreads done

Events (20 events):
Event: 21.159 Thread 0x000001e6999e5f90 Thread added: 0x000001e6999e5f90
Event: 21.172 Thread 0x000001e6999e6460 Thread added: 0x000001e6999e6460
Event: 21.173 Thread 0x000001e6999e3de0 Thread added: 0x000001e6999e3de0
Event: 21.173 Thread 0x000001e6999e6460 Thread exited: 0x000001e6999e6460
Event: 21.216 Thread 0x000001e6999e2aa0 Thread added: 0x000001e6999e2aa0
Event: 21.217 Thread 0x000001e6999e3440 Thread added: 0x000001e6999e3440
Event: 21.217 Thread 0x000001e6999e6930 Thread added: 0x000001e6999e6930
Event: 21.217 Thread 0x000001e6999e72d0 Thread added: 0x000001e6999e72d0
Event: 21.217 Thread 0x000001e6999e2100 Thread added: 0x000001e6999e2100
Event: 21.218 Thread 0x000001e6999e1c30 Thread added: 0x000001e6999e1c30
Event: 21.218 Thread 0x000001e6999e4780 Thread added: 0x000001e6999e4780
Event: 21.219 Thread 0x000001e6999e6460 Thread added: 0x000001e6999e6460
Event: 21.219 Thread 0x000001e6999e25d0 Thread added: 0x000001e6999e25d0
Event: 21.219 Thread 0x000001e6999e77a0 Thread added: 0x000001e6999e77a0
Event: 21.248 Thread 0x000001e6999e8140 Thread added: 0x000001e6999e8140
Event: 21.251 Thread 0x000001e6999e4c50 Thread added: 0x000001e6999e4c50
Event: 21.289 Thread 0x000001e697321490 Thread exited: 0x000001e697321490
Event: 21.296 Thread 0x000001e696ef2d70 Thread exited: 0x000001e696ef2d70
Event: 21.296 Thread 0x000001e6f6c9e960 Thread exited: 0x000001e6f6c9e960
Event: 21.296 Thread 0x000001e6999e8610 Thread added: 0x000001e6999e8610


Dynamic libraries:
0x00007ff7a7090000 - 0x00007ff7a709d000 	C:\Users\ERIN_JAVALead\.jdks\corretto-18.0.2\bin\java.exe
0x00007fff335f0000 - 0x00007fff337e8000 	C:\WINDOWS\SYSTEM32\ntdll.dll
0x00007fff319a0000 - 0x00007fff31a5d000 	C:\WINDOWS\System32\KERNEL32.DLL
0x00007fff31130000 - 0x00007fff31426000 	C:\WINDOWS\System32\KERNELBASE.dll
0x00007fff31030000 - 0x00007fff31130000 	C:\WINDOWS\System32\ucrtbase.dll
0x00007fff217b0000 - 0x00007fff217c5000 	C:\Users\ERIN_JAVALead\.jdks\corretto-18.0.2\bin\VCRUNTIME140.dll
0x00007fff157a0000 - 0x00007fff157b7000 	C:\Users\ERIN_JAVALead\.jdks\corretto-18.0.2\bin\jli.dll
0x00007fff33310000 - 0x00007fff334ae000 	C:\WINDOWS\System32\USER32.dll
0x00007fff30d60000 - 0x00007fff30d82000 	C:\WINDOWS\System32\win32u.dll
0x00007fff32c40000 - 0x00007fff32c6b000 	C:\WINDOWS\System32\GDI32.dll
0x00007fff1a970000 - 0x00007fff1ac0a000 	C:\WINDOWS\WinSxS\amd64_microsoft.windows.common-controls_6595b64144ccf1df_6.0.19041.3636_none_60b6a03d71f818d5\COMCTL32.dll
0x00007fff31430000 - 0x00007fff31547000 	C:\WINDOWS\System32\gdi32full.dll
0x00007fff32550000 - 0x00007fff325ee000 	C:\WINDOWS\System32\msvcrt.dll
0x00007fff31550000 - 0x00007fff315ed000 	C:\WINDOWS\System32\msvcp_win.dll
0x00007fff33540000 - 0x00007fff33572000 	C:\WINDOWS\System32\IMM32.DLL
0x00007fff0ce00000 - 0x00007fff0ce9b000 	C:\Users\ERIN_JAVALead\.jdks\corretto-18.0.2\bin\msvcp140.dll
0x00007ffef4970000 - 0x00007ffef55e1000 	C:\Users\ERIN_JAVALead\.jdks\corretto-18.0.2\bin\server\jvm.dll
0x00007fff318f0000 - 0x00007fff319a0000 	C:\WINDOWS\System32\ADVAPI32.dll
0x00007fff323d0000 - 0x00007fff32470000 	C:\WINDOWS\System32\sechost.dll
0x00007fff31650000 - 0x00007fff31775000 	C:\WINDOWS\System32\RPCRT4.dll
0x00007fff30c70000 - 0x00007fff30c97000 	C:\WINDOWS\System32\bcrypt.dll
0x00007fff32b00000 - 0x00007fff32b08000 	C:\WINDOWS\System32\PSAPI.DLL
0x00007fff2e490000 - 0x00007fff2e499000 	C:\WINDOWS\SYSTEM32\WSOCK32.dll
0x00007fff322b0000 - 0x00007fff3231b000 	C:\WINDOWS\System32\WS2_32.dll
0x00007fff0d820000 - 0x00007fff0d847000 	C:\WINDOWS\SYSTEM32\WINMM.dll
0x00007fff2ac50000 - 0x00007fff2ac5a000 	C:\WINDOWS\SYSTEM32\VERSION.dll
0x00007fff2eae0000 - 0x00007fff2eaf2000 	C:\WINDOWS\SYSTEM32\kernel.appcore.dll
0x00007fff2e400000 - 0x00007fff2e40a000 	C:\Users\ERIN_JAVALead\.jdks\corretto-18.0.2\bin\jimage.dll
0x00007fff2c320000 - 0x00007fff2c504000 	C:\WINDOWS\SYSTEM32\DBGHELP.DLL
0x00007fff2c2e0000 - 0x00007fff2c314000 	C:\WINDOWS\SYSTEM32\dbgcore.DLL
0x00007fff30e40000 - 0x00007fff30ec2000 	C:\WINDOWS\System32\bcryptPrimitives.dll
0x00007fff0f6a0000 - 0x00007fff0f6da000 	C:\Users\ERIN_JAVALead\.jdks\corretto-18.0.2\bin\jdwp.dll
0x00007fff1e7f0000 - 0x00007fff1e7fe000 	C:\Users\ERIN_JAVALead\.jdks\corretto-18.0.2\bin\instrument.dll
0x00007fff126e0000 - 0x00007fff12705000 	C:\Users\ERIN_JAVALead\.jdks\corretto-18.0.2\bin\java.dll
0x00007fff124c0000 - 0x00007fff124d8000 	C:\Users\ERIN_JAVALead\.jdks\corretto-18.0.2\bin\zip.dll
0x00007fff094f0000 - 0x00007fff095c6000 	C:\Users\ERIN_JAVALead\.jdks\corretto-18.0.2\bin\jsvml.dll
0x00007fff31b40000 - 0x00007fff322ab000 	C:\WINDOWS\System32\SHELL32.dll
0x00007fff2ece0000 - 0x00007fff2f47e000 	C:\WINDOWS\SYSTEM32\windows.storage.dll
0x00007fff325f0000 - 0x00007fff32943000 	C:\WINDOWS\System32\combase.dll
0x00007fff304f0000 - 0x00007fff3051e000 	C:\WINDOWS\SYSTEM32\Wldp.dll
0x00007fff32480000 - 0x00007fff3254d000 	C:\WINDOWS\System32\OLEAUT32.dll
0x00007fff31780000 - 0x00007fff3182d000 	C:\WINDOWS\System32\SHCORE.dll
0x00007fff32c70000 - 0x00007fff32cc5000 	C:\WINDOWS\System32\shlwapi.dll
0x00007fff30ba0000 - 0x00007fff30bc5000 	C:\WINDOWS\SYSTEM32\profapi.dll
0x00007fff135b0000 - 0x00007fff135bc000 	C:\Users\ERIN_JAVALead\.jdks\corretto-18.0.2\bin\dt_socket.dll
0x00007fff2ffe0000 - 0x00007fff3001b000 	C:\WINDOWS\SYSTEM32\IPHLPAPI.DLL
0x00007fff302d0000 - 0x00007fff3033a000 	C:\WINDOWS\system32\mswsock.dll
0x00007fff13280000 - 0x00007fff13293000 	C:\Users\ERIN_JAVALead\.jdks\corretto-18.0.2\bin\net.dll
0x00007fff2a0f0000 - 0x00007fff2a1fa000 	C:\WINDOWS\SYSTEM32\WINHTTP.dll
0x00007fff124e0000 - 0x00007fff124f5000 	C:\Users\ERIN_JAVALead\.jdks\corretto-18.0.2\bin\nio.dll
0x00007fff1b200000 - 0x00007fff1b209000 	C:\Users\ERIN_JAVALead\.jdks\corretto-18.0.2\bin\management.dll
0x00007fff13b20000 - 0x00007fff13b2b000 	C:\Users\ERIN_JAVALead\.jdks\corretto-18.0.2\bin\management_ext.dll
0x00007fff126d0000 - 0x00007fff126de000 	C:\Users\ERIN_JAVALead\.jdks\corretto-18.0.2\bin\sunmscapi.dll
0x00007fff30ed0000 - 0x00007fff3102d000 	C:\WINDOWS\System32\CRYPT32.dll
0x00007fff30640000 - 0x00007fff30668000 	C:\WINDOWS\SYSTEM32\ncrypt.dll
0x00007fff30600000 - 0x00007fff3063b000 	C:\WINDOWS\SYSTEM32\NTASN1.dll
0x00007fff30530000 - 0x00007fff30548000 	C:\WINDOWS\SYSTEM32\CRYPTSP.dll
0x00007fff2fc20000 - 0x00007fff2fc54000 	C:\WINDOWS\system32\rsaenh.dll
0x00007fff30b20000 - 0x00007fff30b4e000 	C:\WINDOWS\SYSTEM32\USERENV.dll
0x00007fff30460000 - 0x00007fff3046c000 	C:\WINDOWS\SYSTEM32\CRYPTBASE.dll
0x00007fff32470000 - 0x00007fff32478000 	C:\WINDOWS\System32\NSI.dll
0x00007fff2ac30000 - 0x00007fff2ac47000 	C:\WINDOWS\SYSTEM32\dhcpcsvc6.DLL
0x00007fff2a810000 - 0x00007fff2a82d000 	C:\WINDOWS\SYSTEM32\dhcpcsvc.DLL
0x00007fff30020000 - 0x00007fff300eb000 	C:\WINDOWS\SYSTEM32\DNSAPI.dll
0x00007fff20360000 - 0x00007fff20370000 	C:\Users\ERIN_JAVALead\.jdks\corretto-18.0.2\bin\verify.dll
0x00007ffee6260000 - 0x00007ffee6277000 	C:\WINDOWS\system32\napinsp.dll
0x00007ffee6240000 - 0x00007ffee625b000 	C:\WINDOWS\system32\pnrpnsp.dll
0x00007ffee6220000 - 0x00007ffee6232000 	C:\WINDOWS\System32\winrnr.dll
0x00007fff2c130000 - 0x00007fff2c14d000 	C:\WINDOWS\system32\NLAapi.dll
0x00007fff2b6d0000 - 0x00007fff2b6e5000 	C:\WINDOWS\system32\wshbth.dll
0x00007fff28a60000 - 0x00007fff28a6a000 	C:\Windows\System32\rasadhlp.dll
0x00007fff29e20000 - 0x00007fff29ea0000 	C:\WINDOWS\System32\fwpuclnt.dll

dbghelp: loaded successfully - version: 4.0.5 - missing functions: none
symbol engine: initialized successfully - sym options: 0x614 - pdb path: .;C:\Users\ERIN_JAVALead\.jdks\corretto-18.0.2\bin;C:\WINDOWS\SYSTEM32;C:\WINDOWS\WinSxS\amd64_microsoft.windows.common-controls_6595b64144ccf1df_6.0.19041.3636_none_60b6a03d71f818d5;C:\Users\ERIN_JAVALead\.jdks\corretto-18.0.2\bin\server

VM Arguments:
jvm_args: -agentlib:jdwp=transport=dt_socket,address=127.0.0.1:50376,suspend=y,server=n -javaagent:C:\Users\ERIN_JAVALead\AppData\Local\JetBrains\IdeaIC2021.3\captureAgent\debugger-agent.jar -Dfile.encoding=UTF-8 
java_command: com.verise.veganapp.VeriseApplication
java_class_path (initial): C:\Users\ERIN_JAVALead\Downloads\verise\verise\target\classes;C:\Users\ERIN_JAVALead\.m2\repository\org\springframework\boot\spring-boot-starter-web\3.2.4\spring-boot-starter-web-3.2.4.jar;C:\Users\ERIN_JAVALead\.m2\repository\org\springframework\boot\spring-boot-starter\3.2.4\spring-boot-starter-3.2.4.jar;C:\Users\ERIN_JAVALead\.m2\repository\org\springframework\boot\spring-boot-starter-logging\3.2.4\spring-boot-starter-logging-3.2.4.jar;C:\Users\ERIN_JAVALead\.m2\repository\ch\qos\logback\logback-classic\1.4.14\logback-classic-1.4.14.jar;C:\Users\ERIN_JAVALead\.m2\repository\ch\qos\logback\logback-core\1.4.14\logback-core-1.4.14.jar;C:\Users\ERIN_JAVALead\.m2\repository\org\apache\logging\log4j\log4j-to-slf4j\2.21.1\log4j-to-slf4j-2.21.1.jar;C:\Users\ERIN_JAVALead\.m2\repository\org\apache\logging\log4j\log4j-api\2.21.1\log4j-api-2.21.1.jar;C:\Users\ERIN_JAVALead\.m2\repository\org\slf4j\jul-to-slf4j\2.0.12\jul-to-slf4j-2.0.12.jar;C:\Users\ERIN_JAVALead\.m2\repository\jakarta\annotation\jakarta.annotation-api\2.1.1\jakarta.annotation-api-2.1.1.jar;C:\Users\ERIN_JAVALead\.m2\repository\org\yaml\snakeyaml\2.2\snakeyaml-2.2.jar;C:\Users\ERIN_JAVALead\.m2\repository\org\springframework\boot\spring-boot-starter-json\3.2.4\spring-boot-starter-json-3.2.4.jar;C:\Users\ERIN_JAVALead\.m2\repository\com\fasterxml\jackson\core\jackson-databind\2.15.4\jackson-databind-2.15.4.jar;C:\Users\ERIN_JAVALead\.m2\repository\com\fasterxml\jackson\core\jackson-annotations\2.15.4\jackson-annotations-2.15.4.jar;C:\Users\ERIN_JAVALead\.m2\repository\com\fasterxml\jackson\core\jackson-core\2.15.4\jackson-core-2.15.4.jar;C:\Users\ERIN_JAVALead\.m2\repository\com\fasterxml\jackson\datatype\jackson-datatype-jdk8\2.15.4\jackson-datatype-jdk8-2.15.4.jar;C:\Users\ERIN_JAVALead\.m2\repository\com\fasterxml\jackson\datatype\jackson-datatype-jsr310\2.15.4\jackson-datatype-jsr310-2.15.4.jar;C:\Users\ERIN_JAVALead\.m2\repository\com\fasterxml\jackson\module\jackson-module-parameter-names\2.15.4\jackson-module-parameter-names-2.15.4.jar;C:\Users\ERIN_JAVALead\.m2\repository\org\springframework\boot\spring-boot-starter-tomcat\3.2.4\spring-boot-starter-tomcat-3.2.4.jar;C:\Users\ERIN_JAVALead\.m2\repository\org\apache\tomcat\embed\tomcat-embed-core\10.1.19\tomcat-embed-core-10.1.19.jar;C:\Users\ERIN_JAVALead\.m2\repository\org\apache\tomcat\embed\tomcat-embed-el\10.1.19\tomcat-embed-el-10.1.19.jar;C:\Users\ERIN_JAVALead\.m2\repository\org\apache\tomcat\embed\tomcat-embed-websocket\10.1.19\tomcat-embed-websocket-10.1.19.jar;C:\Users\ERIN_JAVALead\.m2\repository\org\springframework\spring-web\6.1.5\spring-web-6.1.5.jar;C:\Users\ERIN_JAVALead\.m2\repository\org\springframework\spring-beans\6.1.5\spring-beans-6.1.5.jar;C:\Users\ERIN_JAVALead\.m2\repository\io\micrometer\micrometer-observation\1.12.4\micrometer-observation-1.12.4.jar;C:\Users\ERIN_JAVALead\.m2\repository\io\micrometer\micrometer-commons\1.12.4\micrometer-commons-1.12.4.jar;C:\Users\ERIN_JAVALead\.m2\repository\org\springframework\spring-webmvc\6.1.5\spring-webmvc-6.1.5.jar;C:\Users\ERIN_JAVALead\.m2\repository\org\springframework\spring-aop\6.1.5\spring-aop-6.1.5.jar;C:\Users\ERIN_JAVALead\.m2\repository\org\springframework\spring-context\6.1.5\spring-context-6.1.5.jar;C:\Users\ERIN_JAVALead\.m2\repository\org\springframework\spring-expression\6.1.5\spring-expression-6.1.5.jar;C:\Users\ERIN_JAVALead\.m2\repository\org\springframework\boot\spring-boot-devtools\3.2.4\spring-boot-devtools-3.2.4.jar;C:\Users\ERIN_JAVALead\.m2\repository\org\springframework\boot\spring-boot\3.2.4\spring-boot-3.2.4.jar;C:\Users\ERIN_JAVALead\.m2\repository\org\springframework\boot\spring-boot-autoconfigure\3.2.4\spring-boot-autoconfigure-3.2.4.jar;C:\Users\ERIN_JAVALead\.m2\repository\org\projectlombok\lombok\1.18.30\lombok-1.18.30.jar;C:\Users\ERIN_JAVALead\.m2\repository\org\slf4j\slf4j-api\2.0.12\slf4j-api-2.0.12.jar;C:\Users\ERIN_JAVALead\.m2\repository\jakarta\xml\bind\jakarta.xml.bind-api\4.0.2\jakarta.xml.bind-api-4.0.2.jar;C:\Users\ERIN_JAVALead\.m2\repository\jakarta\activation\jakarta.activation-api\2.1.3\jakarta.activation-api-2.1.3.jar;C:\Users\ERIN_JAVALead\.m2\repository\net\bytebuddy\byte-buddy\1.14.12\byte-buddy-1.14.12.jar;C:\Users\ERIN_JAVALead\.m2\repository\org\springframework\spring-core\6.1.5\spring-core-6.1.5.jar;C:\Users\ERIN_JAVALead\.m2\repository\org\springframework\spring-jcl\6.1.5\spring-jcl-6.1.5.jar;C:\Users\ERIN_JAVALead\.m2\repository\org\springframework\boot\spring-boot-starter-data-jpa\3.2.4\spring-boot-starter-data-jpa-3.2.4.jar;C:\Users\ERIN_JAVALead\.m2\repository\org\springframework\boot\spring-boot-starter-aop\3.2.4\spring-boot-starter-aop-3.2.4.jar;C:\Users\ERIN_JAVALead\.m2\repository\org\aspectj\aspectjweaver\1.9.21\aspectjweaver-1.9.21.jar;C:\Users\ERIN_JAVALead\.m2\repository\org\springframework\boot\spring-boot-starter-jdbc\3.2.4\spring-boot-starter-jdbc-3.2.4.jar;C:\Users\ERIN_JAVALead\.m2\repository\com\zaxxer\HikariCP\5.0.1\HikariCP-5.0.1.jar;C:\Users\ERIN_JAVALead\.m2\repository\org\springframework\spring-jdbc\6.1.5\spring-jdbc-6.1.5.jar;C:\Users\ERIN_JAVALead\.m2\repository\org\hibernate\orm\hibernate-core\6.4.4.Final\hibernate-core-6.4.4.Final.jar;C:\Users\ERIN_JAVALead\.m2\repository\jakarta\persistence\jakarta.persistence-api\3.1.0\jakarta.persistence-api-3.1.0.jar;C:\Users\ERIN_JAVALead\.m2\repository\jakarta\transaction\jakarta.transaction-api\2.0.1\jakarta.transaction-api-2.0.1.jar;C:\Users\ERIN_JAVALead\.m2\repository\org\jboss\logging\jboss-logging\3.5.3.Final\jboss-logging-3.5.3.Final.jar;C:\Users\ERIN_JAVALead\.m2\repository\org\hibernate\common\hibernate-commons-annotations\6.0.6.Final\hibernate-commons-annotations-6.0.6.Final.jar;C:\Users\ERIN_JAVALead\.m2\repository\io\smallrye\jandex\3.1.2\jandex-3.1.2.jar;C:\Users\ERIN_JAVALead\.m2\repository\com\fasterxml\classmate\1.6.0\classmate-1.6.0.jar;C:\Users\ERIN_JAVALead\.m2\repository\org\glassfish\jaxb\jaxb-runtime\4.0.5\jaxb-runtime-4.0.5.jar;C:\Users\ERIN_JAVALead\.m2\repository\org\glassfish\jaxb\jaxb-core\4.0.5\jaxb-core-4.0.5.jar;C:\Users\ERIN_JAVALead\.m2\repository\org\eclipse\angus\angus-activation\2.0.2\angus-activation-2.0.2.jar;C:\Users\ERIN_JAVALead\.m2\repository\org\glassfish\jaxb\txw2\4.0.5\txw2-4.0.5.jar;C:\Users\ERIN_JAVALead\.m2\repository\com\sun\istack\istack-commons-runtime\4.1.2\istack-commons-runtime-4.1.2.jar;C:\Users\ERIN_JAVALead\.m2\repository\jakarta\inject\jakarta.inject-api\2.0.1\jakarta.inject-api-2.0.1.jar;C:\Users\ERIN_JAVALead\.m2\repository\org\antlr\antlr4-runtime\4.13.0\antlr4-runtime-4.13.0.jar;C:\Users\ERIN_JAVALead\.m2\repository\org\springframework\data\spring-data-jpa\3.2.4\spring-data-jpa-3.2.4.jar;C:\Users\ERIN_JAVALead\.m2\repository\org\springframework\data\spring-data-commons\3.2.4\spring-data-commons-3.2.4.jar;C:\Users\ERIN_JAVALead\.m2\repository\org\springframework\spring-orm\6.1.5\spring-orm-6.1.5.jar;C:\Users\ERIN_JAVALead\.m2\repository\org\springframework\spring-tx\6.1.5\spring-tx-6.1.5.jar;C:\Users\ERIN_JAVALead\.m2\repository\org\springframework\spring-aspects\6.1.5\spring-aspects-6.1.5.jar;C:\Users\ERIN_JAVALead\.m2\repository\com\microsoft\sqlserver\mssql-jdbc\12.4.2.jre11\mssql-jdbc-12.4.2.jre11.jar;C:\Program Files\JetBrains\IntelliJ IDEA Community Edition 2021.3.3\lib\idea_rt.jar
Launcher Type: SUN_STANDARD

[Global flags]
     intx CICompilerCount                          = 3                                         {product} {ergonomic}
     uint ConcGCThreads                            = 1                                         {product} {ergonomic}
     uint G1ConcRefinementThreads                  = 4                                         {product} {ergonomic}
   size_t G1HeapRegionSize                         = 1048576                                   {product} {ergonomic}
    uintx GCDrainStackTargetSize                   = 64                                        {product} {ergonomic}
   size_t InitialHeapSize                          = 67108864                                  {product} {ergonomic}
   size_t MarkStackSize                            = 4194304                                   {product} {ergonomic}
   size_t MaxHeapSize                              = 1052770304                                {product} {ergonomic}
   size_t MaxNewSize                               = 631242752                                 {product} {ergonomic}
   size_t MinHeapDeltaBytes                        = 1048576                                   {product} {ergonomic}
   size_t MinHeapSize                              = 8388608                                   {product} {ergonomic}
    uintx NonNMethodCodeHeapSize                   = 5832780                                {pd product} {ergonomic}
    uintx NonProfiledCodeHeapSize                  = 122912730                              {pd product} {ergonomic}
    uintx ProfiledCodeHeapSize                     = 122912730                              {pd product} {ergonomic}
    uintx ReservedCodeCacheSize                    = 251658240                              {pd product} {ergonomic}
     bool SegmentedCodeCache                       = true                                      {product} {ergonomic}
   size_t SoftMaxHeapSize                          = 1052770304                             {manageable} {ergonomic}
     bool UseCompressedClassPointers               = true                           {product lp64_product} {ergonomic}
     bool UseCompressedOops                        = true                           {product lp64_product} {ergonomic}
     bool UseG1GC                                  = true                                      {product} {ergonomic}
     bool UseLargePagesIndividualAllocation        = false                                  {pd product} {ergonomic}

Logging:
Log output configuration:
 #0: stdout all=warning uptime,level,tags foldmultilines=false
 #1: stderr all=off uptime,level,tags foldmultilines=false

Environment Variables:
JAVA_HOME=C:\Program Files\Java\jdk1.8.0_202
PATH=C:\Program Files (x86)\Common Files\Oracle\Java\javapath;C:\WINDOWS\system32;C:\WINDOWS;C:\WINDOWS\System32\Wbem;C:\WINDOWS\System32\WindowsPowerShell\v1.0\;C:\WINDOWS\System32\OpenSSH\;C:\Program Files (x86)\nodejs\;C:\Program Files (x86)\nodejs\npm;C:\Users\ERIN_JAVALead\AppData\Roaming\npm;C:\Program Files\Git\cmd;C:\Program Files (x86)\dotnet\;C:\Program Files (x86)\Microsoft SQL Server\160\DTS\Binn\;C:\Program Files\Azure Data Studio\bin;C:\Program Files (x86)\Microsoft SQL Server\160\Tools\Binn\;C:\Program Files\Microsoft SQL Server\160\Tools\Binn\;C:\Program Files\Microsoft SQL Server\Client SDK\ODBC\170\Tools\Binn\;C:\Program Files\Microsoft SQL Server\160\DTS\Binn\;C:\Program Files\Java\jdk1.8.0_202\bin;C:\Program Files\Java\jdk1.8.0_202\jre\bin;C:\kafkasrc\bin\windows;C:\Program Files\Docker\Docker\resources\bin;C:\Program Files\Docker\Docker;C:\Users\ERIN_JAVALead\AppData\Local\Microsoft\WindowsApps;;C:\Users\ERIN_JAVALead\AppData\Local\Programs\Microsoft VS Code\bin;C:\Users\ERIN_JAVALead\AppData\Roaming\npm;C:\Program Files\Azure Data Studio\bin
USERNAME=ERIN_JAVALead
OS=Windows_NT
PROCESSOR_IDENTIFIER=Intel64 Family 6 Model 78 Stepping 3, GenuineIntel



---------------  S Y S T E M  ---------------

OS:
 Windows 10 , 64 bit Build 19041 (10.0.19041.3636)
OS uptime: 0 days 11:02 hours
Hyper-V role detected

CPU: total 4 (initial active 4) (2 cores per cpu, 2 threads per core) family 6 model 78 stepping 3 microcode 0xcc, cx8, cmov, fxsr, ht, mmx, 3dnowpref, sse, sse2, sse3, ssse3, sse4.1, sse4.2, popcnt, lzcnt, tsc, tscinvbit, avx, avx2, aes, erms, clmul, bmi1, bmi2, adx, fma, vzeroupper, clflush, clflushopt, hv

Memory: 4k page, system-wide physical 4012M (265M free)
TotalPageFile size 6060M (AvailPageFile size 9M)
current process WorkingSet (physical memory assigned to process): 231M, peak: 268M
current process commit charge ("private bytes"): 261M, peak: 298M

vm_info: OpenJDK 64-Bit Server VM (18.0.2+9-FR) for windows-amd64 JRE (18.0.2+9-FR), built on Jul 15 2022 20:03:03 by "Administrator" with MS VC++ 15.9 (VS2017)

END.
