#
# There is insufficient memory for the Java Runtime Environment to continue.
# Native memory allocation (malloc) failed to allocate 238896 bytes for Chunk::new
# Possible reasons:
#   The system is out of physical RAM or swap space
#   The process is running with CompressedOops enabled, and the Java Heap may be blocking the growth of the native heap
# Possible solutions:
#   Reduce memory load on the system
#   Increase physical memory or swap space
#   Check if swap backing store is full
#   Decrease Java heap size (-Xmx/-Xms)
#   Decrease number of Java threads
#   Decrease Java thread stack sizes (-Xss)
#   Set larger code cache with -XX:ReservedCodeCacheSize=
#   JVM is running with Unscaled Compressed Oops mode in which the Java heap is
#     placed in the first 4GB address space. The Java Heap base address is the
#     maximum limit for the native heap growth. Please use -XX:HeapBaseMinAddress
#     to set the Java Heap base and to place the Java Heap above 4GB virtual address.
# This output file may be truncated or incomplete.
#
#  Out of Memory Error (arena.cpp:184), pid=5232, tid=1956
#
# JRE version: OpenJDK Runtime Environment Corretto-18.0.2.9.1 (18.0.2+9) (build 18.0.2+9-FR)
# Java VM: OpenJDK 64-Bit Server VM Corretto-18.0.2.9.1 (18.0.2+9-FR, mixed mode, sharing, tiered, compressed oops, compressed class ptrs, g1 gc, windows-amd64)
# No core dump will be written. Minidumps are not enabled by default on client versions of Windows
#

---------------  S U M M A R Y ------------

Command Line: -javaagent:C:\Program Files\JetBrains\IntelliJ IDEA Community Edition 2021.3.3\lib\idea_rt.jar=49424:C:\Program Files\JetBrains\IntelliJ IDEA Community Edition 2021.3.3\bin -Dfile.encoding=UTF-8 com.verise.veganapp.VeriseApplication

Host: Intel(R) Core(TM) i3-6006U CPU @ 2.00GHz, 4 cores, 3G,  Windows 10 , 64 bit Build 19041 (10.0.19041.3636)
Time: Tue Apr  9 19:14:53 2024 W. Europe Daylight Time elapsed time: 19.060890 seconds (0d 0h 0m 19s)

---------------  T H R E A D  ---------------

Current thread (0x000001c7047c2cb0):  JavaThread "C2 CompilerThread0" daemon [_thread_in_native, id=1956, stack(0x0000001eba000000,0x0000001eba100000)]


Current CompileTask:
C2:  19061 2201       4       java.lang.String::<init> (830 bytes)

Stack: [0x0000001eba000000,0x0000001eba100000]
Native frames: (J=compiled Java code, j=interpreted, Vv=VM code, C=native code)
V  [jvm.dll+0x685a2a]
V  [jvm.dll+0x82ae8d]
V  [jvm.dll+0x82c75e]
V  [jvm.dll+0x82ce03]
V  [jvm.dll+0x25ef4b]
V  [jvm.dll+0xd42d2]
V  [jvm.dll+0xd4665]
V  [jvm.dll+0x2ca852]
V  [jvm.dll+0x5907bf]
V  [jvm.dll+0x23bf2a]
V  [jvm.dll+0x235650]
V  [jvm.dll+0x232e1f]
V  [jvm.dll+0x1c0a35]
V  [jvm.dll+0x24212c]
V  [jvm.dll+0x240534]
V  [jvm.dll+0x7df6db]
V  [jvm.dll+0x7d9cba]
V  [jvm.dll+0x6848a5]
C  [ucrtbase.dll+0x21bb2]
C  [KERNEL32.DLL+0x17344]
C  [ntdll.dll+0x526b1]


---------------  P R O C E S S  ---------------

Threads class SMR info:
_java_thread_list=0x000001c726e7e810, length=15, elements={
0x000001c70470d1d0, 0x000001c7047a8610, 0x000001c7047a9180, 0x000001c7047c06c0,
0x000001c7047c0f70, 0x000001c7047c1820, 0x000001c7047c20d0, 0x000001c7047c2cb0,
0x000001c7047c35a0, 0x000001c721bd0f70, 0x000001c721c34560, 0x000001c7263fe560,
0x000001c7263fea20, 0x000001c7266f6b10, 0x000001c7266ac130
}

Java Threads: ( => current thread )
  0x000001c70470d1d0 JavaThread "main" [_thread_blocked, id=9812, stack(0x0000001eb9300000,0x0000001eb9400000)]
  0x000001c7047a8610 JavaThread "Reference Handler" daemon [_thread_blocked, id=13176, stack(0x0000001eb9a00000,0x0000001eb9b00000)]
  0x000001c7047a9180 JavaThread "Finalizer" daemon [_thread_blocked, id=2648, stack(0x0000001eb9b00000,0x0000001eb9c00000)]
  0x000001c7047c06c0 JavaThread "Signal Dispatcher" daemon [_thread_blocked, id=4356, stack(0x0000001eb9c00000,0x0000001eb9d00000)]
  0x000001c7047c0f70 JavaThread "Attach Listener" daemon [_thread_blocked, id=10248, stack(0x0000001eb9d00000,0x0000001eb9e00000)]
  0x000001c7047c1820 JavaThread "Service Thread" daemon [_thread_blocked, id=4540, stack(0x0000001eb9e00000,0x0000001eb9f00000)]
  0x000001c7047c20d0 JavaThread "Monitor Deflation Thread" daemon [_thread_blocked, id=8088, stack(0x0000001eb9f00000,0x0000001eba000000)]
=>0x000001c7047c2cb0 JavaThread "C2 CompilerThread0" daemon [_thread_in_native, id=1956, stack(0x0000001eba000000,0x0000001eba100000)]
  0x000001c7047c35a0 JavaThread "C1 CompilerThread0" daemon [_thread_blocked, id=9800, stack(0x0000001eba100000,0x0000001eba200000)]
  0x000001c721bd0f70 JavaThread "Sweeper thread" daemon [_thread_blocked, id=11464, stack(0x0000001eba200000,0x0000001eba300000)]
  0x000001c721c34560 JavaThread "Common-Cleaner" daemon [_thread_blocked, id=5216, stack(0x0000001eba300000,0x0000001eba400000)]
  0x000001c7263fe560 JavaThread "Monitor Ctrl-Break" daemon [_thread_in_native, id=10088, stack(0x0000001eba400000,0x0000001eba500000)]
  0x000001c7263fea20 JavaThread "Notification Thread" daemon [_thread_blocked, id=12644, stack(0x0000001eba500000,0x0000001eba600000)]
  0x000001c7266f6b10 JavaThread "Thread-0" [_thread_blocked, id=12484, stack(0x0000001ebaa00000,0x0000001ebab00000)]
  0x000001c7266ac130 JavaThread "restartedMain" [_thread_in_Java, id=3448, stack(0x0000001ebab00000,0x0000001ebac00000)]

Other Threads:
  0x000001c7047a3f50 VMThread "VM Thread" [stack: 0x0000001eb9900000,0x0000001eb9a00000] [id=5044]
  0x000001c7261b8650 WatcherThread "VM Periodic Task Thread" [stack: 0x0000001eba600000,0x0000001eba700000] [id=8324]
  0x000001c70474dd90 WorkerThread "GC Thread#0" [stack: 0x0000001eb9400000,0x0000001eb9500000] [id=7880]
  0x000001c726741280 WorkerThread "GC Thread#1" [stack: 0x0000001eba700000,0x0000001eba800000] [id=3004]
  0x000001c7267417c0 WorkerThread "GC Thread#2" [stack: 0x0000001eba800000,0x0000001eba900000] [id=11688]
  0x000001c726766170 WorkerThread "GC Thread#3" [stack: 0x0000001eba900000,0x0000001ebaa00000] [id=8172]
  0x000001c704757960 ConcurrentGCThread "G1 Main Marker" [stack: 0x0000001eb9500000,0x0000001eb9600000] [id=5464]
  0x000001c704758260 WorkerThread "G1 Conc#0" [stack: 0x0000001eb9600000,0x0000001eb9700000] [id=1692]
  0x000001c70477f5c0 ConcurrentGCThread "G1 Refine#0" [stack: 0x0000001eb9700000,0x0000001eb9800000] [id=11860]
  0x000001c70477fde0 ConcurrentGCThread "G1 Service" [stack: 0x0000001eb9800000,0x0000001eb9900000] [id=13804]

Threads with active compile tasks:
C2 CompilerThread0    19133 2201       4       java.lang.String::<init> (830 bytes)

VM state: not at safepoint (normal execution)

VM Mutex/Monitor currently owned by a thread: None

Heap address: 0x00000000c1400000, size: 1004 MB, Compressed Oops mode: 32-bit

CDS archive(s) mapped at: [0x0000000800000000-0x0000000800ba0000-0x0000000800ba0000), size 12189696, SharedBaseAddress: 0x0000000800000000, ArchiveRelocationMode: 0.
Compressed class space mapped at: 0x0000000800c00000-0x0000000840c00000, reserved size: 1073741824
Narrow klass base: 0x0000000800000000, Narrow klass shift: 0, Narrow klass range: 0x100000000

GC Precious Log:
 CardTable entry size: 512
 Card Set container configuration: InlinePtr #cards 5 size 8 Array Of Cards #cards 12 size 40 Howl #buckets 4 coarsen threshold 1843 Howl Bitmap #cards 512 size 80 coarsen threshold 460 Card regions per heap region 1 cards per card region 2048
 CPUs: 4 total, 4 available
 Memory: 4012M
 Large Page Support: Disabled
 NUMA Support: Disabled
 Compressed Oops: Enabled (32-bit)
 Heap Region Size: 1M
 Heap Min Capacity: 8M
 Heap Initial Capacity: 64M
 Heap Max Capacity: 1004M
 Pre-touch: Disabled
 Parallel Workers: 4
 Concurrent Workers: 1
 Concurrent Refinement Workers: 4
 Periodic GC: Disabled

Heap:
 garbage-first heap   total 65536K, used 34442K [0x00000000c1400000, 0x0000000100000000)
  region size 1024K, 30 young (30720K), 3 survivors (3072K)
 Metaspace       used 17787K, committed 18048K, reserved 1114112K
  class space    used 2130K, committed 2240K, reserved 1048576K

Heap Regions: E=young(eden), S=young(survivor), O=old, HS=humongous(starts), HC=humongous(continues), CS=collection set, F=free, OA=open archive, CA=closed archive, TAMS=top-at-mark-start (previous, next)
|   0|0x00000000c1400000, 0x00000000c1500000, 0x00000000c1500000|100%|HS|  |TAMS 0x00000000c1400000, 0x00000000c1400000| Complete 
|   1|0x00000000c1500000, 0x00000000c1600000, 0x00000000c1600000|100%| O|  |TAMS 0x00000000c1500000, 0x00000000c1500000| Untracked 
|   2|0x00000000c1600000, 0x00000000c1700000, 0x00000000c1700000|100%| O|  |TAMS 0x00000000c1600000, 0x00000000c1600000| Untracked 
|   3|0x00000000c1700000, 0x00000000c1800000, 0x00000000c1800000|100%| O|  |TAMS 0x00000000c1700000, 0x00000000c1700000| Untracked 
|   4|0x00000000c1800000, 0x00000000c1900000, 0x00000000c1900000|100%| O|  |TAMS 0x00000000c1800000, 0x00000000c1800000| Untracked 
|   5|0x00000000c1900000, 0x00000000c1a00000, 0x00000000c1a00000|100%| O|  |TAMS 0x00000000c1900000, 0x00000000c1900000| Untracked 
|   6|0x00000000c1a00000, 0x00000000c1a65400, 0x00000000c1b00000| 39%| O|  |TAMS 0x00000000c1a00000, 0x00000000c1a00000| Untracked 
|   7|0x00000000c1b00000, 0x00000000c1b00000, 0x00000000c1c00000|  0%| F|  |TAMS 0x00000000c1b00000, 0x00000000c1b00000| Untracked 
|   8|0x00000000c1c00000, 0x00000000c1c00000, 0x00000000c1d00000|  0%| F|  |TAMS 0x00000000c1c00000, 0x00000000c1c00000| Untracked 
|   9|0x00000000c1d00000, 0x00000000c1d00000, 0x00000000c1e00000|  0%| F|  |TAMS 0x00000000c1d00000, 0x00000000c1d00000| Untracked 
|  10|0x00000000c1e00000, 0x00000000c1e00000, 0x00000000c1f00000|  0%| F|  |TAMS 0x00000000c1e00000, 0x00000000c1e00000| Untracked 
|  11|0x00000000c1f00000, 0x00000000c1f00000, 0x00000000c2000000|  0%| F|  |TAMS 0x00000000c1f00000, 0x00000000c1f00000| Untracked 
|  12|0x00000000c2000000, 0x00000000c2000000, 0x00000000c2100000|  0%| F|  |TAMS 0x00000000c2000000, 0x00000000c2000000| Untracked 
|  13|0x00000000c2100000, 0x00000000c2100000, 0x00000000c2200000|  0%| F|  |TAMS 0x00000000c2100000, 0x00000000c2100000| Untracked 
|  14|0x00000000c2200000, 0x00000000c2200000, 0x00000000c2300000|  0%| F|  |TAMS 0x00000000c2200000, 0x00000000c2200000| Untracked 
|  15|0x00000000c2300000, 0x00000000c2300000, 0x00000000c2400000|  0%| F|  |TAMS 0x00000000c2300000, 0x00000000c2300000| Untracked 
|  16|0x00000000c2400000, 0x00000000c2400000, 0x00000000c2500000|  0%| F|  |TAMS 0x00000000c2400000, 0x00000000c2400000| Untracked 
|  17|0x00000000c2500000, 0x00000000c2500000, 0x00000000c2600000|  0%| F|  |TAMS 0x00000000c2500000, 0x00000000c2500000| Untracked 
|  18|0x00000000c2600000, 0x00000000c2600000, 0x00000000c2700000|  0%| F|  |TAMS 0x00000000c2600000, 0x00000000c2600000| Untracked 
|  19|0x00000000c2700000, 0x00000000c2700000, 0x00000000c2800000|  0%| F|  |TAMS 0x00000000c2700000, 0x00000000c2700000| Untracked 
|  20|0x00000000c2800000, 0x00000000c2800000, 0x00000000c2900000|  0%| F|  |TAMS 0x00000000c2800000, 0x00000000c2800000| Untracked 
|  21|0x00000000c2900000, 0x00000000c2900000, 0x00000000c2a00000|  0%| F|  |TAMS 0x00000000c2900000, 0x00000000c2900000| Untracked 
|  22|0x00000000c2a00000, 0x00000000c2a00000, 0x00000000c2b00000|  0%| F|  |TAMS 0x00000000c2a00000, 0x00000000c2a00000| Untracked 
|  23|0x00000000c2b00000, 0x00000000c2b00000, 0x00000000c2c00000|  0%| F|  |TAMS 0x00000000c2b00000, 0x00000000c2b00000| Untracked 
|  24|0x00000000c2c00000, 0x00000000c2c00000, 0x00000000c2d00000|  0%| F|  |TAMS 0x00000000c2c00000, 0x00000000c2c00000| Untracked 
|  25|0x00000000c2d00000, 0x00000000c2d00000, 0x00000000c2e00000|  0%| F|  |TAMS 0x00000000c2d00000, 0x00000000c2d00000| Untracked 
|  26|0x00000000c2e00000, 0x00000000c2e00000, 0x00000000c2f00000|  0%| F|  |TAMS 0x00000000c2e00000, 0x00000000c2e00000| Untracked 
|  27|0x00000000c2f00000, 0x00000000c2f00000, 0x00000000c3000000|  0%| F|  |TAMS 0x00000000c2f00000, 0x00000000c2f00000| Untracked 
|  28|0x00000000c3000000, 0x00000000c3000000, 0x00000000c3100000|  0%| F|  |TAMS 0x00000000c3000000, 0x00000000c3000000| Untracked 
|  29|0x00000000c3100000, 0x00000000c3100000, 0x00000000c3200000|  0%| F|  |TAMS 0x00000000c3100000, 0x00000000c3100000| Untracked 
|  30|0x00000000c3200000, 0x00000000c3200000, 0x00000000c3300000|  0%| F|  |TAMS 0x00000000c3200000, 0x00000000c3200000| Untracked 
|  31|0x00000000c3300000, 0x00000000c3300000, 0x00000000c3400000|  0%| F|  |TAMS 0x00000000c3300000, 0x00000000c3300000| Untracked 
|  32|0x00000000c3400000, 0x00000000c3400000, 0x00000000c3500000|  0%| F|  |TAMS 0x00000000c3400000, 0x00000000c3400000| Untracked 
|  33|0x00000000c3500000, 0x00000000c3500000, 0x00000000c3600000|  0%| F|  |TAMS 0x00000000c3500000, 0x00000000c3500000| Untracked 
|  34|0x00000000c3600000, 0x00000000c365c540, 0x00000000c3700000| 36%| E|  |TAMS 0x00000000c3600000, 0x00000000c3600000| Complete 
|  35|0x00000000c3700000, 0x00000000c3800000, 0x00000000c3800000|100%| E|CS|TAMS 0x00000000c3700000, 0x00000000c3700000| Complete 
|  36|0x00000000c3800000, 0x00000000c3900000, 0x00000000c3900000|100%| E|CS|TAMS 0x00000000c3800000, 0x00000000c3800000| Complete 
|  37|0x00000000c3900000, 0x00000000c3a00000, 0x00000000c3a00000|100%| E|CS|TAMS 0x00000000c3900000, 0x00000000c3900000| Complete 
|  38|0x00000000c3a00000, 0x00000000c3b00000, 0x00000000c3b00000|100%| E|CS|TAMS 0x00000000c3a00000, 0x00000000c3a00000| Complete 
|  39|0x00000000c3b00000, 0x00000000c3b3d4c0, 0x00000000c3c00000| 23%| S|CS|TAMS 0x00000000c3b00000, 0x00000000c3b00000| Complete 
|  40|0x00000000c3c00000, 0x00000000c3d00000, 0x00000000c3d00000|100%| S|CS|TAMS 0x00000000c3c00000, 0x00000000c3c00000| Complete 
|  41|0x00000000c3d00000, 0x00000000c3e00000, 0x00000000c3e00000|100%| S|CS|TAMS 0x00000000c3d00000, 0x00000000c3d00000| Complete 
|  42|0x00000000c3e00000, 0x00000000c3f00000, 0x00000000c3f00000|100%| E|CS|TAMS 0x00000000c3e00000, 0x00000000c3e00000| Complete 
|  43|0x00000000c3f00000, 0x00000000c4000000, 0x00000000c4000000|100%| E|CS|TAMS 0x00000000c3f00000, 0x00000000c3f00000| Complete 
|  44|0x00000000c4000000, 0x00000000c4100000, 0x00000000c4100000|100%| E|CS|TAMS 0x00000000c4000000, 0x00000000c4000000| Complete 
|  45|0x00000000c4100000, 0x00000000c4200000, 0x00000000c4200000|100%| E|CS|TAMS 0x00000000c4100000, 0x00000000c4100000| Complete 
|  46|0x00000000c4200000, 0x00000000c4300000, 0x00000000c4300000|100%| E|CS|TAMS 0x00000000c4200000, 0x00000000c4200000| Complete 
|  47|0x00000000c4300000, 0x00000000c4400000, 0x00000000c4400000|100%| E|CS|TAMS 0x00000000c4300000, 0x00000000c4300000| Complete 
|  48|0x00000000c4400000, 0x00000000c4500000, 0x00000000c4500000|100%| E|  |TAMS 0x00000000c4400000, 0x00000000c4400000| Complete 
|  49|0x00000000c4500000, 0x00000000c4600000, 0x00000000c4600000|100%| E|CS|TAMS 0x00000000c4500000, 0x00000000c4500000| Complete 
|  50|0x00000000c4600000, 0x00000000c4700000, 0x00000000c4700000|100%| E|CS|TAMS 0x00000000c4600000, 0x00000000c4600000| Complete 
|  51|0x00000000c4700000, 0x00000000c4800000, 0x00000000c4800000|100%| E|CS|TAMS 0x00000000c4700000, 0x00000000c4700000| Complete 
|  52|0x00000000c4800000, 0x00000000c4900000, 0x00000000c4900000|100%| E|CS|TAMS 0x00000000c4800000, 0x00000000c4800000| Complete 
|  53|0x00000000c4900000, 0x00000000c4a00000, 0x00000000c4a00000|100%| E|CS|TAMS 0x00000000c4900000, 0x00000000c4900000| Complete 
|  54|0x00000000c4a00000, 0x00000000c4b00000, 0x00000000c4b00000|100%| E|CS|TAMS 0x00000000c4a00000, 0x00000000c4a00000| Complete 
|  55|0x00000000c4b00000, 0x00000000c4c00000, 0x00000000c4c00000|100%| E|CS|TAMS 0x00000000c4b00000, 0x00000000c4b00000| Complete 
|  56|0x00000000c4c00000, 0x00000000c4d00000, 0x00000000c4d00000|100%| E|CS|TAMS 0x00000000c4c00000, 0x00000000c4c00000| Complete 
|  57|0x00000000c4d00000, 0x00000000c4e00000, 0x00000000c4e00000|100%| E|CS|TAMS 0x00000000c4d00000, 0x00000000c4d00000| Complete 
|  58|0x00000000c4e00000, 0x00000000c4f00000, 0x00000000c4f00000|100%| E|CS|TAMS 0x00000000c4e00000, 0x00000000c4e00000| Complete 
|  59|0x00000000c4f00000, 0x00000000c5000000, 0x00000000c5000000|100%| E|CS|TAMS 0x00000000c4f00000, 0x00000000c4f00000| Complete 
|  60|0x00000000c5000000, 0x00000000c5100000, 0x00000000c5100000|100%| E|CS|TAMS 0x00000000c5000000, 0x00000000c5000000| Complete 
|  61|0x00000000c5100000, 0x00000000c5200000, 0x00000000c5200000|100%| E|CS|TAMS 0x00000000c5100000, 0x00000000c5100000| Complete 
|  62|0x00000000c5200000, 0x00000000c5300000, 0x00000000c5300000|100%| E|CS|TAMS 0x00000000c5200000, 0x00000000c5200000| Complete 
|  63|0x00000000c5300000, 0x00000000c5400000, 0x00000000c5400000|100%| E|CS|TAMS 0x00000000c5300000, 0x00000000c5300000| Complete 

Card table byte_map: [0x000001c71d2b0000,0x000001c71d4b0000] _byte_map_base: 0x000001c71cca6000

Marking Bits (Prev, Next): (CMBitMap*) 0x000001c70474f2b0, (CMBitMap*) 0x000001c70474f2f0
 Prev Bits: [0x000001c71d6b0000, 0x000001c71e660000)
 Next Bits: [0x000001c71e660000, 0x000001c71f610000)

Polling page: 0x000001c704550000

Metaspace:

Usage:
  Non-class:     15.29 MB used.
      Class:      2.08 MB used.
       Both:     17.38 MB used.

Virtual space:
  Non-class space:       64.00 MB reserved,      15.44 MB ( 24%) committed,  1 nodes.
      Class space:        1.00 GB reserved,       2.19 MB ( <1%) committed,  1 nodes.
             Both:        1.06 GB reserved,      17.63 MB (  2%) committed. 

Chunk freelists:
   Non-Class:  416.00 KB
       Class:  1.83 MB
        Both:  2.23 MB

MaxMetaspaceSize: unlimited
CompressedClassSpaceSize: 1.00 GB
Initial GC threshold: 21.00 MB
Current GC threshold: 21.00 MB
CDS: on
MetaspaceReclaimPolicy: balanced
 - commit_granule_bytes: 65536.
 - commit_granule_words: 8192.
 - virtual_space_node_default_size: 8388608.
 - enlarge_chunks_in_place: 1.
 - new_chunks_are_fully_committed: 0.
 - uncommit_free_chunks: 1.
 - use_allocation_guard: 0.


Internal statistics:

num_allocs_failed_limit: 0.
num_arena_births: 242.
num_arena_deaths: 0.
num_vsnodes_births: 2.
num_vsnodes_deaths: 0.
num_space_committed: 282.
num_space_uncommitted: 0.
num_chunks_returned_to_freelist: 0.
num_chunks_taken_from_freelist: 782.
num_chunk_merges: 0.
num_chunk_splits: 553.
num_chunks_enlarged: 449.
num_inconsistent_stats: 0.

CodeHeap 'non-profiled nmethods': size=120000Kb used=855Kb max_used=855Kb free=119144Kb
 bounds [0x000001c715560000, 0x000001c7157d0000, 0x000001c71ca90000]
CodeHeap 'profiled nmethods': size=120000Kb used=4390Kb max_used=4390Kb free=115609Kb
 bounds [0x000001c70e030000, 0x000001c70e480000, 0x000001c715560000]
CodeHeap 'non-nmethods': size=5760Kb used=1198Kb max_used=1252Kb free=4561Kb
 bounds [0x000001c70da90000, 0x000001c70dd00000, 0x000001c70e030000]
 total_blobs=2734 nmethods=2252 adapters=394
 compilation: enabled
              stopped_count=0, restarted_count=0
 full_count=0

Compilation events (20 events):
Event: 19.020 Thread 0x000001c7047c35a0 2202       3       ch.qos.logback.classic.Logger::isTraceEnabled (67 bytes)
Event: 19.020 Thread 0x000001c7047c35a0 nmethod 2202 0x000001c70e454210 code [0x000001c70e454400, 0x000001c70e454968]
Event: 19.021 Thread 0x000001c7047c35a0 2203       3       java.util.TreeMap::setColor (10 bytes)
Event: 19.021 Thread 0x000001c7047c35a0 nmethod 2203 0x000001c70e454b10 code [0x000001c70e454ca0, 0x000001c70e454dd8]
Event: 19.021 Thread 0x000001c7047c35a0 2204       3       java.util.TreeMap::leftOf (13 bytes)
Event: 19.021 Thread 0x000001c7047c35a0 nmethod 2204 0x000001c70e454e90 code [0x000001c70e455020, 0x000001c70e455198]
Event: 19.022 Thread 0x000001c7047c35a0 2206       3       java.util.LinkedHashSet::<init> (10 bytes)
Event: 19.022 Thread 0x000001c7047c35a0 nmethod 2206 0x000001c70e455290 code [0x000001c70e455460, 0x000001c70e4555a8]
Event: 19.024 Thread 0x000001c7047c35a0 2207       3       java.lang.Throwable::<init> (39 bytes)
Event: 19.025 Thread 0x000001c7047c35a0 nmethod 2207 0x000001c70e455690 code [0x000001c70e455860, 0x000001c70e455c88]
Event: 19.028 Thread 0x000001c7047c2cb0 nmethod 2200 0x000001c715634190 code [0x000001c715634340, 0x000001c715634958]
Event: 19.028 Thread 0x000001c7047c2cb0 2205       4       java.lang.StringLatin1::compareTo (52 bytes)
Event: 19.036 Thread 0x000001c7047c2cb0 nmethod 2205 0x000001c715634e90 code [0x000001c715635000, 0x000001c7156351d8]
Event: 19.036 Thread 0x000001c7047c2cb0 2201       4       java.lang.String::<init> (830 bytes)
Event: 19.040 Thread 0x000001c7047c35a0 2208       3       org.springframework.boot.autoconfigure.AutoConfigurationMetadataLoader$PropertiesAutoConfigurationMetadata::get (8 bytes)
Event: 19.043 Thread 0x000001c7047c35a0 nmethod 2208 0x000001c70e455d90 code [0x000001c70e456140, 0x000001c70e457db8]
Event: 19.043 Thread 0x000001c7047c35a0 2209       3       org.springframework.boot.autoconfigure.AutoConfigurationMetadataLoader$PropertiesAutoConfigurationMetadata::get (28 bytes)
Event: 19.046 Thread 0x000001c7047c35a0 nmethod 2209 0x000001c70e458810 code [0x000001c70e458bc0, 0x000001c70e45a7b8]
Event: 19.053 Thread 0x000001c7047c35a0 2211       3       java.io.WinNTFileSystem::normalizePrefix (132 bytes)
Event: 19.057 Thread 0x000001c7047c35a0 nmethod 2211 0x000001c70e45b190 code [0x000001c70e45b5a0, 0x000001c70e45d6a8]

GC Heap History (6 events):
Event: 4.040 GC heap before
{Heap before GC invocations=0 (full 0):
 garbage-first heap   total 65536K, used 13312K [0x00000000c1400000, 0x0000000100000000)
  region size 1024K, 13 young (13312K), 0 survivors (0K)
 Metaspace       used 3525K, committed 3712K, reserved 1114112K
  class space    used 341K, committed 448K, reserved 1048576K
}
Event: 4.100 GC heap after
{Heap after GC invocations=1 (full 0):
 garbage-first heap   total 65536K, used 6247K [0x00000000c1400000, 0x0000000100000000)
  region size 1024K, 2 young (2048K), 2 survivors (2048K)
 Metaspace       used 3525K, committed 3712K, reserved 1114112K
  class space    used 341K, committed 448K, reserved 1048576K
}
Event: 8.012 GC heap before
{Heap before GC invocations=1 (full 0):
 garbage-first heap   total 65536K, used 15463K [0x00000000c1400000, 0x0000000100000000)
  region size 1024K, 12 young (12288K), 2 survivors (2048K)
 Metaspace       used 6167K, committed 6400K, reserved 1114112K
  class space    used 683K, committed 768K, reserved 1048576K
}
Event: 8.017 GC heap after
{Heap after GC invocations=2 (full 0):
 garbage-first heap   total 65536K, used 7191K [0x00000000c1400000, 0x0000000100000000)
  region size 1024K, 1 young (1024K), 1 survivors (1024K)
 Metaspace       used 6167K, committed 6400K, reserved 1114112K
  class space    used 683K, committed 768K, reserved 1048576K
}
Event: 12.503 GC heap before
{Heap before GC invocations=2 (full 0):
 garbage-first heap   total 65536K, used 27671K [0x00000000c1400000, 0x0000000100000000)
  region size 1024K, 22 young (22528K), 1 survivors (1024K)
 Metaspace       used 11879K, committed 12160K, reserved 1114112K
  class space    used 1386K, committed 1536K, reserved 1048576K
}
Event: 12.510 GC heap after
{Heap after GC invocations=3 (full 0):
 garbage-first heap   total 65536K, used 8842K [0x00000000c1400000, 0x0000000100000000)
  region size 1024K, 3 young (3072K), 3 survivors (3072K)
 Metaspace       used 11879K, committed 12160K, reserved 1114112K
  class space    used 1386K, committed 1536K, reserved 1048576K
}

Deoptimization events (20 events):
Event: 16.112 Thread 0x000001c7266ac130 DEOPT PACKING pc=0x000001c70e165f66 sp=0x0000001ebabfe4b0
Event: 16.112 Thread 0x000001c7266ac130 DEOPT UNPACKING pc=0x000001c70dae2b43 sp=0x0000001ebabfd978 mode 0
Event: 16.112 Thread 0x000001c7266ac130 DEOPT PACKING pc=0x000001c70e165f66 sp=0x0000001ebabfe4b0
Event: 16.112 Thread 0x000001c7266ac130 DEOPT UNPACKING pc=0x000001c70dae2b43 sp=0x0000001ebabfd978 mode 0
Event: 16.113 Thread 0x000001c7266ac130 DEOPT PACKING pc=0x000001c70e165f66 sp=0x0000001ebabfe4b0
Event: 16.113 Thread 0x000001c7266ac130 DEOPT UNPACKING pc=0x000001c70dae2b43 sp=0x0000001ebabfd978 mode 0
Event: 16.113 Thread 0x000001c7266ac130 DEOPT PACKING pc=0x000001c70e165f66 sp=0x0000001ebabfe4b0
Event: 16.113 Thread 0x000001c7266ac130 DEOPT UNPACKING pc=0x000001c70dae2b43 sp=0x0000001ebabfd978 mode 0
Event: 16.114 Thread 0x000001c7266ac130 DEOPT PACKING pc=0x000001c70e165f66 sp=0x0000001ebabfe4b0
Event: 16.114 Thread 0x000001c7266ac130 DEOPT UNPACKING pc=0x000001c70dae2b43 sp=0x0000001ebabfd978 mode 0
Event: 16.115 Thread 0x000001c7266ac130 DEOPT PACKING pc=0x000001c70e165f66 sp=0x0000001ebabfe4b0
Event: 16.115 Thread 0x000001c7266ac130 DEOPT UNPACKING pc=0x000001c70dae2b43 sp=0x0000001ebabfd978 mode 0
Event: 16.525 Thread 0x000001c726aaed20 Uncommon trap: trap_request=0xffffff45 fr.pc=0x000001c7155ea1bc relative=0x000000000000023c
Event: 16.526 Thread 0x000001c726aaed20 Uncommon trap: reason=unstable_if action=reinterpret pc=0x000001c7155ea1bc method=java.util.HashMap.putVal(ILjava/lang/Object;Ljava/lang/Object;ZZ)Ljava/lang/Object; @ 162 c2
Event: 16.526 Thread 0x000001c726aaed20 DEOPT PACKING pc=0x000001c7155ea1bc sp=0x0000001ebacfd630
Event: 16.526 Thread 0x000001c726aaed20 DEOPT UNPACKING pc=0x000001c70dae23a3 sp=0x0000001ebacfd558 mode 2
Event: 19.052 Thread 0x000001c7266ac130 DEOPT PACKING pc=0x000001c70e435eb1 sp=0x0000001ebabfe6c0
Event: 19.052 Thread 0x000001c7266ac130 DEOPT UNPACKING pc=0x000001c70dae2b43 sp=0x0000001ebabfdb78 mode 0
Event: 19.055 Thread 0x000001c7266ac130 DEOPT PACKING pc=0x000001c70e435eb1 sp=0x0000001ebabfe6c0
Event: 19.055 Thread 0x000001c7266ac130 DEOPT UNPACKING pc=0x000001c70dae2b43 sp=0x0000001ebabfdb78 mode 0

Classes loaded (20 events):
Event: 16.349 Loading class javax/security/auth/login/FailedLoginException
Event: 16.387 Loading class javax/security/auth/login/FailedLoginException done
Event: 16.394 Loading class javax/security/auth/callback/CallbackHandler
Event: 16.438 Loading class javax/security/auth/callback/CallbackHandler done
Event: 16.439 Loading class javax/security/auth/Subject
Event: 16.477 Loading class javax/security/auth/Subject done
Event: 16.873 Loading class sun/security/provider/certpath/ldap/JdkLDAP
Event: 16.904 Loading class sun/security/provider/certpath/ldap/JdkLDAP done
Event: 16.942 Loading class sun/security/provider/certpath/ldap/JdkLDAP$ProviderService
Event: 16.942 Loading class sun/security/provider/certpath/ldap/JdkLDAP$ProviderService done
Event: 16.942 Loading class com/sun/security/sasl/Provider
Event: 17.041 Loading class com/sun/security/sasl/Provider done
Event: 17.041 Loading class com/sun/security/sasl/Provider$1
Event: 17.182 Loading class com/sun/security/sasl/Provider$1 done
Event: 17.182 Loading class com/sun/security/sasl/Provider$ProviderService
Event: 17.182 Loading class com/sun/security/sasl/Provider$ProviderService done
Event: 17.942 Loading class javax/naming/ldap/LdapContext
Event: 17.943 Loading class javax/naming/directory/DirContext
Event: 17.943 Loading class javax/naming/directory/DirContext done
Event: 17.943 Loading class javax/naming/ldap/LdapContext done

Classes unloaded (0 events):
No events

Classes redefined (0 events):
No events

Internal exceptions (20 events):
Event: 11.365 Thread 0x000001c7266ac130 Exception <a 'java/lang/NoSuchMethodError'{0x00000000c4ba0840}: 'java.lang.Object java.lang.invoke.DirectMethodHandle$Holder.invokeVirtual(java.lang.Object, java.lang.Object, java.lang.Object)'> (0x00000000c4ba0840) 
thrown [s\src\hotspot\share\interpreter\linkResolver.cpp, line 759]
Event: 11.633 Thread 0x000001c7266ac130 Exception <a 'java/lang/NoSuchMethodError'{0x00000000c4bc1928}: 'java.lang.Object java.lang.invoke.DirectMethodHandle$Holder.invokeStatic(java.lang.Object, java.lang.Object, long, java.lang.Object)'> (0x00000000c4bc1928) 
thrown [s\src\hotspot\share\interpreter\linkResolver.cpp, line 759]
Event: 11.637 Thread 0x000001c7266ac130 Exception <a 'java/lang/NoSuchMethodError'{0x00000000c4bc53b8}: 'java.lang.Object java.lang.invoke.DirectMethodHandle$Holder.invokeStaticInit(java.lang.Object, java.lang.Object, long, java.lang.Object)'> (0x00000000c4bc53b8) 
thrown [s\src\hotspot\share\interpreter\linkResolver.cpp, line 759]
Event: 11.639 Thread 0x000001c7266ac130 Exception <a 'java/lang/NoSuchMethodError'{0x00000000c4bcbac0}: 'java.lang.Object java.lang.invoke.DirectMethodHandle$Holder.newInvokeSpecial(java.lang.Object, java.lang.Object, long)'> (0x00000000c4bcbac0) 
thrown [s\src\hotspot\share\interpreter\linkResolver.cpp, line 759]
Event: 11.645 Thread 0x000001c7266ac130 Exception <a 'java/lang/NoSuchMethodError'{0x00000000c4bcf638}: 'java.lang.Object java.lang.invoke.Invokers$Holder.linkToTargetMethod(java.lang.Object, long, java.lang.Object)'> (0x00000000c4bcf638) 
thrown [s\src\hotspot\share\interpreter\linkResolver.cpp, line 759]
Event: 11.736 Thread 0x000001c7266ac130 Exception <a 'java/lang/NoSuchMethodError'{0x00000000c4a1a210}: 'void java.lang.invoke.DirectMethodHandle$Holder.invokeSpecial(java.lang.Object, java.lang.Object, java.lang.Object, java.lang.Object, java.lang.Object)'> (0x00000000c4a1a210) 
thrown [s\src\hotspot\share\interpreter\linkResolver.cpp, line 759]
Event: 11.739 Thread 0x000001c7266ac130 Exception <a 'java/lang/NoSuchMethodError'{0x00000000c4a22838}: 'void java.lang.invoke.DirectMethodHandle$Holder.invokeVirtual(java.lang.Object, java.lang.Object, java.lang.Object, java.lang.Object)'> (0x00000000c4a22838) 
thrown [s\src\hotspot\share\interpreter\linkResolver.cpp, line 759]
Event: 12.138 Thread 0x000001c7266ac130 Exception <a 'java/lang/IncompatibleClassChangeError'{0x00000000c48931d8}: Found class java.lang.Object, but interface was expected> (0x00000000c48931d8) 
thrown [s\src\hotspot\share\interpreter\linkResolver.cpp, line 826]
Event: 12.153 Thread 0x000001c726aaed20 Exception <a 'java/lang/NoClassDefFoundError'{0x00000000c48b3ab0}: jakarta/validation/Validation> (0x00000000c48b3ab0) 
thrown [s\src\hotspot\share\classfile\systemDictionary.cpp, line 244]
Event: 12.433 Thread 0x000001c7266ac130 Exception <a 'java/lang/NoSuchMethodError'{0x00000000c3f4dc18}: 'java.lang.Object java.lang.invoke.DirectMethodHandle$Holder.invokeStatic(java.lang.Object, int, java.lang.Object)'> (0x00000000c3f4dc18) 
thrown [s\src\hotspot\share\interpreter\linkResolver.cpp, line 759]
Event: 13.208 Thread 0x000001c7266ac130 Exception <a 'sun/nio/fs/WindowsException'{0x00000000c4551930}> (0x00000000c4551930) 
thrown [s\src\hotspot\share\prims\jni.cpp, line 516]
Event: 13.210 Thread 0x000001c7266ac130 Exception <a 'java/lang/NoSuchMethodError'{0x00000000c4553248}: 'int java.lang.invoke.DirectMethodHandle$Holder.invokeSpecial(java.lang.Object, java.lang.Object, java.lang.Object, java.lang.Object, java.lang.Object)'> (0x00000000c4553248) 
thrown [s\src\hotspot\share\interpreter\linkResolver.cpp, line 759]
Event: 13.219 Thread 0x000001c726aaed20 Exception <a 'java/lang/NoSuchMethodError'{0x00000000c45385c8}: 'long java.lang.invoke.DirectMethodHandle$Holder.invokeSpecial(java.lang.Object, java.lang.Object)'> (0x00000000c45385c8) 
thrown [s\src\hotspot\share\interpreter\linkResolver.cpp, line 759]
Event: 13.221 Thread 0x000001c726aaed20 Exception <a 'java/lang/NoSuchMethodError'{0x00000000c45719b8}: 'long java.lang.invoke.DirectMethodHandle$Holder.invokeStatic(java.lang.Object, java.lang.Object)'> (0x00000000c45719b8) 
thrown [s\src\hotspot\share\interpreter\linkResolver.cpp, line 759]
Event: 13.222 Thread 0x000001c726aaed20 Exception <a 'java/lang/NoSuchMethodError'{0x00000000c4574fb0}: 'long java.lang.invoke.DirectMethodHandle$Holder.invokeStaticInit(java.lang.Object, java.lang.Object)'> (0x00000000c4574fb0) 
thrown [s\src\hotspot\share\interpreter\linkResolver.cpp, line 759]
Event: 13.225 Thread 0x000001c7266ac130 Exception <a 'java/lang/NoSuchMethodError'{0x00000000c455bf00}: 'void java.lang.invoke.DirectMethodHandle$Holder.invokeVirtual(java.lang.Object, java.lang.Object)'> (0x00000000c455bf00) 
thrown [s\src\hotspot\share\interpreter\linkResolver.cpp, line 759]
Event: 13.226 Thread 0x000001c726aaed20 Exception <a 'java/lang/NoSuchMethodError'{0x00000000c4583118}: 'long java.lang.invoke.DirectMethodHandle$Holder.invokeInterface(java.lang.Object, java.lang.Object)'> (0x00000000c4583118) 
thrown [s\src\hotspot\share\interpreter\linkResolver.cpp, line 759]
Event: 13.226 Thread 0x000001c726aaed20 Exception <a 'java/lang/IncompatibleClassChangeError'{0x00000000c45868e8}: Found class java.lang.Object, but interface was expected> (0x00000000c45868e8) 
thrown [s\src\hotspot\share\interpreter\linkResolver.cpp, line 826]
Event: 13.818 Thread 0x000001c726aaed20 Exception <a 'java/lang/NoSuchMethodError'{0x00000000c4455b80}: 'java.lang.Object java.lang.invoke.DirectMethodHandle$Holder.invokeVirtual(java.lang.Object, java.lang.Object, java.lang.Object, java.lang.Object)'> (0x00000000c4455b80) 
thrown [s\src\hotspot\share\interpreter\linkResolver.cpp, line 759]
Event: 19.048 Thread 0x000001c7266ac130 Exception <a 'java/lang/IncompatibleClassChangeError'{0x00000000c3725f30}: Found class java.lang.Object, but interface was expected> (0x00000000c3725f30) 
thrown [s\src\hotspot\share\interpreter\linkResolver.cpp, line 826]

VM Operations (20 events):
Event: 12.610 Executing VM operation: HandshakeAllThreads
Event: 12.611 Executing VM operation: HandshakeAllThreads done
Event: 12.865 Executing VM operation: HandshakeAllThreads
Event: 12.865 Executing VM operation: HandshakeAllThreads done
Event: 13.145 Executing VM operation: HandshakeAllThreads
Event: 13.145 Executing VM operation: HandshakeAllThreads done
Event: 14.157 Executing VM operation: Cleanup
Event: 14.173 Executing VM operation: Cleanup done
Event: 15.055 Executing VM operation: HandshakeAllThreads
Event: 15.060 Executing VM operation: HandshakeAllThreads done
Event: 15.657 Executing VM operation: HandshakeAllThreads
Event: 15.661 Executing VM operation: HandshakeAllThreads done
Event: 15.661 Executing VM operation: Cleanup
Event: 15.661 Executing VM operation: Cleanup done
Event: 16.672 Executing VM operation: Cleanup
Event: 16.713 Executing VM operation: Cleanup done
Event: 17.724 Executing VM operation: Cleanup
Event: 17.725 Executing VM operation: Cleanup done
Event: 18.744 Executing VM operation: Cleanup
Event: 18.744 Executing VM operation: Cleanup done

Events (20 events):
Event: 0.141 Thread 0x000001c721bd0f70 Thread added: 0x000001c721bd0f70
Event: 0.474 Thread 0x000001c721c34560 Thread added: 0x000001c721c34560
Event: 0.676 Loaded shared library C:\Users\ERIN_JAVALead\.jdks\corretto-18.0.2\bin\zip.dll
Event: 0.709 Loaded shared library C:\Users\ERIN_JAVALead\.jdks\corretto-18.0.2\bin\instrument.dll
Event: 0.723 Loaded shared library C:\Users\ERIN_JAVALead\.jdks\corretto-18.0.2\bin\net.dll
Event: 0.727 Loaded shared library C:\Users\ERIN_JAVALead\.jdks\corretto-18.0.2\bin\nio.dll
Event: 0.734 Loaded shared library C:\Users\ERIN_JAVALead\.jdks\corretto-18.0.2\bin\zip.dll
Event: 1.046 Loaded shared library C:\Program Files\JetBrains\IntelliJ IDEA Community Edition 2021.3.3\bin\breakgen64.dll
Event: 1.047 Thread 0x000001c7263fe560 Thread added: 0x000001c7263fe560
Event: 1.048 Thread 0x000001c7263fea20 Thread added: 0x000001c7263fea20
Event: 1.427 Loaded shared library C:\Users\ERIN_JAVALead\.jdks\corretto-18.0.2\bin\jimage.dll
Event: 6.397 Loaded shared library C:\Users\ERIN_JAVALead\.jdks\corretto-18.0.2\bin\management.dll
Event: 6.411 Loaded shared library C:\Users\ERIN_JAVALead\.jdks\corretto-18.0.2\bin\management_ext.dll
Event: 6.753 Thread 0x000001c7266f6b10 Thread added: 0x000001c7266f6b10
Event: 6.763 Thread 0x000001c7266ac130 Thread added: 0x000001c7266ac130
Event: 12.132 Thread 0x000001c726aaed20 Thread added: 0x000001c726aaed20
Event: 16.176 Thread 0x000001c726bf1fd0 Thread added: 0x000001c726bf1fd0
Event: 16.230 Loaded shared library C:\Users\ERIN_JAVALead\.jdks\corretto-18.0.2\bin\sunmscapi.dll
Event: 17.260 Thread 0x000001c726aaed20 Thread exited: 0x000001c726aaed20
Event: 18.973 Thread 0x000001c726bf1fd0 Thread exited: 0x000001c726bf1fd0


Dynamic libraries:
0x00007ff7bbcd0000 - 0x00007ff7bbcdd000 	C:\Users\ERIN_JAVALead\.jdks\corretto-18.0.2\bin\java.exe
0x00007ffd3bff0000 - 0x00007ffd3c1e8000 	C:\WINDOWS\SYSTEM32\ntdll.dll
0x00007ffd3a0b0000 - 0x00007ffd3a16d000 	C:\WINDOWS\System32\KERNEL32.DLL
0x00007ffd39c10000 - 0x00007ffd39f06000 	C:\WINDOWS\System32\KERNELBASE.dll
0x00007ffd397d0000 - 0x00007ffd398d0000 	C:\WINDOWS\System32\ucrtbase.dll
0x00007ffd157a0000 - 0x00007ffd157b7000 	C:\Users\ERIN_JAVALead\.jdks\corretto-18.0.2\bin\jli.dll
0x00007ffd13ea0000 - 0x00007ffd13eb5000 	C:\Users\ERIN_JAVALead\.jdks\corretto-18.0.2\bin\VCRUNTIME140.dll
0x00007ffd3b8d0000 - 0x00007ffd3ba6e000 	C:\WINDOWS\System32\USER32.dll
0x00007ffd39b50000 - 0x00007ffd39b72000 	C:\WINDOWS\System32\win32u.dll
0x00007ffd3b6e0000 - 0x00007ffd3b70b000 	C:\WINDOWS\System32\GDI32.dll
0x00007ffd39a30000 - 0x00007ffd39b47000 	C:\WINDOWS\System32\gdi32full.dll
0x00007ffd396c0000 - 0x00007ffd3975d000 	C:\WINDOWS\System32\msvcp_win.dll
0x00007ffd250c0000 - 0x00007ffd2535a000 	C:\WINDOWS\WinSxS\amd64_microsoft.windows.common-controls_6595b64144ccf1df_6.0.19041.3636_none_60b6a03d71f818d5\COMCTL32.dll
0x00007ffd3aad0000 - 0x00007ffd3ab6e000 	C:\WINDOWS\System32\msvcrt.dll
0x00007ffd3b710000 - 0x00007ffd3b742000 	C:\WINDOWS\System32\IMM32.DLL
0x00007ffd11d90000 - 0x00007ffd11e2b000 	C:\Users\ERIN_JAVALead\.jdks\corretto-18.0.2\bin\msvcp140.dll
0x00007ffcf1bf0000 - 0x00007ffcf2861000 	C:\Users\ERIN_JAVALead\.jdks\corretto-18.0.2\bin\server\jvm.dll
0x00007ffd3bed0000 - 0x00007ffd3bf80000 	C:\WINDOWS\System32\ADVAPI32.dll
0x00007ffd3a180000 - 0x00007ffd3a220000 	C:\WINDOWS\System32\sechost.dll
0x00007ffd3bba0000 - 0x00007ffd3bcc5000 	C:\WINDOWS\System32\RPCRT4.dll
0x00007ffd39fc0000 - 0x00007ffd39fe7000 	C:\WINDOWS\System32\bcrypt.dll
0x00007ffd3a170000 - 0x00007ffd3a178000 	C:\WINDOWS\System32\PSAPI.DLL
0x00007ffd350b0000 - 0x00007ffd350b9000 	C:\WINDOWS\SYSTEM32\WSOCK32.dll
0x00007ffd1b0a0000 - 0x00007ffd1b0c7000 	C:\WINDOWS\SYSTEM32\WINMM.dll
0x00007ffd3be60000 - 0x00007ffd3becb000 	C:\WINDOWS\System32\WS2_32.dll
0x00007ffd33d10000 - 0x00007ffd33d1a000 	C:\WINDOWS\SYSTEM32\VERSION.dll
0x00007ffd374e0000 - 0x00007ffd374f2000 	C:\WINDOWS\SYSTEM32\kernel.appcore.dll
0x00007ffd23cb0000 - 0x00007ffd23cba000 	C:\Users\ERIN_JAVALead\.jdks\corretto-18.0.2\bin\jimage.dll
0x00007ffd138b0000 - 0x00007ffd13a94000 	C:\WINDOWS\SYSTEM32\DBGHELP.DLL
0x00007ffd13870000 - 0x00007ffd138a4000 	C:\WINDOWS\SYSTEM32\dbgcore.DLL
0x00007ffd39b80000 - 0x00007ffd39c02000 	C:\WINDOWS\System32\bcryptPrimitives.dll
0x00007ffd16530000 - 0x00007ffd1653e000 	C:\Users\ERIN_JAVALead\.jdks\corretto-18.0.2\bin\instrument.dll
0x00007ffd11860000 - 0x00007ffd11885000 	C:\Users\ERIN_JAVALead\.jdks\corretto-18.0.2\bin\java.dll
0x00007ffd112d0000 - 0x00007ffd113a6000 	C:\Users\ERIN_JAVALead\.jdks\corretto-18.0.2\bin\jsvml.dll
0x00007ffd3a220000 - 0x00007ffd3a98b000 	C:\WINDOWS\System32\SHELL32.dll
0x00007ffd376e0000 - 0x00007ffd37e7e000 	C:\WINDOWS\SYSTEM32\windows.storage.dll
0x00007ffd3b380000 - 0x00007ffd3b6d3000 	C:\WINDOWS\System32\combase.dll
0x00007ffd38ef0000 - 0x00007ffd38f1e000 	C:\WINDOWS\SYSTEM32\Wldp.dll
0x00007ffd3b750000 - 0x00007ffd3b81d000 	C:\WINDOWS\System32\OLEAUT32.dll
0x00007ffd3b2d0000 - 0x00007ffd3b37d000 	C:\WINDOWS\System32\SHCORE.dll
0x00007ffd3bcd0000 - 0x00007ffd3bd25000 	C:\WINDOWS\System32\shlwapi.dll
0x00007ffd395a0000 - 0x00007ffd395c5000 	C:\WINDOWS\SYSTEM32\profapi.dll
0x00007ffd11820000 - 0x00007ffd11838000 	C:\Users\ERIN_JAVALead\.jdks\corretto-18.0.2\bin\zip.dll
0x00007ffd13e30000 - 0x00007ffd13e43000 	C:\Users\ERIN_JAVALead\.jdks\corretto-18.0.2\bin\net.dll
0x00007ffd330b0000 - 0x00007ffd331ba000 	C:\WINDOWS\SYSTEM32\WINHTTP.dll
0x00007ffd38cd0000 - 0x00007ffd38d3a000 	C:\WINDOWS\system32\mswsock.dll
0x00007ffd11840000 - 0x00007ffd11855000 	C:\Users\ERIN_JAVALead\.jdks\corretto-18.0.2\bin\nio.dll
0x00007ffd112b0000 - 0x00007ffd112ca000 	C:\Program Files\JetBrains\IntelliJ IDEA Community Edition 2021.3.3\bin\breakgen64.dll
0x00007ffd14480000 - 0x00007ffd14489000 	C:\Users\ERIN_JAVALead\.jdks\corretto-18.0.2\bin\management.dll
0x00007ffd14360000 - 0x00007ffd1436b000 	C:\Users\ERIN_JAVALead\.jdks\corretto-18.0.2\bin\management_ext.dll
0x00007ffd13130000 - 0x00007ffd1313e000 	C:\Users\ERIN_JAVALead\.jdks\corretto-18.0.2\bin\sunmscapi.dll
0x00007ffd398d0000 - 0x00007ffd39a2d000 	C:\WINDOWS\System32\CRYPT32.dll
0x00007ffd39040000 - 0x00007ffd39068000 	C:\WINDOWS\SYSTEM32\ncrypt.dll
0x00007ffd39000000 - 0x00007ffd3903b000 	C:\WINDOWS\SYSTEM32\NTASN1.dll

dbghelp: loaded successfully - version: 4.0.5 - missing functions: none
symbol engine: initialized successfully - sym options: 0x614 - pdb path: .;C:\Users\ERIN_JAVALead\.jdks\corretto-18.0.2\bin;C:\WINDOWS\SYSTEM32;C:\WINDOWS\WinSxS\amd64_microsoft.windows.common-controls_6595b64144ccf1df_6.0.19041.3636_none_60b6a03d71f818d5;C:\Users\ERIN_JAVALead\.jdks\corretto-18.0.2\bin\server;C:\Program Files\JetBrains\IntelliJ IDEA Community Edition 2021.3.3\bin

VM Arguments:
jvm_args: -javaagent:C:\Program Files\JetBrains\IntelliJ IDEA Community Edition 2021.3.3\lib\idea_rt.jar=49424:C:\Program Files\JetBrains\IntelliJ IDEA Community Edition 2021.3.3\bin -Dfile.encoding=UTF-8 
java_command: com.verise.veganapp.VeriseApplication
java_class_path (initial): C:\Users\ERIN_JAVALead\Downloads\verise\verise\target\classes;C:\Users\ERIN_JAVALead\.m2\repository\org\springframework\boot\spring-boot-starter-web\3.2.4\spring-boot-starter-web-3.2.4.jar;C:\Users\ERIN_JAVALead\.m2\repository\org\springframework\boot\spring-boot-starter\3.2.4\spring-boot-starter-3.2.4.jar;C:\Users\ERIN_JAVALead\.m2\repository\org\springframework\boot\spring-boot-starter-logging\3.2.4\spring-boot-starter-logging-3.2.4.jar;C:\Users\ERIN_JAVALead\.m2\repository\ch\qos\logback\logback-classic\1.4.14\logback-classic-1.4.14.jar;C:\Users\ERIN_JAVALead\.m2\repository\ch\qos\logback\logback-core\1.4.14\logback-core-1.4.14.jar;C:\Users\ERIN_JAVALead\.m2\repository\org\apache\logging\log4j\log4j-to-slf4j\2.21.1\log4j-to-slf4j-2.21.1.jar;C:\Users\ERIN_JAVALead\.m2\repository\org\apache\logging\log4j\log4j-api\2.21.1\log4j-api-2.21.1.jar;C:\Users\ERIN_JAVALead\.m2\repository\org\slf4j\jul-to-slf4j\2.0.12\jul-to-slf4j-2.0.12.jar;C:\Users\ERIN_JAVALead\.m2\repository\jakarta\annotation\jakarta.annotation-api\2.1.1\jakarta.annotation-api-2.1.1.jar;C:\Users\ERIN_JAVALead\.m2\repository\org\yaml\snakeyaml\2.2\snakeyaml-2.2.jar;C:\Users\ERIN_JAVALead\.m2\repository\org\springframework\boot\spring-boot-starter-json\3.2.4\spring-boot-starter-json-3.2.4.jar;C:\Users\ERIN_JAVALead\.m2\repository\com\fasterxml\jackson\core\jackson-databind\2.15.4\jackson-databind-2.15.4.jar;C:\Users\ERIN_JAVALead\.m2\repository\com\fasterxml\jackson\core\jackson-annotations\2.15.4\jackson-annotations-2.15.4.jar;C:\Users\ERIN_JAVALead\.m2\repository\com\fasterxml\jackson\core\jackson-core\2.15.4\jackson-core-2.15.4.jar;C:\Users\ERIN_JAVALead\.m2\repository\com\fasterxml\jackson\datatype\jackson-datatype-jdk8\2.15.4\jackson-datatype-jdk8-2.15.4.jar;C:\Users\ERIN_JAVALead\.m2\repository\com\fasterxml\jackson\datatype\jackson-datatype-jsr310\2.15.4\jackson-datatype-jsr310-2.15.4.jar;C:\Users\ERIN_JAVALead\.m2\repository\com\fasterxml\jackson\module\jackson-module-parameter-names\2.15.4\jackson-module-parameter-names-2.15.4.jar;C:\Users\ERIN_JAVALead\.m2\repository\org\springframework\boot\spring-boot-starter-tomcat\3.2.4\spring-boot-starter-tomcat-3.2.4.jar;C:\Users\ERIN_JAVALead\.m2\repository\org\apache\tomcat\embed\tomcat-embed-core\10.1.19\tomcat-embed-core-10.1.19.jar;C:\Users\ERIN_JAVALead\.m2\repository\org\apache\tomcat\embed\tomcat-embed-el\10.1.19\tomcat-embed-el-10.1.19.jar;C:\Users\ERIN_JAVALead\.m2\repository\org\apache\tomcat\embed\tomcat-embed-websocket\10.1.19\tomcat-embed-websocket-10.1.19.jar;C:\Users\ERIN_JAVALead\.m2\repository\org\springframework\spring-web\6.1.5\spring-web-6.1.5.jar;C:\Users\ERIN_JAVALead\.m2\repository\org\springframework\spring-beans\6.1.5\spring-beans-6.1.5.jar;C:\Users\ERIN_JAVALead\.m2\repository\io\micrometer\micrometer-observation\1.12.4\micrometer-observation-1.12.4.jar;C:\Users\ERIN_JAVALead\.m2\repository\io\micrometer\micrometer-commons\1.12.4\micrometer-commons-1.12.4.jar;C:\Users\ERIN_JAVALead\.m2\repository\org\springframework\spring-webmvc\6.1.5\spring-webmvc-6.1.5.jar;C:\Users\ERIN_JAVALead\.m2\repository\org\springframework\spring-aop\6.1.5\spring-aop-6.1.5.jar;C:\Users\ERIN_JAVALead\.m2\repository\org\springframework\spring-context\6.1.5\spring-context-6.1.5.jar;C:\Users\ERIN_JAVALead\.m2\repository\org\springframework\spring-expression\6.1.5\spring-expression-6.1.5.jar;C:\Users\ERIN_JAVALead\.m2\repository\org\springframework\boot\spring-boot-devtools\3.2.4\spring-boot-devtools-3.2.4.jar;C:\Users\ERIN_JAVALead\.m2\repository\org\springframework\boot\spring-boot\3.2.4\spring-boot-3.2.4.jar;C:\Users\ERIN_JAVALead\.m2\repository\org\springframework\boot\spring-boot-autoconfigure\3.2.4\spring-boot-autoconfigure-3.2.4.jar;C:\Users\ERIN_JAVALead\.m2\repository\org\projectlombok\lombok\1.18.30\lombok-1.18.30.jar;C:\Users\ERIN_JAVALead\.m2\repository\org\slf4j\slf4j-api\2.0.12\slf4j-api-2.0.12.jar;C:\Users\ERIN_JAVALead\.m2\repository\jakarta\xml\bind\jakarta.xml.bind-api\4.0.2\jakarta.xml.bind-api-4.0.2.jar;C:\Users\ERIN_JAVALead\.m2\repository\jakarta\activation\jakarta.activation-api\2.1.3\jakarta.activation-api-2.1.3.jar;C:\Users\ERIN_JAVALead\.m2\repository\net\bytebuddy\byte-buddy\1.14.12\byte-buddy-1.14.12.jar;C:\Users\ERIN_JAVALead\.m2\repository\org\springframework\spring-core\6.1.5\spring-core-6.1.5.jar;C:\Users\ERIN_JAVALead\.m2\repository\org\springframework\spring-jcl\6.1.5\spring-jcl-6.1.5.jar;C:\Users\ERIN_JAVALead\.m2\repository\org\springframework\boot\spring-boot-starter-data-jpa\3.2.4\spring-boot-starter-data-jpa-3.2.4.jar;C:\Users\ERIN_JAVALead\.m2\repository\org\springframework\boot\spring-boot-starter-aop\3.2.4\spring-boot-starter-aop-3.2.4.jar;C:\Users\ERIN_JAVALead\.m2\repository\org\aspectj\aspectjweaver\1.9.21\aspectjweaver-1.9.21.jar;C:\Users\ERIN_JAVALead\.m2\repository\org\springframework\boot\spring-boot-starter-jdbc\3.2.4\spring-boot-starter-jdbc-3.2.4.jar;C:\Users\ERIN_JAVALead\.m2\repository\com\zaxxer\HikariCP\5.0.1\HikariCP-5.0.1.jar;C:\Users\ERIN_JAVALead\.m2\repository\org\springframework\spring-jdbc\6.1.5\spring-jdbc-6.1.5.jar;C:\Users\ERIN_JAVALead\.m2\repository\org\hibernate\orm\hibernate-core\6.4.4.Final\hibernate-core-6.4.4.Final.jar;C:\Users\ERIN_JAVALead\.m2\repository\jakarta\persistence\jakarta.persistence-api\3.1.0\jakarta.persistence-api-3.1.0.jar;C:\Users\ERIN_JAVALead\.m2\repository\jakarta\transaction\jakarta.transaction-api\2.0.1\jakarta.transaction-api-2.0.1.jar;C:\Users\ERIN_JAVALead\.m2\repository\org\jboss\logging\jboss-logging\3.5.3.Final\jboss-logging-3.5.3.Final.jar;C:\Users\ERIN_JAVALead\.m2\repository\org\hibernate\common\hibernate-commons-annotations\6.0.6.Final\hibernate-commons-annotations-6.0.6.Final.jar;C:\Users\ERIN_JAVALead\.m2\repository\io\smallrye\jandex\3.1.2\jandex-3.1.2.jar;C:\Users\ERIN_JAVALead\.m2\repository\com\fasterxml\classmate\1.6.0\classmate-1.6.0.jar;C:\Users\ERIN_JAVALead\.m2\repository\org\glassfish\jaxb\jaxb-runtime\4.0.5\jaxb-runtime-4.0.5.jar;C:\Users\ERIN_JAVALead\.m2\repository\org\glassfish\jaxb\jaxb-core\4.0.5\jaxb-core-4.0.5.jar;C:\Users\ERIN_JAVALead\.m2\repository\org\eclipse\angus\angus-activation\2.0.2\angus-activation-2.0.2.jar;C:\Users\ERIN_JAVALead\.m2\repository\org\glassfish\jaxb\txw2\4.0.5\txw2-4.0.5.jar;C:\Users\ERIN_JAVALead\.m2\repository\com\sun\istack\istack-commons-runtime\4.1.2\istack-commons-runtime-4.1.2.jar;C:\Users\ERIN_JAVALead\.m2\repository\jakarta\inject\jakarta.inject-api\2.0.1\jakarta.inject-api-2.0.1.jar;C:\Users\ERIN_JAVALead\.m2\repository\org\antlr\antlr4-runtime\4.13.0\antlr4-runtime-4.13.0.jar;C:\Users\ERIN_JAVALead\.m2\repository\org\springframework\data\spring-data-jpa\3.2.4\spring-data-jpa-3.2.4.jar;C:\Users\ERIN_JAVALead\.m2\repository\org\springframework\data\spring-data-commons\3.2.4\spring-data-commons-3.2.4.jar;C:\Users\ERIN_JAVALead\.m2\repository\org\springframework\spring-orm\6.1.5\spring-orm-6.1.5.jar;C:\Users\ERIN_JAVALead\.m2\repository\org\springframework\spring-tx\6.1.5\spring-tx-6.1.5.jar;C:\Users\ERIN_JAVALead\.m2\repository\org\springframework\spring-aspects\6.1.5\spring-aspects-6.1.5.jar;C:\Users\ERIN_JAVALead\.m2\repository\com\microsoft\sqlserver\mssql-jdbc\12.4.2.jre11\mssql-jdbc-12.4.2.jre11.jar
Launcher Type: SUN_STANDARD

[Global flags]
     intx CICompilerCount                          = 3                                         {product} {ergonomic}
     uint ConcGCThreads                            = 1                                         {product} {ergonomic}
     uint G1ConcRefinementThreads                  = 4                                         {product} {ergonomic}
   size_t G1HeapRegionSize                         = 1048576                                   {product} {ergonomic}
    uintx GCDrainStackTargetSize                   = 64                                        {product} {ergonomic}
   size_t InitialHeapSize                          = 67108864                                  {product} {ergonomic}
   size_t MarkStackSize                            = 4194304                                   {product} {ergonomic}
   size_t MaxHeapSize                              = 1052770304                                {product} {ergonomic}
   size_t MaxNewSize                               = 631242752                                 {product} {ergonomic}
   size_t MinHeapDeltaBytes                        = 1048576                                   {product} {ergonomic}
   size_t MinHeapSize                              = 8388608                                   {product} {ergonomic}
    uintx NonNMethodCodeHeapSize                   = 5832780                                {pd product} {ergonomic}
    uintx NonProfiledCodeHeapSize                  = 122912730                              {pd product} {ergonomic}
    uintx ProfiledCodeHeapSize                     = 122912730                              {pd product} {ergonomic}
    uintx ReservedCodeCacheSize                    = 251658240                              {pd product} {ergonomic}
     bool SegmentedCodeCache                       = true                                      {product} {ergonomic}
   size_t SoftMaxHeapSize                          = 1052770304                             {manageable} {ergonomic}
     bool UseCompressedClassPointers               = true                           {product lp64_product} {ergonomic}
     bool UseCompressedOops                        = true                           {product lp64_product} {ergonomic}
     bool UseG1GC                                  = true                                      {product} {ergonomic}
     bool UseLargePagesIndividualAllocation        = false                                  {pd product} {ergonomic}

Logging:
Log output configuration:
 #0: stdout all=warning uptime,level,tags foldmultilines=false
 #1: stderr all=off uptime,level,tags foldmultilines=false

Environment Variables:
JAVA_HOME=C:\Program Files\Java\jdk1.8.0_202
PATH=C:\Program Files (x86)\Common Files\Oracle\Java\javapath;C:\WINDOWS\system32;C:\WINDOWS;C:\WINDOWS\System32\Wbem;C:\WINDOWS\System32\WindowsPowerShell\v1.0\;C:\WINDOWS\System32\OpenSSH\;C:\Program Files (x86)\nodejs\;C:\Program Files (x86)\nodejs\npm;C:\Users\ERIN_JAVALead\AppData\Roaming\npm;C:\Program Files\Git\cmd;C:\Program Files (x86)\dotnet\;C:\Program Files (x86)\Microsoft SQL Server\160\DTS\Binn\;C:\Program Files\Azure Data Studio\bin;C:\Program Files (x86)\Microsoft SQL Server\160\Tools\Binn\;C:\Program Files\Microsoft SQL Server\160\Tools\Binn\;C:\Program Files\Microsoft SQL Server\Client SDK\ODBC\170\Tools\Binn\;C:\Program Files\Microsoft SQL Server\160\DTS\Binn\;C:\Program Files\Java\jdk1.8.0_202\bin;C:\Program Files\Java\jdk1.8.0_202\jre\bin;C:\kafkasrc\bin\windows;C:\Program Files\Docker\Docker\resources\bin;C:\Program Files\Docker\Docker;C:\Users\ERIN_JAVALead\AppData\Local\Microsoft\WindowsApps;;C:\Users\ERIN_JAVALead\AppData\Local\Programs\Microsoft VS Code\bin;C:\Users\ERIN_JAVALead\AppData\Roaming\npm;C:\Program Files\Azure Data Studio\bin
USERNAME=ERIN_JAVALead
OS=Windows_NT
PROCESSOR_IDENTIFIER=Intel64 Family 6 Model 78 Stepping 3, GenuineIntel



---------------  S Y S T E M  ---------------

OS:
 Windows 10 , 64 bit Build 19041 (10.0.19041.3636)
OS uptime: 0 days 10:31 hours
Hyper-V role detected

CPU: total 4 (initial active 4) (2 cores per cpu, 2 threads per core) family 6 model 78 stepping 3 microcode 0xcc, cx8, cmov, fxsr, ht, mmx, 3dnowpref, sse, sse2, sse3, ssse3, sse4.1, sse4.2, popcnt, lzcnt, tsc, tscinvbit, avx, avx2, aes, erms, clmul, bmi1, bmi2, adx, fma, vzeroupper, clflush, clflushopt, hv

Memory: 4k page, system-wide physical 4012M (275M free)
TotalPageFile size 6060M (AvailPageFile size 0M)
current process WorkingSet (physical memory assigned to process): 113M, peak: 113M
current process commit charge ("private bytes"): 176M, peak: 178M

vm_info: OpenJDK 64-Bit Server VM (18.0.2+9-FR) for windows-amd64 JRE (18.0.2+9-FR), built on Jul 15 2022 20:03:03 by "Administrator" with MS VC++ 15.9 (VS2017)

END.
