#
# There is insufficient memory for the Java Runtime Environment to continue.
# Native memory allocation (mmap) failed to map 65536 bytes for Failed to commit metaspace.
# Possible reasons:
#   The system is out of physical RAM or swap space
#   The process is running with CompressedOops enabled, and the Java Heap may be blocking the growth of the native heap
# Possible solutions:
#   Reduce memory load on the system
#   Increase physical memory or swap space
#   Check if swap backing store is full
#   Decrease Java heap size (-Xmx/-Xms)
#   Decrease number of Java threads
#   Decrease Java thread stack sizes (-Xss)
#   Set larger code cache with -XX:ReservedCodeCacheSize=
#   JVM is running with Unscaled Compressed Oops mode in which the Java heap is
#     placed in the first 4GB address space. The Java Heap base address is the
#     maximum limit for the native heap growth. Please use -XX:HeapBaseMinAddress
#     to set the Java Heap base and to place the Java Heap above 4GB virtual address.
# This output file may be truncated or incomplete.
#
#  Out of Memory Error (virtualSpaceNode.cpp:110), pid=10028, tid=13464
#
# JRE version: OpenJDK Runtime Environment Corretto-18.0.2.9.1 (18.0.2+9) (build 18.0.2+9-FR)
# Java VM: OpenJDK 64-Bit Server VM Corretto-18.0.2.9.1 (18.0.2+9-FR, mixed mode, sharing, tiered, compressed oops, compressed class ptrs, g1 gc, windows-amd64)
# No core dump will be written. Minidumps are not enabled by default on client versions of Windows
#

---------------  S U M M A R Y ------------

Command Line: -javaagent:C:\Program Files\JetBrains\IntelliJ IDEA Community Edition 2021.3.3\lib\idea_rt.jar=49271:C:\Program Files\JetBrains\IntelliJ IDEA Community Edition 2021.3.3\bin -Dfile.encoding=UTF-8 com.verise.veganapp.VeriseApplication

Host: Intel(R) Core(TM) i3-6006U CPU @ 2.00GHz, 4 cores, 3G,  Windows 10 , 64 bit Build 19041 (10.0.19041.3636)
Time: Tue Apr  9 19:11:09 2024 W. Europe Daylight Time elapsed time: 31.737964 seconds (0d 0h 0m 31s)

---------------  T H R E A D  ---------------

Current thread (0x0000022aafc609c0):  JavaThread "restartedMain" [_thread_in_vm, id=13464, stack(0x0000003610d00000,0x0000003610e00000)]

Stack: [0x0000003610d00000,0x0000003610e00000]
Native frames: (J=compiled Java code, j=interpreted, Vv=VM code, C=native code)
V  [jvm.dll+0x685a2a]
V  [jvm.dll+0x82ae8d]
V  [jvm.dll+0x82c75e]
V  [jvm.dll+0x82ce03]
V  [jvm.dll+0x25ef4b]
V  [jvm.dll+0x826bdb]
V  [jvm.dll+0x62d206]
V  [jvm.dll+0x1dd6de]
V  [jvm.dll+0x62fa7e]
V  [jvm.dll+0x62f88e]
V  [jvm.dll+0x62dbc5]
V  [jvm.dll+0x6377c7]
V  [jvm.dll+0x267aa7]
V  [jvm.dll+0x268f6e]
V  [jvm.dll+0x20035a]
V  [jvm.dll+0x1ff9aa]
V  [jvm.dll+0x54c26e]
V  [jvm.dll+0x7a896f]
V  [jvm.dll+0x7a8a54]
V  [jvm.dll+0x424844]
V  [jvm.dll+0x42a218]
C  [java.dll+0x17ec]

Java frames: (J=compiled Java code, j=interpreted, Vv=VM code)
J 864  java.lang.ClassLoader.defineClass1(Ljava/lang/ClassLoader;Ljava/lang/String;[BIILjava/security/ProtectionDomain;Ljava/lang/String;)Ljava/lang/Class; java.base@18.0.2 (0 bytes) @ 0x0000022a9e638be3 [0x0000022a9e638b20+0x00000000000000c3]
J 1148 c1 java.lang.ClassLoader.defineClass(Ljava/lang/String;[BIILjava/security/ProtectionDomain;)Ljava/lang/Class; java.base@18.0.2 (43 bytes) @ 0x0000022a972c1554 [0x0000022a972c1200+0x0000000000000354]
J 871 c1 java.security.SecureClassLoader.defineClass(Ljava/lang/String;[BIILjava/security/CodeSource;)Ljava/lang/Class; java.base@18.0.2 (16 bytes) @ 0x0000022a9723ed8c [0x0000022a9723ecc0+0x00000000000000cc]
J 4416 c2 jdk.internal.loader.BuiltinClassLoader.findClassOnClassPathOrNull(Ljava/lang/String;)Ljava/lang/Class; java.base@18.0.2 (64 bytes) @ 0x0000022a9e81dae4 [0x0000022a9e81cea0+0x0000000000000c44]
J 2828 c2 jdk.internal.loader.BuiltinClassLoader.loadClassOrNull(Ljava/lang/String;Z)Ljava/lang/Class; java.base@18.0.2 (143 bytes) @ 0x0000022a9e715b08 [0x0000022a9e7153e0+0x0000000000000728]
J 735 c1 jdk.internal.loader.ClassLoaders$AppClassLoader.loadClass(Ljava/lang/String;Z)Ljava/lang/Class; java.base@18.0.2 (40 bytes) @ 0x0000022a971ebcc4 [0x0000022a971ebae0+0x00000000000001e4]
J 4704 c2 java.lang.ClassLoader.loadClass(Ljava/lang/String;)Ljava/lang/Class; java.base@18.0.2 (7 bytes) @ 0x0000022a9e83e5c0 [0x0000022a9e83e580+0x0000000000000040]
v  ~StubRoutines::call_stub
j  org.hibernate.query.internal.QueryEngineImpl.<init>(Lorg/hibernate/engine/spi/SessionFactoryImplementor;Lorg/hibernate/type/spi/TypeConfiguration;Lorg/hibernate/query/hql/HqlTranslator;Lorg/hibernate/query/sqm/sql/SqmTranslatorFactory;Lorg/hibernate/query/sqm/function/SqmFunctionRegistry;Lorg/hibernate/query/named/NamedObjectRepository;Lorg/hibernate/query/spi/QueryInterpretationCache;Lorg/hibernate/engine/query/spi/NativeQueryInterpreter;)V+53
j  org.hibernate.query.internal.QueryEngineImpl.from(Lorg/hibernate/engine/spi/SessionFactoryImplementor;Lorg/hibernate/boot/spi/MetadataImplementor;)Lorg/hibernate/query/spi/QueryEngine;+99
j  org.hibernate.internal.SessionFactoryImpl.<init>(Lorg/hibernate/boot/spi/MetadataImplementor;Lorg/hibernate/boot/spi/SessionFactoryOptions;Lorg/hibernate/boot/spi/BootstrapContext;)V+450
j  org.hibernate.boot.internal.SessionFactoryBuilderImpl.build()Lorg/hibernate/SessionFactory;+16
j  org.hibernate.jpa.boot.internal.EntityManagerFactoryBuilderImpl.build()Ljakarta/persistence/EntityManagerFactory;+22
j  org.springframework.orm.jpa.vendor.SpringHibernateJpaPersistenceProvider.createContainerEntityManagerFactory(Ljakarta/persistence/spi/PersistenceUnitInfo;Ljava/util/Map;)Ljakarta/persistence/EntityManagerFactory;+59
j  org.springframework.orm.jpa.LocalContainerEntityManagerFactoryBean.createNativeEntityManagerFactory()Ljakarta/persistence/EntityManagerFactory;+111
j  org.springframework.orm.jpa.AbstractEntityManagerFactoryBean.buildNativeEntityManagerFactory()Ljakarta/persistence/EntityManagerFactory;+1
j  org.springframework.orm.jpa.AbstractEntityManagerFactoryBean.afterPropertiesSet()V+192
j  org.springframework.orm.jpa.LocalContainerEntityManagerFactoryBean.afterPropertiesSet()V+84
j  org.springframework.beans.factory.support.AbstractAutowireCapableBeanFactory.invokeInitMethods(Ljava/lang/String;Ljava/lang/Object;Lorg/springframework/beans/factory/support/RootBeanDefinition;)V+56
j  org.springframework.beans.factory.support.AbstractAutowireCapableBeanFactory.initializeBean(Ljava/lang/String;Ljava/lang/Object;Lorg/springframework/beans/factory/support/RootBeanDefinition;)Ljava/lang/Object;+34
j  org.springframework.beans.factory.support.AbstractAutowireCapableBeanFactory.doCreateBean(Ljava/lang/String;Lorg/springframework/beans/factory/support/RootBeanDefinition;[Ljava/lang/Object;)Ljava/lang/Object;+228
j  org.springframework.beans.factory.support.AbstractAutowireCapableBeanFactory.createBean(Ljava/lang/String;Lorg/springframework/beans/factory/support/RootBeanDefinition;[Ljava/lang/Object;)Ljava/lang/Object;+153
j  org.springframework.beans.factory.support.AbstractBeanFactory.lambda$doGetBean$0(Ljava/lang/String;Lorg/springframework/beans/factory/support/RootBeanDefinition;[Ljava/lang/Object;)Ljava/lang/Object;+4
j  org.springframework.beans.factory.support.AbstractBeanFactory$$Lambda$294+0x0000000800db4bc0.getObject()Ljava/lang/Object;+16
j  org.springframework.beans.factory.support.DefaultSingletonBeanRegistry.getSingleton(Ljava/lang/String;Lorg/springframework/beans/factory/ObjectFactory;)Ljava/lang/Object;+114
J 2573 c1 org.springframework.beans.factory.support.AbstractBeanFactory.doGetBean(Ljava/lang/String;Ljava/lang/Class;[Ljava/lang/Object;Z)Ljava/lang/Object; (740 bytes) @ 0x0000022a975dff94 [0x0000022a975ddcc0+0x00000000000022d4]
j  org.springframework.beans.factory.support.AbstractBeanFactory.getBean(Ljava/lang/String;)Ljava/lang/Object;+5
j  org.springframework.context.support.AbstractApplicationContext.getBean(Ljava/lang/String;)Ljava/lang/Object;+9
j  org.springframework.context.support.AbstractApplicationContext.finishBeanFactoryInitialization(Lorg/springframework/beans/factory/config/ConfigurableListableBeanFactory;)V+106
j  org.springframework.context.support.AbstractApplicationContext.refresh()V+94
j  org.springframework.boot.web.servlet.context.ServletWebServerApplicationContext.refresh()V+1
j  org.springframework.boot.SpringApplication.refresh(Lorg/springframework/context/ConfigurableApplicationContext;)V+1
j  org.springframework.boot.SpringApplication.refreshContext(Lorg/springframework/context/ConfigurableApplicationContext;)V+16
j  org.springframework.boot.SpringApplication.run([Ljava/lang/String;)Lorg/springframework/context/ConfigurableApplicationContext;+110
j  org.springframework.boot.SpringApplication.run([Ljava/lang/Class;[Ljava/lang/String;)Lorg/springframework/context/ConfigurableApplicationContext;+9
j  org.springframework.boot.SpringApplication.run(Ljava/lang/Class;[Ljava/lang/String;)Lorg/springframework/context/ConfigurableApplicationContext;+9
j  com.verise.veganapp.VeriseApplication.main([Ljava/lang/String;)V+3
j  java.lang.invoke.LambdaForm$DMH+0x0000000800c04c00.invokeStatic(Ljava/lang/Object;Ljava/lang/Object;)V+10 java.base@18.0.2
j  java.lang.invoke.LambdaForm$MH+0x0000000800c8dc00.invoke(Ljava/lang/Object;Ljava/lang/Object;Ljava/lang/Object;)Ljava/lang/Object;+33 java.base@18.0.2
j  java.lang.invoke.Invokers$Holder.invokeExact_MT(Ljava/lang/Object;Ljava/lang/Object;Ljava/lang/Object;Ljava/lang/Object;)Ljava/lang/Object;+20 java.base@18.0.2
j  jdk.internal.reflect.DirectMethodHandleAccessor.invokeImpl(Ljava/lang/Object;[Ljava/lang/Object;)Ljava/lang/Object;+55 java.base@18.0.2
j  jdk.internal.reflect.DirectMethodHandleAccessor.invoke(Ljava/lang/Object;[Ljava/lang/Object;)Ljava/lang/Object;+23 java.base@18.0.2
j  java.lang.reflect.Method.invoke(Ljava/lang/Object;[Ljava/lang/Object;)Ljava/lang/Object;+102 java.base@18.0.2
j  org.springframework.boot.devtools.restart.RestartLauncher.run()V+47
v  ~StubRoutines::call_stub

---------------  P R O C E S S  ---------------

Threads class SMR info:
_java_thread_list=0x0000022ab1ce8f70, length=21, elements={
0x0000022a8d73def0, 0x0000022a8d7dc2f0, 0x0000022a8d7dce60, 0x0000022a8d7f5540,
0x0000022a8d7f5df0, 0x0000022a8d7f66a0, 0x0000022a8d7f6f50, 0x0000022a8d7f7b30,
0x0000022a8d7fd930, 0x0000022aaac7dab0, 0x0000022aaf0203b0, 0x0000022aaf221160,
0x0000022aaf1bee40, 0x0000022aaf700690, 0x0000022aafc609c0, 0x0000022aaf713ad0,
0x0000022aaf711920, 0x0000022aaf711df0, 0x0000022aaf712790, 0x0000022aaf712c60,
0x0000022aaf713130
}

Java Threads: ( => current thread )
  0x0000022a8d73def0 JavaThread "main" [_thread_blocked, id=5708, stack(0x000000360f400000,0x000000360f500000)]
  0x0000022a8d7dc2f0 JavaThread "Reference Handler" daemon [_thread_blocked, id=8124, stack(0x000000360fb00000,0x000000360fc00000)]
  0x0000022a8d7dce60 JavaThread "Finalizer" daemon [_thread_blocked, id=12768, stack(0x000000360fc00000,0x000000360fd00000)]
  0x0000022a8d7f5540 JavaThread "Signal Dispatcher" daemon [_thread_blocked, id=11140, stack(0x000000360fd00000,0x000000360fe00000)]
  0x0000022a8d7f5df0 JavaThread "Attach Listener" daemon [_thread_blocked, id=8864, stack(0x000000360fe00000,0x000000360ff00000)]
  0x0000022a8d7f66a0 JavaThread "Service Thread" daemon [_thread_blocked, id=4004, stack(0x000000360ff00000,0x0000003610000000)]
  0x0000022a8d7f6f50 JavaThread "Monitor Deflation Thread" daemon [_thread_blocked, id=14020, stack(0x0000003610000000,0x0000003610100000)]
  0x0000022a8d7f7b30 JavaThread "C2 CompilerThread0" daemon [_thread_in_native, id=14036, stack(0x0000003610100000,0x0000003610200000)]
  0x0000022a8d7fd930 JavaThread "C1 CompilerThread0" daemon [_thread_blocked, id=5500, stack(0x0000003610200000,0x0000003610300000)]
  0x0000022aaac7dab0 JavaThread "Sweeper thread" daemon [_thread_blocked, id=2820, stack(0x0000003610300000,0x0000003610400000)]
  0x0000022aaf0203b0 JavaThread "Common-Cleaner" daemon [_thread_blocked, id=13208, stack(0x0000003610400000,0x0000003610500000)]
  0x0000022aaf221160 JavaThread "Monitor Ctrl-Break" daemon [_thread_in_native, id=6000, stack(0x0000003610500000,0x0000003610600000)]
  0x0000022aaf1bee40 JavaThread "Notification Thread" daemon [_thread_blocked, id=14264, stack(0x0000003610600000,0x0000003610700000)]
  0x0000022aaf700690 JavaThread "Thread-0" [_thread_blocked, id=7388, stack(0x0000003610c00000,0x0000003610d00000)]
=>0x0000022aafc609c0 JavaThread "restartedMain" [_thread_in_vm, id=13464, stack(0x0000003610d00000,0x0000003610e00000)]
  0x0000022aaf713ad0 JavaThread "Catalina-utility-1" [_thread_blocked, id=12420, stack(0x0000003610e00000,0x0000003610f00000)]
  0x0000022aaf711920 JavaThread "Catalina-utility-2" [_thread_blocked, id=2188, stack(0x0000003610f00000,0x0000003611000000)]
  0x0000022aaf711df0 JavaThread "container-0" [_thread_blocked, id=13988, stack(0x0000003611000000,0x0000003611100000)]
  0x0000022aaf712790 JavaThread "mssql-jdbc-shared-timer-core-0" daemon [_thread_blocked, id=10492, stack(0x0000003611200000,0x0000003611300000)]
  0x0000022aaf712c60 JavaThread "HikariPool-1 housekeeper" daemon [_thread_blocked, id=13184, stack(0x0000003611300000,0x0000003611400000)]
  0x0000022aaf713130 JavaThread "HikariPool-1 connection adder" daemon [_thread_blocked, id=6888, stack(0x0000003611400000,0x0000003611500000)]

Other Threads:
  0x0000022a8d7d43c0 VMThread "VM Thread" [stack: 0x000000360fa00000,0x000000360fb00000] [id=8420]
  0x0000022aaf1f8cc0 WatcherThread "VM Periodic Task Thread" [stack: 0x0000003610700000,0x0000003610800000] [id=7912]
  0x0000022a8d77e830 WorkerThread "GC Thread#0" [stack: 0x000000360f500000,0x000000360f600000] [id=13172]
  0x0000022aafb86db0 WorkerThread "GC Thread#1" [stack: 0x0000003610800000,0x0000003610900000] [id=7196]
  0x0000022aafc41d30 WorkerThread "GC Thread#2" [stack: 0x0000003610900000,0x0000003610a00000] [id=6280]
  0x0000022aafd2ea20 WorkerThread "GC Thread#3" [stack: 0x0000003610a00000,0x0000003610b00000] [id=6472]
  0x0000022a8d788400 ConcurrentGCThread "G1 Main Marker" [stack: 0x000000360f600000,0x000000360f700000] [id=5912]
  0x0000022a8d788d00 WorkerThread "G1 Conc#0" [stack: 0x000000360f700000,0x000000360f800000] [id=60]
  0x0000022a8d7b0750 ConcurrentGCThread "G1 Refine#0" [stack: 0x000000360f800000,0x000000360f900000] [id=6488]
  0x0000022aafd2ecc0 ConcurrentGCThread "G1 Refine#1" [stack: 0x0000003610b00000,0x0000003610c00000] [id=9820]
  0x0000022a8d7b1710 ConcurrentGCThread "G1 Service" [stack: 0x000000360f900000,0x000000360fa00000] [id=5796]

Threads with active compile tasks:
C2 CompilerThread0    31812 4772       4       java.net.URLStreamHandler::parseURL (1124 bytes)

VM state: not at safepoint (normal execution)

VM Mutex/Monitor currently owned by a thread:  ([mutex/lock_event])
[0x0000022a8d724de0] Metaspace_lock - owner thread: 0x0000022aafc609c0

Heap address: 0x00000000c1400000, size: 1004 MB, Compressed Oops mode: 32-bit

CDS archive(s) mapped at: [0x0000000800000000-0x0000000800ba0000-0x0000000800ba0000), size 12189696, SharedBaseAddress: 0x0000000800000000, ArchiveRelocationMode: 0.
Compressed class space mapped at: 0x0000000800c00000-0x0000000840c00000, reserved size: 1073741824
Narrow klass base: 0x0000000800000000, Narrow klass shift: 0, Narrow klass range: 0x100000000

GC Precious Log:
 CardTable entry size: 512
 Card Set container configuration: InlinePtr #cards 5 size 8 Array Of Cards #cards 12 size 40 Howl #buckets 4 coarsen threshold 1843 Howl Bitmap #cards 512 size 80 coarsen threshold 460 Card regions per heap region 1 cards per card region 2048
 CPUs: 4 total, 4 available
 Memory: 4012M
 Large Page Support: Disabled
 NUMA Support: Disabled
 Compressed Oops: Enabled (32-bit)
 Heap Region Size: 1M
 Heap Min Capacity: 8M
 Heap Initial Capacity: 64M
 Heap Max Capacity: 1004M
 Pre-touch: Disabled
 Parallel Workers: 4
 Concurrent Workers: 1
 Concurrent Refinement Workers: 4
 Periodic GC: Disabled

Heap:
 garbage-first heap   total 55296K, used 25154K [0x00000000c1400000, 0x0000000100000000)
  region size 1024K, 8 young (8192K), 3 survivors (3072K)
 Metaspace       used 48269K, committed 48832K, reserved 1114112K
  class space    used 6065K, committed 6336K, reserved 1048576K

Heap Regions: E=young(eden), S=young(survivor), O=old, HS=humongous(starts), HC=humongous(continues), CS=collection set, F=free, OA=open archive, CA=closed archive, TAMS=top-at-mark-start (previous, next)
|   0|0x00000000c1400000, 0x00000000c1500000, 0x00000000c1500000|100%|HS|  |TAMS 0x00000000c1500000, 0x00000000c1400000| Complete 
|   1|0x00000000c1500000, 0x00000000c1600000, 0x00000000c1600000|100%| O|  |TAMS 0x00000000c1600000, 0x00000000c1500000| Untracked 
|   2|0x00000000c1600000, 0x00000000c1700000, 0x00000000c1700000|100%| O|  |TAMS 0x00000000c1700000, 0x00000000c1600000| Untracked 
|   3|0x00000000c1700000, 0x00000000c1800000, 0x00000000c1800000|100%| O|  |TAMS 0x00000000c1800000, 0x00000000c1700000| Untracked 
|   4|0x00000000c1800000, 0x00000000c1900000, 0x00000000c1900000|100%| O|  |TAMS 0x00000000c1900000, 0x00000000c1800000| Untracked 
|   5|0x00000000c1900000, 0x00000000c1a00000, 0x00000000c1a00000|100%| O|  |TAMS 0x00000000c1a00000, 0x00000000c1900000| Untracked 
|   6|0x00000000c1a00000, 0x00000000c1b00000, 0x00000000c1b00000|100%| O|  |TAMS 0x00000000c1b00000, 0x00000000c1a00000| Untracked 
|   7|0x00000000c1b00000, 0x00000000c1c00000, 0x00000000c1c00000|100%| O|  |TAMS 0x00000000c1c00000, 0x00000000c1b00000| Untracked 
|   8|0x00000000c1c00000, 0x00000000c1d00000, 0x00000000c1d00000|100%| O|  |TAMS 0x00000000c1d00000, 0x00000000c1c00000| Untracked 
|   9|0x00000000c1d00000, 0x00000000c1e00000, 0x00000000c1e00000|100%| O|  |TAMS 0x00000000c1e00000, 0x00000000c1d00000| Untracked 
|  10|0x00000000c1e00000, 0x00000000c1f00000, 0x00000000c1f00000|100%| O|  |TAMS 0x00000000c1f00000, 0x00000000c1e00000| Untracked 
|  11|0x00000000c1f00000, 0x00000000c2000000, 0x00000000c2000000|100%| O|  |TAMS 0x00000000c1f00000, 0x00000000c1f00000| Untracked 
|  12|0x00000000c2000000, 0x00000000c2100000, 0x00000000c2100000|100%| O|  |TAMS 0x00000000c2100000, 0x00000000c2000000| Untracked 
|  13|0x00000000c2100000, 0x00000000c2200000, 0x00000000c2200000|100%| O|  |TAMS 0x00000000c2200000, 0x00000000c2100000| Untracked 
|  14|0x00000000c2200000, 0x00000000c2300000, 0x00000000c2300000|100%| O|  |TAMS 0x00000000c2300000, 0x00000000c2200000| Untracked 
|  15|0x00000000c2300000, 0x00000000c2400000, 0x00000000c2400000|100%| O|  |TAMS 0x00000000c2400000, 0x00000000c2300000| Untracked 
|  16|0x00000000c2400000, 0x00000000c2500000, 0x00000000c2500000|100%| O|  |TAMS 0x00000000c2500000, 0x00000000c2400000| Untracked 
|  17|0x00000000c2500000, 0x00000000c2600000, 0x00000000c2600000|100%| O|  |TAMS 0x00000000c2510600, 0x00000000c2500000| Untracked 
|  18|0x00000000c2600000, 0x00000000c26e1800, 0x00000000c2700000| 88%| O|  |TAMS 0x00000000c2600000, 0x00000000c2600000| Untracked 
|  19|0x00000000c2700000, 0x00000000c2700000, 0x00000000c2800000|  0%| F|  |TAMS 0x00000000c2700000, 0x00000000c2700000| Untracked 
|  20|0x00000000c2800000, 0x00000000c2800000, 0x00000000c2900000|  0%| F|  |TAMS 0x00000000c2800000, 0x00000000c2800000| Untracked 
|  21|0x00000000c2900000, 0x00000000c2900000, 0x00000000c2a00000|  0%| F|  |TAMS 0x00000000c2900000, 0x00000000c2900000| Untracked 
|  22|0x00000000c2a00000, 0x00000000c2a00000, 0x00000000c2b00000|  0%| F|  |TAMS 0x00000000c2a00000, 0x00000000c2a00000| Untracked 
|  23|0x00000000c2b00000, 0x00000000c2b00000, 0x00000000c2c00000|  0%| F|  |TAMS 0x00000000c2b00000, 0x00000000c2b00000| Untracked 
|  24|0x00000000c2c00000, 0x00000000c2c00000, 0x00000000c2d00000|  0%| F|  |TAMS 0x00000000c2c00000, 0x00000000c2c00000| Untracked 
|  25|0x00000000c2d00000, 0x00000000c2d00000, 0x00000000c2e00000|  0%| F|  |TAMS 0x00000000c2d00000, 0x00000000c2d00000| Untracked 
|  26|0x00000000c2e00000, 0x00000000c2e00000, 0x00000000c2f00000|  0%| F|  |TAMS 0x00000000c2e00000, 0x00000000c2e00000| Untracked 
|  27|0x00000000c2f00000, 0x00000000c2faf108, 0x00000000c3000000| 68%| S|CS|TAMS 0x00000000c2f00000, 0x00000000c2f00000| Complete 
|  28|0x00000000c3000000, 0x00000000c3000000, 0x00000000c3100000|  0%| F|  |TAMS 0x00000000c3000000, 0x00000000c3000000| Untracked 
|  29|0x00000000c3100000, 0x00000000c3100000, 0x00000000c3200000|  0%| F|  |TAMS 0x00000000c3100000, 0x00000000c3100000| Untracked 
|  30|0x00000000c3200000, 0x00000000c3200000, 0x00000000c3300000|  0%| F|  |TAMS 0x00000000c3200000, 0x00000000c3200000| Untracked 
|  31|0x00000000c3300000, 0x00000000c3400000, 0x00000000c3400000|100%| S|CS|TAMS 0x00000000c3300000, 0x00000000c3300000| Complete 
|  32|0x00000000c3400000, 0x00000000c3500000, 0x00000000c3500000|100%| S|CS|TAMS 0x00000000c3400000, 0x00000000c3400000| Complete 
|  33|0x00000000c3500000, 0x00000000c3500000, 0x00000000c3600000|  0%| F|  |TAMS 0x00000000c3500000, 0x00000000c3500000| Untracked 
|  34|0x00000000c3600000, 0x00000000c3600000, 0x00000000c3700000|  0%| F|  |TAMS 0x00000000c3600000, 0x00000000c3600000| Untracked 
|  35|0x00000000c3700000, 0x00000000c3700000, 0x00000000c3800000|  0%| F|  |TAMS 0x00000000c3700000, 0x00000000c3700000| Untracked 
|  36|0x00000000c3800000, 0x00000000c3800000, 0x00000000c3900000|  0%| F|  |TAMS 0x00000000c3800000, 0x00000000c3800000| Untracked 
|  37|0x00000000c3900000, 0x00000000c3900000, 0x00000000c3a00000|  0%| F|  |TAMS 0x00000000c3900000, 0x00000000c3900000| Untracked 
|  38|0x00000000c3a00000, 0x00000000c3a00000, 0x00000000c3b00000|  0%| F|  |TAMS 0x00000000c3a00000, 0x00000000c3a00000| Untracked 
|  39|0x00000000c3b00000, 0x00000000c3b00000, 0x00000000c3c00000|  0%| F|  |TAMS 0x00000000c3b00000, 0x00000000c3b00000| Untracked 
|  40|0x00000000c3c00000, 0x00000000c3c00000, 0x00000000c3d00000|  0%| F|  |TAMS 0x00000000c3c00000, 0x00000000c3c00000| Untracked 
|  41|0x00000000c3d00000, 0x00000000c3d00000, 0x00000000c3e00000|  0%| F|  |TAMS 0x00000000c3d00000, 0x00000000c3d00000| Untracked 
|  42|0x00000000c3e00000, 0x00000000c3e00000, 0x00000000c3f00000|  0%| F|  |TAMS 0x00000000c3e00000, 0x00000000c3e00000| Untracked 
|  43|0x00000000c3f00000, 0x00000000c3f00000, 0x00000000c4000000|  0%| F|  |TAMS 0x00000000c3f00000, 0x00000000c3f00000| Untracked 
|  44|0x00000000c4000000, 0x00000000c4000000, 0x00000000c4100000|  0%| F|  |TAMS 0x00000000c4000000, 0x00000000c4000000| Untracked 
|  45|0x00000000c4100000, 0x00000000c4100000, 0x00000000c4200000|  0%| F|  |TAMS 0x00000000c4100000, 0x00000000c4100000| Untracked 
|  46|0x00000000c4200000, 0x00000000c4200000, 0x00000000c4300000|  0%| F|  |TAMS 0x00000000c4200000, 0x00000000c4200000| Untracked 
|  47|0x00000000c4300000, 0x00000000c4300000, 0x00000000c4400000|  0%| F|  |TAMS 0x00000000c4300000, 0x00000000c4300000| Untracked 
|  48|0x00000000c4400000, 0x00000000c4400000, 0x00000000c4500000|  0%| F|  |TAMS 0x00000000c4400000, 0x00000000c4400000| Untracked 
|  49|0x00000000c4500000, 0x00000000c4584a80, 0x00000000c4600000| 51%| E|  |TAMS 0x00000000c4500000, 0x00000000c4500000| Complete 
|  50|0x00000000c4600000, 0x00000000c46c7c30, 0x00000000c4700000| 78%| E|  |TAMS 0x00000000c4600000, 0x00000000c4600000| Complete 
|  51|0x00000000c4700000, 0x00000000c4800000, 0x00000000c4800000|100%| E|CS|TAMS 0x00000000c4700000, 0x00000000c4700000| Complete 
|  52|0x00000000c4800000, 0x00000000c4900000, 0x00000000c4900000|100%| E|CS|TAMS 0x00000000c4800000, 0x00000000c4800000| Complete 
|  63|0x00000000c5300000, 0x00000000c5400000, 0x00000000c5400000|100%| E|CS|TAMS 0x00000000c5300000, 0x00000000c5300000| Complete 

Card table byte_map: [0x0000022aa6340000,0x0000022aa6540000] _byte_map_base: 0x0000022aa5d36000

Marking Bits (Prev, Next): (CMBitMap*) 0x0000022a8d77fd50, (CMBitMap*) 0x0000022a8d77fd90
 Prev Bits: [0x0000022aa6740000, 0x0000022aa76f0000)
 Next Bits: [0x0000022aa76f0000, 0x0000022aa86a0000)

Polling page: 0x0000022a8d5f0000

Metaspace:

Usage:
  Non-class:     41.22 MB used.
      Class:      5.92 MB used.
       Both:     47.14 MB used.

Virtual space:
  Non-class space:       64.00 MB reserved,      41.50 MB ( 65%) committed,  1 nodes.
      Class space:        1.00 GB reserved,       6.19 MB ( <1%) committed,  1 nodes.
             Both:        1.06 GB reserved,      47.69 MB (  4%) committed. 

Chunk freelists:
   Non-Class:  2.23 MB
       Class:  1.78 MB
        Both:  4.02 MB

MaxMetaspaceSize: unlimited
CompressedClassSpaceSize: 1.00 GB
Initial GC threshold: 21.00 MB
Current GC threshold: 59.19 MB
CDS: on
MetaspaceReclaimPolicy: balanced
 - commit_granule_bytes: 65536.
 - commit_granule_words: 8192.
 - virtual_space_node_default_size: 8388608.
 - enlarge_chunks_in_place: 1.
 - new_chunks_are_fully_committed: 0.
 - uncommit_free_chunks: 1.
 - use_allocation_guard: 0.


Internal statistics:

num_allocs_failed_limit: 9.
num_arena_births: 730.
num_arena_deaths: 0.
num_vsnodes_births: 2.
num_vsnodes_deaths: 0.
num_space_committed: 763.
num_space_uncommitted: 0.
num_chunks_returned_to_freelist: 9.
num_chunks_taken_from_freelist: 2312.
num_chunk_merges: 9.
num_chunk_splits: 1669.
num_chunks_enlarged: 1293.
num_inconsistent_stats: 0.

CodeHeap 'non-profiled nmethods': size=120000Kb used=2463Kb max_used=2463Kb free=117537Kb
 bounds [0x0000022a9e5f0000, 0x0000022a9e860000, 0x0000022aa5b20000]
CodeHeap 'profiled nmethods': size=120000Kb used=9985Kb max_used=9985Kb free=110014Kb
 bounds [0x0000022a970c0000, 0x0000022a97a90000, 0x0000022a9e5f0000]
CodeHeap 'non-nmethods': size=5760Kb used=1322Kb max_used=1360Kb free=4438Kb
 bounds [0x0000022a96b20000, 0x0000022a96d90000, 0x0000022a970c0000]
 total_blobs=5359 nmethods=4724 adapters=547
 compilation: enabled
              stopped_count=0, restarted_count=0
 full_count=0

Compilation events (20 events):
Event: 31.474 Thread 0x0000022a8d7fd930 4773       3       java.util.jar.JarFile::getManEntry (39 bytes)
Event: 31.474 Thread 0x0000022a8d7fd930 nmethod 4773 0x0000022a97a7c890 code [0x0000022a97a7ca60, 0x0000022a97a7ce38]
Event: 31.504 Thread 0x0000022a8d7fd930 4775       3       java.lang.ClassLoader::getResources (55 bytes)
Event: 31.505 Thread 0x0000022a8d7fd930 nmethod 4775 0x0000022a97a7cf90 code [0x0000022a97a7d1e0, 0x0000022a97a7de98]
Event: 31.516 Thread 0x0000022a8d7f7b30 nmethod 4767 0x0000022a9e84e290 code [0x0000022a9e84e580, 0x0000022a9e850880]
Event: 31.516 Thread 0x0000022a8d7f7b30 4774   !   4       java.util.jar.Attributes::read (494 bytes)
Event: 31.560 Thread 0x0000022a8d7fd930 4778       3       java.lang.invoke.LambdaForm::arguments (47 bytes)
Event: 31.561 Thread 0x0000022a8d7fd930 nmethod 4778 0x0000022a97a7e190 code [0x0000022a97a7e3c0, 0x0000022a97a7ec48]
Event: 31.561 Thread 0x0000022a8d7fd930 4779       3       java.lang.invoke.LambdaForm$NamedFunction::<init> (15 bytes)
Event: 31.561 Thread 0x0000022a8d7fd930 nmethod 4779 0x0000022a97a7f090 code [0x0000022a97a7f240, 0x0000022a97a7f458]
Event: 31.600 Thread 0x0000022a8d7fd930 4780       3       java.lang.StringBuilder::setLength (6 bytes)
Event: 31.600 Thread 0x0000022a8d7fd930 nmethod 4780 0x0000022a97a7f510 code [0x0000022a97a7f6a0, 0x0000022a97a7f7e8]
Event: 31.633 Thread 0x0000022a8d7fd930 4781       3       java.lang.Character::isDigit (9 bytes)
Event: 31.634 Thread 0x0000022a8d7fd930 nmethod 4781 0x0000022a97a7f890 code [0x0000022a97a7fa40, 0x0000022a97a7fc38]
Event: 31.637 Thread 0x0000022a8d7fd930 4782       1       org.hibernate.type.BasicTypeReference::getName (5 bytes)
Event: 31.638 Thread 0x0000022a8d7fd930 nmethod 4782 0x0000022a9e851e10 code [0x0000022a9e851fa0, 0x0000022a9e852078]
Event: 31.639 Thread 0x0000022a8d7fd930 4783       3       java.lang.CharacterDataLatin1::isDigit (18 bytes)
Event: 31.639 Thread 0x0000022a8d7fd930 nmethod 4783 0x0000022a97a7fd10 code [0x0000022a97a7fea0, 0x0000022a97a80038]
Event: 31.642 Thread 0x0000022a8d7fd930 4784       3       org.hibernate.internal.util.collections.CaseInsensitiveDictionary::trueKey (8 bytes)
Event: 31.642 Thread 0x0000022a8d7fd930 nmethod 4784 0x0000022a97a80110 code [0x0000022a97a802e0, 0x0000022a97a805f8]

GC Heap History (20 events):
Event: 7.609 GC heap before
{Heap before GC invocations=1 (full 0):
 garbage-first heap   total 65536K, used 15658K [0x00000000c1400000, 0x0000000100000000)
  region size 1024K, 12 young (12288K), 2 survivors (2048K)
 Metaspace       used 6149K, committed 6336K, reserved 1114112K
  class space    used 683K, committed 768K, reserved 1048576K
}
Event: 7.618 GC heap after
{Heap after GC invocations=2 (full 0):
 garbage-first heap   total 65536K, used 6958K [0x00000000c1400000, 0x0000000100000000)
  region size 1024K, 1 young (1024K), 1 survivors (1024K)
 Metaspace       used 6149K, committed 6336K, reserved 1114112K
  class space    used 683K, committed 768K, reserved 1048576K
}
Event: 11.155 GC heap before
{Heap before GC invocations=2 (full 0):
 garbage-first heap   total 65536K, used 27438K [0x00000000c1400000, 0x0000000100000000)
  region size 1024K, 22 young (22528K), 1 survivors (1024K)
 Metaspace       used 11916K, committed 12160K, reserved 1114112K
  class space    used 1389K, committed 1536K, reserved 1048576K
}
Event: 11.162 GC heap after
{Heap after GC invocations=3 (full 0):
 garbage-first heap   total 65536K, used 8581K [0x00000000c1400000, 0x0000000100000000)
  region size 1024K, 3 young (3072K), 3 survivors (3072K)
 Metaspace       used 11916K, committed 12160K, reserved 1114112K
  class space    used 1389K, committed 1536K, reserved 1048576K
}
Event: 17.856 GC heap before
{Heap before GC invocations=3 (full 0):
 garbage-first heap   total 65536K, used 37253K [0x00000000c1400000, 0x0000000100000000)
  region size 1024K, 32 young (32768K), 3 survivors (3072K)
 Metaspace       used 18035K, committed 18368K, reserved 1114112K
  class space    used 2157K, committed 2304K, reserved 1048576K
}
Event: 17.870 GC heap after
{Heap after GC invocations=4 (full 0):
 garbage-first heap   total 65536K, used 11654K [0x00000000c1400000, 0x0000000100000000)
  region size 1024K, 4 young (4096K), 4 survivors (4096K)
 Metaspace       used 18035K, committed 18368K, reserved 1114112K
  class space    used 2157K, committed 2304K, reserved 1048576K
}
Event: 22.290 GC heap before
{Heap before GC invocations=4 (full 0):
 garbage-first heap   total 65536K, used 36230K [0x00000000c1400000, 0x0000000100000000)
  region size 1024K, 29 young (29696K), 4 survivors (4096K)
 Metaspace       used 21256K, committed 21504K, reserved 1114112K
  class space    used 2554K, committed 2688K, reserved 1048576K
}
Event: 22.304 GC heap after
{Heap after GC invocations=5 (full 0):
 garbage-first heap   total 65536K, used 13567K [0x00000000c1400000, 0x0000000100000000)
  region size 1024K, 3 young (3072K), 3 survivors (3072K)
 Metaspace       used 21256K, committed 21504K, reserved 1114112K
  class space    used 2554K, committed 2688K, reserved 1048576K
}
Event: 25.016 GC heap before
{Heap before GC invocations=6 (full 0):
 garbage-first heap   total 55296K, used 43263K [0x00000000c1400000, 0x0000000100000000)
  region size 1024K, 32 young (32768K), 3 survivors (3072K)
 Metaspace       used 26810K, committed 27264K, reserved 1114112K
  class space    used 3338K, committed 3520K, reserved 1048576K
}
Event: 25.036 GC heap after
{Heap after GC invocations=7 (full 0):
 garbage-first heap   total 55296K, used 16474K [0x00000000c1400000, 0x0000000100000000)
  region size 1024K, 4 young (4096K), 4 survivors (4096K)
 Metaspace       used 26810K, committed 27264K, reserved 1114112K
  class space    used 3338K, committed 3520K, reserved 1048576K
}
Event: 25.087 GC heap before
{Heap before GC invocations=7 (full 0):
 garbage-first heap   total 55296K, used 17498K [0x00000000c1400000, 0x0000000100000000)
  region size 1024K, 5 young (5120K), 4 survivors (4096K)
 Metaspace       used 26968K, committed 27392K, reserved 1114112K
  class space    used 3352K, committed 3520K, reserved 1048576K
}
Event: 25.100 GC heap after
{Heap after GC invocations=8 (full 0):
 garbage-first heap   total 55296K, used 16988K [0x00000000c1400000, 0x0000000100000000)
  region size 1024K, 1 young (1024K), 1 survivors (1024K)
 Metaspace       used 26968K, committed 27392K, reserved 1114112K
  class space    used 3352K, committed 3520K, reserved 1048576K
}
Event: 26.675 GC heap before
{Heap before GC invocations=8 (full 0):
 garbage-first heap   total 55296K, used 37468K [0x00000000c1400000, 0x0000000100000000)
  region size 1024K, 22 young (22528K), 1 survivors (1024K)
 Metaspace       used 30724K, committed 31296K, reserved 1114112K
  class space    used 3786K, committed 4032K, reserved 1048576K
}
Event: 26.680 GC heap after
{Heap after GC invocations=9 (full 0):
 garbage-first heap   total 55296K, used 18497K [0x00000000c1400000, 0x0000000100000000)
  region size 1024K, 2 young (2048K), 2 survivors (2048K)
 Metaspace       used 30724K, committed 31296K, reserved 1114112K
  class space    used 3786K, committed 4032K, reserved 1048576K
}
Event: 28.473 GC heap before
{Heap before GC invocations=9 (full 0):
 garbage-first heap   total 55296K, used 36929K [0x00000000c1400000, 0x0000000100000000)
  region size 1024K, 21 young (21504K), 2 survivors (2048K)
 Metaspace       used 35518K, committed 35968K, reserved 1114112K
  class space    used 4532K, committed 4736K, reserved 1048576K
}
Event: 28.482 GC heap after
{Heap after GC invocations=10 (full 0):
 garbage-first heap   total 55296K, used 19456K [0x00000000c1400000, 0x0000000100000000)
  region size 1024K, 1 young (1024K), 1 survivors (1024K)
 Metaspace       used 35518K, committed 35968K, reserved 1114112K
  class space    used 4532K, committed 4736K, reserved 1048576K
}
Event: 30.348 GC heap before
{Heap before GC invocations=11 (full 0):
 garbage-first heap   total 55296K, used 40960K [0x00000000c1400000, 0x0000000100000000)
  region size 1024K, 23 young (23552K), 1 survivors (1024K)
 Metaspace       used 43419K, committed 44032K, reserved 1114112K
  class space    used 5459K, committed 5760K, reserved 1048576K
}
Event: 30.355 GC heap after
{Heap after GC invocations=12 (full 0):
 garbage-first heap   total 55296K, used 20860K [0x00000000c1400000, 0x0000000100000000)
  region size 1024K, 3 young (3072K), 3 survivors (3072K)
 Metaspace       used 43419K, committed 44032K, reserved 1114112K
  class space    used 5459K, committed 5760K, reserved 1048576K
}
Event: 31.485 GC heap before
{Heap before GC invocations=12 (full 0):
 garbage-first heap   total 55296K, used 42364K [0x00000000c1400000, 0x0000000100000000)
  region size 1024K, 24 young (24576K), 3 survivors (3072K)
 Metaspace       used 47061K, committed 47616K, reserved 1114112K
  class space    used 5899K, committed 6144K, reserved 1048576K
}
Event: 31.492 GC heap after
{Heap after GC invocations=13 (full 0):
 garbage-first heap   total 55296K, used 22082K [0x00000000c1400000, 0x0000000100000000)
  region size 1024K, 3 young (3072K), 3 survivors (3072K)
 Metaspace       used 47061K, committed 47616K, reserved 1114112K
  class space    used 5899K, committed 6144K, reserved 1048576K
}

Deoptimization events (20 events):
Event: 30.840 Thread 0x0000022aafc609c0 Uncommon trap: trap_request=0xffffff45 fr.pc=0x0000022a9e78de74 relative=0x0000000000000074
Event: 30.840 Thread 0x0000022aafc609c0 Uncommon trap: reason=unstable_if action=reinterpret pc=0x0000022a9e78de74 method=jdk.internal.misc.Unsafe.convEndian(ZI)I @ 4 c2
Event: 30.840 Thread 0x0000022aafc609c0 DEOPT PACKING pc=0x0000022a9e78de74 sp=0x0000003610dfd730
Event: 30.840 Thread 0x0000022aafc609c0 DEOPT UNPACKING pc=0x0000022a96b723a3 sp=0x0000003610dfd638 mode 2
Event: 31.029 Thread 0x0000022aaf713130 DEOPT PACKING pc=0x0000022a9796df48 sp=0x00000036114fdb40
Event: 31.029 Thread 0x0000022aaf713130 DEOPT UNPACKING pc=0x0000022a96b72b43 sp=0x00000036114fcfc0 mode 0
Event: 31.111 Thread 0x0000022aaf713130 DEOPT PACKING pc=0x0000022a9796df48 sp=0x00000036114fdb40
Event: 31.111 Thread 0x0000022aaf713130 DEOPT UNPACKING pc=0x0000022a96b72b43 sp=0x00000036114fcfc0 mode 0
Event: 31.362 Thread 0x0000022aafc609c0 Uncommon trap: trap_request=0xffffff76 fr.pc=0x0000022a9e832394 relative=0x0000000000000794
Event: 31.362 Thread 0x0000022aafc609c0 Uncommon trap: reason=predicate action=maybe_recompile pc=0x0000022a9e832394 method=java.util.TreeMap.getEntryUsingComparator(Ljava/lang/Object;)Ljava/util/TreeMap$Entry; @ 19 c2
Event: 31.362 Thread 0x0000022aafc609c0 DEOPT PACKING pc=0x0000022a9e832394 sp=0x0000003610dfdde0
Event: 31.362 Thread 0x0000022aafc609c0 DEOPT UNPACKING pc=0x0000022a96b723a3 sp=0x0000003610dfdd30 mode 2
Event: 31.362 Thread 0x0000022aafc609c0 Uncommon trap: trap_request=0xffffff76 fr.pc=0x0000022a9e8097dc relative=0x000000000000067c
Event: 31.362 Thread 0x0000022aafc609c0 Uncommon trap: reason=predicate action=maybe_recompile pc=0x0000022a9e8097dc method=java.util.TreeMap.getEntryUsingComparator(Ljava/lang/Object;)Ljava/util/TreeMap$Entry; @ 19 c2
Event: 31.362 Thread 0x0000022aafc609c0 DEOPT PACKING pc=0x0000022a9e8097dc sp=0x0000003610dfdd80
Event: 31.362 Thread 0x0000022aafc609c0 DEOPT UNPACKING pc=0x0000022a96b723a3 sp=0x0000003610dfdd30 mode 2
Event: 31.448 Thread 0x0000022aafc609c0 Uncommon trap: trap_request=0xffffff45 fr.pc=0x0000022a9e668cc8 relative=0x0000000000000048
Event: 31.448 Thread 0x0000022aafc609c0 Uncommon trap: reason=unstable_if action=reinterpret pc=0x0000022a9e668cc8 method=java.lang.StringConcatHelper.stringOf(Ljava/lang/Object;)Ljava/lang/String; @ 1 c2
Event: 31.448 Thread 0x0000022aafc609c0 DEOPT PACKING pc=0x0000022a9e668cc8 sp=0x0000003610dfdd70
Event: 31.448 Thread 0x0000022aafc609c0 DEOPT UNPACKING pc=0x0000022a96b723a3 sp=0x0000003610dfdd00 mode 2

Classes loaded (20 events):
Event: 30.839 Loading class sun/security/provider/ByteArrayAccess$LE
Event: 30.840 Loading class sun/security/provider/ByteArrayAccess$LE done
Event: 30.983 Loading class java/io/StringWriter
Event: 30.984 Loading class java/io/StringWriter done
Event: 31.050 Loading class javax/naming/RefAddr
Event: 31.050 Loading class javax/naming/RefAddr done
Event: 31.050 Loading class javax/naming/StringRefAddr
Event: 31.051 Loading class javax/naming/StringRefAddr done
Event: 31.187 Loading class java/util/concurrent/CompletionStage
Event: 31.187 Loading class java/util/concurrent/CompletionStage done
Event: 31.189 Loading class java/util/concurrent/CompletableFuture
Event: 31.192 Loading class java/util/concurrent/CompletableFuture done
Event: 31.193 Loading class java/util/concurrent/CompletableFuture$AltResult
Event: 31.193 Loading class java/util/concurrent/CompletableFuture$AltResult done
Event: 31.193 Loading class java/util/concurrent/CompletableFuture$Completion
Event: 31.193 Loading class java/util/concurrent/CompletableFuture$AsynchronousCompletionTask
Event: 31.194 Loading class java/util/concurrent/CompletableFuture$AsynchronousCompletionTask done
Event: 31.194 Loading class java/util/concurrent/CompletableFuture$Completion done
Event: 31.475 Loading class java/util/concurrent/CancellationException
Event: 31.475 Loading class java/util/concurrent/CancellationException done

Classes unloaded (0 events):
No events

Classes redefined (0 events):
No events

Internal exceptions (20 events):
Event: 25.542 Thread 0x0000022aafc609c0 Exception <a 'java/lang/NoSuchMethodError'{0x00000000c44c5b40}: 'int java.lang.invoke.DirectMethodHandle$Holder.invokeVirtual(java.lang.Object, java.lang.Object, java.lang.Object, java.lang.Object)'> (0x00000000c44c5b40) 
thrown [s\src\hotspot\share\interpreter\linkResolver.cpp, line 759]
Event: 25.543 Thread 0x0000022aafc609c0 Exception <a 'java/lang/NoSuchMethodError'{0x00000000c44c9840}: 'int java.lang.invoke.DelegatingMethodHandle$Holder.reinvoke_L(java.lang.Object, java.lang.Object, java.lang.Object, java.lang.Object)'> (0x00000000c44c9840) 
thrown [s\src\hotspot\share\interpreter\linkResolver.cpp, line 759]
Event: 25.617 Thread 0x0000022aafc609c0 Exception <a 'java/lang/NoSuchMethodError'{0x00000000c43e5890}: 'java.lang.Object java.lang.invoke.DirectMethodHandle$Holder.invokeSpecial(java.lang.Object, java.lang.Object, long, java.lang.Object, java.lang.Object, java.lang.Object, java.lang.Object, java.lang.Object, java.lang.Object)'> (0x00000000c43e5890) 
thrown [s\src\hotspot\share\interpreter\linkResolver.cpp, line 759]
Event: 25.617 Thread 0x0000022aafc609c0 Exception <a 'java/lang/NoSuchMethodError'{0x00000000c43ea3c0}: 'java.lang.Object java.lang.invoke.DelegatingMethodHandle$Holder.reinvoke_L(java.lang.Object, long, java.lang.Object, java.lang.Object, java.lang.Object, java.lang.Object, java.lang.Object, java.lang.Object)'> (0x00000000c43ea3c0) 
thrown [s\src\hotspot\share\interpreter\linkResolver.cpp, line 759]
Event: 25.734 Thread 0x0000022aafc609c0 Exception <a 'java/io/FileNotFoundException'{0x00000000c41246e0}> (0x00000000c41246e0) 
thrown [s\src\hotspot\share\prims\jni.cpp, line 516]
Event: 25.832 Thread 0x0000022aafc609c0 Exception <a 'java/lang/NoSuchMethodError'{0x00000000c408f320}: 'int java.lang.invoke.DirectMethodHandle$Holder.invokeInterface(java.lang.Object, java.lang.Object, java.lang.Object, java.lang.Object)'> (0x00000000c408f320) 
thrown [s\src\hotspot\share\interpreter\linkResolver.cpp, line 759]
Event: 26.009 Thread 0x0000022aafc609c0 Exception <a 'java/lang/NoSuchMethodError'{0x00000000c3e70278}: 'long java.lang.invoke.DirectMethodHandle$Holder.invokeVirtual(java.lang.Object, java.lang.Object)'> (0x00000000c3e70278) 
thrown [s\src\hotspot\share\interpreter\linkResolver.cpp, line 759]
Event: 26.022 Thread 0x0000022aafc609c0 Exception <a 'java/io/FileNotFoundException'{0x00000000c3e9b5b0}> (0x00000000c3e9b5b0) 
thrown [s\src\hotspot\share\prims\jni.cpp, line 516]
Event: 26.462 Thread 0x0000022aafc609c0 Exception <a 'java/lang/NoSuchMethodError'{0x00000000c3792df8}: 'java.lang.Object java.lang.invoke.DirectMethodHandle$Holder.newInvokeSpecial(java.lang.Object, java.lang.Object, java.lang.Object, java.lang.Object, java.lang.Object, java.lang.Object, java.lang.Object, java.lang.Object, java.lang.Object, java.lang.Object, java.lang.Object)'> (0x00000000c3792df8) 
thrown [s\src\hotspot\share\interpreter\linkResolver.cpp, line 759]
Event: 26.463 Thread 0x0000022aafc609c0 Exception <a 'java/lang/NoSuchMethodError'{0x00000000c3798020}: 'java.lang.Object java.lang.invoke.DirectMethodHandle$Holder.invokeSpecial(java.lang.Object, java.lang.Object, java.lang.Object, java.lang.Object, java.lang.Object, java.lang.Object, java.lang.Object, java.lang.Object, java.lang.Object, java.lang.Object, java.lang.Object, java.lang.Object)'> (0x00000000c3798020) 
thrown [s\src\hotspot\share\interpreter\linkResolver.cpp, line 759]
Event: 26.582 Thread 0x0000022aafc609c0 Exception <a 'sun/nio/fs/WindowsException'{0x00000000c35120e8}> (0x00000000c35120e8) 
thrown [s\src\hotspot\share\prims\jni.cpp, line 516]
Event: 26.681 Thread 0x0000022aafc609c0 Exception <a 'java/lang/NoSuchMethodError'{0x00000000c5308d80}: 'void java.lang.invoke.DelegatingMethodHandle$Holder.reinvoke_L(java.lang.Object, java.lang.Object, java.lang.Object, java.lang.Object, int, java.lang.Object, java.lang.Object, java.lang.Object)'> (0x00000000c5308d80) 
thrown [s\src\hotspot\share\interpreter\linkResolver.cpp, line 759]
Event: 28.606 Thread 0x0000022aafc609c0 Exception <a 'java/lang/NoSuchMethodError'{0x00000000c48d3648}: 'int java.lang.invoke.DirectMethodHandle$Holder.invokeStatic(java.lang.Object)'> (0x00000000c48d3648) 
thrown [s\src\hotspot\share\interpreter\linkResolver.cpp, line 759]
Event: 28.888 Thread 0x0000022aafc609c0 Exception <a 'sun/nio/fs/WindowsException'{0x00000000c44b7470}> (0x00000000c44b7470) 
thrown [s\src\hotspot\share\prims\jni.cpp, line 516]
Event: 30.122 Thread 0x0000022aafc609c0 Exception <a 'java/lang/NoSuchMethodError'{0x00000000c3914380}: 'java.lang.Object java.lang.invoke.DirectMethodHandle$Holder.invokeStaticInit(java.lang.Object, java.lang.Object, java.lang.Object, java.lang.Object)'> (0x00000000c3914380) 
thrown [s\src\hotspot\share\interpreter\linkResolver.cpp, line 759]
Event: 30.140 Thread 0x0000022aafc609c0 Exception <a 'java/lang/NoSuchMethodError'{0x00000000c39c6880}: 'int java.lang.invoke.Invokers$Holder.invokeExact_MT(java.lang.Object, java.lang.Object)'> (0x00000000c39c6880) 
thrown [s\src\hotspot\share\interpreter\linkResolver.cpp, line 759]
Event: 30.949 Thread 0x0000022aafc609c0 Exception <a 'java/lang/NoSuchMethodError'{0x00000000c3d176d8}: 'java.lang.Object java.lang.invoke.DirectMethodHandle$Holder.newInvokeSpecial(java.lang.Object, java.lang.Object, int)'> (0x00000000c3d176d8) 
thrown [s\src\hotspot\share\interpreter\linkResolver.cpp, line 759]
Event: 31.506 Thread 0x0000022aafc609c0 Exception <a 'java/lang/IncompatibleClassChangeError'{0x00000000c532f690}: Found class java.lang.Object, but interface was expected> (0x00000000c532f690) 
thrown [s\src\hotspot\share\interpreter\linkResolver.cpp, line 826]
Event: 31.559 Thread 0x0000022aafc609c0 Exception <a 'java/lang/NoSuchMethodError'{0x00000000c48062f8}: 'java.lang.Object java.lang.invoke.DirectMethodHandle$Holder.invokeStatic(java.lang.Object, java.lang.Object, int, java.lang.Object)'> (0x00000000c48062f8) 
thrown [s\src\hotspot\share\interpreter\linkResolver.cpp, line 759]
Event: 31.560 Thread 0x0000022aafc609c0 Exception <a 'java/lang/NoSuchMethodError'{0x00000000c4809d88}: 'java.lang.Object java.lang.invoke.DirectMethodHandle$Holder.invokeStaticInit(java.lang.Object, java.lang.Object, int, java.lang.Object)'> (0x00000000c4809d88) 
thrown [s\src\hotspot\share\interpreter\linkResolver.cpp, line 759]

VM Operations (20 events):
Event: 28.891 Executing VM operation: HandshakeAllThreads
Event: 28.891 Executing VM operation: HandshakeAllThreads done
Event: 28.899 Executing VM operation: HandshakeAllThreads
Event: 28.899 Executing VM operation: HandshakeAllThreads done
Event: 29.087 Executing VM operation: HandshakeAllThreads
Event: 29.087 Executing VM operation: HandshakeAllThreads done
Event: 29.101 Executing VM operation: HandshakeAllThreads
Event: 29.101 Executing VM operation: HandshakeAllThreads done
Event: 29.643 Executing VM operation: HandshakeAllThreads
Event: 29.643 Executing VM operation: HandshakeAllThreads done
Event: 29.643 Executing VM operation: Cleanup
Event: 29.643 Executing VM operation: Cleanup done
Event: 29.643 Executing VM operation: HandshakeAllThreads
Event: 29.643 Executing VM operation: HandshakeAllThreads done
Event: 30.347 Executing VM operation: G1CollectForAllocation
Event: 30.355 Executing VM operation: G1CollectForAllocation done
Event: 31.365 Executing VM operation: Cleanup
Event: 31.370 Executing VM operation: Cleanup done
Event: 31.485 Executing VM operation: G1CollectForAllocation
Event: 31.492 Executing VM operation: G1CollectForAllocation done

Events (20 events):
Event: 1.884 Loaded shared library C:\Program Files\JetBrains\IntelliJ IDEA Community Edition 2021.3.3\bin\breakgen64.dll
Event: 1.887 Thread 0x0000022aaf221160 Thread added: 0x0000022aaf221160
Event: 1.887 Thread 0x0000022aaf1bee40 Thread added: 0x0000022aaf1bee40
Event: 1.894 Loaded shared library C:\Users\ERIN_JAVALead\.jdks\corretto-18.0.2\bin\jimage.dll
Event: 6.389 Loaded shared library C:\Users\ERIN_JAVALead\.jdks\corretto-18.0.2\bin\management.dll
Event: 6.394 Loaded shared library C:\Users\ERIN_JAVALead\.jdks\corretto-18.0.2\bin\management_ext.dll
Event: 6.918 Thread 0x0000022aaf700690 Thread added: 0x0000022aaf700690
Event: 6.928 Thread 0x0000022aafc609c0 Thread added: 0x0000022aafc609c0
Event: 9.828 Thread 0x0000022aafc4ae30 Thread added: 0x0000022aafc4ae30
Event: 12.093 Thread 0x0000022aaf6a02b0 Thread added: 0x0000022aaf6a02b0
Event: 12.396 Loaded shared library C:\Users\ERIN_JAVALead\.jdks\corretto-18.0.2\bin\sunmscapi.dll
Event: 12.803 Thread 0x0000022aafc4ae30 Thread exited: 0x0000022aafc4ae30
Event: 14.324 Thread 0x0000022aaf6a02b0 Thread exited: 0x0000022aaf6a02b0
Event: 26.050 Thread 0x0000022aaf713ad0 Thread added: 0x0000022aaf713ad0
Event: 26.055 Thread 0x0000022aaf711920 Thread added: 0x0000022aaf711920
Event: 26.064 Thread 0x0000022aaf711df0 Thread added: 0x0000022aaf711df0
Event: 27.804 Loaded shared library C:\Users\ERIN_JAVALead\.jdks\corretto-18.0.2\bin\verify.dll
Event: 29.676 Thread 0x0000022aaf712790 Thread added: 0x0000022aaf712790
Event: 29.815 Thread 0x0000022aaf712c60 Thread added: 0x0000022aaf712c60
Event: 29.936 Thread 0x0000022aaf713130 Thread added: 0x0000022aaf713130


Dynamic libraries:
0x00007ff7bbcd0000 - 0x00007ff7bbcdd000 	C:\Users\ERIN_JAVALead\.jdks\corretto-18.0.2\bin\java.exe
0x00007ffd3bff0000 - 0x00007ffd3c1e8000 	C:\WINDOWS\SYSTEM32\ntdll.dll
0x00007ffd3a0b0000 - 0x00007ffd3a16d000 	C:\WINDOWS\System32\KERNEL32.DLL
0x00007ffd39c10000 - 0x00007ffd39f06000 	C:\WINDOWS\System32\KERNELBASE.dll
0x00007ffd397d0000 - 0x00007ffd398d0000 	C:\WINDOWS\System32\ucrtbase.dll
0x00007ffd23db0000 - 0x00007ffd23dc7000 	C:\Users\ERIN_JAVALead\.jdks\corretto-18.0.2\bin\jli.dll
0x00007ffd15ca0000 - 0x00007ffd15cb5000 	C:\Users\ERIN_JAVALead\.jdks\corretto-18.0.2\bin\VCRUNTIME140.dll
0x00007ffd3b8d0000 - 0x00007ffd3ba6e000 	C:\WINDOWS\System32\USER32.dll
0x00007ffd39b50000 - 0x00007ffd39b72000 	C:\WINDOWS\System32\win32u.dll
0x00007ffd3b6e0000 - 0x00007ffd3b70b000 	C:\WINDOWS\System32\GDI32.dll
0x00007ffd39a30000 - 0x00007ffd39b47000 	C:\WINDOWS\System32\gdi32full.dll
0x00007ffd396c0000 - 0x00007ffd3975d000 	C:\WINDOWS\System32\msvcp_win.dll
0x00007ffd250c0000 - 0x00007ffd2535a000 	C:\WINDOWS\WinSxS\amd64_microsoft.windows.common-controls_6595b64144ccf1df_6.0.19041.3636_none_60b6a03d71f818d5\COMCTL32.dll
0x00007ffd3aad0000 - 0x00007ffd3ab6e000 	C:\WINDOWS\System32\msvcrt.dll
0x00007ffd3b710000 - 0x00007ffd3b742000 	C:\WINDOWS\System32\IMM32.DLL
0x00007ffd11dd0000 - 0x00007ffd11e6b000 	C:\Users\ERIN_JAVALead\.jdks\corretto-18.0.2\bin\msvcp140.dll
0x00007ffcf1bf0000 - 0x00007ffcf2861000 	C:\Users\ERIN_JAVALead\.jdks\corretto-18.0.2\bin\server\jvm.dll
0x00007ffd3bed0000 - 0x00007ffd3bf80000 	C:\WINDOWS\System32\ADVAPI32.dll
0x00007ffd3a180000 - 0x00007ffd3a220000 	C:\WINDOWS\System32\sechost.dll
0x00007ffd3bba0000 - 0x00007ffd3bcc5000 	C:\WINDOWS\System32\RPCRT4.dll
0x00007ffd39fc0000 - 0x00007ffd39fe7000 	C:\WINDOWS\System32\bcrypt.dll
0x00007ffd3a170000 - 0x00007ffd3a178000 	C:\WINDOWS\System32\PSAPI.DLL
0x00007ffd350b0000 - 0x00007ffd350b9000 	C:\WINDOWS\SYSTEM32\WSOCK32.dll
0x00007ffd3be60000 - 0x00007ffd3becb000 	C:\WINDOWS\System32\WS2_32.dll
0x00007ffd1b0a0000 - 0x00007ffd1b0c7000 	C:\WINDOWS\SYSTEM32\WINMM.dll
0x00007ffd33d10000 - 0x00007ffd33d1a000 	C:\WINDOWS\SYSTEM32\VERSION.dll
0x00007ffd374e0000 - 0x00007ffd374f2000 	C:\WINDOWS\SYSTEM32\kernel.appcore.dll
0x00007ffd24c70000 - 0x00007ffd24c7a000 	C:\Users\ERIN_JAVALead\.jdks\corretto-18.0.2\bin\jimage.dll
0x00007ffd138b0000 - 0x00007ffd13a94000 	C:\WINDOWS\SYSTEM32\DBGHELP.DLL
0x00007ffd13870000 - 0x00007ffd138a4000 	C:\WINDOWS\SYSTEM32\dbgcore.DLL
0x00007ffd39b80000 - 0x00007ffd39c02000 	C:\WINDOWS\System32\bcryptPrimitives.dll
0x00007ffd22fa0000 - 0x00007ffd22fae000 	C:\Users\ERIN_JAVALead\.jdks\corretto-18.0.2\bin\instrument.dll
0x00007ffd15a10000 - 0x00007ffd15a35000 	C:\Users\ERIN_JAVALead\.jdks\corretto-18.0.2\bin\java.dll
0x00007ffd112d0000 - 0x00007ffd113a6000 	C:\Users\ERIN_JAVALead\.jdks\corretto-18.0.2\bin\jsvml.dll
0x00007ffd3a220000 - 0x00007ffd3a98b000 	C:\WINDOWS\System32\SHELL32.dll
0x00007ffd376e0000 - 0x00007ffd37e7e000 	C:\WINDOWS\SYSTEM32\windows.storage.dll
0x00007ffd3b380000 - 0x00007ffd3b6d3000 	C:\WINDOWS\System32\combase.dll
0x00007ffd38ef0000 - 0x00007ffd38f1e000 	C:\WINDOWS\SYSTEM32\Wldp.dll
0x00007ffd3b750000 - 0x00007ffd3b81d000 	C:\WINDOWS\System32\OLEAUT32.dll
0x00007ffd3b2d0000 - 0x00007ffd3b37d000 	C:\WINDOWS\System32\SHCORE.dll
0x00007ffd3bcd0000 - 0x00007ffd3bd25000 	C:\WINDOWS\System32\shlwapi.dll
0x00007ffd395a0000 - 0x00007ffd395c5000 	C:\WINDOWS\SYSTEM32\profapi.dll
0x00007ffd11fa0000 - 0x00007ffd11fb8000 	C:\Users\ERIN_JAVALead\.jdks\corretto-18.0.2\bin\zip.dll
0x00007ffd13ea0000 - 0x00007ffd13eb3000 	C:\Users\ERIN_JAVALead\.jdks\corretto-18.0.2\bin\net.dll
0x00007ffd330b0000 - 0x00007ffd331ba000 	C:\WINDOWS\SYSTEM32\WINHTTP.dll
0x00007ffd38cd0000 - 0x00007ffd38d3a000 	C:\WINDOWS\system32\mswsock.dll
0x00007ffd13e30000 - 0x00007ffd13e45000 	C:\Users\ERIN_JAVALead\.jdks\corretto-18.0.2\bin\nio.dll
0x00007ffd11f80000 - 0x00007ffd11f9a000 	C:\Program Files\JetBrains\IntelliJ IDEA Community Edition 2021.3.3\bin\breakgen64.dll
0x00007ffd16530000 - 0x00007ffd16539000 	C:\Users\ERIN_JAVALead\.jdks\corretto-18.0.2\bin\management.dll
0x00007ffd14480000 - 0x00007ffd1448b000 	C:\Users\ERIN_JAVALead\.jdks\corretto-18.0.2\bin\management_ext.dll
0x00007ffd13bc0000 - 0x00007ffd13bce000 	C:\Users\ERIN_JAVALead\.jdks\corretto-18.0.2\bin\sunmscapi.dll
0x00007ffd398d0000 - 0x00007ffd39a2d000 	C:\WINDOWS\System32\CRYPT32.dll
0x00007ffd39040000 - 0x00007ffd39068000 	C:\WINDOWS\SYSTEM32\ncrypt.dll
0x00007ffd39000000 - 0x00007ffd3903b000 	C:\WINDOWS\SYSTEM32\NTASN1.dll
0x00007ffd38f30000 - 0x00007ffd38f48000 	C:\WINDOWS\SYSTEM32\CRYPTSP.dll
0x00007ffd38620000 - 0x00007ffd38654000 	C:\WINDOWS\system32\rsaenh.dll
0x00007ffd39520000 - 0x00007ffd3954e000 	C:\WINDOWS\SYSTEM32\USERENV.dll
0x00007ffd38e60000 - 0x00007ffd38e6c000 	C:\WINDOWS\SYSTEM32\CRYPTBASE.dll
0x00007ffd389e0000 - 0x00007ffd38a1b000 	C:\WINDOWS\SYSTEM32\IPHLPAPI.DLL
0x00007ffd3b2b0000 - 0x00007ffd3b2b8000 	C:\WINDOWS\System32\NSI.dll
0x00007ffd33660000 - 0x00007ffd33677000 	C:\WINDOWS\SYSTEM32\dhcpcsvc6.DLL
0x00007ffd33640000 - 0x00007ffd3365d000 	C:\WINDOWS\SYSTEM32\dhcpcsvc.DLL
0x00007ffd38a20000 - 0x00007ffd38aeb000 	C:\WINDOWS\SYSTEM32\DNSAPI.dll
0x00007ffd23cb0000 - 0x00007ffd23cc0000 	C:\Users\ERIN_JAVALead\.jdks\corretto-18.0.2\bin\verify.dll
0x00007ffd159f0000 - 0x00007ffd15a07000 	C:\WINDOWS\system32\napinsp.dll
0x00007ffd159d0000 - 0x00007ffd159eb000 	C:\WINDOWS\system32\pnrpnsp.dll
0x00007ffd157e0000 - 0x00007ffd157f2000 	C:\WINDOWS\System32\winrnr.dll
0x00007ffd35010000 - 0x00007ffd3502d000 	C:\WINDOWS\system32\NLAapi.dll
0x00007ffd34410000 - 0x00007ffd34425000 	C:\WINDOWS\system32\wshbth.dll
0x00007ffd30680000 - 0x00007ffd3068a000 	C:\Windows\System32\rasadhlp.dll
0x00007ffd32dd0000 - 0x00007ffd32e50000 	C:\WINDOWS\System32\fwpuclnt.dll

dbghelp: loaded successfully - version: 4.0.5 - missing functions: none
symbol engine: initialized successfully - sym options: 0x614 - pdb path: .;C:\Users\ERIN_JAVALead\.jdks\corretto-18.0.2\bin;C:\WINDOWS\SYSTEM32;C:\WINDOWS\WinSxS\amd64_microsoft.windows.common-controls_6595b64144ccf1df_6.0.19041.3636_none_60b6a03d71f818d5;C:\Users\ERIN_JAVALead\.jdks\corretto-18.0.2\bin\server;C:\Program Files\JetBrains\IntelliJ IDEA Community Edition 2021.3.3\bin

VM Arguments:
jvm_args: -javaagent:C:\Program Files\JetBrains\IntelliJ IDEA Community Edition 2021.3.3\lib\idea_rt.jar=49271:C:\Program Files\JetBrains\IntelliJ IDEA Community Edition 2021.3.3\bin -Dfile.encoding=UTF-8 
java_command: com.verise.veganapp.VeriseApplication
java_class_path (initial): C:\Users\ERIN_JAVALead\Downloads\verise\verise\target\classes;C:\Users\ERIN_JAVALead\.m2\repository\org\springframework\boot\spring-boot-starter-web\3.2.4\spring-boot-starter-web-3.2.4.jar;C:\Users\ERIN_JAVALead\.m2\repository\org\springframework\boot\spring-boot-starter\3.2.4\spring-boot-starter-3.2.4.jar;C:\Users\ERIN_JAVALead\.m2\repository\org\springframework\boot\spring-boot-starter-logging\3.2.4\spring-boot-starter-logging-3.2.4.jar;C:\Users\ERIN_JAVALead\.m2\repository\ch\qos\logback\logback-classic\1.4.14\logback-classic-1.4.14.jar;C:\Users\ERIN_JAVALead\.m2\repository\ch\qos\logback\logback-core\1.4.14\logback-core-1.4.14.jar;C:\Users\ERIN_JAVALead\.m2\repository\org\apache\logging\log4j\log4j-to-slf4j\2.21.1\log4j-to-slf4j-2.21.1.jar;C:\Users\ERIN_JAVALead\.m2\repository\org\apache\logging\log4j\log4j-api\2.21.1\log4j-api-2.21.1.jar;C:\Users\ERIN_JAVALead\.m2\repository\org\slf4j\jul-to-slf4j\2.0.12\jul-to-slf4j-2.0.12.jar;C:\Users\ERIN_JAVALead\.m2\repository\jakarta\annotation\jakarta.annotation-api\2.1.1\jakarta.annotation-api-2.1.1.jar;C:\Users\ERIN_JAVALead\.m2\repository\org\yaml\snakeyaml\2.2\snakeyaml-2.2.jar;C:\Users\ERIN_JAVALead\.m2\repository\org\springframework\boot\spring-boot-starter-json\3.2.4\spring-boot-starter-json-3.2.4.jar;C:\Users\ERIN_JAVALead\.m2\repository\com\fasterxml\jackson\core\jackson-databind\2.15.4\jackson-databind-2.15.4.jar;C:\Users\ERIN_JAVALead\.m2\repository\com\fasterxml\jackson\core\jackson-annotations\2.15.4\jackson-annotations-2.15.4.jar;C:\Users\ERIN_JAVALead\.m2\repository\com\fasterxml\jackson\core\jackson-core\2.15.4\jackson-core-2.15.4.jar;C:\Users\ERIN_JAVALead\.m2\repository\com\fasterxml\jackson\datatype\jackson-datatype-jdk8\2.15.4\jackson-datatype-jdk8-2.15.4.jar;C:\Users\ERIN_JAVALead\.m2\repository\com\fasterxml\jackson\datatype\jackson-datatype-jsr310\2.15.4\jackson-datatype-jsr310-2.15.4.jar;C:\Users\ERIN_JAVALead\.m2\repository\com\fasterxml\jackson\module\jackson-module-parameter-names\2.15.4\jackson-module-parameter-names-2.15.4.jar;C:\Users\ERIN_JAVALead\.m2\repository\org\springframework\boot\spring-boot-starter-tomcat\3.2.4\spring-boot-starter-tomcat-3.2.4.jar;C:\Users\ERIN_JAVALead\.m2\repository\org\apache\tomcat\embed\tomcat-embed-core\10.1.19\tomcat-embed-core-10.1.19.jar;C:\Users\ERIN_JAVALead\.m2\repository\org\apache\tomcat\embed\tomcat-embed-el\10.1.19\tomcat-embed-el-10.1.19.jar;C:\Users\ERIN_JAVALead\.m2\repository\org\apache\tomcat\embed\tomcat-embed-websocket\10.1.19\tomcat-embed-websocket-10.1.19.jar;C:\Users\ERIN_JAVALead\.m2\repository\org\springframework\spring-web\6.1.5\spring-web-6.1.5.jar;C:\Users\ERIN_JAVALead\.m2\repository\org\springframework\spring-beans\6.1.5\spring-beans-6.1.5.jar;C:\Users\ERIN_JAVALead\.m2\repository\io\micrometer\micrometer-observation\1.12.4\micrometer-observation-1.12.4.jar;C:\Users\ERIN_JAVALead\.m2\repository\io\micrometer\micrometer-commons\1.12.4\micrometer-commons-1.12.4.jar;C:\Users\ERIN_JAVALead\.m2\repository\org\springframework\spring-webmvc\6.1.5\spring-webmvc-6.1.5.jar;C:\Users\ERIN_JAVALead\.m2\repository\org\springframework\spring-aop\6.1.5\spring-aop-6.1.5.jar;C:\Users\ERIN_JAVALead\.m2\repository\org\springframework\spring-context\6.1.5\spring-context-6.1.5.jar;C:\Users\ERIN_JAVALead\.m2\repository\org\springframework\spring-expression\6.1.5\spring-expression-6.1.5.jar;C:\Users\ERIN_JAVALead\.m2\repository\org\springframework\boot\spring-boot-devtools\3.2.4\spring-boot-devtools-3.2.4.jar;C:\Users\ERIN_JAVALead\.m2\repository\org\springframework\boot\spring-boot\3.2.4\spring-boot-3.2.4.jar;C:\Users\ERIN_JAVALead\.m2\repository\org\springframework\boot\spring-boot-autoconfigure\3.2.4\spring-boot-autoconfigure-3.2.4.jar;C:\Users\ERIN_JAVALead\.m2\repository\org\projectlombok\lombok\1.18.30\lombok-1.18.30.jar;C:\Users\ERIN_JAVALead\.m2\repository\org\slf4j\slf4j-api\2.0.12\slf4j-api-2.0.12.jar;C:\Users\ERIN_JAVALead\.m2\repository\jakarta\xml\bind\jakarta.xml.bind-api\4.0.2\jakarta.xml.bind-api-4.0.2.jar;C:\Users\ERIN_JAVALead\.m2\repository\jakarta\activation\jakarta.activation-api\2.1.3\jakarta.activation-api-2.1.3.jar;C:\Users\ERIN_JAVALead\.m2\repository\net\bytebuddy\byte-buddy\1.14.12\byte-buddy-1.14.12.jar;C:\Users\ERIN_JAVALead\.m2\repository\org\springframework\spring-core\6.1.5\spring-core-6.1.5.jar;C:\Users\ERIN_JAVALead\.m2\repository\org\springframework\spring-jcl\6.1.5\spring-jcl-6.1.5.jar;C:\Users\ERIN_JAVALead\.m2\repository\org\springframework\boot\spring-boot-starter-data-jpa\3.2.4\spring-boot-starter-data-jpa-3.2.4.jar;C:\Users\ERIN_JAVALead\.m2\repository\org\springframework\boot\spring-boot-starter-aop\3.2.4\spring-boot-starter-aop-3.2.4.jar;C:\Users\ERIN_JAVALead\.m2\repository\org\aspectj\aspectjweaver\1.9.21\aspectjweaver-1.9.21.jar;C:\Users\ERIN_JAVALead\.m2\repository\org\springframework\boot\spring-boot-starter-jdbc\3.2.4\spring-boot-starter-jdbc-3.2.4.jar;C:\Users\ERIN_JAVALead\.m2\repository\com\zaxxer\HikariCP\5.0.1\HikariCP-5.0.1.jar;C:\Users\ERIN_JAVALead\.m2\repository\org\springframework\spring-jdbc\6.1.5\spring-jdbc-6.1.5.jar;C:\Users\ERIN_JAVALead\.m2\repository\org\hibernate\orm\hibernate-core\6.4.4.Final\hibernate-core-6.4.4.Final.jar;C:\Users\ERIN_JAVALead\.m2\repository\jakarta\persistence\jakarta.persistence-api\3.1.0\jakarta.persistence-api-3.1.0.jar;C:\Users\ERIN_JAVALead\.m2\repository\jakarta\transaction\jakarta.transaction-api\2.0.1\jakarta.transaction-api-2.0.1.jar;C:\Users\ERIN_JAVALead\.m2\repository\org\jboss\logging\jboss-logging\3.5.3.Final\jboss-logging-3.5.3.Final.jar;C:\Users\ERIN_JAVALead\.m2\repository\org\hibernate\common\hibernate-commons-annotations\6.0.6.Final\hibernate-commons-annotations-6.0.6.Final.jar;C:\Users\ERIN_JAVALead\.m2\repository\io\smallrye\jandex\3.1.2\jandex-3.1.2.jar;C:\Users\ERIN_JAVALead\.m2\repository\com\fasterxml\classmate\1.6.0\classmate-1.6.0.jar;C:\Users\ERIN_JAVALead\.m2\repository\org\glassfish\jaxb\jaxb-runtime\4.0.5\jaxb-runtime-4.0.5.jar;C:\Users\ERIN_JAVALead\.m2\repository\org\glassfish\jaxb\jaxb-core\4.0.5\jaxb-core-4.0.5.jar;C:\Users\ERIN_JAVALead\.m2\repository\org\eclipse\angus\angus-activation\2.0.2\angus-activation-2.0.2.jar;C:\Users\ERIN_JAVALead\.m2\repository\org\glassfish\jaxb\txw2\4.0.5\txw2-4.0.5.jar;C:\Users\ERIN_JAVALead\.m2\repository\com\sun\istack\istack-commons-runtime\4.1.2\istack-commons-runtime-4.1.2.jar;C:\Users\ERIN_JAVALead\.m2\repository\jakarta\inject\jakarta.inject-api\2.0.1\jakarta.inject-api-2.0.1.jar;C:\Users\ERIN_JAVALead\.m2\repository\org\antlr\antlr4-runtime\4.13.0\antlr4-runtime-4.13.0.jar;C:\Users\ERIN_JAVALead\.m2\repository\org\springframework\data\spring-data-jpa\3.2.4\spring-data-jpa-3.2.4.jar;C:\Users\ERIN_JAVALead\.m2\repository\org\springframework\data\spring-data-commons\3.2.4\spring-data-commons-3.2.4.jar;C:\Users\ERIN_JAVALead\.m2\repository\org\springframework\spring-orm\6.1.5\spring-orm-6.1.5.jar;C:\Users\ERIN_JAVALead\.m2\repository\org\springframework\spring-tx\6.1.5\spring-tx-6.1.5.jar;C:\Users\ERIN_JAVALead\.m2\repository\org\springframework\spring-aspects\6.1.5\spring-aspects-6.1.5.jar;C:\Users\ERIN_JAVALead\.m2\repository\com\microsoft\sqlserver\mssql-jdbc\12.4.2.jre11\mssql-jdbc-12.4.2.jre11.jar
Launcher Type: SUN_STANDARD

[Global flags]
     intx CICompilerCount                          = 3                                         {product} {ergonomic}
     uint ConcGCThreads                            = 1                                         {product} {ergonomic}
     uint G1ConcRefinementThreads                  = 4                                         {product} {ergonomic}
   size_t G1HeapRegionSize                         = 1048576                                   {product} {ergonomic}
    uintx GCDrainStackTargetSize                   = 64                                        {product} {ergonomic}
   size_t InitialHeapSize                          = 67108864                                  {product} {ergonomic}
   size_t MarkStackSize                            = 4194304                                   {product} {ergonomic}
   size_t MaxHeapSize                              = 1052770304                                {product} {ergonomic}
   size_t MaxNewSize                               = 631242752                                 {product} {ergonomic}
   size_t MinHeapDeltaBytes                        = 1048576                                   {product} {ergonomic}
   size_t MinHeapSize                              = 8388608                                   {product} {ergonomic}
    uintx NonNMethodCodeHeapSize                   = 5832780                                {pd product} {ergonomic}
    uintx NonProfiledCodeHeapSize                  = 122912730                              {pd product} {ergonomic}
    uintx ProfiledCodeHeapSize                     = 122912730                              {pd product} {ergonomic}
    uintx ReservedCodeCacheSize                    = 251658240                              {pd product} {ergonomic}
     bool SegmentedCodeCache                       = true                                      {product} {ergonomic}
   size_t SoftMaxHeapSize                          = 1052770304                             {manageable} {ergonomic}
     bool UseCompressedClassPointers               = true                           {product lp64_product} {ergonomic}
     bool UseCompressedOops                        = true                           {product lp64_product} {ergonomic}
     bool UseG1GC                                  = true                                      {product} {ergonomic}
     bool UseLargePagesIndividualAllocation        = false                                  {pd product} {ergonomic}

Logging:
Log output configuration:
 #0: stdout all=warning uptime,level,tags foldmultilines=false
 #1: stderr all=off uptime,level,tags foldmultilines=false

Environment Variables:
JAVA_HOME=C:\Program Files\Java\jdk1.8.0_202
PATH=C:\Program Files (x86)\Common Files\Oracle\Java\javapath;C:\WINDOWS\system32;C:\WINDOWS;C:\WINDOWS\System32\Wbem;C:\WINDOWS\System32\WindowsPowerShell\v1.0\;C:\WINDOWS\System32\OpenSSH\;C:\Program Files (x86)\nodejs\;C:\Program Files (x86)\nodejs\npm;C:\Users\ERIN_JAVALead\AppData\Roaming\npm;C:\Program Files\Git\cmd;C:\Program Files (x86)\dotnet\;C:\Program Files (x86)\Microsoft SQL Server\160\DTS\Binn\;C:\Program Files\Azure Data Studio\bin;C:\Program Files (x86)\Microsoft SQL Server\160\Tools\Binn\;C:\Program Files\Microsoft SQL Server\160\Tools\Binn\;C:\Program Files\Microsoft SQL Server\Client SDK\ODBC\170\Tools\Binn\;C:\Program Files\Microsoft SQL Server\160\DTS\Binn\;C:\Program Files\Java\jdk1.8.0_202\bin;C:\Program Files\Java\jdk1.8.0_202\jre\bin;C:\kafkasrc\bin\windows;C:\Program Files\Docker\Docker\resources\bin;C:\Program Files\Docker\Docker;C:\Users\ERIN_JAVALead\AppData\Local\Microsoft\WindowsApps;;C:\Users\ERIN_JAVALead\AppData\Local\Programs\Microsoft VS Code\bin;C:\Users\ERIN_JAVALead\AppData\Roaming\npm;C:\Program Files\Azure Data Studio\bin
USERNAME=ERIN_JAVALead
OS=Windows_NT
PROCESSOR_IDENTIFIER=Intel64 Family 6 Model 78 Stepping 3, GenuineIntel



---------------  S Y S T E M  ---------------

OS:
 Windows 10 , 64 bit Build 19041 (10.0.19041.3636)
OS uptime: 0 days 10:28 hours
Hyper-V role detected

CPU: total 4 (initial active 4) (2 cores per cpu, 2 threads per core) family 6 model 78 stepping 3 microcode 0xcc, cx8, cmov, fxsr, ht, mmx, 3dnowpref, sse, sse2, sse3, ssse3, sse4.1, sse4.2, popcnt, lzcnt, tsc, tscinvbit, avx, avx2, aes, erms, clmul, bmi1, bmi2, adx, fma, vzeroupper, clflush, clflushopt, hv

Memory: 4k page, system-wide physical 4012M (218M free)
TotalPageFile size 6060M (AvailPageFile size 1M)
current process WorkingSet (physical memory assigned to process): 200M, peak: 200M
current process commit charge ("private bytes"): 228M, peak: 228M

vm_info: OpenJDK 64-Bit Server VM (18.0.2+9-FR) for windows-amd64 JRE (18.0.2+9-FR), built on Jul 15 2022 20:03:03 by "Administrator" with MS VC++ 15.9 (VS2017)

END.
