#
# There is insufficient memory for the Java Runtime Environment to continue.
# Native memory allocation (malloc) failed to allocate 1893248 bytes for Chunk::new
# Possible reasons:
#   The system is out of physical RAM or swap space
#   The process is running with CompressedOops enabled, and the Java Heap may be blocking the growth of the native heap
# Possible solutions:
#   Reduce memory load on the system
#   Increase physical memory or swap space
#   Check if swap backing store is full
#   Decrease Java heap size (-Xmx/-Xms)
#   Decrease number of Java threads
#   Decrease Java thread stack sizes (-Xss)
#   Set larger code cache with -XX:ReservedCodeCacheSize=
#   JVM is running with Unscaled Compressed Oops mode in which the Java heap is
#     placed in the first 4GB address space. The Java Heap base address is the
#     maximum limit for the native heap growth. Please use -XX:HeapBaseMinAddress
#     to set the Java Heap base and to place the Java Heap above 4GB virtual address.
# This output file may be truncated or incomplete.
#
#  Out of Memory Error (arena.cpp:184), pid=9720, tid=10648
#
# JRE version: OpenJDK Runtime Environment Corretto-18.0.2.9.1 (18.0.2+9) (build 18.0.2+9-FR)
# Java VM: OpenJDK 64-Bit Server VM Corretto-18.0.2.9.1 (18.0.2+9-FR, mixed mode, sharing, tiered, compressed oops, compressed class ptrs, g1 gc, windows-amd64)
# No core dump will be written. Minidumps are not enabled by default on client versions of Windows
#

---------------  S U M M A R Y ------------

Command Line: -javaagent:C:\Program Files\JetBrains\IntelliJ IDEA Community Edition 2021.3.3\lib\idea_rt.jar=62734:C:\Program Files\JetBrains\IntelliJ IDEA Community Edition 2021.3.3\bin -Dfile.encoding=UTF-8 com.verise.veganapp.VeriseApplication

Host: Intel(R) Core(TM) i3-6006U CPU @ 2.00GHz, 4 cores, 3G,  Windows 10 , 64 bit Build 19041 (10.0.19041.3636)
Time: Wed Apr 10 19:21:40 2024 W. Europe Daylight Time elapsed time: 13.343409 seconds (0d 0h 0m 13s)

---------------  T H R E A D  ---------------

Current thread (0x00000232b2c85900):  JavaThread "C2 CompilerThread0" daemon [_thread_in_native, id=10648, stack(0x000000e809f00000,0x000000e80a000000)]


Current CompileTask:
C2:  13343 3983       4       org.springframework.boot.context.properties.source.ConfigurationPropertyName$ElementsParser::parse (234 bytes)

Stack: [0x000000e809f00000,0x000000e80a000000]
Native frames: (J=compiled Java code, j=interpreted, Vv=VM code, C=native code)
V  [jvm.dll+0x685a2a]
V  [jvm.dll+0x82ae8d]
V  [jvm.dll+0x82c75e]
V  [jvm.dll+0x82ce03]
V  [jvm.dll+0x25ef4b]
V  [jvm.dll+0xd42d2]
V  [jvm.dll+0xd4665]
V  [jvm.dll+0x38578b]
V  [jvm.dll+0x34d82a]
V  [jvm.dll+0x34cc1a]
V  [jvm.dll+0x233a65]
V  [jvm.dll+0x232f37]
V  [jvm.dll+0x1c0a35]
V  [jvm.dll+0x24212c]
V  [jvm.dll+0x240534]
V  [jvm.dll+0x7df6db]
V  [jvm.dll+0x7d9cba]
V  [jvm.dll+0x6848a5]
C  [ucrtbase.dll+0x21bb2]
C  [KERNEL32.DLL+0x17344]
C  [ntdll.dll+0x526b1]


---------------  P R O C E S S  ---------------

Threads class SMR info:
_java_thread_list=0x00000232d5c8d2b0, length=18, elements={
0x00000232b2bcc250, 0x00000232b2c6ac30, 0x00000232b2c6b890, 0x00000232b2c81f40,
0x00000232b2c838f0, 0x00000232b2c84290, 0x00000232b2c84c30, 0x00000232b2c85900,
0x00000232d00806f0, 0x00000232b2c8d2c0, 0x00000232d44203b0, 0x00000232d473c400,
0x00000232d473c8c0, 0x00000232d4e2e080, 0x00000232d4bb09c0, 0x00000232d589ded0,
0x00000232d589e3a0, 0x00000232d589da00
}

Java Threads: ( => current thread )
  0x00000232b2bcc250 JavaThread "main" [_thread_blocked, id=9836, stack(0x000000e809200000,0x000000e809300000)]
  0x00000232b2c6ac30 JavaThread "Reference Handler" daemon [_thread_blocked, id=13220, stack(0x000000e809900000,0x000000e809a00000)]
  0x00000232b2c6b890 JavaThread "Finalizer" daemon [_thread_blocked, id=13060, stack(0x000000e809a00000,0x000000e809b00000)]
  0x00000232b2c81f40 JavaThread "Signal Dispatcher" daemon [_thread_blocked, id=10704, stack(0x000000e809b00000,0x000000e809c00000)]
  0x00000232b2c838f0 JavaThread "Attach Listener" daemon [_thread_blocked, id=4104, stack(0x000000e809c00000,0x000000e809d00000)]
  0x00000232b2c84290 JavaThread "Service Thread" daemon [_thread_blocked, id=1896, stack(0x000000e809d00000,0x000000e809e00000)]
  0x00000232b2c84c30 JavaThread "Monitor Deflation Thread" daemon [_thread_blocked, id=12660, stack(0x000000e809e00000,0x000000e809f00000)]
=>0x00000232b2c85900 JavaThread "C2 CompilerThread0" daemon [_thread_in_native, id=10648, stack(0x000000e809f00000,0x000000e80a000000)]
  0x00000232d00806f0 JavaThread "C1 CompilerThread0" daemon [_thread_blocked, id=9296, stack(0x000000e80a000000,0x000000e80a100000)]
  0x00000232b2c8d2c0 JavaThread "Sweeper thread" daemon [_thread_blocked, id=3240, stack(0x000000e80a100000,0x000000e80a200000)]
  0x00000232d44203b0 JavaThread "Common-Cleaner" daemon [_thread_blocked, id=11924, stack(0x000000e80a200000,0x000000e80a300000)]
  0x00000232d473c400 JavaThread "Monitor Ctrl-Break" daemon [_thread_in_native, id=1556, stack(0x000000e80a400000,0x000000e80a500000)]
  0x00000232d473c8c0 JavaThread "Notification Thread" daemon [_thread_blocked, id=7036, stack(0x000000e80a500000,0x000000e80a600000)]
  0x00000232d4e2e080 JavaThread "Thread-0" [_thread_blocked, id=3368, stack(0x000000e80a900000,0x000000e80aa00000)]
  0x00000232d4bb09c0 JavaThread "restartedMain" [_thread_in_vm, id=12864, stack(0x000000e80aa00000,0x000000e80ab00000)]
  0x00000232d589ded0 JavaThread "Catalina-utility-1" [_thread_blocked, id=6520, stack(0x000000e80ab00000,0x000000e80ac00000)]
  0x00000232d589e3a0 JavaThread "Catalina-utility-2" [_thread_blocked, id=6320, stack(0x000000e80ac00000,0x000000e80ad00000)]
  0x00000232d589da00 JavaThread "container-0" [_thread_blocked, id=12088, stack(0x000000e80ad00000,0x000000e80ae00000)]

Other Threads:
  0x00000232b2c66480 VMThread "VM Thread" [stack: 0x000000e809800000,0x000000e809900000] [id=6720]
  0x00000232d47923c0 WatcherThread "VM Periodic Task Thread" [stack: 0x000000e80a600000,0x000000e80a700000] [id=5524]
  0x00000232b2c0dd80 WorkerThread "GC Thread#0" [stack: 0x000000e809300000,0x000000e809400000] [id=12568]
  0x00000232d4935d60 WorkerThread "GC Thread#1" [stack: 0x000000e80a300000,0x000000e80a400000] [id=1752]
  0x00000232d4e57a30 WorkerThread "GC Thread#2" [stack: 0x000000e80a700000,0x000000e80a800000] [id=10140]
  0x00000232d4a1fde0 WorkerThread "GC Thread#3" [stack: 0x000000e80a800000,0x000000e80a900000] [id=7392]
  0x00000232b2c16a30 ConcurrentGCThread "G1 Main Marker" [stack: 0x000000e809400000,0x000000e809500000] [id=3548]
  0x00000232b2c17420 WorkerThread "G1 Conc#0" [stack: 0x000000e809500000,0x000000e809600000] [id=10408]
  0x00000232b2c3e7c0 ConcurrentGCThread "G1 Refine#0" [stack: 0x000000e809600000,0x000000e809700000] [id=5892]
  0x00000232b2c3f0d0 ConcurrentGCThread "G1 Service" [stack: 0x000000e809700000,0x000000e809800000] [id=12852]

Threads with active compile tasks:
C2 CompilerThread0    13416 3983       4       org.springframework.boot.context.properties.source.ConfigurationPropertyName$ElementsParser::parse (234 bytes)

VM state: not at safepoint (normal execution)

VM Mutex/Monitor currently owned by a thread: None

Heap address: 0x00000000c1400000, size: 1004 MB, Compressed Oops mode: 32-bit

CDS archive(s) mapped at: [0x0000000800000000-0x0000000800ba0000-0x0000000800ba0000), size 12189696, SharedBaseAddress: 0x0000000800000000, ArchiveRelocationMode: 0.
Compressed class space mapped at: 0x0000000800c00000-0x0000000840c00000, reserved size: 1073741824
Narrow klass base: 0x0000000800000000, Narrow klass shift: 0, Narrow klass range: 0x100000000

GC Precious Log:
 CardTable entry size: 512
 Card Set container configuration: InlinePtr #cards 5 size 8 Array Of Cards #cards 12 size 40 Howl #buckets 4 coarsen threshold 1843 Howl Bitmap #cards 512 size 80 coarsen threshold 460 Card regions per heap region 1 cards per card region 2048
 CPUs: 4 total, 4 available
 Memory: 4012M
 Large Page Support: Disabled
 NUMA Support: Disabled
 Compressed Oops: Enabled (32-bit)
 Heap Region Size: 1M
 Heap Min Capacity: 8M
 Heap Initial Capacity: 64M
 Heap Max Capacity: 1004M
 Pre-touch: Disabled
 Parallel Workers: 4
 Concurrent Workers: 1
 Concurrent Refinement Workers: 4
 Periodic GC: Disabled

Heap:
 garbage-first heap   total 55296K, used 35695K [0x00000000c1400000, 0x0000000100000000)
  region size 1024K, 24 young (24576K), 4 survivors (4096K)
 Metaspace       used 30048K, committed 30528K, reserved 1114112K
  class space    used 3709K, committed 3904K, reserved 1048576K

Heap Regions: E=young(eden), S=young(survivor), O=old, HS=humongous(starts), HC=humongous(continues), CS=collection set, F=free, OA=open archive, CA=closed archive, TAMS=top-at-mark-start (previous, next)
|   0|0x00000000c1400000, 0x00000000c1500000, 0x00000000c1500000|100%|HS|  |TAMS 0x00000000c1500000, 0x00000000c1400000| Complete 
|   1|0x00000000c1500000, 0x00000000c1600000, 0x00000000c1600000|100%| O|  |TAMS 0x00000000c1600000, 0x00000000c1500000| Untracked 
|   2|0x00000000c1600000, 0x00000000c1700000, 0x00000000c1700000|100%| O|  |TAMS 0x00000000c1700000, 0x00000000c1600000| Untracked 
|   3|0x00000000c1700000, 0x00000000c1800000, 0x00000000c1800000|100%| O|  |TAMS 0x00000000c1800000, 0x00000000c1700000| Untracked 
|   4|0x00000000c1800000, 0x00000000c1900000, 0x00000000c1900000|100%| O|  |TAMS 0x00000000c1900000, 0x00000000c1800000| Untracked 
|   5|0x00000000c1900000, 0x00000000c1a00000, 0x00000000c1a00000|100%| O|  |TAMS 0x00000000c1a00000, 0x00000000c1900000| Untracked 
|   6|0x00000000c1a00000, 0x00000000c1b00000, 0x00000000c1b00000|100%| O|  |TAMS 0x00000000c1afa400, 0x00000000c1a00000| Untracked 
|   7|0x00000000c1b00000, 0x00000000c1c00000, 0x00000000c1c00000|100%| O|  |TAMS 0x00000000c1b00000, 0x00000000c1b00000| Untracked 
|   8|0x00000000c1c00000, 0x00000000c1d00000, 0x00000000c1d00000|100%| O|  |TAMS 0x00000000c1c00000, 0x00000000c1c00000| Untracked 
|   9|0x00000000c1d00000, 0x00000000c1e00000, 0x00000000c1e00000|100%| O|  |TAMS 0x00000000c1d00000, 0x00000000c1d00000| Untracked 
|  10|0x00000000c1e00000, 0x00000000c1f00000, 0x00000000c1f00000|100%| O|  |TAMS 0x00000000c1e00000, 0x00000000c1e00000| Untracked 
|  11|0x00000000c1f00000, 0x00000000c1f15200, 0x00000000c2000000|  8%| O|  |TAMS 0x00000000c1f00000, 0x00000000c1f00000| Untracked 
|  12|0x00000000c2000000, 0x00000000c20c6c00, 0x00000000c2100000| 77%| O|  |TAMS 0x00000000c2000000, 0x00000000c2000000| Untracked 
|  13|0x00000000c2100000, 0x00000000c2100000, 0x00000000c2200000|  0%| F|  |TAMS 0x00000000c2100000, 0x00000000c2100000| Untracked 
|  14|0x00000000c2200000, 0x00000000c2200000, 0x00000000c2300000|  0%| F|  |TAMS 0x00000000c2200000, 0x00000000c2200000| Untracked 
|  15|0x00000000c2300000, 0x00000000c2300000, 0x00000000c2400000|  0%| F|  |TAMS 0x00000000c2300000, 0x00000000c2300000| Untracked 
|  16|0x00000000c2400000, 0x00000000c2400000, 0x00000000c2500000|  0%| F|  |TAMS 0x00000000c2400000, 0x00000000c2400000| Untracked 
|  17|0x00000000c2500000, 0x00000000c2500000, 0x00000000c2600000|  0%| F|  |TAMS 0x00000000c2500000, 0x00000000c2500000| Untracked 
|  18|0x00000000c2600000, 0x00000000c2700000, 0x00000000c2700000|100%| S|CS|TAMS 0x00000000c2600000, 0x00000000c2600000| Complete 
|  19|0x00000000c2700000, 0x00000000c2800000, 0x00000000c2800000|100%| S|CS|TAMS 0x00000000c2700000, 0x00000000c2700000| Complete 
|  20|0x00000000c2800000, 0x00000000c2900000, 0x00000000c2900000|100%| S|CS|TAMS 0x00000000c2800000, 0x00000000c2800000| Complete 
|  21|0x00000000c2900000, 0x00000000c2a00000, 0x00000000c2a00000|100%| S|CS|TAMS 0x00000000c2900000, 0x00000000c2900000| Complete 
|  22|0x00000000c2a00000, 0x00000000c2a00000, 0x00000000c2b00000|  0%| F|  |TAMS 0x00000000c2a00000, 0x00000000c2a00000| Untracked 
|  23|0x00000000c2b00000, 0x00000000c2b00000, 0x00000000c2c00000|  0%| F|  |TAMS 0x00000000c2b00000, 0x00000000c2b00000| Untracked 
|  24|0x00000000c2c00000, 0x00000000c2c00000, 0x00000000c2d00000|  0%| F|  |TAMS 0x00000000c2c00000, 0x00000000c2c00000| Untracked 
|  25|0x00000000c2d00000, 0x00000000c2d00000, 0x00000000c2e00000|  0%| F|  |TAMS 0x00000000c2d00000, 0x00000000c2d00000| Untracked 
|  26|0x00000000c2e00000, 0x00000000c2e00000, 0x00000000c2f00000|  0%| F|  |TAMS 0x00000000c2e00000, 0x00000000c2e00000| Untracked 
|  27|0x00000000c2f00000, 0x00000000c2f00000, 0x00000000c3000000|  0%| F|  |TAMS 0x00000000c2f00000, 0x00000000c2f00000| Untracked 
|  28|0x00000000c3000000, 0x00000000c3000000, 0x00000000c3100000|  0%| F|  |TAMS 0x00000000c3000000, 0x00000000c3000000| Untracked 
|  29|0x00000000c3100000, 0x00000000c3100000, 0x00000000c3200000|  0%| F|  |TAMS 0x00000000c3100000, 0x00000000c3100000| Untracked 
|  30|0x00000000c3200000, 0x00000000c3200000, 0x00000000c3300000|  0%| F|  |TAMS 0x00000000c3200000, 0x00000000c3200000| Untracked 
|  31|0x00000000c3300000, 0x00000000c3300000, 0x00000000c3400000|  0%| F|  |TAMS 0x00000000c3300000, 0x00000000c3300000| Untracked 
|  32|0x00000000c3400000, 0x00000000c3400000, 0x00000000c3500000|  0%| F|  |TAMS 0x00000000c3400000, 0x00000000c3400000| Untracked 
|  33|0x00000000c3500000, 0x00000000c3500000, 0x00000000c3600000|  0%| F|  |TAMS 0x00000000c3500000, 0x00000000c3500000| Untracked 
|  34|0x00000000c3600000, 0x00000000c36e34e8, 0x00000000c3700000| 88%| E|  |TAMS 0x00000000c3600000, 0x00000000c3600000| Complete 
|  35|0x00000000c3700000, 0x00000000c3800000, 0x00000000c3800000|100%| E|CS|TAMS 0x00000000c3700000, 0x00000000c3700000| Complete 
|  36|0x00000000c3800000, 0x00000000c3900000, 0x00000000c3900000|100%| E|CS|TAMS 0x00000000c3800000, 0x00000000c3800000| Complete 
|  37|0x00000000c3900000, 0x00000000c3a00000, 0x00000000c3a00000|100%| E|CS|TAMS 0x00000000c3900000, 0x00000000c3900000| Complete 
|  38|0x00000000c3a00000, 0x00000000c3b00000, 0x00000000c3b00000|100%| E|CS|TAMS 0x00000000c3a00000, 0x00000000c3a00000| Complete 
|  39|0x00000000c3b00000, 0x00000000c3c00000, 0x00000000c3c00000|100%| E|CS|TAMS 0x00000000c3b00000, 0x00000000c3b00000| Complete 
|  40|0x00000000c3c00000, 0x00000000c3d00000, 0x00000000c3d00000|100%| E|CS|TAMS 0x00000000c3c00000, 0x00000000c3c00000| Complete 
|  41|0x00000000c3d00000, 0x00000000c3e00000, 0x00000000c3e00000|100%| E|CS|TAMS 0x00000000c3d00000, 0x00000000c3d00000| Complete 
|  42|0x00000000c3e00000, 0x00000000c3f00000, 0x00000000c3f00000|100%| E|CS|TAMS 0x00000000c3e00000, 0x00000000c3e00000| Complete 
|  43|0x00000000c3f00000, 0x00000000c4000000, 0x00000000c4000000|100%| E|CS|TAMS 0x00000000c3f00000, 0x00000000c3f00000| Complete 
|  44|0x00000000c4000000, 0x00000000c4100000, 0x00000000c4100000|100%| E|CS|TAMS 0x00000000c4000000, 0x00000000c4000000| Complete 
|  45|0x00000000c4100000, 0x00000000c4200000, 0x00000000c4200000|100%| E|CS|TAMS 0x00000000c4100000, 0x00000000c4100000| Complete 
|  46|0x00000000c4200000, 0x00000000c4300000, 0x00000000c4300000|100%| E|CS|TAMS 0x00000000c4200000, 0x00000000c4200000| Complete 
|  47|0x00000000c4300000, 0x00000000c4400000, 0x00000000c4400000|100%| E|CS|TAMS 0x00000000c4300000, 0x00000000c4300000| Complete 
|  48|0x00000000c4400000, 0x00000000c4500000, 0x00000000c4500000|100%| E|CS|TAMS 0x00000000c4400000, 0x00000000c4400000| Complete 
|  49|0x00000000c4500000, 0x00000000c4600000, 0x00000000c4600000|100%| E|CS|TAMS 0x00000000c4500000, 0x00000000c4500000| Complete 
|  50|0x00000000c4600000, 0x00000000c4700000, 0x00000000c4700000|100%| E|CS|TAMS 0x00000000c4600000, 0x00000000c4600000| Complete 
|  51|0x00000000c4700000, 0x00000000c4800000, 0x00000000c4800000|100%| E|CS|TAMS 0x00000000c4700000, 0x00000000c4700000| Complete 
|  52|0x00000000c4800000, 0x00000000c4900000, 0x00000000c4900000|100%| E|CS|TAMS 0x00000000c4800000, 0x00000000c4800000| Complete 
|  63|0x00000000c5300000, 0x00000000c5400000, 0x00000000c5400000|100%| E|CS|TAMS 0x00000000c5300000, 0x00000000c5300000| Complete 

Card table byte_map: [0x00000232cb760000,0x00000232cb960000] _byte_map_base: 0x00000232cb156000

Marking Bits (Prev, Next): (CMBitMap*) 0x00000232b2c0e3c0, (CMBitMap*) 0x00000232b2c0e380
 Prev Bits: [0x00000232ccb10000, 0x00000232cdac0000)
 Next Bits: [0x00000232cbb60000, 0x00000232ccb10000)

Polling page: 0x00000232b2a30000

Metaspace:

Usage:
  Non-class:     25.74 MB used.
      Class:      3.63 MB used.
       Both:     29.38 MB used.

Virtual space:
  Non-class space:       64.00 MB reserved,      26.00 MB ( 41%) committed,  1 nodes.
      Class space:        1.00 GB reserved,       3.81 MB ( <1%) committed,  1 nodes.
             Both:        1.06 GB reserved,      29.81 MB (  3%) committed. 

Chunk freelists:
   Non-Class:  1.63 MB
       Class:  0 bytes
        Both:  1.63 MB

MaxMetaspaceSize: unlimited
CompressedClassSpaceSize: 1.00 GB
Initial GC threshold: 21.00 MB
Current GC threshold: 35.13 MB
CDS: on
MetaspaceReclaimPolicy: balanced
 - commit_granule_bytes: 65536.
 - commit_granule_words: 8192.
 - virtual_space_node_default_size: 8388608.
 - enlarge_chunks_in_place: 1.
 - new_chunks_are_fully_committed: 0.
 - uncommit_free_chunks: 1.
 - use_allocation_guard: 0.


Internal statistics:

num_allocs_failed_limit: 5.
num_arena_births: 644.
num_arena_deaths: 0.
num_vsnodes_births: 2.
num_vsnodes_deaths: 0.
num_space_committed: 477.
num_space_uncommitted: 0.
num_chunks_returned_to_freelist: 5.
num_chunks_taken_from_freelist: 1671.
num_chunk_merges: 5.
num_chunk_splits: 1144.
num_chunks_enlarged: 828.
num_inconsistent_stats: 0.

CodeHeap 'non-profiled nmethods': size=120000Kb used=1694Kb max_used=1694Kb free=118305Kb
 bounds [0x00000232c3a10000, 0x00000232c3c80000, 0x00000232caf40000]
CodeHeap 'profiled nmethods': size=120000Kb used=8761Kb max_used=8761Kb free=111238Kb
 bounds [0x00000232bc4e0000, 0x00000232bcd70000, 0x00000232c3a10000]
CodeHeap 'non-nmethods': size=5760Kb used=1224Kb max_used=1268Kb free=4536Kb
 bounds [0x00000232bbf40000, 0x00000232bc1b0000, 0x00000232bc4e0000]
 total_blobs=4532 nmethods=4014 adapters=430
 compilation: enabled
              stopped_count=0, restarted_count=0
 full_count=0

Compilation events (20 events):
Event: 13.316 Thread 0x00000232d00806f0 4040       2       org.springframework.beans.factory.annotation.AutowiredAnnotationBeanPostProcessor$$Lambda$524/0x0000000800ede630::doWith (13 bytes)
Event: 13.316 Thread 0x00000232d00806f0 nmethod 4040 0x00000232bcd65190 code [0x00000232bcd65320, 0x00000232bcd65468]
Event: 13.316 Thread 0x00000232d00806f0 4041       2       org.springframework.beans.factory.annotation.AutowiredAnnotationBeanPostProcessor::lambda$buildAutowiringMetadata$1 (74 bytes)
Event: 13.317 Thread 0x00000232d00806f0 nmethod 4041 0x00000232bcd65510 code [0x00000232bcd65700, 0x00000232bcd65a08]
Event: 13.319 Thread 0x00000232d00806f0 4042       1       org.apache.catalina.core.StandardContext::getTldValidation (5 bytes)
Event: 13.319 Thread 0x00000232d00806f0 nmethod 4042 0x00000232c3bb6310 code [0x00000232c3bb64a0, 0x00000232c3bb6578]
Event: 13.319 Thread 0x00000232d00806f0 4043       1       org.apache.catalina.core.StandardContext::getXmlBlockExternal (5 bytes)
Event: 13.319 Thread 0x00000232d00806f0 nmethod 4043 0x00000232c3bb6610 code [0x00000232c3bb67a0, 0x00000232c3bb6878]
Event: 13.320 Thread 0x00000232d00806f0 4044       1       org.springframework.beans.factory.support.AbstractBeanFactory::getBeanPostProcessors (5 bytes)
Event: 13.320 Thread 0x00000232d00806f0 nmethod 4044 0x00000232c3bb6910 code [0x00000232c3bb6aa0, 0x00000232c3bb6b78]
Event: 13.332 Thread 0x00000232d00806f0 4045       2       jdk.internal.loader.URLClassPath$1::next (59 bytes)
Event: 13.332 Thread 0x00000232d00806f0 nmethod 4045 0x00000232bcd65c10 code [0x00000232bcd65de0, 0x00000232bcd660b8]
Event: 13.333 Thread 0x00000232d00806f0 4046       1       org.springframework.aop.framework.autoproxy.AbstractAdvisorAutoProxyCreator::isEligibleAdvisorBean (2 bytes)
Event: 13.333 Thread 0x00000232d00806f0 nmethod 4046 0x00000232c3bb6c10 code [0x00000232c3bb6da0, 0x00000232c3bb6e78]
Event: 13.333 Thread 0x00000232d00806f0 4047       2       java.lang.reflect.Executable::getGenericParameterTypes (20 bytes)
Event: 13.334 Thread 0x00000232d00806f0 nmethod 4047 0x00000232bcd66210 code [0x00000232bcd66400, 0x00000232bcd666c8]
Event: 13.336 Thread 0x00000232d00806f0 4049       2       java.lang.reflect.Method::getGenericParameterTypes (5 bytes)
Event: 13.337 Thread 0x00000232d00806f0 nmethod 4049 0x00000232bcd66810 code [0x00000232bcd66a00, 0x00000232bcd66fb8]
Event: 13.337 Thread 0x00000232d00806f0 4050       2       java.lang.reflect.Method::hasGenericInformation (13 bytes)
Event: 13.338 Thread 0x00000232d00806f0 nmethod 4050 0x00000232bcd67210 code [0x00000232bcd673a0, 0x00000232bcd674b8]

GC Heap History (12 events):
Event: 2.585 GC heap before
{Heap before GC invocations=0 (full 0):
 garbage-first heap   total 65536K, used 13312K [0x00000000c1400000, 0x0000000100000000)
  region size 1024K, 13 young (13312K), 0 survivors (0K)
 Metaspace       used 3686K, committed 3840K, reserved 1114112K
  class space    used 378K, committed 448K, reserved 1048576K
}
Event: 2.597 GC heap after
{Heap after GC invocations=1 (full 0):
 garbage-first heap   total 65536K, used 5945K [0x00000000c1400000, 0x0000000100000000)
  region size 1024K, 2 young (2048K), 2 survivors (2048K)
 Metaspace       used 3686K, committed 3840K, reserved 1114112K
  class space    used 378K, committed 448K, reserved 1048576K
}
Event: 3.867 GC heap before
{Heap before GC invocations=1 (full 0):
 garbage-first heap   total 65536K, used 18233K [0x00000000c1400000, 0x0000000100000000)
  region size 1024K, 14 young (14336K), 2 survivors (2048K)
 Metaspace       used 6752K, committed 6912K, reserved 1114112K
  class space    used 753K, committed 832K, reserved 1048576K
}
Event: 3.873 GC heap after
{Heap after GC invocations=2 (full 0):
 garbage-first heap   total 65536K, used 7222K [0x00000000c1400000, 0x0000000100000000)
  region size 1024K, 2 young (2048K), 2 survivors (2048K)
 Metaspace       used 6752K, committed 6912K, reserved 1114112K
  class space    used 753K, committed 832K, reserved 1048576K
}
Event: 4.973 GC heap before
{Heap before GC invocations=2 (full 0):
 garbage-first heap   total 65536K, used 27702K [0x00000000c1400000, 0x0000000100000000)
  region size 1024K, 23 young (23552K), 2 survivors (2048K)
 Metaspace       used 12245K, committed 12480K, reserved 1114112K
  class space    used 1420K, committed 1536K, reserved 1048576K
}
Event: 4.982 GC heap after
{Heap after GC invocations=3 (full 0):
 garbage-first heap   total 65536K, used 9144K [0x00000000c1400000, 0x0000000100000000)
  region size 1024K, 3 young (3072K), 3 survivors (3072K)
 Metaspace       used 12245K, committed 12480K, reserved 1114112K
  class space    used 1420K, committed 1536K, reserved 1048576K
}
Event: 7.291 GC heap before
{Heap before GC invocations=3 (full 0):
 garbage-first heap   total 65536K, used 38840K [0x00000000c1400000, 0x0000000100000000)
  region size 1024K, 33 young (33792K), 3 survivors (3072K)
 Metaspace       used 18258K, committed 18496K, reserved 1114112K
  class space    used 2173K, committed 2304K, reserved 1048576K
}
Event: 7.309 GC heap after
{Heap after GC invocations=4 (full 0):
 garbage-first heap   total 65536K, used 12118K [0x00000000c1400000, 0x0000000100000000)
  region size 1024K, 5 young (5120K), 5 survivors (5120K)
 Metaspace       used 18258K, committed 18496K, reserved 1114112K
  class space    used 2173K, committed 2304K, reserved 1048576K
}
Event: 9.197 GC heap before
{Heap before GC invocations=4 (full 0):
 garbage-first heap   total 65536K, used 35670K [0x00000000c1400000, 0x0000000100000000)
  region size 1024K, 29 young (29696K), 5 survivors (5120K)
 Metaspace       used 21264K, committed 21504K, reserved 1114112K
  class space    used 2554K, committed 2688K, reserved 1048576K
}
Event: 9.209 GC heap after
{Heap after GC invocations=5 (full 0):
 garbage-first heap   total 65536K, used 13599K [0x00000000c1400000, 0x0000000100000000)
  region size 1024K, 3 young (3072K), 3 survivors (3072K)
 Metaspace       used 21264K, committed 21504K, reserved 1114112K
  class space    used 2554K, committed 2688K, reserved 1048576K
}
Event: 12.065 GC heap before
{Heap before GC invocations=6 (full 0):
 garbage-first heap   total 55296K, used 43295K [0x00000000c1400000, 0x0000000100000000)
  region size 1024K, 32 young (32768K), 3 survivors (3072K)
 Metaspace       used 26707K, committed 27136K, reserved 1114112K
  class space    used 3330K, committed 3520K, reserved 1048576K
}
Event: 12.080 GC heap after
{Heap after GC invocations=7 (full 0):
 garbage-first heap   total 55296K, used 16239K [0x00000000c1400000, 0x0000000100000000)
  region size 1024K, 4 young (4096K), 4 survivors (4096K)
 Metaspace       used 26707K, committed 27136K, reserved 1114112K
  class space    used 3330K, committed 3520K, reserved 1048576K
}

Deoptimization events (20 events):
Event: 13.228 Thread 0x00000232d4bb09c0 DEOPT PACKING pc=0x00000232bcd015a6 sp=0x000000e80aafa3d0
Event: 13.228 Thread 0x00000232d4bb09c0 DEOPT UNPACKING pc=0x00000232bbf92b43 sp=0x000000e80aaf9828 mode 0
Event: 13.230 Thread 0x00000232d4bb09c0 DEOPT PACKING pc=0x00000232bcd015a6 sp=0x000000e80aafaf30
Event: 13.230 Thread 0x00000232d4bb09c0 DEOPT UNPACKING pc=0x00000232bbf92b43 sp=0x000000e80aafa388 mode 0
Event: 13.233 Thread 0x00000232d4bb09c0 DEOPT PACKING pc=0x00000232bcd015a6 sp=0x000000e80aafaf30
Event: 13.233 Thread 0x00000232d4bb09c0 DEOPT UNPACKING pc=0x00000232bbf92b43 sp=0x000000e80aafa388 mode 0
Event: 13.234 Thread 0x00000232d4bb09c0 DEOPT PACKING pc=0x00000232bcd015a6 sp=0x000000e80aafaf30
Event: 13.234 Thread 0x00000232d4bb09c0 DEOPT UNPACKING pc=0x00000232bbf92b43 sp=0x000000e80aafa388 mode 0
Event: 13.234 Thread 0x00000232d4bb09c0 DEOPT PACKING pc=0x00000232bcd015a6 sp=0x000000e80aafaf30
Event: 13.234 Thread 0x00000232d4bb09c0 DEOPT UNPACKING pc=0x00000232bbf92b43 sp=0x000000e80aafa388 mode 0
Event: 13.236 Thread 0x00000232d4bb09c0 DEOPT PACKING pc=0x00000232bcd015a6 sp=0x000000e80aafaf30
Event: 13.236 Thread 0x00000232d4bb09c0 DEOPT UNPACKING pc=0x00000232bbf92b43 sp=0x000000e80aafa388 mode 0
Event: 13.236 Thread 0x00000232d4bb09c0 DEOPT PACKING pc=0x00000232bcd015a6 sp=0x000000e80aafaf30
Event: 13.236 Thread 0x00000232d4bb09c0 DEOPT UNPACKING pc=0x00000232bbf92b43 sp=0x000000e80aafa388 mode 0
Event: 13.246 Thread 0x00000232d4bb09c0 DEOPT PACKING pc=0x00000232bcd015a6 sp=0x000000e80aafafe0
Event: 13.246 Thread 0x00000232d4bb09c0 DEOPT UNPACKING pc=0x00000232bbf92b43 sp=0x000000e80aafa438 mode 0
Event: 13.274 Thread 0x00000232d4bb09c0 Uncommon trap: trap_request=0xffffff45 fr.pc=0x00000232c3b1b968 relative=0x00000000000007e8
Event: 13.274 Thread 0x00000232d4bb09c0 Uncommon trap: reason=unstable_if action=reinterpret pc=0x00000232c3b1b968 method=java.util.HashMap.putVal(ILjava/lang/Object;Ljava/lang/Object;ZZ)Ljava/lang/Object; @ 94 c2
Event: 13.274 Thread 0x00000232d4bb09c0 DEOPT PACKING pc=0x00000232c3b1b968 sp=0x000000e80aafc800
Event: 13.274 Thread 0x00000232d4bb09c0 DEOPT UNPACKING pc=0x00000232bbf923a3 sp=0x000000e80aafc718 mode 2

Classes loaded (20 events):
Event: 13.057 Loading class java/util/concurrent/ThreadPoolExecutor$Worker
Event: 13.057 Loading class java/util/concurrent/ThreadPoolExecutor$Worker done
Event: 13.068 Loading class java/lang/Thread$State
Event: 13.068 Loading class java/lang/Thread$State done
Event: 13.073 Loading class java/lang/invoke/DirectMethodHandle$Special
Event: 13.073 Loading class java/lang/invoke/DirectMethodHandle$Special done
Event: 13.181 Loading class sun/security/util/ManifestEntryVerifier$SunProviderHolder
Event: 13.181 Loading class sun/security/util/ManifestEntryVerifier$SunProviderHolder done
Event: 13.211 Loading class java/util/concurrent/locks/AbstractQueuedSynchronizer$ExclusiveNode
Event: 13.211 Loading class java/util/concurrent/locks/AbstractQueuedSynchronizer$Node
Event: 13.211 Loading class java/util/concurrent/locks/AbstractQueuedSynchronizer$Node done
Event: 13.211 Loading class java/util/concurrent/locks/AbstractQueuedSynchronizer$ExclusiveNode done
Event: 13.211 Loading class java/util/concurrent/TimeUnit$1
Event: 13.213 Loading class java/util/concurrent/TimeUnit$1 done
Event: 13.215 Loading class java/util/concurrent/locks/AbstractQueuedSynchronizer$ConditionNode
Event: 13.215 Loading class java/util/concurrent/locks/AbstractQueuedSynchronizer$ConditionNode done
Event: 13.242 Loading class java/util/ResourceBundle$Control$1
Event: 13.242 Loading class java/util/ResourceBundle$Control$1 done
Event: 13.262 Loading class java/net/SocketImplFactory
Event: 13.262 Loading class java/net/SocketImplFactory done

Classes unloaded (0 events):
No events

Classes redefined (0 events):
No events

Internal exceptions (20 events):
Event: 11.255 Thread 0x00000232d4bb09c0 Exception <a 'java/lang/NoSuchMethodError'{0x00000000c3131c08}: 'int java.lang.invoke.DirectMethodHandle$Holder.invokeSpecialIFC(java.lang.Object, java.lang.Object, java.lang.Object)'> (0x00000000c3131c08) 
thrown [s\src\hotspot\share\interpreter\linkResolver.cpp, line 759]
Event: 11.257 Thread 0x00000232d4bb09c0 Exception <a 'java/lang/NoSuchMethodError'{0x00000000c313fad0}: 'void java.lang.invoke.DirectMethodHandle$Holder.invokeStatic(java.lang.Object, int, java.lang.Object)'> (0x00000000c313fad0) 
thrown [s\src\hotspot\share\interpreter\linkResolver.cpp, line 759]
Event: 11.270 Thread 0x00000232d4bb09c0 Exception <a 'java/lang/NoSuchMethodError'{0x00000000c317e408}: 'void java.lang.invoke.DirectMethodHandle$Holder.invokeStatic(java.lang.Object, java.lang.Object, java.lang.Object, int, java.lang.Object)'> (0x00000000c317e408) 
thrown [s\src\hotspot\share\interpreter\linkResolver.cpp, line 759]
Event: 11.271 Thread 0x00000232d4bb09c0 Exception <a 'java/lang/NoSuchMethodError'{0x00000000c31857f8}: 'java.lang.Object java.lang.invoke.DirectMethodHandle$Holder.newInvokeSpecial(java.lang.Object, java.lang.Object, java.lang.Object, int)'> (0x00000000c31857f8) 
thrown [s\src\hotspot\share\interpreter\linkResolver.cpp, line 759]
Event: 11.272 Thread 0x00000232d4bb09c0 Exception <a 'java/lang/NoSuchMethodError'{0x00000000c3189878}: 'java.lang.Object java.lang.invoke.DirectMethodHandle$Holder.invokeSpecial(java.lang.Object, java.lang.Object, java.lang.Object, java.lang.Object, int)'> (0x00000000c3189878) 
thrown [s\src\hotspot\share\interpreter\linkResolver.cpp, line 759]
Event: 11.273 Thread 0x00000232d4bb09c0 Exception <a 'java/lang/NoSuchMethodError'{0x00000000c318cf80}: 'java.lang.Object java.lang.invoke.Invokers$Holder.linkToTargetMethod(java.lang.Object, java.lang.Object, int, java.lang.Object)'> (0x00000000c318cf80) 
thrown [s\src\hotspot\share\interpreter\linkResolver.cpp, line 759]
Event: 11.472 Thread 0x00000232d4bb09c0 Exception <a 'java/lang/NoSuchMethodError'{0x00000000c2d319d8}: 'java.lang.Object java.lang.invoke.DirectMethodHandle$Holder.invokeStaticInit(java.lang.Object, int, int, int, int)'> (0x00000000c2d319d8) 
thrown [s\src\hotspot\share\interpreter\linkResolver.cpp, line 759]
Event: 11.732 Thread 0x00000232d4bb09c0 Exception <a 'java/lang/NoSuchMethodError'{0x00000000c2c0c310}: 'java.lang.Object java.lang.invoke.DirectMethodHandle$Holder.invokeStaticInit(java.lang.Object, java.lang.Object, int, int, int, int)'> (0x00000000c2c0c310) 
thrown [s\src\hotspot\share\interpreter\linkResolver.cpp, line 759]
Event: 12.217 Thread 0x00000232d4bb09c0 Exception <a 'java/lang/NoSuchMethodError'{0x00000000c4588580}: 'int java.lang.invoke.DirectMethodHandle$Holder.invokeStatic(java.lang.Object, int, java.lang.Object)'> (0x00000000c4588580) 
thrown [s\src\hotspot\share\interpreter\linkResolver.cpp, line 759]
Event: 12.477 Thread 0x00000232d4bb09c0 Exception <a 'sun/nio/fs/WindowsException'{0x00000000c44e19e0}> (0x00000000c44e19e0) 
thrown [s\src\hotspot\share\prims\jni.cpp, line 516]
Event: 12.488 Thread 0x00000232d4bb09c0 Exception <a 'sun/nio/fs/WindowsException'{0x00000000c44e7718}> (0x00000000c44e7718) 
thrown [s\src\hotspot\share\prims\jni.cpp, line 516]
Event: 12.492 Thread 0x00000232d4bb09c0 Exception <a 'sun/nio/fs/WindowsException'{0x00000000c44e7e10}> (0x00000000c44e7e10) 
thrown [s\src\hotspot\share\prims\jni.cpp, line 516]
Event: 12.507 Thread 0x00000232d4bb09c0 Exception <a 'java/lang/NoSuchMethodError'{0x00000000c43003e8}: 'int java.lang.invoke.DirectMethodHandle$Holder.invokeVirtual(java.lang.Object, java.lang.Object, java.lang.Object, java.lang.Object)'> (0x00000000c43003e8) 
thrown [s\src\hotspot\share\interpreter\linkResolver.cpp, line 759]
Event: 12.508 Thread 0x00000232d4bb09c0 Exception <a 'java/lang/NoSuchMethodError'{0x00000000c4304340}: 'int java.lang.invoke.DelegatingMethodHandle$Holder.reinvoke_L(java.lang.Object, java.lang.Object, java.lang.Object, java.lang.Object)'> (0x00000000c4304340) 
thrown [s\src\hotspot\share\interpreter\linkResolver.cpp, line 759]
Event: 12.608 Thread 0x00000232d4bb09c0 Exception <a 'java/lang/NoSuchMethodError'{0x00000000c421db38}: 'java.lang.Object java.lang.invoke.DirectMethodHandle$Holder.invokeSpecial(java.lang.Object, java.lang.Object, long, java.lang.Object, java.lang.Object, java.lang.Object, java.lang.Object, java.lang.Object, java.lang.Object)'> (0x00000000c421db38) 
thrown [s\src\hotspot\share\interpreter\linkResolver.cpp, line 759]
Event: 12.609 Thread 0x00000232d4bb09c0 Exception <a 'java/lang/NoSuchMethodError'{0x00000000c4222668}: 'java.lang.Object java.lang.invoke.DelegatingMethodHandle$Holder.reinvoke_L(java.lang.Object, long, java.lang.Object, java.lang.Object, java.lang.Object, java.lang.Object, java.lang.Object, java.lang.Object)'> (0x00000000c4222668) 
thrown [s\src\hotspot\share\interpreter\linkResolver.cpp, line 759]
Event: 12.724 Thread 0x00000232d4bb09c0 Exception <a 'java/io/FileNotFoundException'{0x00000000c415b970}> (0x00000000c415b970) 
thrown [s\src\hotspot\share\prims\jni.cpp, line 516]
Event: 12.846 Thread 0x00000232d4bb09c0 Exception <a 'java/lang/NoSuchMethodError'{0x00000000c40c5d50}: 'int java.lang.invoke.DirectMethodHandle$Holder.invokeInterface(java.lang.Object, java.lang.Object, java.lang.Object, java.lang.Object)'> (0x00000000c40c5d50) 
thrown [s\src\hotspot\share\interpreter\linkResolver.cpp, line 759]
Event: 13.015 Thread 0x00000232d4bb09c0 Exception <a 'java/lang/NoSuchMethodError'{0x00000000c3ea52b0}: 'long java.lang.invoke.DirectMethodHandle$Holder.invokeVirtual(java.lang.Object, java.lang.Object)'> (0x00000000c3ea52b0) 
thrown [s\src\hotspot\share\interpreter\linkResolver.cpp, line 759]
Event: 13.029 Thread 0x00000232d4bb09c0 Exception <a 'java/io/FileNotFoundException'{0x00000000c3ecfc00}> (0x00000000c3ecfc00) 
thrown [s\src\hotspot\share\prims\jni.cpp, line 516]

VM Operations (20 events):
Event: 10.468 Executing VM operation: HandshakeAllThreads
Event: 10.468 Executing VM operation: HandshakeAllThreads done
Event: 11.108 Executing VM operation: HandshakeAllThreads
Event: 11.108 Executing VM operation: HandshakeAllThreads done
Event: 11.220 Executing VM operation: ICBufferFull
Event: 11.221 Executing VM operation: ICBufferFull done
Event: 12.065 Executing VM operation: G1CollectForAllocation
Event: 12.080 Executing VM operation: G1CollectForAllocation done
Event: 12.220 Executing VM operation: HandshakeAllThreads
Event: 12.221 Executing VM operation: HandshakeAllThreads done
Event: 12.389 Executing VM operation: HandshakeAllThreads
Event: 12.389 Executing VM operation: HandshakeAllThreads done
Event: 12.661 Executing VM operation: HandshakeAllThreads
Event: 12.661 Executing VM operation: HandshakeAllThreads done
Event: 12.912 Executing VM operation: HandshakeAllThreads
Event: 12.913 Executing VM operation: HandshakeAllThreads done
Event: 12.914 Executing VM operation: HandshakeAllThreads
Event: 12.914 Executing VM operation: HandshakeAllThreads done
Event: 13.039 Executing VM operation: HandshakeAllThreads
Event: 13.039 Executing VM operation: HandshakeAllThreads done

Events (20 events):
Event: 0.827 Loaded shared library C:\Users\ERIN_JAVALead\.jdks\corretto-18.0.2\bin\nio.dll
Event: 0.834 Loaded shared library C:\Users\ERIN_JAVALead\.jdks\corretto-18.0.2\bin\zip.dll
Event: 0.949 Thread 0x00000232d46db580 Thread added: 0x00000232d46db580
Event: 1.141 Loaded shared library C:\Program Files\JetBrains\IntelliJ IDEA Community Edition 2021.3.3\bin\breakgen64.dll
Event: 1.143 Thread 0x00000232d473c400 Thread added: 0x00000232d473c400
Event: 1.143 Thread 0x00000232d473c8c0 Thread added: 0x00000232d473c8c0
Event: 1.404 Thread 0x00000232d46db580 Thread exited: 0x00000232d46db580
Event: 1.677 Loaded shared library C:\Users\ERIN_JAVALead\.jdks\corretto-18.0.2\bin\jimage.dll
Event: 3.127 Loaded shared library C:\Users\ERIN_JAVALead\.jdks\corretto-18.0.2\bin\management.dll
Event: 3.132 Loaded shared library C:\Users\ERIN_JAVALead\.jdks\corretto-18.0.2\bin\management_ext.dll
Event: 3.412 Thread 0x00000232d4e2e080 Thread added: 0x00000232d4e2e080
Event: 3.422 Thread 0x00000232d4bb09c0 Thread added: 0x00000232d4bb09c0
Event: 4.527 Thread 0x00000232d523a3f0 Thread added: 0x00000232d523a3f0
Event: 5.614 Loaded shared library C:\Users\ERIN_JAVALead\.jdks\corretto-18.0.2\bin\sunmscapi.dll
Event: 5.628 Thread 0x00000232d523a3f0 Thread exited: 0x00000232d523a3f0
Event: 6.406 Thread 0x00000232d513ddc0 Thread added: 0x00000232d513ddc0
Event: 6.721 Thread 0x00000232d513ddc0 Thread exited: 0x00000232d513ddc0
Event: 13.069 Thread 0x00000232d589ded0 Thread added: 0x00000232d589ded0
Event: 13.075 Thread 0x00000232d589e3a0 Thread added: 0x00000232d589e3a0
Event: 13.092 Thread 0x00000232d589da00 Thread added: 0x00000232d589da00


Dynamic libraries:
0x00007ff667510000 - 0x00007ff66751d000 	C:\Users\ERIN_JAVALead\.jdks\corretto-18.0.2\bin\java.exe
0x00007fff335f0000 - 0x00007fff337e8000 	C:\WINDOWS\SYSTEM32\ntdll.dll
0x00007fff319a0000 - 0x00007fff31a5d000 	C:\WINDOWS\System32\KERNEL32.DLL
0x00007fff31130000 - 0x00007fff31426000 	C:\WINDOWS\System32\KERNELBASE.dll
0x00007fff31030000 - 0x00007fff31130000 	C:\WINDOWS\System32\ucrtbase.dll
0x00007fff28a00000 - 0x00007fff28a17000 	C:\Users\ERIN_JAVALead\.jdks\corretto-18.0.2\bin\jli.dll
0x00007fff33310000 - 0x00007fff334ae000 	C:\WINDOWS\System32\USER32.dll
0x00007fff30d60000 - 0x00007fff30d82000 	C:\WINDOWS\System32\win32u.dll
0x00007fff32c40000 - 0x00007fff32c6b000 	C:\WINDOWS\System32\GDI32.dll
0x00007fff31430000 - 0x00007fff31547000 	C:\WINDOWS\System32\gdi32full.dll
0x00007fff2afd0000 - 0x00007fff2afe5000 	C:\Users\ERIN_JAVALead\.jdks\corretto-18.0.2\bin\VCRUNTIME140.dll
0x00007fff31550000 - 0x00007fff315ed000 	C:\WINDOWS\System32\msvcp_win.dll
0x00007fff1a970000 - 0x00007fff1ac0a000 	C:\WINDOWS\WinSxS\amd64_microsoft.windows.common-controls_6595b64144ccf1df_6.0.19041.3636_none_60b6a03d71f818d5\COMCTL32.dll
0x00007fff32550000 - 0x00007fff325ee000 	C:\WINDOWS\System32\msvcrt.dll
0x00007fff33540000 - 0x00007fff33572000 	C:\WINDOWS\System32\IMM32.DLL
0x00007fff0f980000 - 0x00007fff0fa1b000 	C:\Users\ERIN_JAVALead\.jdks\corretto-18.0.2\bin\msvcp140.dll
0x00007ffef6350000 - 0x00007ffef6fc1000 	C:\Users\ERIN_JAVALead\.jdks\corretto-18.0.2\bin\server\jvm.dll
0x00007fff318f0000 - 0x00007fff319a0000 	C:\WINDOWS\System32\ADVAPI32.dll
0x00007fff323d0000 - 0x00007fff32470000 	C:\WINDOWS\System32\sechost.dll
0x00007fff31650000 - 0x00007fff31775000 	C:\WINDOWS\System32\RPCRT4.dll
0x00007fff30c70000 - 0x00007fff30c97000 	C:\WINDOWS\System32\bcrypt.dll
0x00007fff32b00000 - 0x00007fff32b08000 	C:\WINDOWS\System32\PSAPI.DLL
0x00007fff2e3e0000 - 0x00007fff2e3e9000 	C:\WINDOWS\SYSTEM32\WSOCK32.dll
0x00007fff322b0000 - 0x00007fff3231b000 	C:\WINDOWS\System32\WS2_32.dll
0x00007fff0d820000 - 0x00007fff0d847000 	C:\WINDOWS\SYSTEM32\WINMM.dll
0x00007fff2ac50000 - 0x00007fff2ac5a000 	C:\WINDOWS\SYSTEM32\VERSION.dll
0x00007fff2eae0000 - 0x00007fff2eaf2000 	C:\WINDOWS\SYSTEM32\kernel.appcore.dll
0x00007fff2c0b0000 - 0x00007fff2c0ba000 	C:\Users\ERIN_JAVALead\.jdks\corretto-18.0.2\bin\jimage.dll
0x00007fff2c320000 - 0x00007fff2c504000 	C:\WINDOWS\SYSTEM32\DBGHELP.DLL
0x00007fff2c2e0000 - 0x00007fff2c314000 	C:\WINDOWS\SYSTEM32\dbgcore.DLL
0x00007fff30e40000 - 0x00007fff30ec2000 	C:\WINDOWS\System32\bcryptPrimitives.dll
0x00007fff20360000 - 0x00007fff2036e000 	C:\Users\ERIN_JAVALead\.jdks\corretto-18.0.2\bin\instrument.dll
0x00007fff26f50000 - 0x00007fff26f75000 	C:\Users\ERIN_JAVALead\.jdks\corretto-18.0.2\bin\java.dll
0x00007fff09990000 - 0x00007fff09a66000 	C:\Users\ERIN_JAVALead\.jdks\corretto-18.0.2\bin\jsvml.dll
0x00007fff31b40000 - 0x00007fff322ab000 	C:\WINDOWS\System32\SHELL32.dll
0x00007fff2ece0000 - 0x00007fff2f47e000 	C:\WINDOWS\SYSTEM32\windows.storage.dll
0x00007fff325f0000 - 0x00007fff32943000 	C:\WINDOWS\System32\combase.dll
0x00007fff304f0000 - 0x00007fff3051e000 	C:\WINDOWS\SYSTEM32\Wldp.dll
0x00007fff32480000 - 0x00007fff3254d000 	C:\WINDOWS\System32\OLEAUT32.dll
0x00007fff31780000 - 0x00007fff3182d000 	C:\WINDOWS\System32\SHCORE.dll
0x00007fff32c70000 - 0x00007fff32cc5000 	C:\WINDOWS\System32\shlwapi.dll
0x00007fff30ba0000 - 0x00007fff30bc5000 	C:\WINDOWS\SYSTEM32\profapi.dll
0x00007fff1b220000 - 0x00007fff1b238000 	C:\Users\ERIN_JAVALead\.jdks\corretto-18.0.2\bin\zip.dll
0x00007fff217b0000 - 0x00007fff217c3000 	C:\Users\ERIN_JAVALead\.jdks\corretto-18.0.2\bin\net.dll
0x00007fff2a0f0000 - 0x00007fff2a1fa000 	C:\WINDOWS\SYSTEM32\WINHTTP.dll
0x00007fff302d0000 - 0x00007fff3033a000 	C:\WINDOWS\system32\mswsock.dll
0x00007fff1d8c0000 - 0x00007fff1d8d5000 	C:\Users\ERIN_JAVALead\.jdks\corretto-18.0.2\bin\nio.dll
0x00007fff1b200000 - 0x00007fff1b21a000 	C:\Program Files\JetBrains\IntelliJ IDEA Community Edition 2021.3.3\bin\breakgen64.dll
0x00007fff1e8e0000 - 0x00007fff1e8e9000 	C:\Users\ERIN_JAVALead\.jdks\corretto-18.0.2\bin\management.dll
0x00007fff1e8d0000 - 0x00007fff1e8db000 	C:\Users\ERIN_JAVALead\.jdks\corretto-18.0.2\bin\management_ext.dll
0x00007fff157a0000 - 0x00007fff157ae000 	C:\Users\ERIN_JAVALead\.jdks\corretto-18.0.2\bin\sunmscapi.dll
0x00007fff30ed0000 - 0x00007fff3102d000 	C:\WINDOWS\System32\CRYPT32.dll
0x00007fff30640000 - 0x00007fff30668000 	C:\WINDOWS\SYSTEM32\ncrypt.dll
0x00007fff30600000 - 0x00007fff3063b000 	C:\WINDOWS\SYSTEM32\NTASN1.dll
0x00007fff30530000 - 0x00007fff30548000 	C:\WINDOWS\SYSTEM32\CRYPTSP.dll
0x00007fff2fc20000 - 0x00007fff2fc54000 	C:\WINDOWS\system32\rsaenh.dll
0x00007fff30b20000 - 0x00007fff30b4e000 	C:\WINDOWS\SYSTEM32\USERENV.dll
0x00007fff30460000 - 0x00007fff3046c000 	C:\WINDOWS\SYSTEM32\CRYPTBASE.dll
0x00007fff2ffe0000 - 0x00007fff3001b000 	C:\WINDOWS\SYSTEM32\IPHLPAPI.DLL
0x00007fff32470000 - 0x00007fff32478000 	C:\WINDOWS\System32\NSI.dll
0x00007fff2ac30000 - 0x00007fff2ac47000 	C:\WINDOWS\SYSTEM32\dhcpcsvc6.DLL
0x00007fff2a810000 - 0x00007fff2a82d000 	C:\WINDOWS\SYSTEM32\dhcpcsvc.DLL
0x00007fff30020000 - 0x00007fff300eb000 	C:\WINDOWS\SYSTEM32\DNSAPI.dll

dbghelp: loaded successfully - version: 4.0.5 - missing functions: none
symbol engine: initialized successfully - sym options: 0x614 - pdb path: .;C:\Users\ERIN_JAVALead\.jdks\corretto-18.0.2\bin;C:\WINDOWS\SYSTEM32;C:\WINDOWS\WinSxS\amd64_microsoft.windows.common-controls_6595b64144ccf1df_6.0.19041.3636_none_60b6a03d71f818d5;C:\Users\ERIN_JAVALead\.jdks\corretto-18.0.2\bin\server;C:\Program Files\JetBrains\IntelliJ IDEA Community Edition 2021.3.3\bin

VM Arguments:
jvm_args: -javaagent:C:\Program Files\JetBrains\IntelliJ IDEA Community Edition 2021.3.3\lib\idea_rt.jar=62734:C:\Program Files\JetBrains\IntelliJ IDEA Community Edition 2021.3.3\bin -Dfile.encoding=UTF-8 
java_command: com.verise.veganapp.VeriseApplication
java_class_path (initial): C:\Users\ERIN_JAVALead\Downloads\verise\verise\target\classes;C:\Users\ERIN_JAVALead\.m2\repository\org\springframework\boot\spring-boot-starter-web\3.2.4\spring-boot-starter-web-3.2.4.jar;C:\Users\ERIN_JAVALead\.m2\repository\org\springframework\boot\spring-boot-starter\3.2.4\spring-boot-starter-3.2.4.jar;C:\Users\ERIN_JAVALead\.m2\repository\org\springframework\boot\spring-boot-starter-logging\3.2.4\spring-boot-starter-logging-3.2.4.jar;C:\Users\ERIN_JAVALead\.m2\repository\ch\qos\logback\logback-classic\1.4.14\logback-classic-1.4.14.jar;C:\Users\ERIN_JAVALead\.m2\repository\ch\qos\logback\logback-core\1.4.14\logback-core-1.4.14.jar;C:\Users\ERIN_JAVALead\.m2\repository\org\apache\logging\log4j\log4j-to-slf4j\2.21.1\log4j-to-slf4j-2.21.1.jar;C:\Users\ERIN_JAVALead\.m2\repository\org\apache\logging\log4j\log4j-api\2.21.1\log4j-api-2.21.1.jar;C:\Users\ERIN_JAVALead\.m2\repository\org\slf4j\jul-to-slf4j\2.0.12\jul-to-slf4j-2.0.12.jar;C:\Users\ERIN_JAVALead\.m2\repository\jakarta\annotation\jakarta.annotation-api\2.1.1\jakarta.annotation-api-2.1.1.jar;C:\Users\ERIN_JAVALead\.m2\repository\org\yaml\snakeyaml\2.2\snakeyaml-2.2.jar;C:\Users\ERIN_JAVALead\.m2\repository\org\springframework\boot\spring-boot-starter-json\3.2.4\spring-boot-starter-json-3.2.4.jar;C:\Users\ERIN_JAVALead\.m2\repository\com\fasterxml\jackson\core\jackson-databind\2.15.4\jackson-databind-2.15.4.jar;C:\Users\ERIN_JAVALead\.m2\repository\com\fasterxml\jackson\core\jackson-annotations\2.15.4\jackson-annotations-2.15.4.jar;C:\Users\ERIN_JAVALead\.m2\repository\com\fasterxml\jackson\core\jackson-core\2.15.4\jackson-core-2.15.4.jar;C:\Users\ERIN_JAVALead\.m2\repository\com\fasterxml\jackson\datatype\jackson-datatype-jdk8\2.15.4\jackson-datatype-jdk8-2.15.4.jar;C:\Users\ERIN_JAVALead\.m2\repository\com\fasterxml\jackson\datatype\jackson-datatype-jsr310\2.15.4\jackson-datatype-jsr310-2.15.4.jar;C:\Users\ERIN_JAVALead\.m2\repository\com\fasterxml\jackson\module\jackson-module-parameter-names\2.15.4\jackson-module-parameter-names-2.15.4.jar;C:\Users\ERIN_JAVALead\.m2\repository\org\springframework\boot\spring-boot-starter-tomcat\3.2.4\spring-boot-starter-tomcat-3.2.4.jar;C:\Users\ERIN_JAVALead\.m2\repository\org\apache\tomcat\embed\tomcat-embed-core\10.1.19\tomcat-embed-core-10.1.19.jar;C:\Users\ERIN_JAVALead\.m2\repository\org\apache\tomcat\embed\tomcat-embed-el\10.1.19\tomcat-embed-el-10.1.19.jar;C:\Users\ERIN_JAVALead\.m2\repository\org\apache\tomcat\embed\tomcat-embed-websocket\10.1.19\tomcat-embed-websocket-10.1.19.jar;C:\Users\ERIN_JAVALead\.m2\repository\org\springframework\spring-web\6.1.5\spring-web-6.1.5.jar;C:\Users\ERIN_JAVALead\.m2\repository\org\springframework\spring-beans\6.1.5\spring-beans-6.1.5.jar;C:\Users\ERIN_JAVALead\.m2\repository\io\micrometer\micrometer-observation\1.12.4\micrometer-observation-1.12.4.jar;C:\Users\ERIN_JAVALead\.m2\repository\io\micrometer\micrometer-commons\1.12.4\micrometer-commons-1.12.4.jar;C:\Users\ERIN_JAVALead\.m2\repository\org\springframework\spring-webmvc\6.1.5\spring-webmvc-6.1.5.jar;C:\Users\ERIN_JAVALead\.m2\repository\org\springframework\spring-aop\6.1.5\spring-aop-6.1.5.jar;C:\Users\ERIN_JAVALead\.m2\repository\org\springframework\spring-context\6.1.5\spring-context-6.1.5.jar;C:\Users\ERIN_JAVALead\.m2\repository\org\springframework\spring-expression\6.1.5\spring-expression-6.1.5.jar;C:\Users\ERIN_JAVALead\.m2\repository\org\springframework\boot\spring-boot-devtools\3.2.4\spring-boot-devtools-3.2.4.jar;C:\Users\ERIN_JAVALead\.m2\repository\org\springframework\boot\spring-boot\3.2.4\spring-boot-3.2.4.jar;C:\Users\ERIN_JAVALead\.m2\repository\org\springframework\boot\spring-boot-autoconfigure\3.2.4\spring-boot-autoconfigure-3.2.4.jar;C:\Users\ERIN_JAVALead\.m2\repository\org\projectlombok\lombok\1.18.30\lombok-1.18.30.jar;C:\Users\ERIN_JAVALead\.m2\repository\org\slf4j\slf4j-api\2.0.12\slf4j-api-2.0.12.jar;C:\Users\ERIN_JAVALead\.m2\repository\jakarta\xml\bind\jakarta.xml.bind-api\4.0.2\jakarta.xml.bind-api-4.0.2.jar;C:\Users\ERIN_JAVALead\.m2\repository\jakarta\activation\jakarta.activation-api\2.1.3\jakarta.activation-api-2.1.3.jar;C:\Users\ERIN_JAVALead\.m2\repository\net\bytebuddy\byte-buddy\1.14.12\byte-buddy-1.14.12.jar;C:\Users\ERIN_JAVALead\.m2\repository\org\springframework\spring-core\6.1.5\spring-core-6.1.5.jar;C:\Users\ERIN_JAVALead\.m2\repository\org\springframework\spring-jcl\6.1.5\spring-jcl-6.1.5.jar;C:\Users\ERIN_JAVALead\.m2\repository\org\springframework\boot\spring-boot-starter-data-jpa\3.2.4\spring-boot-starter-data-jpa-3.2.4.jar;C:\Users\ERIN_JAVALead\.m2\repository\org\springframework\boot\spring-boot-starter-aop\3.2.4\spring-boot-starter-aop-3.2.4.jar;C:\Users\ERIN_JAVALead\.m2\repository\org\aspectj\aspectjweaver\1.9.21\aspectjweaver-1.9.21.jar;C:\Users\ERIN_JAVALead\.m2\repository\org\springframework\boot\spring-boot-starter-jdbc\3.2.4\spring-boot-starter-jdbc-3.2.4.jar;C:\Users\ERIN_JAVALead\.m2\repository\com\zaxxer\HikariCP\5.0.1\HikariCP-5.0.1.jar;C:\Users\ERIN_JAVALead\.m2\repository\org\springframework\spring-jdbc\6.1.5\spring-jdbc-6.1.5.jar;C:\Users\ERIN_JAVALead\.m2\repository\org\hibernate\orm\hibernate-core\6.4.4.Final\hibernate-core-6.4.4.Final.jar;C:\Users\ERIN_JAVALead\.m2\repository\jakarta\persistence\jakarta.persistence-api\3.1.0\jakarta.persistence-api-3.1.0.jar;C:\Users\ERIN_JAVALead\.m2\repository\jakarta\transaction\jakarta.transaction-api\2.0.1\jakarta.transaction-api-2.0.1.jar;C:\Users\ERIN_JAVALead\.m2\repository\org\jboss\logging\jboss-logging\3.5.3.Final\jboss-logging-3.5.3.Final.jar;C:\Users\ERIN_JAVALead\.m2\repository\org\hibernate\common\hibernate-commons-annotations\6.0.6.Final\hibernate-commons-annotations-6.0.6.Final.jar;C:\Users\ERIN_JAVALead\.m2\repository\io\smallrye\jandex\3.1.2\jandex-3.1.2.jar;C:\Users\ERIN_JAVALead\.m2\repository\com\fasterxml\classmate\1.6.0\classmate-1.6.0.jar;C:\Users\ERIN_JAVALead\.m2\repository\org\glassfish\jaxb\jaxb-runtime\4.0.5\jaxb-runtime-4.0.5.jar;C:\Users\ERIN_JAVALead\.m2\repository\org\glassfish\jaxb\jaxb-core\4.0.5\jaxb-core-4.0.5.jar;C:\Users\ERIN_JAVALead\.m2\repository\org\eclipse\angus\angus-activation\2.0.2\angus-activation-2.0.2.jar;C:\Users\ERIN_JAVALead\.m2\repository\org\glassfish\jaxb\txw2\4.0.5\txw2-4.0.5.jar;C:\Users\ERIN_JAVALead\.m2\repository\com\sun\istack\istack-commons-runtime\4.1.2\istack-commons-runtime-4.1.2.jar;C:\Users\ERIN_JAVALead\.m2\repository\jakarta\inject\jakarta.inject-api\2.0.1\jakarta.inject-api-2.0.1.jar;C:\Users\ERIN_JAVALead\.m2\repository\org\antlr\antlr4-runtime\4.13.0\antlr4-runtime-4.13.0.jar;C:\Users\ERIN_JAVALead\.m2\repository\org\springframework\data\spring-data-jpa\3.2.4\spring-data-jpa-3.2.4.jar;C:\Users\ERIN_JAVALead\.m2\repository\org\springframework\data\spring-data-commons\3.2.4\spring-data-commons-3.2.4.jar;C:\Users\ERIN_JAVALead\.m2\repository\org\springframework\spring-orm\6.1.5\spring-orm-6.1.5.jar;C:\Users\ERIN_JAVALead\.m2\repository\org\springframework\spring-tx\6.1.5\spring-tx-6.1.5.jar;C:\Users\ERIN_JAVALead\.m2\repository\org\springframework\spring-aspects\6.1.5\spring-aspects-6.1.5.jar;C:\Users\ERIN_JAVALead\.m2\repository\com\microsoft\sqlserver\mssql-jdbc\12.4.2.jre11\mssql-jdbc-12.4.2.jre11.jar
Launcher Type: SUN_STANDARD

[Global flags]
     intx CICompilerCount                          = 3                                         {product} {ergonomic}
     uint ConcGCThreads                            = 1                                         {product} {ergonomic}
     uint G1ConcRefinementThreads                  = 4                                         {product} {ergonomic}
   size_t G1HeapRegionSize                         = 1048576                                   {product} {ergonomic}
    uintx GCDrainStackTargetSize                   = 64                                        {product} {ergonomic}
   size_t InitialHeapSize                          = 67108864                                  {product} {ergonomic}
   size_t MarkStackSize                            = 4194304                                   {product} {ergonomic}
   size_t MaxHeapSize                              = 1052770304                                {product} {ergonomic}
   size_t MaxNewSize                               = 631242752                                 {product} {ergonomic}
   size_t MinHeapDeltaBytes                        = 1048576                                   {product} {ergonomic}
   size_t MinHeapSize                              = 8388608                                   {product} {ergonomic}
    uintx NonNMethodCodeHeapSize                   = 5832780                                {pd product} {ergonomic}
    uintx NonProfiledCodeHeapSize                  = 122912730                              {pd product} {ergonomic}
    uintx ProfiledCodeHeapSize                     = 122912730                              {pd product} {ergonomic}
    uintx ReservedCodeCacheSize                    = 251658240                              {pd product} {ergonomic}
     bool SegmentedCodeCache                       = true                                      {product} {ergonomic}
   size_t SoftMaxHeapSize                          = 1052770304                             {manageable} {ergonomic}
     bool UseCompressedClassPointers               = true                           {product lp64_product} {ergonomic}
     bool UseCompressedOops                        = true                           {product lp64_product} {ergonomic}
     bool UseG1GC                                  = true                                      {product} {ergonomic}
     bool UseLargePagesIndividualAllocation        = false                                  {pd product} {ergonomic}

Logging:
Log output configuration:
 #0: stdout all=warning uptime,level,tags foldmultilines=false
 #1: stderr all=off uptime,level,tags foldmultilines=false

Environment Variables:
JAVA_HOME=C:\Program Files\Java\jdk1.8.0_202
PATH=C:\Program Files (x86)\Common Files\Oracle\Java\javapath;C:\WINDOWS\system32;C:\WINDOWS;C:\WINDOWS\System32\Wbem;C:\WINDOWS\System32\WindowsPowerShell\v1.0\;C:\WINDOWS\System32\OpenSSH\;C:\Program Files (x86)\nodejs\;C:\Program Files (x86)\nodejs\npm;C:\Users\ERIN_JAVALead\AppData\Roaming\npm;C:\Program Files\Git\cmd;C:\Program Files (x86)\dotnet\;C:\Program Files (x86)\Microsoft SQL Server\160\DTS\Binn\;C:\Program Files\Azure Data Studio\bin;C:\Program Files (x86)\Microsoft SQL Server\160\Tools\Binn\;C:\Program Files\Microsoft SQL Server\160\Tools\Binn\;C:\Program Files\Microsoft SQL Server\Client SDK\ODBC\170\Tools\Binn\;C:\Program Files\Microsoft SQL Server\160\DTS\Binn\;C:\Program Files\Java\jdk1.8.0_202\bin;C:\Program Files\Java\jdk1.8.0_202\jre\bin;C:\kafkasrc\bin\windows;C:\Program Files\Docker\Docker\resources\bin;C:\Program Files\Docker\Docker;C:\Users\ERIN_JAVALead\AppData\Local\Microsoft\WindowsApps;;C:\Users\ERIN_JAVALead\AppData\Local\Programs\Microsoft VS Code\bin;C:\Users\ERIN_JAVALead\AppData\Roaming\npm;C:\Program Files\Azure Data Studio\bin
USERNAME=ERIN_JAVALead
OS=Windows_NT
PROCESSOR_IDENTIFIER=Intel64 Family 6 Model 78 Stepping 3, GenuineIntel



---------------  S Y S T E M  ---------------

OS:
 Windows 10 , 64 bit Build 19041 (10.0.19041.3636)
OS uptime: 0 days 6:17 hours
Hyper-V role detected

CPU: total 4 (initial active 4) (2 cores per cpu, 2 threads per core) family 6 model 78 stepping 3 microcode 0xcc, cx8, cmov, fxsr, ht, mmx, 3dnowpref, sse, sse2, sse3, ssse3, sse4.1, sse4.2, popcnt, lzcnt, tsc, tscinvbit, avx, avx2, aes, erms, clmul, bmi1, bmi2, adx, fma, vzeroupper, clflush, clflushopt, hv

Memory: 4k page, system-wide physical 4012M (318M free)
TotalPageFile size 6060M (AvailPageFile size 5M)
current process WorkingSet (physical memory assigned to process): 156M, peak: 156M
current process commit charge ("private bytes"): 195M, peak: 197M

vm_info: OpenJDK 64-Bit Server VM (18.0.2+9-FR) for windows-amd64 JRE (18.0.2+9-FR), built on Jul 15 2022 20:03:03 by "Administrator" with MS VC++ 15.9 (VS2017)

END.
