#
# There is insufficient memory for the Java Runtime Environment to continue.
# Native memory allocation (malloc) failed to allocate 131088 bytes for Chunk::new
# Possible reasons:
#   The system is out of physical RAM or swap space
#   The process is running with CompressedOops enabled, and the Java Heap may be blocking the growth of the native heap
# Possible solutions:
#   Reduce memory load on the system
#   Increase physical memory or swap space
#   Check if swap backing store is full
#   Decrease Java heap size (-Xmx/-Xms)
#   Decrease number of Java threads
#   Decrease Java thread stack sizes (-Xss)
#   Set larger code cache with -XX:ReservedCodeCacheSize=
#   JVM is running with Unscaled Compressed Oops mode in which the Java heap is
#     placed in the first 4GB address space. The Java Heap base address is the
#     maximum limit for the native heap growth. Please use -XX:HeapBaseMinAddress
#     to set the Java Heap base and to place the Java Heap above 4GB virtual address.
# This output file may be truncated or incomplete.
#
#  Out of Memory Error (arena.cpp:184), pid=12400, tid=3760
#
# JRE version: OpenJDK Runtime Environment Corretto-18.0.2.9.1 (18.0.2+9) (build 18.0.2+9-FR)
# Java VM: OpenJDK 64-Bit Server VM Corretto-18.0.2.9.1 (18.0.2+9-FR, mixed mode, sharing, tiered, compressed oops, compressed class ptrs, g1 gc, windows-amd64)
# No core dump will be written. Minidumps are not enabled by default on client versions of Windows
#

---------------  S U M M A R Y ------------

Command Line: -javaagent:C:\Program Files\JetBrains\IntelliJ IDEA Community Edition 2021.3.3\lib\idea_rt.jar=59616:C:\Program Files\JetBrains\IntelliJ IDEA Community Edition 2021.3.3\bin -Dfile.encoding=UTF-8 com.verise.veganapp.VeriseApplication

Host: Intel(R) Core(TM) i3-6006U CPU @ 2.00GHz, 4 cores, 3G,  Windows 10 , 64 bit Build 19041 (10.0.19041.3636)
Time: Tue Apr  9 00:36:52 2024 W. Europe Daylight Time elapsed time: 199.532182 seconds (0d 0h 3m 19s)

---------------  T H R E A D  ---------------

Current thread (0x0000026935d339e0):  JavaThread "C2 CompilerThread0" daemon [_thread_in_native, id=3760, stack(0x000000f351000000,0x000000f351100000)]


Current CompileTask:
C2: 199532 7861       4       sun.security.ssl.SSLAlgorithmDecomposer::decomposes (533 bytes)

Stack: [0x000000f351000000,0x000000f351100000]
Native frames: (J=compiled Java code, j=interpreted, Vv=VM code, C=native code)
V  [jvm.dll+0x685a2a]
V  [jvm.dll+0x82ae8d]
V  [jvm.dll+0x82c75e]
V  [jvm.dll+0x82ce03]
V  [jvm.dll+0x25ef4b]
V  [jvm.dll+0xd42d2]
V  [jvm.dll+0xd4665]
V  [jvm.dll+0xdfa7d]
V  [jvm.dll+0x590ab3]
V  [jvm.dll+0x23bae0]
V  [jvm.dll+0x234e99]
V  [jvm.dll+0x232e1f]
V  [jvm.dll+0x1c0a35]
V  [jvm.dll+0x24212c]
V  [jvm.dll+0x240534]
V  [jvm.dll+0x7df6db]
V  [jvm.dll+0x7d9cba]
V  [jvm.dll+0x6848a5]
C  [ucrtbase.dll+0x21bb2]
C  [KERNEL32.DLL+0x17344]
C  [ntdll.dll+0x526b1]


---------------  P R O C E S S  ---------------

Threads class SMR info:
_java_thread_list=0x0000026959c3fca0, length=32, elements={
0x0000026935d18cb0, 0x0000026935d19910, 0x0000026935d30020, 0x0000026935d319d0,
0x0000026935d32370, 0x0000026935d32d10, 0x0000026935d339e0, 0x0000026935d343c0,
0x0000026935d3c670, 0x00000269512ceac0, 0x0000026955761670, 0x00000269559bb8d0,
0x000002695759b570, 0x000002695759abd0, 0x000002695759f8d0, 0x000002695759f400,
0x000002695759ef30, 0x000002695759a230, 0x000002695759fda0, 0x000002695759cd80,
0x000002695759ea60, 0x000002695759bf10, 0x000002695759c3e0, 0x000002695759d250,
0x000002695759e590, 0x00000269575a0270, 0x0000026957599890, 0x0000026957598a20,
0x0000026957598ef0, 0x0000026957599d60, 0x000002695759a700, 0x000002695759b0a0
}

Java Threads: ( => current thread )
  0x0000026935d18cb0 JavaThread "Reference Handler" daemon [_thread_blocked, id=9556, stack(0x000000f350a00000,0x000000f350b00000)]
  0x0000026935d19910 JavaThread "Finalizer" daemon [_thread_blocked, id=8956, stack(0x000000f350b00000,0x000000f350c00000)]
  0x0000026935d30020 JavaThread "Signal Dispatcher" daemon [_thread_blocked, id=11640, stack(0x000000f350c00000,0x000000f350d00000)]
  0x0000026935d319d0 JavaThread "Attach Listener" daemon [_thread_blocked, id=9440, stack(0x000000f350d00000,0x000000f350e00000)]
  0x0000026935d32370 JavaThread "Service Thread" daemon [_thread_blocked, id=13144, stack(0x000000f350e00000,0x000000f350f00000)]
  0x0000026935d32d10 JavaThread "Monitor Deflation Thread" daemon [_thread_blocked, id=2536, stack(0x000000f350f00000,0x000000f351000000)]
=>0x0000026935d339e0 JavaThread "C2 CompilerThread0" daemon [_thread_in_native, id=3760, stack(0x000000f351000000,0x000000f351100000)]
  0x0000026935d343c0 JavaThread "C1 CompilerThread0" daemon [_thread_blocked, id=13256, stack(0x000000f351100000,0x000000f351200000)]
  0x0000026935d3c670 JavaThread "Sweeper thread" daemon [_thread_blocked, id=5244, stack(0x000000f351200000,0x000000f351300000)]
  0x00000269512ceac0 JavaThread "Common-Cleaner" daemon [_thread_blocked, id=9224, stack(0x000000f351300000,0x000000f351400000)]
  0x0000026955761670 JavaThread "Notification Thread" daemon [_thread_blocked, id=10312, stack(0x000000f351500000,0x000000f351600000)]
  0x00000269559bb8d0 JavaThread "Live Reload Server" daemon [_thread_in_native, id=2744, stack(0x000000f352500000,0x000000f352600000)]
  0x000002695759b570 JavaThread "DestroyJavaVM" [_thread_blocked, id=9744, stack(0x000000f350300000,0x000000f350400000)]
  0x000002695759abd0 JavaThread "Catalina-utility-1" [_thread_blocked, id=10932, stack(0x000000f350200000,0x000000f350300000)]
  0x000002695759f8d0 JavaThread "Catalina-utility-2" [_thread_blocked, id=1884, stack(0x000000f351400000,0x000000f351500000)]
  0x000002695759f400 JavaThread "container-0" [_thread_blocked, id=11144, stack(0x000000f351a00000,0x000000f351b00000)]
  0x000002695759ef30 JavaThread "mssql-jdbc-shared-timer-core-2" daemon [_thread_blocked, id=10500, stack(0x000000f351e00000,0x000000f351f00000)]
  0x000002695759a230 JavaThread "HikariPool-3 housekeeper" daemon [_thread_blocked, id=9048, stack(0x000000f351f00000,0x000000f352000000)]
  0x000002695759fda0 JavaThread "HikariPool-3 connection adder" daemon [_thread_in_Java, id=5660, stack(0x000000f352100000,0x000000f352200000)]
  0x000002695759cd80 JavaThread "File Watcher" daemon [_thread_blocked, id=6908, stack(0x000000f352200000,0x000000f352300000)]
  0x000002695759ea60 JavaThread "http-nio-8082-exec-1" daemon [_thread_blocked, id=2488, stack(0x000000f352300000,0x000000f352400000)]
  0x000002695759bf10 JavaThread "http-nio-8082-exec-2" daemon [_thread_blocked, id=3808, stack(0x000000f352400000,0x000000f352500000)]
  0x000002695759c3e0 JavaThread "http-nio-8082-exec-3" daemon [_thread_blocked, id=12532, stack(0x000000f352600000,0x000000f352700000)]
  0x000002695759d250 JavaThread "http-nio-8082-exec-4" daemon [_thread_blocked, id=6768, stack(0x000000f352700000,0x000000f352800000)]
  0x000002695759e590 JavaThread "http-nio-8082-exec-5" daemon [_thread_blocked, id=8580, stack(0x000000f352800000,0x000000f352900000)]
  0x00000269575a0270 JavaThread "http-nio-8082-exec-6" daemon [_thread_blocked, id=4796, stack(0x000000f352900000,0x000000f352a00000)]
  0x0000026957599890 JavaThread "http-nio-8082-exec-7" daemon [_thread_blocked, id=10136, stack(0x000000f352a00000,0x000000f352b00000)]
  0x0000026957598a20 JavaThread "http-nio-8082-exec-8" daemon [_thread_blocked, id=3040, stack(0x000000f352b00000,0x000000f352c00000)]
  0x0000026957598ef0 JavaThread "http-nio-8082-exec-9" daemon [_thread_blocked, id=7352, stack(0x000000f352c00000,0x000000f352d00000)]
  0x0000026957599d60 JavaThread "http-nio-8082-exec-10" daemon [_thread_blocked, id=5420, stack(0x000000f352d00000,0x000000f352e00000)]
  0x000002695759a700 JavaThread "http-nio-8082-Poller" daemon [_thread_in_native, id=1292, stack(0x000000f352e00000,0x000000f352f00000)]
  0x000002695759b0a0 JavaThread "http-nio-8082-Acceptor" daemon [_thread_in_native, id=4744, stack(0x000000f352f00000,0x000000f353000000)]

Other Threads:
  0x0000026935d14500 VMThread "VM Thread" [stack: 0x000000f350900000,0x000000f350a00000] [id=11632]
  0x00000269557af5d0 WatcherThread "VM Periodic Task Thread" [stack: 0x000000f351600000,0x000000f351700000] [id=9488]
  0x0000026935cbde60 WorkerThread "GC Thread#0" [stack: 0x000000f350400000,0x000000f350500000] [id=1072]
  0x000002695582d1a0 WorkerThread "GC Thread#1" [stack: 0x000000f351800000,0x000000f351900000] [id=6672]
  0x000002695597ead0 WorkerThread "GC Thread#2" [stack: 0x000000f351700000,0x000000f351800000] [id=2776]
  0x0000026955aa47e0 WorkerThread "GC Thread#3" [stack: 0x000000f351900000,0x000000f351a00000] [id=4088]
  0x0000026935cc6b10 ConcurrentGCThread "G1 Main Marker" [stack: 0x000000f350500000,0x000000f350600000] [id=3256]
  0x0000026935cc7500 WorkerThread "G1 Conc#0" [stack: 0x000000f350600000,0x000000f350700000] [id=2352]
  0x0000026935cee8a0 ConcurrentGCThread "G1 Refine#0" [stack: 0x000000f350700000,0x000000f350800000] [id=10896]
  0x000002695630c060 ConcurrentGCThread "G1 Refine#1" [stack: 0x000000f351c00000,0x000000f351d00000] [id=12628]
  0x0000026935cef1b0 ConcurrentGCThread "G1 Service" [stack: 0x000000f350800000,0x000000f350900000] [id=4268]

Threads with active compile tasks:
C2 CompilerThread0   199612 7861       4       sun.security.ssl.SSLAlgorithmDecomposer::decomposes (533 bytes)

VM state: not at safepoint (normal execution)

VM Mutex/Monitor currently owned by a thread: None

Heap address: 0x00000000c1400000, size: 1004 MB, Compressed Oops mode: 32-bit

CDS archive(s) mapped at: [0x0000000800000000-0x0000000800ba0000-0x0000000800ba0000), size 12189696, SharedBaseAddress: 0x0000000800000000, ArchiveRelocationMode: 0.
Compressed class space mapped at: 0x0000000800c00000-0x0000000840c00000, reserved size: 1073741824
Narrow klass base: 0x0000000800000000, Narrow klass shift: 0, Narrow klass range: 0x100000000

GC Precious Log:
 CardTable entry size: 512
 Card Set container configuration: InlinePtr #cards 5 size 8 Array Of Cards #cards 12 size 40 Howl #buckets 4 coarsen threshold 1843 Howl Bitmap #cards 512 size 80 coarsen threshold 460 Card regions per heap region 1 cards per card region 2048
 CPUs: 4 total, 4 available
 Memory: 4012M
 Large Page Support: Disabled
 NUMA Support: Disabled
 Compressed Oops: Enabled (32-bit)
 Heap Region Size: 1M
 Heap Min Capacity: 8M
 Heap Initial Capacity: 64M
 Heap Max Capacity: 1004M
 Pre-touch: Disabled
 Parallel Workers: 4
 Concurrent Workers: 1
 Concurrent Refinement Workers: 4
 Periodic GC: Disabled

Heap:
 garbage-first heap   total 151552K, used 83841K [0x00000000c1400000, 0x0000000100000000)
  region size 1024K, 61 young (62464K), 2 survivors (2048K)
 Metaspace       used 64097K, committed 64832K, reserved 1114112K
  class space    used 8293K, committed 8640K, reserved 1048576K

Heap Regions: E=young(eden), S=young(survivor), O=old, HS=humongous(starts), HC=humongous(continues), CS=collection set, F=free, OA=open archive, CA=closed archive, TAMS=top-at-mark-start (previous, next)
|   0|0x00000000c1400000, 0x00000000c1500000, 0x00000000c1500000|100%|HS|  |TAMS 0x00000000c1500000, 0x00000000c1400000| Untracked 
|   1|0x00000000c1500000, 0x00000000c1600000, 0x00000000c1600000|100%| O|  |TAMS 0x00000000c1600000, 0x00000000c1500000| Untracked 
|   2|0x00000000c1600000, 0x00000000c1700000, 0x00000000c1700000|100%| O|  |TAMS 0x00000000c1700000, 0x00000000c1600000| Untracked 
|   3|0x00000000c1700000, 0x00000000c1800000, 0x00000000c1800000|100%| O|  |TAMS 0x00000000c1800000, 0x00000000c1700000| Untracked 
|   4|0x00000000c1800000, 0x00000000c1900000, 0x00000000c1900000|100%| O|  |TAMS 0x00000000c1800000, 0x00000000c1800000| Untracked 
|   5|0x00000000c1900000, 0x00000000c1a00000, 0x00000000c1a00000|100%| O|  |TAMS 0x00000000c1a00000, 0x00000000c1900000| Untracked 
|   6|0x00000000c1a00000, 0x00000000c1affff8, 0x00000000c1b00000| 99%| O|  |TAMS 0x00000000c1a00000, 0x00000000c1a00000| Untracked 
|   7|0x00000000c1b00000, 0x00000000c1c00000, 0x00000000c1c00000|100%| O|  |TAMS 0x00000000c1b00000, 0x00000000c1b00000| Untracked 
|   8|0x00000000c1c00000, 0x00000000c1cff378, 0x00000000c1d00000| 99%| O|  |TAMS 0x00000000c1c00000, 0x00000000c1c00000| Untracked 
|   9|0x00000000c1d00000, 0x00000000c1dfffe8, 0x00000000c1e00000| 99%| O|  |TAMS 0x00000000c1d00000, 0x00000000c1d00000| Untracked 
|  10|0x00000000c1e00000, 0x00000000c1f00000, 0x00000000c1f00000|100%| O|  |TAMS 0x00000000c1e00000, 0x00000000c1e00000| Untracked 
|  11|0x00000000c1f00000, 0x00000000c1ffffd8, 0x00000000c2000000| 99%| O|  |TAMS 0x00000000c1f00000, 0x00000000c1f00000| Untracked 
|  12|0x00000000c2000000, 0x00000000c20fffb8, 0x00000000c2100000| 99%| O|  |TAMS 0x00000000c2000000, 0x00000000c2000000| Untracked 
|  13|0x00000000c2100000, 0x00000000c21fffb0, 0x00000000c2200000| 99%| O|  |TAMS 0x00000000c2100000, 0x00000000c2100000| Untracked 
|  14|0x00000000c2200000, 0x00000000c2300000, 0x00000000c2300000|100%| O|  |TAMS 0x00000000c2200000, 0x00000000c2200000| Untracked 
|  15|0x00000000c2300000, 0x00000000c23fffe8, 0x00000000c2400000| 99%| O|  |TAMS 0x00000000c2300000, 0x00000000c2300000| Untracked 
|  16|0x00000000c2400000, 0x00000000c24fffd8, 0x00000000c2500000| 99%| O|  |TAMS 0x00000000c24fffd8, 0x00000000c2400000| Untracked 
|  17|0x00000000c2500000, 0x00000000c25ff9b8, 0x00000000c2600000| 99%| O|  |TAMS 0x00000000c2500000, 0x00000000c2500000| Untracked 
|  18|0x00000000c2600000, 0x00000000c26fffc8, 0x00000000c2700000| 99%| O|  |TAMS 0x00000000c26fffc8, 0x00000000c2600000| Untracked 
|  19|0x00000000c2700000, 0x00000000c27ffff0, 0x00000000c2800000| 99%| O|  |TAMS 0x00000000c2700000, 0x00000000c2700000| Untracked 
|  20|0x00000000c2800000, 0x00000000c2873fc8, 0x00000000c2900000| 45%| O|  |TAMS 0x00000000c2800000, 0x00000000c2800000| Untracked 
|  21|0x00000000c2900000, 0x00000000c2a00000, 0x00000000c2a00000|100%| O|  |TAMS 0x00000000c2a00000, 0x00000000c2900000| Untracked 
|  22|0x00000000c2a00000, 0x00000000c2b00000, 0x00000000c2b00000|100%| O|  |TAMS 0x00000000c2b00000, 0x00000000c2a00000| Untracked 
|  23|0x00000000c2b00000, 0x00000000c2bc4da8, 0x00000000c2c00000| 76%| O|  |TAMS 0x00000000c2b00000, 0x00000000c2b00000| Untracked 
|  24|0x00000000c2c00000, 0x00000000c2c00000, 0x00000000c2d00000|  0%| F|  |TAMS 0x00000000c2c00000, 0x00000000c2c00000| Untracked 
|  25|0x00000000c2d00000, 0x00000000c2d00000, 0x00000000c2e00000|  0%| F|  |TAMS 0x00000000c2d00000, 0x00000000c2d00000| Untracked 
|  26|0x00000000c2e00000, 0x00000000c2e00000, 0x00000000c2f00000|  0%| F|  |TAMS 0x00000000c2e00000, 0x00000000c2e00000| Untracked 
|  27|0x00000000c2f00000, 0x00000000c2f00000, 0x00000000c3000000|  0%| F|  |TAMS 0x00000000c2f00000, 0x00000000c2f00000| Untracked 
|  28|0x00000000c3000000, 0x00000000c3000000, 0x00000000c3100000|  0%| F|  |TAMS 0x00000000c3000000, 0x00000000c3000000| Untracked 
|  29|0x00000000c3100000, 0x00000000c3100000, 0x00000000c3200000|  0%| F|  |TAMS 0x00000000c3100000, 0x00000000c3100000| Untracked 
|  30|0x00000000c3200000, 0x00000000c3200000, 0x00000000c3300000|  0%| F|  |TAMS 0x00000000c3200000, 0x00000000c3200000| Untracked 
|  31|0x00000000c3300000, 0x00000000c33a8d80, 0x00000000c3400000| 65%| S|CS|TAMS 0x00000000c3300000, 0x00000000c3300000| Complete 
|  32|0x00000000c3400000, 0x00000000c3500000, 0x00000000c3500000|100%| S|CS|TAMS 0x00000000c3400000, 0x00000000c3400000| Complete 
|  33|0x00000000c3500000, 0x00000000c3500000, 0x00000000c3600000|  0%| F|  |TAMS 0x00000000c3500000, 0x00000000c3500000| Untracked 
|  34|0x00000000c3600000, 0x00000000c3600000, 0x00000000c3700000|  0%| F|  |TAMS 0x00000000c3600000, 0x00000000c3600000| Untracked 
|  35|0x00000000c3700000, 0x00000000c3700000, 0x00000000c3800000|  0%| F|  |TAMS 0x00000000c3700000, 0x00000000c3700000| Untracked 
|  36|0x00000000c3800000, 0x00000000c3800000, 0x00000000c3900000|  0%| F|  |TAMS 0x00000000c3800000, 0x00000000c3800000| Untracked 
|  37|0x00000000c3900000, 0x00000000c3900000, 0x00000000c3a00000|  0%| F|  |TAMS 0x00000000c3900000, 0x00000000c3900000| Untracked 
|  38|0x00000000c3a00000, 0x00000000c3a00000, 0x00000000c3b00000|  0%| F|  |TAMS 0x00000000c3a00000, 0x00000000c3a00000| Untracked 
|  39|0x00000000c3b00000, 0x00000000c3b00000, 0x00000000c3c00000|  0%| F|  |TAMS 0x00000000c3b00000, 0x00000000c3b00000| Untracked 
|  40|0x00000000c3c00000, 0x00000000c3c00000, 0x00000000c3d00000|  0%| F|  |TAMS 0x00000000c3c00000, 0x00000000c3c00000| Untracked 
|  41|0x00000000c3d00000, 0x00000000c3d00000, 0x00000000c3e00000|  0%| F|  |TAMS 0x00000000c3d00000, 0x00000000c3d00000| Untracked 
|  42|0x00000000c3e00000, 0x00000000c3e00000, 0x00000000c3f00000|  0%| F|  |TAMS 0x00000000c3e00000, 0x00000000c3e00000| Untracked 
|  43|0x00000000c3f00000, 0x00000000c3f00000, 0x00000000c4000000|  0%| F|  |TAMS 0x00000000c3f00000, 0x00000000c3f00000| Untracked 
|  44|0x00000000c4000000, 0x00000000c4000000, 0x00000000c4100000|  0%| F|  |TAMS 0x00000000c4000000, 0x00000000c4000000| Untracked 
|  45|0x00000000c4100000, 0x00000000c4100000, 0x00000000c4200000|  0%| F|  |TAMS 0x00000000c4100000, 0x00000000c4100000| Untracked 
|  46|0x00000000c4200000, 0x00000000c4200000, 0x00000000c4300000|  0%| F|  |TAMS 0x00000000c4200000, 0x00000000c4200000| Untracked 
|  47|0x00000000c4300000, 0x00000000c4300000, 0x00000000c4400000|  0%| F|  |TAMS 0x00000000c4300000, 0x00000000c4300000| Untracked 
|  48|0x00000000c4400000, 0x00000000c4400000, 0x00000000c4500000|  0%| F|  |TAMS 0x00000000c4400000, 0x00000000c4400000| Untracked 
|  49|0x00000000c4500000, 0x00000000c4500000, 0x00000000c4600000|  0%| F|  |TAMS 0x00000000c4500000, 0x00000000c4500000| Untracked 
|  50|0x00000000c4600000, 0x00000000c4600000, 0x00000000c4700000|  0%| F|  |TAMS 0x00000000c4600000, 0x00000000c4600000| Untracked 
|  51|0x00000000c4700000, 0x00000000c4700000, 0x00000000c4800000|  0%| F|  |TAMS 0x00000000c4700000, 0x00000000c4700000| Untracked 
|  52|0x00000000c4800000, 0x00000000c4800000, 0x00000000c4900000|  0%| F|  |TAMS 0x00000000c4800000, 0x00000000c4800000| Untracked 
|  53|0x00000000c4900000, 0x00000000c4900000, 0x00000000c4a00000|  0%| F|  |TAMS 0x00000000c4900000, 0x00000000c4900000| Untracked 
|  54|0x00000000c4a00000, 0x00000000c4a00000, 0x00000000c4b00000|  0%| F|  |TAMS 0x00000000c4a00000, 0x00000000c4a00000| Untracked 
|  55|0x00000000c4b00000, 0x00000000c4b00000, 0x00000000c4c00000|  0%| F|  |TAMS 0x00000000c4b00000, 0x00000000c4b00000| Untracked 
|  56|0x00000000c4c00000, 0x00000000c4c00000, 0x00000000c4d00000|  0%| F|  |TAMS 0x00000000c4c00000, 0x00000000c4c00000| Untracked 
|  57|0x00000000c4d00000, 0x00000000c4d00000, 0x00000000c4e00000|  0%| F|  |TAMS 0x00000000c4d00000, 0x00000000c4d00000| Untracked 
|  58|0x00000000c4e00000, 0x00000000c4e00000, 0x00000000c4f00000|  0%| F|  |TAMS 0x00000000c4e00000, 0x00000000c4e00000| Untracked 
|  59|0x00000000c4f00000, 0x00000000c4f00000, 0x00000000c5000000|  0%| F|  |TAMS 0x00000000c4f00000, 0x00000000c4f00000| Untracked 
|  60|0x00000000c5000000, 0x00000000c5000000, 0x00000000c5100000|  0%| F|  |TAMS 0x00000000c5000000, 0x00000000c5000000| Untracked 
|  61|0x00000000c5100000, 0x00000000c5100000, 0x00000000c5200000|  0%| F|  |TAMS 0x00000000c5100000, 0x00000000c5100000| Untracked 
|  62|0x00000000c5200000, 0x00000000c5200000, 0x00000000c5300000|  0%| F|  |TAMS 0x00000000c5200000, 0x00000000c5200000| Untracked 
|  63|0x00000000c5300000, 0x00000000c5300000, 0x00000000c5400000|  0%| F|  |TAMS 0x00000000c5300000, 0x00000000c5300000| Untracked 
|  64|0x00000000c5400000, 0x00000000c5400000, 0x00000000c5500000|  0%| F|  |TAMS 0x00000000c5400000, 0x00000000c5400000| Untracked 
|  65|0x00000000c5500000, 0x00000000c5500000, 0x00000000c5600000|  0%| F|  |TAMS 0x00000000c5500000, 0x00000000c5500000| Untracked 
|  66|0x00000000c5600000, 0x00000000c5600000, 0x00000000c5700000|  0%| F|  |TAMS 0x00000000c5600000, 0x00000000c5600000| Untracked 
|  67|0x00000000c5700000, 0x00000000c5700000, 0x00000000c5800000|  0%| F|  |TAMS 0x00000000c5700000, 0x00000000c5700000| Untracked 
|  68|0x00000000c5800000, 0x00000000c5800000, 0x00000000c5900000|  0%| F|  |TAMS 0x00000000c5800000, 0x00000000c5800000| Untracked 
|  69|0x00000000c5900000, 0x00000000c5900000, 0x00000000c5a00000|  0%| F|  |TAMS 0x00000000c5900000, 0x00000000c5900000| Untracked 
|  70|0x00000000c5a00000, 0x00000000c5a00000, 0x00000000c5b00000|  0%| F|  |TAMS 0x00000000c5a00000, 0x00000000c5a00000| Untracked 
|  71|0x00000000c5b00000, 0x00000000c5b00000, 0x00000000c5c00000|  0%| F|  |TAMS 0x00000000c5b00000, 0x00000000c5b00000| Untracked 
|  72|0x00000000c5c00000, 0x00000000c5c00000, 0x00000000c5d00000|  0%| F|  |TAMS 0x00000000c5c00000, 0x00000000c5c00000| Untracked 
|  73|0x00000000c5d00000, 0x00000000c5d00000, 0x00000000c5e00000|  0%| F|  |TAMS 0x00000000c5d00000, 0x00000000c5d00000| Untracked 
|  74|0x00000000c5e00000, 0x00000000c5e00000, 0x00000000c5f00000|  0%| F|  |TAMS 0x00000000c5e00000, 0x00000000c5e00000| Untracked 
|  75|0x00000000c5f00000, 0x00000000c5f00000, 0x00000000c6000000|  0%| F|  |TAMS 0x00000000c5f00000, 0x00000000c5f00000| Untracked 
|  76|0x00000000c6000000, 0x00000000c6000000, 0x00000000c6100000|  0%| F|  |TAMS 0x00000000c6000000, 0x00000000c6000000| Untracked 
|  77|0x00000000c6100000, 0x00000000c6100000, 0x00000000c6200000|  0%| F|  |TAMS 0x00000000c6100000, 0x00000000c6100000| Untracked 
|  78|0x00000000c6200000, 0x00000000c6200000, 0x00000000c6300000|  0%| F|  |TAMS 0x00000000c6200000, 0x00000000c6200000| Untracked 
|  79|0x00000000c6300000, 0x00000000c6300000, 0x00000000c6400000|  0%| F|  |TAMS 0x00000000c6300000, 0x00000000c6300000| Untracked 
|  80|0x00000000c6400000, 0x00000000c6400000, 0x00000000c6500000|  0%| F|  |TAMS 0x00000000c6400000, 0x00000000c6400000| Untracked 
|  81|0x00000000c6500000, 0x00000000c6500000, 0x00000000c6600000|  0%| F|  |TAMS 0x00000000c6500000, 0x00000000c6500000| Untracked 
|  82|0x00000000c6600000, 0x00000000c6600000, 0x00000000c6700000|  0%| F|  |TAMS 0x00000000c6600000, 0x00000000c6600000| Untracked 
|  83|0x00000000c6700000, 0x00000000c6700000, 0x00000000c6800000|  0%| F|  |TAMS 0x00000000c6700000, 0x00000000c6700000| Untracked 
|  84|0x00000000c6800000, 0x00000000c6800000, 0x00000000c6900000|  0%| F|  |TAMS 0x00000000c6800000, 0x00000000c6800000| Untracked 
|  85|0x00000000c6900000, 0x00000000c6900000, 0x00000000c6a00000|  0%| F|  |TAMS 0x00000000c6900000, 0x00000000c6900000| Untracked 
|  86|0x00000000c6a00000, 0x00000000c6a00000, 0x00000000c6b00000|  0%| F|  |TAMS 0x00000000c6a00000, 0x00000000c6a00000| Untracked 
|  87|0x00000000c6b00000, 0x00000000c6b00000, 0x00000000c6c00000|  0%| F|  |TAMS 0x00000000c6b00000, 0x00000000c6b00000| Untracked 
|  88|0x00000000c6c00000, 0x00000000c6c00000, 0x00000000c6d00000|  0%| F|  |TAMS 0x00000000c6c00000, 0x00000000c6c00000| Untracked 
|  89|0x00000000c6d00000, 0x00000000c6d52700, 0x00000000c6e00000| 32%| E|  |TAMS 0x00000000c6d00000, 0x00000000c6d00000| Complete 
|  90|0x00000000c6e00000, 0x00000000c6f00000, 0x00000000c6f00000|100%| E|CS|TAMS 0x00000000c6e00000, 0x00000000c6e00000| Complete 
|  91|0x00000000c6f00000, 0x00000000c7000000, 0x00000000c7000000|100%| E|CS|TAMS 0x00000000c6f00000, 0x00000000c6f00000| Complete 
|  92|0x00000000c7000000, 0x00000000c7100000, 0x00000000c7100000|100%| E|CS|TAMS 0x00000000c7000000, 0x00000000c7000000| Complete 
|  93|0x00000000c7100000, 0x00000000c7200000, 0x00000000c7200000|100%| E|CS|TAMS 0x00000000c7100000, 0x00000000c7100000| Complete 
|  94|0x00000000c7200000, 0x00000000c7300000, 0x00000000c7300000|100%| E|CS|TAMS 0x00000000c7200000, 0x00000000c7200000| Complete 
|  95|0x00000000c7300000, 0x00000000c7400000, 0x00000000c7400000|100%| E|CS|TAMS 0x00000000c7300000, 0x00000000c7300000| Complete 
|  96|0x00000000c7400000, 0x00000000c7500000, 0x00000000c7500000|100%| E|CS|TAMS 0x00000000c7400000, 0x00000000c7400000| Complete 
|  97|0x00000000c7500000, 0x00000000c7600000, 0x00000000c7600000|100%| E|CS|TAMS 0x00000000c7500000, 0x00000000c7500000| Complete 
|  98|0x00000000c7600000, 0x00000000c7700000, 0x00000000c7700000|100%| E|CS|TAMS 0x00000000c7600000, 0x00000000c7600000| Complete 
|  99|0x00000000c7700000, 0x00000000c7800000, 0x00000000c7800000|100%| E|CS|TAMS 0x00000000c7700000, 0x00000000c7700000| Complete 
| 100|0x00000000c7800000, 0x00000000c7900000, 0x00000000c7900000|100%| E|CS|TAMS 0x00000000c7800000, 0x00000000c7800000| Complete 
| 101|0x00000000c7900000, 0x00000000c7a00000, 0x00000000c7a00000|100%| E|CS|TAMS 0x00000000c7900000, 0x00000000c7900000| Complete 
| 102|0x00000000c7a00000, 0x00000000c7b00000, 0x00000000c7b00000|100%| E|CS|TAMS 0x00000000c7a00000, 0x00000000c7a00000| Complete 
| 103|0x00000000c7b00000, 0x00000000c7c00000, 0x00000000c7c00000|100%| E|CS|TAMS 0x00000000c7b00000, 0x00000000c7b00000| Complete 
| 104|0x00000000c7c00000, 0x00000000c7d00000, 0x00000000c7d00000|100%| E|CS|TAMS 0x00000000c7c00000, 0x00000000c7c00000| Complete 
| 105|0x00000000c7d00000, 0x00000000c7e00000, 0x00000000c7e00000|100%| E|CS|TAMS 0x00000000c7d00000, 0x00000000c7d00000| Complete 
| 106|0x00000000c7e00000, 0x00000000c7f00000, 0x00000000c7f00000|100%| E|CS|TAMS 0x00000000c7e00000, 0x00000000c7e00000| Complete 
| 107|0x00000000c7f00000, 0x00000000c8000000, 0x00000000c8000000|100%| E|CS|TAMS 0x00000000c7f00000, 0x00000000c7f00000| Complete 
| 108|0x00000000c8000000, 0x00000000c8100000, 0x00000000c8100000|100%| E|CS|TAMS 0x00000000c8000000, 0x00000000c8000000| Complete 
| 109|0x00000000c8100000, 0x00000000c8200000, 0x00000000c8200000|100%| E|CS|TAMS 0x00000000c8100000, 0x00000000c8100000| Complete 
| 110|0x00000000c8200000, 0x00000000c8300000, 0x00000000c8300000|100%| E|CS|TAMS 0x00000000c8200000, 0x00000000c8200000| Complete 
| 111|0x00000000c8300000, 0x00000000c8400000, 0x00000000c8400000|100%| E|CS|TAMS 0x00000000c8300000, 0x00000000c8300000| Complete 
| 112|0x00000000c8400000, 0x00000000c8500000, 0x00000000c8500000|100%| E|CS|TAMS 0x00000000c8400000, 0x00000000c8400000| Complete 
| 113|0x00000000c8500000, 0x00000000c8600000, 0x00000000c8600000|100%| E|CS|TAMS 0x00000000c8500000, 0x00000000c8500000| Complete 
| 114|0x00000000c8600000, 0x00000000c8700000, 0x00000000c8700000|100%| E|CS|TAMS 0x00000000c8600000, 0x00000000c8600000| Complete 
| 115|0x00000000c8700000, 0x00000000c8800000, 0x00000000c8800000|100%| E|CS|TAMS 0x00000000c8700000, 0x00000000c8700000| Complete 
| 116|0x00000000c8800000, 0x00000000c8900000, 0x00000000c8900000|100%| E|CS|TAMS 0x00000000c8800000, 0x00000000c8800000| Complete 
| 117|0x00000000c8900000, 0x00000000c8a00000, 0x00000000c8a00000|100%| E|CS|TAMS 0x00000000c8900000, 0x00000000c8900000| Complete 
| 118|0x00000000c8a00000, 0x00000000c8b00000, 0x00000000c8b00000|100%| E|CS|TAMS 0x00000000c8a00000, 0x00000000c8a00000| Complete 
| 119|0x00000000c8b00000, 0x00000000c8c00000, 0x00000000c8c00000|100%| E|CS|TAMS 0x00000000c8b00000, 0x00000000c8b00000| Complete 
| 120|0x00000000c8c00000, 0x00000000c8d00000, 0x00000000c8d00000|100%| E|CS|TAMS 0x00000000c8c00000, 0x00000000c8c00000| Complete 
| 121|0x00000000c8d00000, 0x00000000c8e00000, 0x00000000c8e00000|100%| E|CS|TAMS 0x00000000c8d00000, 0x00000000c8d00000| Complete 
| 122|0x00000000c8e00000, 0x00000000c8f00000, 0x00000000c8f00000|100%| E|CS|TAMS 0x00000000c8e00000, 0x00000000c8e00000| Complete 
| 123|0x00000000c8f00000, 0x00000000c9000000, 0x00000000c9000000|100%| E|CS|TAMS 0x00000000c8f00000, 0x00000000c8f00000| Complete 
| 124|0x00000000c9000000, 0x00000000c9100000, 0x00000000c9100000|100%| E|CS|TAMS 0x00000000c9000000, 0x00000000c9000000| Complete 
| 125|0x00000000c9100000, 0x00000000c9200000, 0x00000000c9200000|100%| E|CS|TAMS 0x00000000c9100000, 0x00000000c9100000| Complete 
| 126|0x00000000c9200000, 0x00000000c9300000, 0x00000000c9300000|100%| E|CS|TAMS 0x00000000c9200000, 0x00000000c9200000| Complete 
| 127|0x00000000c9300000, 0x00000000c9400000, 0x00000000c9400000|100%| E|CS|TAMS 0x00000000c9300000, 0x00000000c9300000| Complete 
| 128|0x00000000c9400000, 0x00000000c9500000, 0x00000000c9500000|100%| E|  |TAMS 0x00000000c9400000, 0x00000000c9400000| Complete 
| 129|0x00000000c9500000, 0x00000000c9600000, 0x00000000c9600000|100%| E|CS|TAMS 0x00000000c9500000, 0x00000000c9500000| Complete 
| 130|0x00000000c9600000, 0x00000000c9700000, 0x00000000c9700000|100%| E|CS|TAMS 0x00000000c9600000, 0x00000000c9600000| Complete 
| 131|0x00000000c9700000, 0x00000000c9800000, 0x00000000c9800000|100%| E|CS|TAMS 0x00000000c9700000, 0x00000000c9700000| Complete 
| 132|0x00000000c9800000, 0x00000000c9900000, 0x00000000c9900000|100%| E|CS|TAMS 0x00000000c9800000, 0x00000000c9800000| Complete 
| 133|0x00000000c9900000, 0x00000000c9a00000, 0x00000000c9a00000|100%| E|CS|TAMS 0x00000000c9900000, 0x00000000c9900000| Complete 
| 134|0x00000000c9a00000, 0x00000000c9b00000, 0x00000000c9b00000|100%| E|CS|TAMS 0x00000000c9a00000, 0x00000000c9a00000| Complete 
| 135|0x00000000c9b00000, 0x00000000c9c00000, 0x00000000c9c00000|100%| E|CS|TAMS 0x00000000c9b00000, 0x00000000c9b00000| Complete 
| 136|0x00000000c9c00000, 0x00000000c9d00000, 0x00000000c9d00000|100%| E|CS|TAMS 0x00000000c9c00000, 0x00000000c9c00000| Complete 
| 137|0x00000000c9d00000, 0x00000000c9e00000, 0x00000000c9e00000|100%| E|CS|TAMS 0x00000000c9d00000, 0x00000000c9d00000| Complete 
| 138|0x00000000c9e00000, 0x00000000c9f00000, 0x00000000c9f00000|100%| E|CS|TAMS 0x00000000c9e00000, 0x00000000c9e00000| Complete 
| 139|0x00000000c9f00000, 0x00000000ca000000, 0x00000000ca000000|100%| E|CS|TAMS 0x00000000c9f00000, 0x00000000c9f00000| Complete 
| 140|0x00000000ca000000, 0x00000000ca100000, 0x00000000ca100000|100%| E|CS|TAMS 0x00000000ca000000, 0x00000000ca000000| Complete 
| 141|0x00000000ca100000, 0x00000000ca200000, 0x00000000ca200000|100%| E|CS|TAMS 0x00000000ca100000, 0x00000000ca100000| Complete 
| 142|0x00000000ca200000, 0x00000000ca300000, 0x00000000ca300000|100%| E|CS|TAMS 0x00000000ca200000, 0x00000000ca200000| Complete 
| 143|0x00000000ca300000, 0x00000000ca400000, 0x00000000ca400000|100%| E|CS|TAMS 0x00000000ca300000, 0x00000000ca300000| Complete 
| 144|0x00000000ca400000, 0x00000000ca500000, 0x00000000ca500000|100%| E|CS|TAMS 0x00000000ca400000, 0x00000000ca400000| Complete 
| 145|0x00000000ca500000, 0x00000000ca600000, 0x00000000ca600000|100%| E|CS|TAMS 0x00000000ca500000, 0x00000000ca500000| Complete 
| 146|0x00000000ca600000, 0x00000000ca700000, 0x00000000ca700000|100%| E|CS|TAMS 0x00000000ca600000, 0x00000000ca600000| Complete 
| 147|0x00000000ca700000, 0x00000000ca800000, 0x00000000ca800000|100%| E|CS|TAMS 0x00000000ca700000, 0x00000000ca700000| Complete 

Card table byte_map: [0x000002694ca40000,0x000002694cc40000] _byte_map_base: 0x000002694c436000

Marking Bits (Prev, Next): (CMBitMap*) 0x0000026935cbe4a0, (CMBitMap*) 0x0000026935cbe460
 Prev Bits: [0x000002694ddf0000, 0x000002694eda0000)
 Next Bits: [0x000002694ce40000, 0x000002694ddf0000)

Polling page: 0x0000026933b20000

Metaspace:

Usage:
  Non-class:     54.50 MB used.
      Class:      8.10 MB used.
       Both:     62.60 MB used.

Virtual space:
  Non-class space:       64.00 MB reserved,      54.88 MB ( 86%) committed,  1 nodes.
      Class space:        1.00 GB reserved,       8.44 MB ( <1%) committed,  1 nodes.
             Both:        1.06 GB reserved,      63.31 MB (  6%) committed. 

Chunk freelists:
   Non-Class:  878.00 KB
       Class:  3.54 MB
        Both:  4.40 MB

MaxMetaspaceSize: unlimited
CompressedClassSpaceSize: 1.00 GB
Initial GC threshold: 21.00 MB
Current GC threshold: 104.31 MB
CDS: on
MetaspaceReclaimPolicy: balanced
 - commit_granule_bytes: 65536.
 - commit_granule_words: 8192.
 - virtual_space_node_default_size: 8388608.
 - enlarge_chunks_in_place: 1.
 - new_chunks_are_fully_committed: 0.
 - uncommit_free_chunks: 1.
 - use_allocation_guard: 0.


Internal statistics:

num_allocs_failed_limit: 12.
num_arena_births: 984.
num_arena_deaths: 2.
num_vsnodes_births: 2.
num_vsnodes_deaths: 0.
num_space_committed: 1013.
num_space_uncommitted: 0.
num_chunks_returned_to_freelist: 14.
num_chunks_taken_from_freelist: 3197.
num_chunk_merges: 12.
num_chunk_splits: 2288.
num_chunks_enlarged: 1791.
num_inconsistent_stats: 0.

CodeHeap 'non-profiled nmethods': size=120000Kb used=5261Kb max_used=5261Kb free=114738Kb
 bounds [0x0000026945310000, 0x0000026945840000, 0x000002694c840000]
CodeHeap 'profiled nmethods': size=120000Kb used=14593Kb max_used=14593Kb free=105406Kb
 bounds [0x000002693dde0000, 0x000002693ec30000, 0x0000026945310000]
CodeHeap 'non-nmethods': size=5760Kb used=1376Kb max_used=1472Kb free=4383Kb
 bounds [0x000002693d840000, 0x000002693dab0000, 0x000002693dde0000]
 total_blobs=7660 nmethods=6957 adapters=615
 compilation: enabled
              stopped_count=0, restarted_count=0
 full_count=0

Compilation events (20 events):
Event: 199.412 Thread 0x0000026935d343c0 nmethod 7858 0x000002693ec11b90 code [0x000002693ec11f60, 0x000002693ec14348]
Event: 199.417 Thread 0x0000026935d339e0 7859       4       sun.security.util.math.intpoly.IntegerPolynomial::carryOut (22 bytes)
Event: 199.418 Thread 0x0000026935d339e0 nmethod 7859 0x0000026945833290 code [0x0000026945833400, 0x00000269458334d8]
Event: 199.421 Thread 0x0000026935d343c0 7860       3       sun.security.jca.ServiceId::<init> (15 bytes)
Event: 199.422 Thread 0x0000026935d343c0 nmethod 7860 0x000002693ec14f90 code [0x000002693ec15140, 0x000002693ec15358]
Event: 199.454 Thread 0x0000026935d339e0 7861       4       sun.security.ssl.SSLAlgorithmDecomposer::decomposes (533 bytes)
Event: 199.461 Thread 0x0000026935d343c0 7862       3       sun.security.util.DerValue::toByteArray (91 bytes)
Event: 199.462 Thread 0x0000026935d343c0 nmethod 7862 0x000002693ec15410 code [0x000002693ec15620, 0x000002693ec15e08]
Event: 199.473 Thread 0x0000026935d343c0 7863       3       sun.security.ssl.Record::getInt16 (26 bytes)
Event: 199.473 Thread 0x0000026935d343c0 nmethod 7863 0x000002693ec16110 code [0x000002693ec16300, 0x000002693ec167c8]
Event: 199.480 Thread 0x0000026935d343c0 7865       3       java.math.BigInteger::shiftLeft (155 bytes)
Event: 199.481 Thread 0x0000026935d343c0 nmethod 7865 0x000002693ec16990 code [0x000002693ec16bc0, 0x000002693ec174d8]
Event: 199.489 Thread 0x0000026935d343c0 7866       3       com.sun.crypto.provider.TlsPrfGenerator::expand (255 bytes)
Event: 199.492 Thread 0x0000026935d343c0 nmethod 7866 0x000002693ec17890 code [0x000002693ec17c80, 0x000002693ec1ab58]
Event: 199.492 Thread 0x0000026935d343c0 7867       3       sun.security.jca.ProviderList$ServiceList$1::hasNext (20 bytes)
Event: 199.493 Thread 0x0000026935d343c0 nmethod 7867 0x000002693ec1ba90 code [0x000002693ec1bc40, 0x000002693ec1bde8]
Event: 199.493 Thread 0x0000026935d343c0 7868       3       sun.security.jca.ProviderList$ServiceList$1::next (36 bytes)
Event: 199.493 Thread 0x0000026935d343c0 nmethod 7868 0x000002693ec1be90 code [0x000002693ec1c040, 0x000002693ec1c2b8]
Event: 199.506 Thread 0x0000026935d343c0 7869       3       com.microsoft.sqlserver.jdbc.TDSWriter::writeBytes (177 bytes)
Event: 199.507 Thread 0x0000026935d343c0 nmethod 7869 0x000002693ec1c410 code [0x000002693ec1c680, 0x000002693ec1d338]

GC Heap History (20 events):
Event: 29.468 GC heap before
{Heap before GC invocations=21 (full 0):
 garbage-first heap   total 51200K, used 27814K [0x00000000c1400000, 0x0000000100000000)
  region size 1024K, 4 young (4096K), 3 survivors (3072K)
 Metaspace       used 61377K, committed 62080K, reserved 1114112K
  class space    used 8110K, committed 8448K, reserved 1048576K
}
Event: 29.482 GC heap after
{Heap after GC invocations=22 (full 0):
 garbage-first heap   total 51200K, used 27233K [0x00000000c1400000, 0x0000000100000000)
  region size 1024K, 1 young (1024K), 1 survivors (1024K)
 Metaspace       used 61377K, committed 62080K, reserved 1114112K
  class space    used 8110K, committed 8448K, reserved 1048576K
}
Event: 182.904 GC heap before
{Heap before GC invocations=22 (full 0):
 garbage-first heap   total 51200K, used 39521K [0x00000000c1400000, 0x0000000100000000)
  region size 1024K, 14 young (14336K), 1 survivors (1024K)
 Metaspace       used 62390K, committed 63104K, reserved 1114112K
  class space    used 8242K, committed 8576K, reserved 1048576K
}
Event: 182.923 GC heap after
{Heap after GC invocations=23 (full 0):
 garbage-first heap   total 51200K, used 27535K [0x00000000c1400000, 0x0000000100000000)
  region size 1024K, 1 young (1024K), 1 survivors (1024K)
 Metaspace       used 62390K, committed 63104K, reserved 1114112K
  class space    used 8242K, committed 8576K, reserved 1048576K
}
Event: 182.999 GC heap before
{Heap before GC invocations=23 (full 0):
 garbage-first heap   total 51200K, used 27535K [0x00000000c1400000, 0x0000000100000000)
  region size 1024K, 2 young (2048K), 1 survivors (1024K)
 Metaspace       used 62450K, committed 63168K, reserved 1114112K
  class space    used 8249K, committed 8576K, reserved 1048576K
}
Event: 183.260 GC heap after
{Heap after GC invocations=24 (full 1):
 garbage-first heap   total 51200K, used 23494K [0x00000000c1400000, 0x0000000100000000)
  region size 1024K, 0 young (0K), 0 survivors (0K)
 Metaspace       used 62450K, committed 63168K, reserved 1114112K
  class space    used 8249K, committed 8576K, reserved 1048576K
}
Event: 185.749 GC heap before
{Heap before GC invocations=24 (full 1):
 garbage-first heap   total 51200K, used 39878K [0x00000000c1400000, 0x0000000100000000)
  region size 1024K, 17 young (17408K), 0 survivors (0K)
 Metaspace       used 62592K, committed 63296K, reserved 1114112K
  class space    used 8253K, committed 8576K, reserved 1048576K
}
Event: 185.757 GC heap after
{Heap after GC invocations=25 (full 1):
 garbage-first heap   total 51200K, used 25231K [0x00000000c1400000, 0x0000000100000000)
  region size 1024K, 2 young (2048K), 2 survivors (2048K)
 Metaspace       used 62592K, committed 63296K, reserved 1114112K
  class space    used 8253K, committed 8576K, reserved 1048576K
}
Event: 188.847 GC heap before
{Heap before GC invocations=25 (full 1):
 garbage-first heap   total 51200K, used 39567K [0x00000000c1400000, 0x0000000100000000)
  region size 1024K, 17 young (17408K), 2 survivors (2048K)
 Metaspace       used 62796K, committed 63488K, reserved 1114112K
  class space    used 8256K, committed 8576K, reserved 1048576K
}
Event: 188.856 GC heap after
{Heap after GC invocations=26 (full 1):
 garbage-first heap   total 51200K, used 26179K [0x00000000c1400000, 0x0000000100000000)
  region size 1024K, 2 young (2048K), 2 survivors (2048K)
 Metaspace       used 62796K, committed 63488K, reserved 1114112K
  class space    used 8256K, committed 8576K, reserved 1048576K
}
Event: 189.603 GC heap before
{Heap before GC invocations=26 (full 1):
 garbage-first heap   total 51200K, used 38467K [0x00000000c1400000, 0x0000000100000000)
  region size 1024K, 15 young (15360K), 2 survivors (2048K)
 Metaspace       used 63097K, committed 63808K, reserved 1114112K
  class space    used 8269K, committed 8576K, reserved 1048576K
}
Event: 189.615 GC heap after
{Heap after GC invocations=27 (full 1):
 garbage-first heap   total 51200K, used 27550K [0x00000000c1400000, 0x0000000100000000)
  region size 1024K, 2 young (2048K), 2 survivors (2048K)
 Metaspace       used 63097K, committed 63808K, reserved 1114112K
  class space    used 8269K, committed 8576K, reserved 1048576K
}
Event: 190.278 GC heap before
{Heap before GC invocations=27 (full 1):
 garbage-first heap   total 51200K, used 39838K [0x00000000c1400000, 0x0000000100000000)
  region size 1024K, 14 young (14336K), 2 survivors (2048K)
 Metaspace       used 63240K, committed 63936K, reserved 1114112K
  class space    used 8270K, committed 8576K, reserved 1048576K
}
Event: 190.284 GC heap after
{Heap after GC invocations=28 (full 1):
 garbage-first heap   total 51200K, used 28272K [0x00000000c1400000, 0x0000000100000000)
  region size 1024K, 1 young (1024K), 1 survivors (1024K)
 Metaspace       used 63240K, committed 63936K, reserved 1114112K
  class space    used 8270K, committed 8576K, reserved 1048576K
}
Event: 191.069 GC heap before
{Heap before GC invocations=28 (full 1):
 garbage-first heap   total 51200K, used 40560K [0x00000000c1400000, 0x0000000100000000)
  region size 1024K, 13 young (13312K), 1 survivors (1024K)
 Metaspace       used 63332K, committed 64000K, reserved 1114112K
  class space    used 8273K, committed 8576K, reserved 1048576K
}
Event: 191.073 GC heap after
{Heap after GC invocations=29 (full 1):
 garbage-first heap   total 51200K, used 28803K [0x00000000c1400000, 0x0000000100000000)
  region size 1024K, 2 young (2048K), 2 survivors (2048K)
 Metaspace       used 63332K, committed 64000K, reserved 1114112K
  class space    used 8273K, committed 8576K, reserved 1048576K
}
Event: 192.719 GC heap before
{Heap before GC invocations=29 (full 1):
 garbage-first heap   total 51200K, used 32899K [0x00000000c1400000, 0x0000000100000000)
  region size 1024K, 7 young (7168K), 2 survivors (2048K)
 Metaspace       used 63370K, committed 64064K, reserved 1114112K
  class space    used 8274K, committed 8576K, reserved 1048576K
}
Event: 192.813 GC heap after
{Heap after GC invocations=30 (full 2):
 garbage-first heap   total 51200K, used 23774K [0x00000000c1400000, 0x0000000100000000)
  region size 1024K, 0 young (0K), 0 survivors (0K)
 Metaspace       used 63368K, committed 64064K, reserved 1114112K
  class space    used 8273K, committed 8576K, reserved 1048576K
}
Event: 194.643 GC heap before
{Heap before GC invocations=30 (full 2):
 garbage-first heap   total 51200K, used 40158K [0x00000000c1400000, 0x0000000100000000)
  region size 1024K, 17 young (17408K), 0 survivors (0K)
 Metaspace       used 63473K, committed 64128K, reserved 1114112K
  class space    used 8276K, committed 8576K, reserved 1048576K
}
Event: 194.649 GC heap after
{Heap after GC invocations=31 (full 2):
 garbage-first heap   total 151552K, used 25473K [0x00000000c1400000, 0x0000000100000000)
  region size 1024K, 2 young (2048K), 2 survivors (2048K)
 Metaspace       used 63473K, committed 64128K, reserved 1114112K
  class space    used 8276K, committed 8576K, reserved 1048576K
}

Deoptimization events (20 events):
Event: 197.973 Thread 0x000002695759ba40 Uncommon trap: trap_request=0xffffffd6 fr.pc=0x0000026945812218 relative=0x0000000000000478
Event: 197.973 Thread 0x000002695759ba40 Uncommon trap: reason=array_check action=maybe_recompile pc=0x0000026945812218 method=java.util.HashMap.keysToArray([Ljava/lang/Object;)[Ljava/lang/Object; @ 62 c2
Event: 197.973 Thread 0x000002695759ba40 DEOPT PACKING pc=0x0000026945812218 sp=0x000000f351dfcee0
Event: 197.973 Thread 0x000002695759ba40 DEOPT UNPACKING pc=0x000002693d8923a3 sp=0x000000f351dfce78 mode 2
Event: 197.973 Thread 0x000002695759ba40 Uncommon trap: trap_request=0xffffffd6 fr.pc=0x0000026945812218 relative=0x0000000000000478
Event: 197.973 Thread 0x000002695759ba40 Uncommon trap: reason=array_check action=maybe_recompile pc=0x0000026945812218 method=java.util.HashMap.keysToArray([Ljava/lang/Object;)[Ljava/lang/Object; @ 62 c2
Event: 197.973 Thread 0x000002695759ba40 DEOPT PACKING pc=0x0000026945812218 sp=0x000000f351dfd010
Event: 197.973 Thread 0x000002695759ba40 DEOPT UNPACKING pc=0x000002693d8923a3 sp=0x000000f351dfcfa8 mode 2
Event: 198.016 Thread 0x000002695759ba40 Uncommon trap: trap_request=0xffffffd6 fr.pc=0x0000026945812218 relative=0x0000000000000478
Event: 198.016 Thread 0x000002695759ba40 Uncommon trap: reason=array_check action=maybe_recompile pc=0x0000026945812218 method=java.util.HashMap.keysToArray([Ljava/lang/Object;)[Ljava/lang/Object; @ 62 c2
Event: 198.016 Thread 0x000002695759ba40 DEOPT PACKING pc=0x0000026945812218 sp=0x000000f351dfcee0
Event: 198.016 Thread 0x000002695759ba40 DEOPT UNPACKING pc=0x000002693d8923a3 sp=0x000000f351dfce78 mode 2
Event: 198.016 Thread 0x000002695759ba40 Uncommon trap: trap_request=0xffffffd6 fr.pc=0x0000026945812218 relative=0x0000000000000478
Event: 198.016 Thread 0x000002695759ba40 Uncommon trap: reason=array_check action=maybe_recompile pc=0x0000026945812218 method=java.util.HashMap.keysToArray([Ljava/lang/Object;)[Ljava/lang/Object; @ 62 c2
Event: 198.016 Thread 0x000002695759ba40 DEOPT PACKING pc=0x0000026945812218 sp=0x000000f351dfd010
Event: 198.016 Thread 0x000002695759ba40 DEOPT UNPACKING pc=0x000002693d8923a3 sp=0x000000f351dfcfa8 mode 2
Event: 199.474 Thread 0x000002695759fda0 DEOPT PACKING pc=0x000002693e690930 sp=0x000000f3521fddf0
Event: 199.474 Thread 0x000002695759fda0 DEOPT UNPACKING pc=0x000002693d892b43 sp=0x000000f3521fd288 mode 0
Event: 199.480 Thread 0x000002695759fda0 DEOPT PACKING pc=0x000002693e763ebe sp=0x000000f3521fdd90
Event: 199.480 Thread 0x000002695759fda0 DEOPT UNPACKING pc=0x000002693d892b43 sp=0x000000f3521fd1e8 mode 0

Classes loaded (20 events):
Event: 182.658 Loading class java/util/concurrent/locks/AbstractQueuedSynchronizer$SharedNode
Event: 182.659 Loading class java/util/concurrent/locks/AbstractQueuedSynchronizer$SharedNode done
Event: 182.722 Loading class java/util/AbstractMap$2
Event: 182.723 Loading class java/util/AbstractMap$2 done
Event: 182.725 Loading class java/util/AbstractMap$2$1
Event: 182.725 Loading class java/util/AbstractMap$2$1 done
Event: 182.930 Loading class sun/security/ssl/Alert
Event: 182.931 Loading class sun/security/ssl/Alert done
Event: 182.932 Loading class sun/security/ssl/Alert$AlertConsumer
Event: 182.933 Loading class sun/security/ssl/Alert$AlertConsumer done
Event: 182.933 Loading class sun/security/ssl/Alert$Level
Event: 182.934 Loading class sun/security/ssl/Alert$Level done
Event: 182.941 Loading class javax/crypto/AEADBadTagException
Event: 182.941 Loading class javax/crypto/AEADBadTagException done
Event: 182.941 Loading class javax/net/ssl/SSLHandshakeException
Event: 182.941 Loading class javax/net/ssl/SSLHandshakeException done
Event: 183.304 Loading class java/lang/ref/Finalizer$2
Event: 183.309 Loading class java/lang/ref/Finalizer$2 done
Event: 183.309 Loading class java/lang/ref/Finalizer$1
Event: 183.309 Loading class java/lang/ref/Finalizer$1 done

Classes unloaded (1 events):
Event: 192.746 Thread 0x0000026935d14500 Unloading class 0x0000000801464000 'org/apache/catalina/loader/JdbcLeakPrevention'

Classes redefined (0 events):
No events

Internal exceptions (20 events):
Event: 196.207 Thread 0x000002695759ba40 Exception <a 'java/io/IOException'{0x00000000c927c658}> (0x00000000c927c658) 
thrown [s\src\hotspot\share\prims\jni.cpp, line 516]
Event: 196.207 Thread 0x000002695759ba40 Exception <a 'java/io/IOException'{0x00000000c927ceb8}> (0x00000000c927ceb8) 
thrown [s\src\hotspot\share\prims\jni.cpp, line 516]
Event: 196.254 Thread 0x000002695759ba40 Exception <a 'java/io/IOException'{0x00000000c9168b20}> (0x00000000c9168b20) 
thrown [s\src\hotspot\share\prims\jni.cpp, line 516]
Event: 196.254 Thread 0x000002695759ba40 Exception <a 'java/io/IOException'{0x00000000c9169380}> (0x00000000c9169380) 
thrown [s\src\hotspot\share\prims\jni.cpp, line 516]
Event: 196.270 Thread 0x000002695759ba40 Exception <a 'java/io/IOException'{0x00000000c9198df8}> (0x00000000c9198df8) 
thrown [s\src\hotspot\share\prims\jni.cpp, line 516]
Event: 196.270 Thread 0x000002695759ba40 Exception <a 'java/io/IOException'{0x00000000c91993b0}> (0x00000000c91993b0) 
thrown [s\src\hotspot\share\prims\jni.cpp, line 516]
Event: 196.270 Thread 0x000002695759ba40 Exception <a 'java/io/IOException'{0x00000000c919b3d0}> (0x00000000c919b3d0) 
thrown [s\src\hotspot\share\prims\jni.cpp, line 516]
Event: 196.271 Thread 0x000002695759ba40 Exception <a 'java/io/IOException'{0x00000000c919b988}> (0x00000000c919b988) 
thrown [s\src\hotspot\share\prims\jni.cpp, line 516]
Event: 196.313 Thread 0x000002695759ba40 Implicit null exception at 0x00000269457d8313 to 0x00000269457d8e6c
Event: 197.884 Thread 0x000002695759ba40 Exception <a 'java/io/IOException'{0x00000000c84a0dd0}> (0x00000000c84a0dd0) 
thrown [s\src\hotspot\share\prims\jni.cpp, line 516]
Event: 197.884 Thread 0x000002695759ba40 Exception <a 'java/io/IOException'{0x00000000c84a1630}> (0x00000000c84a1630) 
thrown [s\src\hotspot\share\prims\jni.cpp, line 516]
Event: 198.105 Thread 0x000002695759ba40 Exception <a 'sun/nio/fs/WindowsException'{0x00000000c81d38d0}> (0x00000000c81d38d0) 
thrown [s\src\hotspot\share\prims\jni.cpp, line 516]
Event: 198.530 Thread 0x000002695759ba40 Exception <a 'java/io/IOException'{0x00000000c76c2928}> (0x00000000c76c2928) 
thrown [s\src\hotspot\share\prims\jni.cpp, line 516]
Event: 198.530 Thread 0x000002695759ba40 Exception <a 'java/io/IOException'{0x00000000c76c2ee0}> (0x00000000c76c2ee0) 
thrown [s\src\hotspot\share\prims\jni.cpp, line 516]
Event: 198.559 Thread 0x000002695759ba40 Exception <a 'java/io/IOException'{0x00000000c7545ca0}> (0x00000000c7545ca0) 
thrown [s\src\hotspot\share\prims\jni.cpp, line 516]
Event: 198.559 Thread 0x000002695759ba40 Exception <a 'java/io/IOException'{0x00000000c7546258}> (0x00000000c7546258) 
thrown [s\src\hotspot\share\prims\jni.cpp, line 516]
Event: 198.573 Thread 0x000002695759ba40 Exception <a 'java/io/IOException'{0x00000000c7564500}> (0x00000000c7564500) 
thrown [s\src\hotspot\share\prims\jni.cpp, line 516]
Event: 198.573 Thread 0x000002695759ba40 Exception <a 'java/io/IOException'{0x00000000c7564810}> (0x00000000c7564810) 
thrown [s\src\hotspot\share\prims\jni.cpp, line 516]
Event: 198.608 Thread 0x000002695759ba40 Exception <a 'java/io/IOException'{0x00000000c7575520}> (0x00000000c7575520) 
thrown [s\src\hotspot\share\prims\jni.cpp, line 516]
Event: 198.608 Thread 0x000002695759ba40 Exception <a 'java/io/IOException'{0x00000000c7575ad8}> (0x00000000c7575ad8) 
thrown [s\src\hotspot\share\prims\jni.cpp, line 516]

VM Operations (20 events):
Event: 189.875 Executing VM operation: HandshakeAllThreads
Event: 189.876 Executing VM operation: HandshakeAllThreads done
Event: 190.278 Executing VM operation: G1CollectForAllocation
Event: 190.284 Executing VM operation: G1CollectForAllocation done
Event: 191.069 Executing VM operation: G1CollectForAllocation
Event: 191.073 Executing VM operation: G1CollectForAllocation done
Event: 192.088 Executing VM operation: Cleanup
Event: 192.088 Executing VM operation: Cleanup done
Event: 192.719 Executing VM operation: G1CollectFull
Event: 192.814 Executing VM operation: G1CollectFull done
Event: 193.825 Executing VM operation: Cleanup
Event: 193.825 Executing VM operation: Cleanup done
Event: 194.643 Executing VM operation: G1CollectForAllocation
Event: 194.649 Executing VM operation: G1CollectForAllocation done
Event: 195.654 Executing VM operation: Cleanup
Event: 195.654 Executing VM operation: Cleanup done
Event: 196.511 Executing VM operation: ICBufferFull
Event: 197.775 Executing VM operation: ICBufferFull done
Event: 198.777 Executing VM operation: Cleanup
Event: 198.777 Executing VM operation: Cleanup done

Events (20 events):
Event: 195.664 Thread 0x000002695759f8d0 Thread added: 0x000002695759f8d0
Event: 195.664 Thread 0x000002695759f400 Thread added: 0x000002695759f400
Event: 195.916 Thread 0x000002695759ef30 Thread added: 0x000002695759ef30
Event: 195.944 Thread 0x000002695759a230 Thread added: 0x000002695759a230
Event: 196.535 Thread 0x000002695759fda0 Thread added: 0x000002695759fda0
Event: 198.477 Thread 0x000002695759cd80 Thread added: 0x000002695759cd80
Event: 198.547 Thread 0x000002695759ea60 Thread added: 0x000002695759ea60
Event: 198.547 Thread 0x000002695759bf10 Thread added: 0x000002695759bf10
Event: 198.547 Thread 0x000002695759c3e0 Thread added: 0x000002695759c3e0
Event: 198.548 Thread 0x000002695759d250 Thread added: 0x000002695759d250
Event: 198.548 Thread 0x000002695759e590 Thread added: 0x000002695759e590
Event: 198.548 Thread 0x00000269575a0270 Thread added: 0x00000269575a0270
Event: 198.548 Thread 0x0000026957599890 Thread added: 0x0000026957599890
Event: 198.549 Thread 0x0000026957598a20 Thread added: 0x0000026957598a20
Event: 198.550 Thread 0x0000026957598ef0 Thread added: 0x0000026957598ef0
Event: 198.555 Thread 0x0000026957599d60 Thread added: 0x0000026957599d60
Event: 198.558 Thread 0x000002695759a700 Thread added: 0x000002695759a700
Event: 198.558 Thread 0x000002695759b0a0 Thread added: 0x000002695759b0a0
Event: 198.609 Thread 0x00000269575993c0 Thread exited: 0x00000269575993c0
Event: 198.609 Thread 0x000002695759ba40 Thread exited: 0x000002695759ba40


Dynamic libraries:
0x00007ff6a8e20000 - 0x00007ff6a8e2d000 	C:\Users\ERIN_JAVALead\.jdks\corretto-18.0.2\bin\java.exe
0x00007ffb87bd0000 - 0x00007ffb87dc8000 	C:\WINDOWS\SYSTEM32\ntdll.dll
0x00007ffb86f30000 - 0x00007ffb86fed000 	C:\WINDOWS\System32\KERNEL32.DLL
0x00007ffb852c0000 - 0x00007ffb855b6000 	C:\WINDOWS\System32\KERNELBASE.dll
0x00007ffb85840000 - 0x00007ffb85940000 	C:\WINDOWS\System32\ucrtbase.dll
0x00007ffb72570000 - 0x00007ffb72587000 	C:\Users\ERIN_JAVALead\.jdks\corretto-18.0.2\bin\jli.dll
0x00007ffb87900000 - 0x00007ffb87a9e000 	C:\WINDOWS\System32\USER32.dll
0x00007ffb85940000 - 0x00007ffb85962000 	C:\WINDOWS\System32\win32u.dll
0x00007ffb871b0000 - 0x00007ffb871db000 	C:\WINDOWS\System32\GDI32.dll
0x00007ffb85a00000 - 0x00007ffb85b17000 	C:\WINDOWS\System32\gdi32full.dll
0x00007ffb855c0000 - 0x00007ffb8565d000 	C:\WINDOWS\System32\msvcp_win.dll
0x00007ffb72550000 - 0x00007ffb72565000 	C:\Users\ERIN_JAVALead\.jdks\corretto-18.0.2\bin\VCRUNTIME140.dll
0x00007ffb71ae0000 - 0x00007ffb71d7a000 	C:\WINDOWS\WinSxS\amd64_microsoft.windows.common-controls_6595b64144ccf1df_6.0.19041.3636_none_60b6a03d71f818d5\COMCTL32.dll
0x00007ffb86740000 - 0x00007ffb867de000 	C:\WINDOWS\System32\msvcrt.dll
0x00007ffb872e0000 - 0x00007ffb87312000 	C:\WINDOWS\System32\IMM32.DLL
0x00007ffb5d930000 - 0x00007ffb5d9cb000 	C:\Users\ERIN_JAVALead\.jdks\corretto-18.0.2\bin\msvcp140.dll
0x00007ffb45220000 - 0x00007ffb45e91000 	C:\Users\ERIN_JAVALead\.jdks\corretto-18.0.2\bin\server\jvm.dll
0x00007ffb85bd0000 - 0x00007ffb85c80000 	C:\WINDOWS\System32\ADVAPI32.dll
0x00007ffb87240000 - 0x00007ffb872e0000 	C:\WINDOWS\System32\sechost.dll
0x00007ffb86c50000 - 0x00007ffb86d75000 	C:\WINDOWS\System32\RPCRT4.dll
0x00007ffb857c0000 - 0x00007ffb857e7000 	C:\WINDOWS\System32\bcrypt.dll
0x00007ffb86ff0000 - 0x00007ffb86ff8000 	C:\WINDOWS\System32\PSAPI.DLL
0x00007ffb62580000 - 0x00007ffb625a7000 	C:\WINDOWS\SYSTEM32\WINMM.dll
0x00007ffb7f880000 - 0x00007ffb7f88a000 	C:\WINDOWS\SYSTEM32\VERSION.dll
0x00007ffb80c90000 - 0x00007ffb80c99000 	C:\WINDOWS\SYSTEM32\WSOCK32.dll
0x00007ffb87010000 - 0x00007ffb8707b000 	C:\WINDOWS\System32\WS2_32.dll
0x00007ffb830c0000 - 0x00007ffb830d2000 	C:\WINDOWS\SYSTEM32\kernel.appcore.dll
0x00007ffb72910000 - 0x00007ffb7291a000 	C:\Users\ERIN_JAVALead\.jdks\corretto-18.0.2\bin\jimage.dll
0x00007ffb66c90000 - 0x00007ffb66e74000 	C:\WINDOWS\SYSTEM32\DBGHELP.DLL
0x00007ffb66c50000 - 0x00007ffb66c84000 	C:\WINDOWS\SYSTEM32\dbgcore.DLL
0x00007ffb85970000 - 0x00007ffb859f2000 	C:\WINDOWS\System32\bcryptPrimitives.dll
0x00007ffb66e80000 - 0x00007ffb66e8e000 	C:\Users\ERIN_JAVALead\.jdks\corretto-18.0.2\bin\instrument.dll
0x00007ffb65e60000 - 0x00007ffb65e85000 	C:\Users\ERIN_JAVALead\.jdks\corretto-18.0.2\bin\java.dll
0x00007ffb532d0000 - 0x00007ffb533a6000 	C:\Users\ERIN_JAVALead\.jdks\corretto-18.0.2\bin\jsvml.dll
0x00007ffb85d10000 - 0x00007ffb8647b000 	C:\WINDOWS\System32\SHELL32.dll
0x00007ffb832c0000 - 0x00007ffb83a5e000 	C:\WINDOWS\SYSTEM32\windows.storage.dll
0x00007ffb87400000 - 0x00007ffb87753000 	C:\WINDOWS\System32\combase.dll
0x00007ffb84ad0000 - 0x00007ffb84afe000 	C:\WINDOWS\SYSTEM32\Wldp.dll
0x00007ffb86480000 - 0x00007ffb8654d000 	C:\WINDOWS\System32\OLEAUT32.dll
0x00007ffb86690000 - 0x00007ffb8673d000 	C:\WINDOWS\System32\SHCORE.dll
0x00007ffb873a0000 - 0x00007ffb873f5000 	C:\WINDOWS\System32\shlwapi.dll
0x00007ffb85180000 - 0x00007ffb851a5000 	C:\WINDOWS\SYSTEM32\profapi.dll
0x00007ffb65770000 - 0x00007ffb65788000 	C:\Users\ERIN_JAVALead\.jdks\corretto-18.0.2\bin\zip.dll
0x00007ffb67460000 - 0x00007ffb67473000 	C:\Users\ERIN_JAVALead\.jdks\corretto-18.0.2\bin\net.dll
0x00007ffb7ee50000 - 0x00007ffb7ef5a000 	C:\WINDOWS\SYSTEM32\WINHTTP.dll
0x00007ffb848b0000 - 0x00007ffb8491a000 	C:\WINDOWS\system32\mswsock.dll
0x00007ffb66f80000 - 0x00007ffb66f95000 	C:\Users\ERIN_JAVALead\.jdks\corretto-18.0.2\bin\nio.dll
0x00007ffb65630000 - 0x00007ffb6564a000 	C:\Program Files\JetBrains\IntelliJ IDEA Community Edition 2021.3.3\bin\breakgen64.dll
0x00007ffb6c8b0000 - 0x00007ffb6c8b9000 	C:\Users\ERIN_JAVALead\.jdks\corretto-18.0.2\bin\management.dll
0x00007ffb66f30000 - 0x00007ffb66f3b000 	C:\Users\ERIN_JAVALead\.jdks\corretto-18.0.2\bin\management_ext.dll
0x00007ffb6fb50000 - 0x00007ffb6fb5e000 	C:\Users\ERIN_JAVALead\.jdks\corretto-18.0.2\bin\sunmscapi.dll
0x00007ffb85660000 - 0x00007ffb857bd000 	C:\WINDOWS\System32\CRYPT32.dll
0x00007ffb84c20000 - 0x00007ffb84c48000 	C:\WINDOWS\SYSTEM32\ncrypt.dll
0x00007ffb84be0000 - 0x00007ffb84c1b000 	C:\WINDOWS\SYSTEM32\NTASN1.dll
0x00007ffb84b10000 - 0x00007ffb84b28000 	C:\WINDOWS\SYSTEM32\CRYPTSP.dll
0x00007ffb84200000 - 0x00007ffb84234000 	C:\WINDOWS\system32\rsaenh.dll
0x00007ffb85140000 - 0x00007ffb8516e000 	C:\WINDOWS\SYSTEM32\USERENV.dll
0x00007ffb84a40000 - 0x00007ffb84a4c000 	C:\WINDOWS\SYSTEM32\CRYPTBASE.dll
0x00007ffb845c0000 - 0x00007ffb845fb000 	C:\WINDOWS\SYSTEM32\IPHLPAPI.DLL
0x00007ffb87760000 - 0x00007ffb87768000 	C:\WINDOWS\System32\NSI.dll
0x00007ffb7f240000 - 0x00007ffb7f257000 	C:\WINDOWS\SYSTEM32\dhcpcsvc6.DLL
0x00007ffb7f220000 - 0x00007ffb7f23d000 	C:\WINDOWS\SYSTEM32\dhcpcsvc.DLL
0x00007ffb84600000 - 0x00007ffb846cb000 	C:\WINDOWS\SYSTEM32\DNSAPI.dll
0x00007ffb766c0000 - 0x00007ffb766d0000 	C:\Users\ERIN_JAVALead\.jdks\corretto-18.0.2\bin\verify.dll
0x00007ffb75630000 - 0x00007ffb75647000 	C:\WINDOWS\system32\napinsp.dll
0x00007ffb4ee00000 - 0x00007ffb4ee1b000 	C:\WINDOWS\system32\pnrpnsp.dll
0x00007ffb4ede0000 - 0x00007ffb4edf2000 	C:\WINDOWS\System32\winrnr.dll
0x00007ffb80bc0000 - 0x00007ffb80bdd000 	C:\WINDOWS\system32\NLAapi.dll
0x00007ffb80150000 - 0x00007ffb80165000 	C:\WINDOWS\system32\wshbth.dll
0x00007ffb7a610000 - 0x00007ffb7a61a000 	C:\Windows\System32\rasadhlp.dll
0x00007ffb7e830000 - 0x00007ffb7e8b0000 	C:\WINDOWS\System32\fwpuclnt.dll

dbghelp: loaded successfully - version: 4.0.5 - missing functions: none
symbol engine: initialized successfully - sym options: 0x614 - pdb path: .;C:\Users\ERIN_JAVALead\.jdks\corretto-18.0.2\bin;C:\WINDOWS\SYSTEM32;C:\WINDOWS\WinSxS\amd64_microsoft.windows.common-controls_6595b64144ccf1df_6.0.19041.3636_none_60b6a03d71f818d5;C:\Users\ERIN_JAVALead\.jdks\corretto-18.0.2\bin\server;C:\Program Files\JetBrains\IntelliJ IDEA Community Edition 2021.3.3\bin

VM Arguments:
jvm_args: -javaagent:C:\Program Files\JetBrains\IntelliJ IDEA Community Edition 2021.3.3\lib\idea_rt.jar=59616:C:\Program Files\JetBrains\IntelliJ IDEA Community Edition 2021.3.3\bin -Dfile.encoding=UTF-8 
java_command: com.verise.veganapp.VeriseApplication
java_class_path (initial): C:\Users\ERIN_JAVALead\Downloads\verise\verise\target\classes;C:\Users\ERIN_JAVALead\.m2\repository\org\springframework\boot\spring-boot-starter-web\3.2.4\spring-boot-starter-web-3.2.4.jar;C:\Users\ERIN_JAVALead\.m2\repository\org\springframework\boot\spring-boot-starter\3.2.4\spring-boot-starter-3.2.4.jar;C:\Users\ERIN_JAVALead\.m2\repository\org\springframework\boot\spring-boot-starter-logging\3.2.4\spring-boot-starter-logging-3.2.4.jar;C:\Users\ERIN_JAVALead\.m2\repository\ch\qos\logback\logback-classic\1.4.14\logback-classic-1.4.14.jar;C:\Users\ERIN_JAVALead\.m2\repository\ch\qos\logback\logback-core\1.4.14\logback-core-1.4.14.jar;C:\Users\ERIN_JAVALead\.m2\repository\org\apache\logging\log4j\log4j-to-slf4j\2.21.1\log4j-to-slf4j-2.21.1.jar;C:\Users\ERIN_JAVALead\.m2\repository\org\apache\logging\log4j\log4j-api\2.21.1\log4j-api-2.21.1.jar;C:\Users\ERIN_JAVALead\.m2\repository\org\slf4j\jul-to-slf4j\2.0.12\jul-to-slf4j-2.0.12.jar;C:\Users\ERIN_JAVALead\.m2\repository\jakarta\annotation\jakarta.annotation-api\2.1.1\jakarta.annotation-api-2.1.1.jar;C:\Users\ERIN_JAVALead\.m2\repository\org\yaml\snakeyaml\2.2\snakeyaml-2.2.jar;C:\Users\ERIN_JAVALead\.m2\repository\org\springframework\boot\spring-boot-starter-json\3.2.4\spring-boot-starter-json-3.2.4.jar;C:\Users\ERIN_JAVALead\.m2\repository\com\fasterxml\jackson\core\jackson-databind\2.15.4\jackson-databind-2.15.4.jar;C:\Users\ERIN_JAVALead\.m2\repository\com\fasterxml\jackson\core\jackson-annotations\2.15.4\jackson-annotations-2.15.4.jar;C:\Users\ERIN_JAVALead\.m2\repository\com\fasterxml\jackson\core\jackson-core\2.15.4\jackson-core-2.15.4.jar;C:\Users\ERIN_JAVALead\.m2\repository\com\fasterxml\jackson\datatype\jackson-datatype-jdk8\2.15.4\jackson-datatype-jdk8-2.15.4.jar;C:\Users\ERIN_JAVALead\.m2\repository\com\fasterxml\jackson\datatype\jackson-datatype-jsr310\2.15.4\jackson-datatype-jsr310-2.15.4.jar;C:\Users\ERIN_JAVALead\.m2\repository\com\fasterxml\jackson\module\jackson-module-parameter-names\2.15.4\jackson-module-parameter-names-2.15.4.jar;C:\Users\ERIN_JAVALead\.m2\repository\org\springframework\boot\spring-boot-starter-tomcat\3.2.4\spring-boot-starter-tomcat-3.2.4.jar;C:\Users\ERIN_JAVALead\.m2\repository\org\apache\tomcat\embed\tomcat-embed-core\10.1.19\tomcat-embed-core-10.1.19.jar;C:\Users\ERIN_JAVALead\.m2\repository\org\apache\tomcat\embed\tomcat-embed-el\10.1.19\tomcat-embed-el-10.1.19.jar;C:\Users\ERIN_JAVALead\.m2\repository\org\apache\tomcat\embed\tomcat-embed-websocket\10.1.19\tomcat-embed-websocket-10.1.19.jar;C:\Users\ERIN_JAVALead\.m2\repository\org\springframework\spring-web\6.1.5\spring-web-6.1.5.jar;C:\Users\ERIN_JAVALead\.m2\repository\org\springframework\spring-beans\6.1.5\spring-beans-6.1.5.jar;C:\Users\ERIN_JAVALead\.m2\repository\io\micrometer\micrometer-observation\1.12.4\micrometer-observation-1.12.4.jar;C:\Users\ERIN_JAVALead\.m2\repository\io\micrometer\micrometer-commons\1.12.4\micrometer-commons-1.12.4.jar;C:\Users\ERIN_JAVALead\.m2\repository\org\springframework\spring-webmvc\6.1.5\spring-webmvc-6.1.5.jar;C:\Users\ERIN_JAVALead\.m2\repository\org\springframework\spring-aop\6.1.5\spring-aop-6.1.5.jar;C:\Users\ERIN_JAVALead\.m2\repository\org\springframework\spring-context\6.1.5\spring-context-6.1.5.jar;C:\Users\ERIN_JAVALead\.m2\repository\org\springframework\spring-expression\6.1.5\spring-expression-6.1.5.jar;C:\Users\ERIN_JAVALead\.m2\repository\org\springframework\boot\spring-boot-devtools\3.2.4\spring-boot-devtools-3.2.4.jar;C:\Users\ERIN_JAVALead\.m2\repository\org\springframework\boot\spring-boot\3.2.4\spring-boot-3.2.4.jar;C:\Users\ERIN_JAVALead\.m2\repository\org\springframework\boot\spring-boot-autoconfigure\3.2.4\spring-boot-autoconfigure-3.2.4.jar;C:\Users\ERIN_JAVALead\.m2\repository\org\projectlombok\lombok\1.18.30\lombok-1.18.30.jar;C:\Users\ERIN_JAVALead\.m2\repository\org\slf4j\slf4j-api\2.0.12\slf4j-api-2.0.12.jar;C:\Users\ERIN_JAVALead\.m2\repository\jakarta\xml\bind\jakarta.xml.bind-api\4.0.2\jakarta.xml.bind-api-4.0.2.jar;C:\Users\ERIN_JAVALead\.m2\repository\jakarta\activation\jakarta.activation-api\2.1.3\jakarta.activation-api-2.1.3.jar;C:\Users\ERIN_JAVALead\.m2\repository\net\bytebuddy\byte-buddy\1.14.12\byte-buddy-1.14.12.jar;C:\Users\ERIN_JAVALead\.m2\repository\org\springframework\spring-core\6.1.5\spring-core-6.1.5.jar;C:\Users\ERIN_JAVALead\.m2\repository\org\springframework\spring-jcl\6.1.5\spring-jcl-6.1.5.jar;C:\Users\ERIN_JAVALead\.m2\repository\org\springframework\boot\spring-boot-starter-data-jpa\3.2.4\spring-boot-starter-data-jpa-3.2.4.jar;C:\Users\ERIN_JAVALead\.m2\repository\org\springframework\boot\spring-boot-starter-aop\3.2.4\spring-boot-starter-aop-3.2.4.jar;C:\Users\ERIN_JAVALead\.m2\repository\org\aspectj\aspectjweaver\1.9.21\aspectjweaver-1.9.21.jar;C:\Users\ERIN_JAVALead\.m2\repository\org\springframework\boot\spring-boot-starter-jdbc\3.2.4\spring-boot-starter-jdbc-3.2.4.jar;C:\Users\ERIN_JAVALead\.m2\repository\com\zaxxer\HikariCP\5.0.1\HikariCP-5.0.1.jar;C:\Users\ERIN_JAVALead\.m2\repository\org\springframework\spring-jdbc\6.1.5\spring-jdbc-6.1.5.jar;C:\Users\ERIN_JAVALead\.m2\repository\org\hibernate\orm\hibernate-core\6.4.4.Final\hibernate-core-6.4.4.Final.jar;C:\Users\ERIN_JAVALead\.m2\repository\jakarta\persistence\jakarta.persistence-api\3.1.0\jakarta.persistence-api-3.1.0.jar;C:\Users\ERIN_JAVALead\.m2\repository\jakarta\transaction\jakarta.transaction-api\2.0.1\jakarta.transaction-api-2.0.1.jar;C:\Users\ERIN_JAVALead\.m2\repository\org\jboss\logging\jboss-logging\3.5.3.Final\jboss-logging-3.5.3.Final.jar;C:\Users\ERIN_JAVALead\.m2\repository\org\hibernate\common\hibernate-commons-annotations\6.0.6.Final\hibernate-commons-annotations-6.0.6.Final.jar;C:\Users\ERIN_JAVALead\.m2\repository\io\smallrye\jandex\3.1.2\jandex-3.1.2.jar;C:\Users\ERIN_JAVALead\.m2\repository\com\fasterxml\classmate\1.6.0\classmate-1.6.0.jar;C:\Users\ERIN_JAVALead\.m2\repository\org\glassfish\jaxb\jaxb-runtime\4.0.5\jaxb-runtime-4.0.5.jar;C:\Users\ERIN_JAVALead\.m2\repository\org\glassfish\jaxb\jaxb-core\4.0.5\jaxb-core-4.0.5.jar;C:\Users\ERIN_JAVALead\.m2\repository\org\eclipse\angus\angus-activation\2.0.2\angus-activation-2.0.2.jar;C:\Users\ERIN_JAVALead\.m2\repository\org\glassfish\jaxb\txw2\4.0.5\txw2-4.0.5.jar;C:\Users\ERIN_JAVALead\.m2\repository\com\sun\istack\istack-commons-runtime\4.1.2\istack-commons-runtime-4.1.2.jar;C:\Users\ERIN_JAVALead\.m2\repository\jakarta\inject\jakarta.inject-api\2.0.1\jakarta.inject-api-2.0.1.jar;C:\Users\ERIN_JAVALead\.m2\repository\org\antlr\antlr4-runtime\4.13.0\antlr4-runtime-4.13.0.jar;C:\Users\ERIN_JAVALead\.m2\repository\org\springframework\data\spring-data-jpa\3.2.4\spring-data-jpa-3.2.4.jar;C:\Users\ERIN_JAVALead\.m2\repository\org\springframework\data\spring-data-commons\3.2.4\spring-data-commons-3.2.4.jar;C:\Users\ERIN_JAVALead\.m2\repository\org\springframework\spring-orm\6.1.5\spring-orm-6.1.5.jar;C:\Users\ERIN_JAVALead\.m2\repository\org\springframework\spring-tx\6.1.5\spring-tx-6.1.5.jar;C:\Users\ERIN_JAVALead\.m2\repository\org\springframework\spring-aspects\6.1.5\spring-aspects-6.1.5.jar;C:\Users\ERIN_JAVALead\.m2\repository\com\microsoft\sqlserver\mssql-jdbc\12.4.2.jre11\mssql-jdbc-12.4.2.jre11.jar
Launcher Type: SUN_STANDARD

[Global flags]
     intx CICompilerCount                          = 3                                         {product} {ergonomic}
     uint ConcGCThreads                            = 1                                         {product} {ergonomic}
     uint G1ConcRefinementThreads                  = 4                                         {product} {ergonomic}
   size_t G1HeapRegionSize                         = 1048576                                   {product} {ergonomic}
    uintx GCDrainStackTargetSize                   = 64                                        {product} {ergonomic}
   size_t InitialHeapSize                          = 67108864                                  {product} {ergonomic}
   size_t MarkStackSize                            = 4194304                                   {product} {ergonomic}
   size_t MaxHeapSize                              = 1052770304                                {product} {ergonomic}
   size_t MaxNewSize                               = 631242752                                 {product} {ergonomic}
   size_t MinHeapDeltaBytes                        = 1048576                                   {product} {ergonomic}
   size_t MinHeapSize                              = 8388608                                   {product} {ergonomic}
    uintx NonNMethodCodeHeapSize                   = 5832780                                {pd product} {ergonomic}
    uintx NonProfiledCodeHeapSize                  = 122912730                              {pd product} {ergonomic}
    uintx ProfiledCodeHeapSize                     = 122912730                              {pd product} {ergonomic}
    uintx ReservedCodeCacheSize                    = 251658240                              {pd product} {ergonomic}
     bool SegmentedCodeCache                       = true                                      {product} {ergonomic}
   size_t SoftMaxHeapSize                          = 1052770304                             {manageable} {ergonomic}
     bool UseCompressedClassPointers               = true                           {product lp64_product} {ergonomic}
     bool UseCompressedOops                        = true                           {product lp64_product} {ergonomic}
     bool UseG1GC                                  = true                                      {product} {ergonomic}
     bool UseLargePagesIndividualAllocation        = false                                  {pd product} {ergonomic}

Logging:
Log output configuration:
 #0: stdout all=warning uptime,level,tags foldmultilines=false
 #1: stderr all=off uptime,level,tags foldmultilines=false

Environment Variables:
JAVA_HOME=C:\Program Files\Java\jdk1.8.0_202
PATH=C:\Program Files (x86)\Common Files\Oracle\Java\javapath;C:\WINDOWS\system32;C:\WINDOWS;C:\WINDOWS\System32\Wbem;C:\WINDOWS\System32\WindowsPowerShell\v1.0\;C:\WINDOWS\System32\OpenSSH\;C:\Program Files (x86)\nodejs\;C:\Program Files (x86)\nodejs\npm;C:\Users\ERIN_JAVALead\AppData\Roaming\npm;C:\Program Files\Git\cmd;C:\Program Files (x86)\dotnet\;C:\Program Files (x86)\Microsoft SQL Server\160\DTS\Binn\;C:\Program Files\Azure Data Studio\bin;C:\Program Files (x86)\Microsoft SQL Server\160\Tools\Binn\;C:\Program Files\Microsoft SQL Server\160\Tools\Binn\;C:\Program Files\Microsoft SQL Server\Client SDK\ODBC\170\Tools\Binn\;C:\Program Files\Microsoft SQL Server\160\DTS\Binn\;C:\Program Files\Java\jdk1.8.0_202\bin;C:\Program Files\Java\jdk1.8.0_202\jre\bin;C:\kafkasrc\bin\windows;C:\Program Files\Docker\Docker\resources\bin;C:\Program Files\Docker\Docker;C:\Users\ERIN_JAVALead\AppData\Local\Microsoft\WindowsApps;;C:\Users\ERIN_JAVALead\AppData\Local\Programs\Microsoft VS Code\bin;C:\Users\ERIN_JAVALead\AppData\Roaming\npm;C:\Program Files\Azure Data Studio\bin
USERNAME=ERIN_JAVALead
OS=Windows_NT
PROCESSOR_IDENTIFIER=Intel64 Family 6 Model 78 Stepping 3, GenuineIntel



---------------  S Y S T E M  ---------------

OS:
 Windows 10 , 64 bit Build 19041 (10.0.19041.3636)
OS uptime: 0 days 16:41 hours
Hyper-V role detected

CPU: total 4 (initial active 4) (2 cores per cpu, 2 threads per core) family 6 model 78 stepping 3 microcode 0xcc, cx8, cmov, fxsr, ht, mmx, 3dnowpref, sse, sse2, sse3, ssse3, sse4.1, sse4.2, popcnt, lzcnt, tsc, tscinvbit, avx, avx2, aes, erms, clmul, bmi1, bmi2, adx, fma, vzeroupper, clflush, clflushopt, hv

Memory: 4k page, system-wide physical 4012M (353M free)
TotalPageFile size 6060M (AvailPageFile size 2M)
current process WorkingSet (physical memory assigned to process): 253M, peak: 253M
current process commit charge ("private bytes"): 355M, peak: 372M

vm_info: OpenJDK 64-Bit Server VM (18.0.2+9-FR) for windows-amd64 JRE (18.0.2+9-FR), built on Jul 15 2022 20:03:03 by "Administrator" with MS VC++ 15.9 (VS2017)

END.
