#
# There is insufficient memory for the Java Runtime Environment to continue.
# Native memory allocation (malloc) failed to allocate 1804544 bytes for Chunk::new
# Possible reasons:
#   The system is out of physical RAM or swap space
#   The process is running with CompressedOops enabled, and the Java Heap may be blocking the growth of the native heap
# Possible solutions:
#   Reduce memory load on the system
#   Increase physical memory or swap space
#   Check if swap backing store is full
#   Decrease Java heap size (-Xmx/-Xms)
#   Decrease number of Java threads
#   Decrease Java thread stack sizes (-Xss)
#   Set larger code cache with -XX:ReservedCodeCacheSize=
#   JVM is running with Unscaled Compressed Oops mode in which the Java heap is
#     placed in the first 4GB address space. The Java Heap base address is the
#     maximum limit for the native heap growth. Please use -XX:HeapBaseMinAddress
#     to set the Java Heap base and to place the Java Heap above 4GB virtual address.
# This output file may be truncated or incomplete.
#
#  Out of Memory Error (arena.cpp:184), pid=7176, tid=5872
#
# JRE version: OpenJDK Runtime Environment Corretto-18.0.2.9.1 (18.0.2+9) (build 18.0.2+9-FR)
# Java VM: OpenJDK 64-Bit Server VM Corretto-18.0.2.9.1 (18.0.2+9-FR, mixed mode, sharing, tiered, compressed oops, compressed class ptrs, g1 gc, windows-amd64)
# No core dump will be written. Minidumps are not enabled by default on client versions of Windows
#

---------------  S U M M A R Y ------------

Command Line: -javaagent:C:\Program Files\JetBrains\IntelliJ IDEA Community Edition 2021.3.3\lib\idea_rt.jar=53292:C:\Program Files\JetBrains\IntelliJ IDEA Community Edition 2021.3.3\bin -Dfile.encoding=UTF-8 com.verise.veganapp.VeriseApplication

Host: Intel(R) Core(TM) i3-6006U CPU @ 2.00GHz, 4 cores, 3G,  Windows 10 , 64 bit Build 19041 (10.0.19041.3636)
Time: Wed Apr 10 00:32:39 2024 W. Europe Daylight Time elapsed time: 16.749864 seconds (0d 0h 0m 16s)

---------------  T H R E A D  ---------------

Current thread (0x0000023566a4acf0):  JavaThread "C2 CompilerThread1" daemon [_thread_in_native, id=5872, stack(0x000000c246f00000,0x000000c247000000)]


Current CompileTask:
C2:  16750 5212       4       org.springframework.core.annotation.TypeMappedAnnotations::get (52 bytes)

Stack: [0x000000c246f00000,0x000000c247000000]
Native frames: (J=compiled Java code, j=interpreted, Vv=VM code, C=native code)
V  [jvm.dll+0x685a2a]
V  [jvm.dll+0x82ae8d]
V  [jvm.dll+0x82c75e]
V  [jvm.dll+0x82ce03]
V  [jvm.dll+0x25ef4b]
V  [jvm.dll+0xd42d2]
V  [jvm.dll+0xd4665]
V  [jvm.dll+0x38578b]
V  [jvm.dll+0x34d82a]
V  [jvm.dll+0x34cc1a]
V  [jvm.dll+0x233a65]
V  [jvm.dll+0x232f37]
V  [jvm.dll+0x1c0a35]
V  [jvm.dll+0x24212c]
V  [jvm.dll+0x240534]
V  [jvm.dll+0x7df6db]
V  [jvm.dll+0x7d9cba]
V  [jvm.dll+0x6848a5]
C  [ucrtbase.dll+0x21bb2]
C  [KERNEL32.DLL+0x17344]
C  [ntdll.dll+0x526b1]


---------------  P R O C E S S  ---------------

Threads class SMR info:
_java_thread_list=0x0000023564f07580, length=22, elements={
0x0000023541fbc290, 0x000002354205ebc0, 0x000002354205fc10, 0x0000023542073a60,
0x0000023542074310, 0x0000023542074bc0, 0x0000023542075470, 0x0000023542078060,
0x0000023542078950, 0x000002354207eb00, 0x000002355f540ff0, 0x00000235638ed720,
0x00000235638edbe0, 0x0000023563f39f30, 0x00000235640c2d80, 0x00000235652e1360,
0x00000235652e1830, 0x00000235652e3510, 0x00000235652e39e0, 0x00000235652e1d00,
0x00000235652e21d0, 0x0000023566a4acf0
}

Java Threads: ( => current thread )
  0x0000023541fbc290 JavaThread "main" [_thread_blocked, id=9480, stack(0x000000c245500000,0x000000c245600000)]
  0x000002354205ebc0 JavaThread "Reference Handler" daemon [_thread_blocked, id=6384, stack(0x000000c245c00000,0x000000c245d00000)]
  0x000002354205fc10 JavaThread "Finalizer" daemon [_thread_blocked, id=8268, stack(0x000000c245d00000,0x000000c245e00000)]
  0x0000023542073a60 JavaThread "Signal Dispatcher" daemon [_thread_blocked, id=10196, stack(0x000000c245e00000,0x000000c245f00000)]
  0x0000023542074310 JavaThread "Attach Listener" daemon [_thread_blocked, id=2384, stack(0x000000c245f00000,0x000000c246000000)]
  0x0000023542074bc0 JavaThread "Service Thread" daemon [_thread_blocked, id=5284, stack(0x000000c246000000,0x000000c246100000)]
  0x0000023542075470 JavaThread "Monitor Deflation Thread" daemon [_thread_blocked, id=12948, stack(0x000000c246100000,0x000000c246200000)]
  0x0000023542078060 JavaThread "C2 CompilerThread0" daemon [_thread_in_native, id=12192, stack(0x000000c246200000,0x000000c246300000)]
  0x0000023542078950 JavaThread "C1 CompilerThread0" daemon [_thread_in_native, id=5856, stack(0x000000c246300000,0x000000c246400000)]
  0x000002354207eb00 JavaThread "Sweeper thread" daemon [_thread_blocked, id=2392, stack(0x000000c246400000,0x000000c246500000)]
  0x000002355f540ff0 JavaThread "Common-Cleaner" daemon [_thread_blocked, id=8992, stack(0x000000c246500000,0x000000c246600000)]
  0x00000235638ed720 JavaThread "Monitor Ctrl-Break" daemon [_thread_in_native, id=984, stack(0x000000c246700000,0x000000c246800000)]
  0x00000235638edbe0 JavaThread "Notification Thread" daemon [_thread_blocked, id=9436, stack(0x000000c246800000,0x000000c246900000)]
  0x0000023563f39f30 JavaThread "Thread-0" [_thread_blocked, id=6024, stack(0x000000c246c00000,0x000000c246d00000)]
  0x00000235640c2d80 JavaThread "restartedMain" [_thread_in_vm, id=9476, stack(0x000000c246d00000,0x000000c246e00000)]
  0x00000235652e1360 JavaThread "Catalina-utility-1" [_thread_blocked, id=3024, stack(0x000000c246e00000,0x000000c246f00000)]
  0x00000235652e1830 JavaThread "Catalina-utility-2" [_thread_blocked, id=2404, stack(0x000000c247000000,0x000000c247100000)]
  0x00000235652e3510 JavaThread "container-0" [_thread_blocked, id=6348, stack(0x000000c247100000,0x000000c247200000)]
  0x00000235652e39e0 JavaThread "mssql-jdbc-shared-timer-core-0" daemon [_thread_blocked, id=7916, stack(0x000000c247300000,0x000000c247400000)]
  0x00000235652e1d00 JavaThread "HikariPool-1 housekeeper" daemon [_thread_blocked, id=2444, stack(0x000000c247400000,0x000000c247500000)]
  0x00000235652e21d0 JavaThread "HikariPool-1 connection adder" daemon [_thread_blocked, id=912, stack(0x000000c247500000,0x000000c247600000)]
=>0x0000023566a4acf0 JavaThread "C2 CompilerThread1" daemon [_thread_in_native, id=5872, stack(0x000000c246f00000,0x000000c247000000)]

Other Threads:
  0x00000235420594d0 VMThread "VM Thread" [stack: 0x000000c245b00000,0x000000c245c00000] [id=10784]
  0x00000235638ee0a0 WatcherThread "VM Periodic Task Thread" [stack: 0x000000c246900000,0x000000c246a00000] [id=3520]
  0x0000023541ffcf40 WorkerThread "GC Thread#0" [stack: 0x000000c245600000,0x000000c245700000] [id=9412]
  0x0000023563fb5130 WorkerThread "GC Thread#1" [stack: 0x000000c246600000,0x000000c246700000] [id=7632]
  0x00000235642dcbc0 WorkerThread "GC Thread#2" [stack: 0x000000c246a00000,0x000000c246b00000] [id=4832]
  0x0000023563e0e220 WorkerThread "GC Thread#3" [stack: 0x000000c246b00000,0x000000c246c00000] [id=5904]
  0x0000023542007b20 ConcurrentGCThread "G1 Main Marker" [stack: 0x000000c245700000,0x000000c245800000] [id=3456]
  0x0000023542008420 WorkerThread "G1 Conc#0" [stack: 0x000000c245800000,0x000000c245900000] [id=11776]
  0x0000023542030640 ConcurrentGCThread "G1 Refine#0" [stack: 0x000000c245900000,0x000000c245a00000] [id=7908]
  0x0000023542030e60 ConcurrentGCThread "G1 Service" [stack: 0x000000c245a00000,0x000000c245b00000] [id=11916]

Threads with active compile tasks:
C2 CompilerThread0    17023 5600       4       org.antlr.v4.runtime.misc.IntervalSet::add (216 bytes)
C1 CompilerThread0    17023 5665       1       org.antlr.v4.runtime.CommonToken::getChannel (5 bytes)
C2 CompilerThread1    17023 5212       4       org.springframework.core.annotation.TypeMappedAnnotations::get (52 bytes)

VM state: not at safepoint (normal execution)

VM Mutex/Monitor currently owned by a thread: None

Heap address: 0x00000000c1400000, size: 1004 MB, Compressed Oops mode: 32-bit

CDS archive(s) mapped at: [0x0000000800000000-0x0000000800ba0000-0x0000000800ba0000), size 12189696, SharedBaseAddress: 0x0000000800000000, ArchiveRelocationMode: 0.
Compressed class space mapped at: 0x0000000800c00000-0x0000000840c00000, reserved size: 1073741824
Narrow klass base: 0x0000000800000000, Narrow klass shift: 0, Narrow klass range: 0x100000000

GC Precious Log:
 CardTable entry size: 512
 Card Set container configuration: InlinePtr #cards 5 size 8 Array Of Cards #cards 12 size 40 Howl #buckets 4 coarsen threshold 1843 Howl Bitmap #cards 512 size 80 coarsen threshold 460 Card regions per heap region 1 cards per card region 2048
 CPUs: 4 total, 4 available
 Memory: 4012M
 Large Page Support: Disabled
 NUMA Support: Disabled
 Compressed Oops: Enabled (32-bit)
 Heap Region Size: 1M
 Heap Min Capacity: 8M
 Heap Initial Capacity: 64M
 Heap Max Capacity: 1004M
 Pre-touch: Disabled
 Parallel Workers: 4
 Concurrent Workers: 1
 Concurrent Refinement Workers: 4
 Periodic GC: Disabled

Heap:
 garbage-first heap   total 66560K, used 37254K [0x00000000c1400000, 0x0000000100000000)
  region size 1024K, 13 young (13312K), 2 survivors (2048K)
 Metaspace       used 60750K, committed 61440K, reserved 1114112K
  class space    used 8110K, committed 8448K, reserved 1048576K

Heap Regions: E=young(eden), S=young(survivor), O=old, HS=humongous(starts), HC=humongous(continues), CS=collection set, F=free, OA=open archive, CA=closed archive, TAMS=top-at-mark-start (previous, next)
|   0|0x00000000c1400000, 0x00000000c1500000, 0x00000000c1500000|100%|HS|  |TAMS 0x00000000c1500000, 0x00000000c1400000| Complete 
|   1|0x00000000c1500000, 0x00000000c1600000, 0x00000000c1600000|100%| O|  |TAMS 0x00000000c1600000, 0x00000000c1500000| Untracked 
|   2|0x00000000c1600000, 0x00000000c1700000, 0x00000000c1700000|100%| O|  |TAMS 0x00000000c1700000, 0x00000000c1600000| Untracked 
|   3|0x00000000c1700000, 0x00000000c1800000, 0x00000000c1800000|100%| O|  |TAMS 0x00000000c1800000, 0x00000000c1700000| Untracked 
|   4|0x00000000c1800000, 0x00000000c1900000, 0x00000000c1900000|100%| O|  |TAMS 0x00000000c1900000, 0x00000000c1800000| Untracked 
|   5|0x00000000c1900000, 0x00000000c1a00000, 0x00000000c1a00000|100%| O|  |TAMS 0x00000000c1a00000, 0x00000000c1900000| Untracked 
|   6|0x00000000c1a00000, 0x00000000c1b00000, 0x00000000c1b00000|100%| O|  |TAMS 0x00000000c1b00000, 0x00000000c1a00000| Untracked 
|   7|0x00000000c1b00000, 0x00000000c1c00000, 0x00000000c1c00000|100%| O|  |TAMS 0x00000000c1c00000, 0x00000000c1b00000| Untracked 
|   8|0x00000000c1c00000, 0x00000000c1d00000, 0x00000000c1d00000|100%| O|  |TAMS 0x00000000c1d00000, 0x00000000c1c00000| Untracked 
|   9|0x00000000c1d00000, 0x00000000c1db1400, 0x00000000c1e00000| 69%| O|  |TAMS 0x00000000c1db1400, 0x00000000c1d00000| Untracked 
|  10|0x00000000c1e00000, 0x00000000c1f00000, 0x00000000c1f00000|100%| O|  |TAMS 0x00000000c1f00000, 0x00000000c1e00000| Untracked 
|  11|0x00000000c1f00000, 0x00000000c2000000, 0x00000000c2000000|100%| O|  |TAMS 0x00000000c2000000, 0x00000000c1f00000| Untracked 
|  12|0x00000000c2000000, 0x00000000c2100000, 0x00000000c2100000|100%| O|  |TAMS 0x00000000c2100000, 0x00000000c2000000| Untracked 
|  13|0x00000000c2100000, 0x00000000c2200000, 0x00000000c2200000|100%| O|  |TAMS 0x00000000c2200000, 0x00000000c2100000| Untracked 
|  14|0x00000000c2200000, 0x00000000c2300000, 0x00000000c2300000|100%| O|  |TAMS 0x00000000c2300000, 0x00000000c2200000| Untracked 
|  15|0x00000000c2300000, 0x00000000c2400000, 0x00000000c2400000|100%| O|  |TAMS 0x00000000c2400000, 0x00000000c2300000| Untracked 
|  16|0x00000000c2400000, 0x00000000c2500000, 0x00000000c2500000|100%| O|  |TAMS 0x00000000c2500000, 0x00000000c2400000| Untracked 
|  17|0x00000000c2500000, 0x00000000c2600000, 0x00000000c2600000|100%| O|  |TAMS 0x00000000c2600000, 0x00000000c2500000| Untracked 
|  18|0x00000000c2600000, 0x00000000c2700000, 0x00000000c2700000|100%| O|  |TAMS 0x00000000c2700000, 0x00000000c2600000| Untracked 
|  19|0x00000000c2700000, 0x00000000c2800000, 0x00000000c2800000|100%| O|  |TAMS 0x00000000c2800000, 0x00000000c2700000| Untracked 
|  20|0x00000000c2800000, 0x00000000c2900000, 0x00000000c2900000|100%| O|  |TAMS 0x00000000c2900000, 0x00000000c2800000| Untracked 
|  21|0x00000000c2900000, 0x00000000c2a00000, 0x00000000c2a00000|100%| O|  |TAMS 0x00000000c2a00000, 0x00000000c2900000| Untracked 
|  22|0x00000000c2a00000, 0x00000000c2b00000, 0x00000000c2b00000|100%| O|  |TAMS 0x00000000c2b00000, 0x00000000c2a00000| Untracked 
|  23|0x00000000c2b00000, 0x00000000c2c00000, 0x00000000c2c00000|100%| O|  |TAMS 0x00000000c2c00000, 0x00000000c2b00000| Untracked 
|  24|0x00000000c2c00000, 0x00000000c2ce3400, 0x00000000c2d00000| 88%| O|  |TAMS 0x00000000c2c16e00, 0x00000000c2c00000| Untracked 
|  25|0x00000000c2d00000, 0x00000000c2d00000, 0x00000000c2e00000|  0%| F|  |TAMS 0x00000000c2d00000, 0x00000000c2d00000| Untracked 
|  26|0x00000000c2e00000, 0x00000000c2e00000, 0x00000000c2f00000|  0%| F|  |TAMS 0x00000000c2e00000, 0x00000000c2e00000| Untracked 
|  27|0x00000000c2f00000, 0x00000000c2f00000, 0x00000000c3000000|  0%| F|  |TAMS 0x00000000c2f00000, 0x00000000c2f00000| Untracked 
|  28|0x00000000c3000000, 0x00000000c3000000, 0x00000000c3100000|  0%| F|  |TAMS 0x00000000c3000000, 0x00000000c3000000| Untracked 
|  29|0x00000000c3100000, 0x00000000c3100000, 0x00000000c3200000|  0%| F|  |TAMS 0x00000000c3100000, 0x00000000c3100000| Untracked 
|  30|0x00000000c3200000, 0x00000000c3200000, 0x00000000c3300000|  0%| F|  |TAMS 0x00000000c3200000, 0x00000000c3200000| Untracked 
|  31|0x00000000c3300000, 0x00000000c3300000, 0x00000000c3400000|  0%| F|  |TAMS 0x00000000c3300000, 0x00000000c3300000| Untracked 
|  32|0x00000000c3400000, 0x00000000c3400000, 0x00000000c3500000|  0%| F|  |TAMS 0x00000000c3400000, 0x00000000c3400000| Untracked 
|  33|0x00000000c3500000, 0x00000000c3500000, 0x00000000c3600000|  0%| F|  |TAMS 0x00000000c3500000, 0x00000000c3500000| Untracked 
|  34|0x00000000c3600000, 0x00000000c3600000, 0x00000000c3700000|  0%| F|  |TAMS 0x00000000c3600000, 0x00000000c3600000| Untracked 
|  35|0x00000000c3700000, 0x00000000c3700000, 0x00000000c3800000|  0%| F|  |TAMS 0x00000000c3700000, 0x00000000c3700000| Untracked 
|  36|0x00000000c3800000, 0x00000000c3800000, 0x00000000c3900000|  0%| F|  |TAMS 0x00000000c3800000, 0x00000000c3800000| Untracked 
|  37|0x00000000c3900000, 0x00000000c3900000, 0x00000000c3a00000|  0%| F|  |TAMS 0x00000000c3900000, 0x00000000c3900000| Untracked 
|  38|0x00000000c3a00000, 0x00000000c3a00000, 0x00000000c3b00000|  0%| F|  |TAMS 0x00000000c3a00000, 0x00000000c3a00000| Untracked 
|  39|0x00000000c3b00000, 0x00000000c3b00000, 0x00000000c3c00000|  0%| F|  |TAMS 0x00000000c3b00000, 0x00000000c3b00000| Untracked 
|  40|0x00000000c3c00000, 0x00000000c3c00000, 0x00000000c3d00000|  0%| F|  |TAMS 0x00000000c3c00000, 0x00000000c3c00000| Untracked 
|  41|0x00000000c3d00000, 0x00000000c3d00000, 0x00000000c3e00000|  0%| F|  |TAMS 0x00000000c3d00000, 0x00000000c3d00000| Untracked 
|  42|0x00000000c3e00000, 0x00000000c3e00000, 0x00000000c3f00000|  0%| F|  |TAMS 0x00000000c3e00000, 0x00000000c3e00000| Untracked 
|  43|0x00000000c3f00000, 0x00000000c3f00000, 0x00000000c4000000|  0%| F|  |TAMS 0x00000000c3f00000, 0x00000000c3f00000| Untracked 
|  44|0x00000000c4000000, 0x00000000c4000000, 0x00000000c4100000|  0%| F|  |TAMS 0x00000000c4000000, 0x00000000c4000000| Untracked 
|  45|0x00000000c4100000, 0x00000000c4100000, 0x00000000c4200000|  0%| F|  |TAMS 0x00000000c4100000, 0x00000000c4100000| Untracked 
|  46|0x00000000c4200000, 0x00000000c4200000, 0x00000000c4300000|  0%| F|  |TAMS 0x00000000c4200000, 0x00000000c4200000| Untracked 
|  47|0x00000000c4300000, 0x00000000c43cd100, 0x00000000c4400000| 80%| S|CS|TAMS 0x00000000c4300000, 0x00000000c4300000| Complete 
|  48|0x00000000c4400000, 0x00000000c4500000, 0x00000000c4500000|100%| S|CS|TAMS 0x00000000c4400000, 0x00000000c4400000| Complete 
|  49|0x00000000c4500000, 0x00000000c4500000, 0x00000000c4600000|  0%| F|  |TAMS 0x00000000c4500000, 0x00000000c4500000| Untracked 
|  50|0x00000000c4600000, 0x00000000c4600000, 0x00000000c4700000|  0%| F|  |TAMS 0x00000000c4600000, 0x00000000c4600000| Untracked 
|  51|0x00000000c4700000, 0x00000000c4700000, 0x00000000c4800000|  0%| F|  |TAMS 0x00000000c4700000, 0x00000000c4700000| Untracked 
|  52|0x00000000c4800000, 0x00000000c4800000, 0x00000000c4900000|  0%| F|  |TAMS 0x00000000c4800000, 0x00000000c4800000| Untracked 
|  53|0x00000000c4900000, 0x00000000c4952a10, 0x00000000c4a00000| 32%| E|  |TAMS 0x00000000c4900000, 0x00000000c4900000| Complete 
|  54|0x00000000c4a00000, 0x00000000c4b00000, 0x00000000c4b00000|100%| E|CS|TAMS 0x00000000c4a00000, 0x00000000c4a00000| Complete 
|  55|0x00000000c4b00000, 0x00000000c4c00000, 0x00000000c4c00000|100%| E|CS|TAMS 0x00000000c4b00000, 0x00000000c4b00000| Complete 
|  56|0x00000000c4c00000, 0x00000000c4d00000, 0x00000000c4d00000|100%| E|CS|TAMS 0x00000000c4c00000, 0x00000000c4c00000| Complete 
|  57|0x00000000c4d00000, 0x00000000c4e00000, 0x00000000c4e00000|100%| E|CS|TAMS 0x00000000c4d00000, 0x00000000c4d00000| Complete 
|  58|0x00000000c4e00000, 0x00000000c4f00000, 0x00000000c4f00000|100%| E|CS|TAMS 0x00000000c4e00000, 0x00000000c4e00000| Complete 
|  59|0x00000000c4f00000, 0x00000000c5000000, 0x00000000c5000000|100%| E|CS|TAMS 0x00000000c4f00000, 0x00000000c4f00000| Complete 
|  60|0x00000000c5000000, 0x00000000c5100000, 0x00000000c5100000|100%| E|CS|TAMS 0x00000000c5000000, 0x00000000c5000000| Complete 
|  61|0x00000000c5100000, 0x00000000c5200000, 0x00000000c5200000|100%| E|CS|TAMS 0x00000000c5100000, 0x00000000c5100000| Complete 
|  62|0x00000000c5200000, 0x00000000c5300000, 0x00000000c5300000|100%| E|CS|TAMS 0x00000000c5200000, 0x00000000c5200000| Complete 
|  63|0x00000000c5300000, 0x00000000c5400000, 0x00000000c5400000|100%| E|CS|TAMS 0x00000000c5300000, 0x00000000c5300000| Complete 
|  64|0x00000000c5400000, 0x00000000c5500000, 0x00000000c5500000|100%| E|CS|TAMS 0x00000000c5400000, 0x00000000c5400000| Complete 

Card table byte_map: [0x000002355abc0000,0x000002355adc0000] _byte_map_base: 0x000002355a5b6000

Marking Bits (Prev, Next): (CMBitMap*) 0x0000023541fff4b0, (CMBitMap*) 0x0000023541fff470
 Prev Bits: [0x000002355bf70000, 0x000002355cf20000)
 Next Bits: [0x000002355afc0000, 0x000002355bf70000)

Polling page: 0x0000023542080000

Metaspace:

Usage:
  Non-class:     51.41 MB used.
      Class:      7.92 MB used.
       Both:     59.33 MB used.

Virtual space:
  Non-class space:       64.00 MB reserved,      51.75 MB ( 81%) committed,  1 nodes.
      Class space:        1.00 GB reserved,       8.25 MB ( <1%) committed,  1 nodes.
             Both:        1.06 GB reserved,      60.00 MB (  6%) committed. 

Chunk freelists:
   Non-Class:  96.00 KB
       Class:  3.80 MB
        Both:  3.89 MB

MaxMetaspaceSize: unlimited
CompressedClassSpaceSize: 1.00 GB
Initial GC threshold: 21.00 MB
Current GC threshold: 98.69 MB
CDS: on
MetaspaceReclaimPolicy: balanced
 - commit_granule_bytes: 65536.
 - commit_granule_words: 8192.
 - virtual_space_node_default_size: 8388608.
 - enlarge_chunks_in_place: 1.
 - new_chunks_are_fully_committed: 0.
 - uncommit_free_chunks: 1.
 - use_allocation_guard: 0.


Internal statistics:

num_allocs_failed_limit: 9.
num_arena_births: 828.
num_arena_deaths: 0.
num_vsnodes_births: 2.
num_vsnodes_deaths: 0.
num_space_committed: 960.
num_space_uncommitted: 0.
num_chunks_returned_to_freelist: 9.
num_chunks_taken_from_freelist: 2881.
num_chunk_merges: 9.
num_chunk_splits: 2108.
num_chunks_enlarged: 1683.
num_inconsistent_stats: 0.

CodeHeap 'non-profiled nmethods': size=120000Kb used=2583Kb max_used=2764Kb free=117416Kb
 bounds [0x0000023552e60000, 0x0000023553120000, 0x000002355a390000]
CodeHeap 'profiled nmethods': size=120000Kb used=9647Kb max_used=10283Kb free=110352Kb
 bounds [0x000002354b930000, 0x000002354c340000, 0x0000023552e60000]
CodeHeap 'non-nmethods': size=5760Kb used=1369Kb max_used=1442Kb free=4390Kb
 bounds [0x000002354b390000, 0x000002354b600000, 0x000002354b930000]
 total_blobs=5536 nmethods=4838 adapters=610
 compilation: enabled
              stopped_count=0, restarted_count=0
 full_count=0

Compilation events (20 events):
Event: 16.629 Thread 0x0000023542078950 5448       2       org.antlr.v4.runtime.atn.ATNState::addTransition (192 bytes)
Event: 16.630 Thread 0x0000023542078950 nmethod 5448 0x000002354ba54d90 code [0x000002354ba55020, 0x000002354ba55808]
Event: 16.631 Thread 0x0000023542078950 5449       2       org.antlr.v4.runtime.atn.Transition::<init> (24 bytes)
Event: 16.631 Thread 0x0000023542078950 nmethod 5449 0x000002354bafec10 code [0x000002354bafedc0, 0x000002354bafefe8]
Event: 16.631 Thread 0x0000023542078950 5450       1       org.antlr.v4.runtime.atn.RuleTransition::isEpsilon (2 bytes)
Event: 16.631 Thread 0x0000023542078950 nmethod 5450 0x000002355305c910 code [0x000002355305caa0, 0x000002355305cb78]
Event: 16.631 Thread 0x0000023542078950 5451       2       org.antlr.v4.runtime.atn.RuleTransition::<init> (22 bytes)
Event: 16.632 Thread 0x0000023542078950 nmethod 5451 0x000002354ba54810 code [0x000002354ba549c0, 0x000002354ba54c68]
Event: 16.632 Thread 0x0000023542078950 5452       1       org.antlr.v4.runtime.atn.EpsilonTransition::isEpsilon (2 bytes)
Event: 16.632 Thread 0x0000023542078950 nmethod 5452 0x000002355305c610 code [0x000002355305c7a0, 0x000002355305c878]
Event: 16.633 Thread 0x0000023542078950 5453       2       org.antlr.v4.runtime.atn.ATNState::getNumberOfTransitions (10 bytes)
Event: 16.633 Thread 0x0000023542078950 nmethod 5453 0x000002354ba54490 code [0x000002354ba54620, 0x000002354ba54748]
Event: 16.634 Thread 0x0000023542078950 5454       2       org.antlr.v4.runtime.atn.ATNState::transition (14 bytes)
Event: 16.634 Thread 0x0000023542078950 nmethod 5454 0x000002354ba53e90 code [0x000002354ba54040, 0x000002354ba541a8]
Event: 16.634 Thread 0x0000023542078950 5455       2       org.antlr.v4.runtime.atn.EpsilonTransition::<init> (11 bytes)
Event: 16.635 Thread 0x0000023542078950 nmethod 5455 0x000002354b97c510 code [0x000002354b97c6c0, 0x000002354b97c8e8]
Event: 16.740 Thread 0x0000023542078950 5457 %     3       org.antlr.v4.runtime.atn.ATNState::addTransition @ 78 (192 bytes)
Event: 16.742 Thread 0x0000023542078950 nmethod 5457% 0x000002354baa4990 code [0x000002354baa4cc0, 0x000002354baa6628]
Event: 16.742 Thread 0x0000023542078950 5458       3       org.antlr.v4.runtime.atn.ATNState::addTransition (192 bytes)
Event: 16.744 Thread 0x0000023542078950 nmethod 5458 0x000002354ba76710 code [0x000002354ba76a40, 0x000002354ba78268]

GC Heap History (20 events):
Event: 7.851 GC heap before
{Heap before GC invocations=6 (full 0):
 garbage-first heap   total 55296K, used 42125K [0x00000000c1400000, 0x0000000100000000)
  region size 1024K, 32 young (32768K), 5 survivors (5120K)
 Metaspace       used 26079K, committed 26496K, reserved 1114112K
  class space    used 3272K, committed 3456K, reserved 1048576K
}
Event: 7.870 GC heap after
{Heap after GC invocations=7 (full 0):
 garbage-first heap   total 55296K, used 17018K [0x00000000c1400000, 0x0000000100000000)
  region size 1024K, 4 young (4096K), 4 survivors (4096K)
 Metaspace       used 26079K, committed 26496K, reserved 1114112K
  class space    used 3272K, committed 3456K, reserved 1048576K
}
Event: 8.900 GC heap before
{Heap before GC invocations=7 (full 0):
 garbage-first heap   total 55296K, used 39546K [0x00000000c1400000, 0x0000000100000000)
  region size 1024K, 26 young (26624K), 4 survivors (4096K)
 Metaspace       used 30123K, committed 30528K, reserved 1114112K
  class space    used 3721K, committed 3904K, reserved 1048576K
}
Event: 8.913 GC heap after
{Heap after GC invocations=8 (full 0):
 garbage-first heap   total 55296K, used 19667K [0x00000000c1400000, 0x0000000100000000)
  region size 1024K, 3 young (3072K), 3 survivors (3072K)
 Metaspace       used 30123K, committed 30528K, reserved 1114112K
  class space    used 3721K, committed 3904K, reserved 1048576K
}
Event: 10.108 GC heap before
{Heap before GC invocations=8 (full 0):
 garbage-first heap   total 55296K, used 39123K [0x00000000c1400000, 0x0000000100000000)
  region size 1024K, 22 young (22528K), 3 survivors (3072K)
 Metaspace       used 35065K, committed 35712K, reserved 1114112K
  class space    used 4434K, committed 4736K, reserved 1048576K
}
Event: 10.114 GC heap after
{Heap after GC invocations=9 (full 0):
 garbage-first heap   total 55296K, used 21037K [0x00000000c1400000, 0x0000000100000000)
  region size 1024K, 2 young (2048K), 2 survivors (2048K)
 Metaspace       used 35065K, committed 35712K, reserved 1114112K
  class space    used 4434K, committed 4736K, reserved 1048576K
}
Event: 10.180 GC heap before
{Heap before GC invocations=9 (full 0):
 garbage-first heap   total 55296K, used 22061K [0x00000000c1400000, 0x0000000100000000)
  region size 1024K, 4 young (4096K), 2 survivors (2048K)
 Metaspace       used 35383K, committed 35968K, reserved 1114112K
  class space    used 4497K, committed 4800K, reserved 1048576K
}
Event: 10.184 GC heap after
{Heap after GC invocations=10 (full 0):
 garbage-first heap   total 55296K, used 21044K [0x00000000c1400000, 0x0000000100000000)
  region size 1024K, 2 young (2048K), 2 survivors (2048K)
 Metaspace       used 35383K, committed 35968K, reserved 1114112K
  class space    used 4497K, committed 4800K, reserved 1048576K
}
Event: 11.876 GC heap before
{Heap before GC invocations=11 (full 0):
 garbage-first heap   total 55296K, used 40500K [0x00000000c1400000, 0x0000000100000000)
  region size 1024K, 22 young (22528K), 2 survivors (2048K)
 Metaspace       used 42723K, committed 43264K, reserved 1114112K
  class space    used 5367K, committed 5632K, reserved 1048576K
}
Event: 11.887 GC heap after
{Heap after GC invocations=12 (full 0):
 garbage-first heap   total 55296K, used 22316K [0x00000000c1400000, 0x0000000100000000)
  region size 1024K, 3 young (3072K), 3 survivors (3072K)
 Metaspace       used 42723K, committed 43264K, reserved 1114112K
  class space    used 5367K, committed 5632K, reserved 1048576K
}
Event: 13.276 GC heap before
{Heap before GC invocations=12 (full 0):
 garbage-first heap   total 55296K, used 42796K [0x00000000c1400000, 0x0000000100000000)
  region size 1024K, 23 young (23552K), 3 survivors (3072K)
 Metaspace       used 46217K, committed 46784K, reserved 1114112K
  class space    used 5803K, committed 6080K, reserved 1048576K
}
Event: 13.286 GC heap after
{Heap after GC invocations=13 (full 0):
 garbage-first heap   total 55296K, used 23431K [0x00000000c1400000, 0x0000000100000000)
  region size 1024K, 3 young (3072K), 3 survivors (3072K)
 Metaspace       used 46217K, committed 46784K, reserved 1114112K
  class space    used 5803K, committed 6080K, reserved 1048576K
}
Event: 14.471 GC heap before
{Heap before GC invocations=13 (full 0):
 garbage-first heap   total 55296K, used 41863K [0x00000000c1400000, 0x0000000100000000)
  region size 1024K, 22 young (22528K), 3 survivors (3072K)
 Metaspace       used 52017K, committed 52608K, reserved 1114112K
  class space    used 6729K, committed 6976K, reserved 1048576K
}
Event: 14.478 GC heap after
{Heap after GC invocations=14 (full 0):
 garbage-first heap   total 55296K, used 24407K [0x00000000c1400000, 0x0000000100000000)
  region size 1024K, 3 young (3072K), 3 survivors (3072K)
 Metaspace       used 52017K, committed 52608K, reserved 1114112K
  class space    used 6729K, committed 6976K, reserved 1048576K
}
Event: 15.425 GC heap before
{Heap before GC invocations=14 (full 0):
 garbage-first heap   total 55296K, used 41815K [0x00000000c1400000, 0x0000000100000000)
  region size 1024K, 21 young (21504K), 3 survivors (3072K)
 Metaspace       used 56425K, committed 57024K, reserved 1114112K
  class space    used 7423K, committed 7680K, reserved 1048576K
}
Event: 15.431 GC heap after
{Heap after GC invocations=15 (full 0):
 garbage-first heap   total 55296K, used 25475K [0x00000000c1400000, 0x0000000100000000)
  region size 1024K, 2 young (2048K), 2 survivors (2048K)
 Metaspace       used 56425K, committed 57024K, reserved 1114112K
  class space    used 7423K, committed 7680K, reserved 1048576K
}
Event: 16.314 GC heap before
{Heap before GC invocations=15 (full 0):
 garbage-first heap   total 55296K, used 43907K [0x00000000c1400000, 0x0000000100000000)
  region size 1024K, 20 young (20480K), 2 survivors (2048K)
 Metaspace       used 58945K, committed 59520K, reserved 1114112K
  class space    used 7719K, committed 8000K, reserved 1048576K
}
Event: 16.324 GC heap after
{Heap after GC invocations=16 (full 0):
 garbage-first heap   total 55296K, used 26579K [0x00000000c1400000, 0x0000000100000000)
  region size 1024K, 3 young (3072K), 3 survivors (3072K)
 Metaspace       used 58945K, committed 59520K, reserved 1114112K
  class space    used 7719K, committed 8000K, reserved 1048576K
}
Event: 16.582 GC heap before
{Heap before GC invocations=16 (full 0):
 garbage-first heap   total 55296K, used 30675K [0x00000000c1400000, 0x0000000100000000)
  region size 1024K, 8 young (8192K), 3 survivors (3072K)
 Metaspace       used 59901K, committed 60480K, reserved 1114112K
  class space    used 7841K, committed 8128K, reserved 1048576K
}
Event: 16.589 GC heap after
{Heap after GC invocations=17 (full 0):
 garbage-first heap   total 66560K, used 27014K [0x00000000c1400000, 0x0000000100000000)
  region size 1024K, 2 young (2048K), 2 survivors (2048K)
 Metaspace       used 59901K, committed 60480K, reserved 1114112K
  class space    used 7841K, committed 8128K, reserved 1048576K
}

Deoptimization events (20 events):
Event: 16.436 Thread 0x00000235640c2d80 Uncommon trap: trap_request=0xffffffc6 fr.pc=0x00000235530abdcc relative=0x000000000000030c
Event: 16.436 Thread 0x00000235640c2d80 Uncommon trap: reason=bimorphic_or_optimized_type_check action=maybe_recompile pc=0x00000235530abdcc method=java.util.regex.Pattern$SliceI.match(Ljava/util/regex/Matcher;ILjava/lang/CharSequence;)Z @ 92 c2
Event: 16.436 Thread 0x00000235640c2d80 DEOPT PACKING pc=0x00000235530abdcc sp=0x000000c246dfbdc0
Event: 16.436 Thread 0x00000235640c2d80 DEOPT UNPACKING pc=0x000002354b3e23a3 sp=0x000000c246dfbd68 mode 2
Event: 16.495 Thread 0x00000235640c2d80 Uncommon trap: trap_request=0xffffffc6 fr.pc=0x00000235530abdcc relative=0x000000000000030c
Event: 16.495 Thread 0x00000235640c2d80 Uncommon trap: reason=bimorphic_or_optimized_type_check action=maybe_recompile pc=0x00000235530abdcc method=java.util.regex.Pattern$SliceI.match(Ljava/util/regex/Matcher;ILjava/lang/CharSequence;)Z @ 92 c2
Event: 16.495 Thread 0x00000235640c2d80 DEOPT PACKING pc=0x00000235530abdcc sp=0x000000c246dfbc20
Event: 16.495 Thread 0x00000235640c2d80 DEOPT UNPACKING pc=0x000002354b3e23a3 sp=0x000000c246dfbbc8 mode 2
Event: 16.517 Thread 0x00000235640c2d80 Uncommon trap: trap_request=0xffffffc6 fr.pc=0x00000235530abdcc relative=0x000000000000030c
Event: 16.517 Thread 0x00000235640c2d80 Uncommon trap: reason=bimorphic_or_optimized_type_check action=maybe_recompile pc=0x00000235530abdcc method=java.util.regex.Pattern$SliceI.match(Ljava/util/regex/Matcher;ILjava/lang/CharSequence;)Z @ 92 c2
Event: 16.517 Thread 0x00000235640c2d80 DEOPT PACKING pc=0x00000235530abdcc sp=0x000000c246dfbdc0
Event: 16.517 Thread 0x00000235640c2d80 DEOPT UNPACKING pc=0x000002354b3e23a3 sp=0x000000c246dfbd68 mode 2
Event: 16.519 Thread 0x00000235640c2d80 Uncommon trap: trap_request=0xffffffc6 fr.pc=0x00000235530abdcc relative=0x000000000000030c
Event: 16.519 Thread 0x00000235640c2d80 Uncommon trap: reason=bimorphic_or_optimized_type_check action=maybe_recompile pc=0x00000235530abdcc method=java.util.regex.Pattern$SliceI.match(Ljava/util/regex/Matcher;ILjava/lang/CharSequence;)Z @ 92 c2
Event: 16.519 Thread 0x00000235640c2d80 DEOPT PACKING pc=0x00000235530abdcc sp=0x000000c246dfbc40
Event: 16.519 Thread 0x00000235640c2d80 DEOPT UNPACKING pc=0x000002354b3e23a3 sp=0x000000c246dfbbe8 mode 2
Event: 16.624 Thread 0x00000235640c2d80 DEOPT PACKING pc=0x000002354baffa6a sp=0x000000c246dfb2d0
Event: 16.624 Thread 0x00000235640c2d80 DEOPT UNPACKING pc=0x000002354b3e2b43 sp=0x000000c246dfa7f0 mode 0
Event: 16.743 Thread 0x00000235640c2d80 DEOPT PACKING pc=0x000002354ba55693 sp=0x000000c246dfb2e0
Event: 16.743 Thread 0x00000235640c2d80 DEOPT UNPACKING pc=0x000002354b3e2b43 sp=0x000000c246dfa7f8 mode 0

Classes loaded (20 events):
Event: 16.094 Loading class java/util/WeakHashMap$EntryIterator
Event: 16.094 Loading class java/util/WeakHashMap$EntryIterator done
Event: 16.210 Loading class java/lang/Package$1PackageInfoProxy
Event: 16.210 Loading class java/lang/Package$1PackageInfoProxy done
Event: 16.355 Loading class java/util/stream/ReduceOps$5
Event: 16.356 Loading class java/util/stream/ReduceOps$5 done
Event: 16.356 Loading class java/util/stream/ReduceOps$CountingSink$OfRef
Event: 16.356 Loading class java/util/stream/ReduceOps$CountingSink
Event: 16.356 Loading class java/util/stream/ReduceOps$CountingSink done
Event: 16.356 Loading class java/util/stream/ReduceOps$CountingSink$OfRef done
Event: 16.403 Loading class java/util/regex/Pattern$Bound
Event: 16.404 Loading class java/util/regex/Pattern$Bound done
Event: 16.408 Loading class java/util/regex/Pattern$Behind
Event: 16.408 Loading class java/util/regex/Pattern$Behind done
Event: 16.423 Loading class java/util/regex/Pattern$1
Event: 16.424 Loading class java/util/regex/Pattern$1 done
Event: 16.563 Loading class java/util/EmptyStackException
Event: 16.563 Loading class java/util/EmptyStackException done
Event: 16.580 Loading class java/io/InvalidClassException
Event: 16.580 Loading class java/io/InvalidClassException done

Classes unloaded (0 events):
No events

Classes redefined (0 events):
No events

Internal exceptions (20 events):
Event: 15.054 Thread 0x00000235640c2d80 Exception <a 'java/lang/NoSuchMethodError'{0x00000000c4091838}: 'void java.lang.invoke.DirectMethodHandle$Holder.invokeInterface(java.lang.Object, java.lang.Object, int, java.lang.Object)'> (0x00000000c4091838) 
thrown [s\src\hotspot\share\interpreter\linkResolver.cpp, line 759]
Event: 15.064 Thread 0x00000235640c2d80 Exception <a 'java/lang/NoSuchMethodError'{0x00000000c40bad60}: 'java.lang.Object java.lang.invoke.DirectMethodHandle$Holder.newInvokeSpecial(java.lang.Object, java.lang.Object, int, java.lang.Object)'> (0x00000000c40bad60) 
thrown [s\src\hotspot\share\interpreter\linkResolver.cpp, line 759]
Event: 15.065 Thread 0x00000235640c2d80 Exception <a 'java/lang/NoSuchMethodError'{0x00000000c40be938}: 'java.lang.Object java.lang.invoke.Invokers$Holder.linkToTargetMethod(java.lang.Object, int, java.lang.Object, java.lang.Object)'> (0x00000000c40be938) 
thrown [s\src\hotspot\share\interpreter\linkResolver.cpp, line 759]
Event: 15.081 Thread 0x00000235640c2d80 Exception <a 'java/lang/NoSuchMethodError'{0x00000000c3f16ae0}: 'void java.lang.invoke.DirectMethodHandle$Holder.invokeSpecial(java.lang.Object, java.lang.Object, java.lang.Object, java.lang.Object, java.lang.Object, java.lang.Object, java.lang.Object, java.lang.Object)'> (0x00000000c3f16ae0) 
thrown [s\src\hotspot\share\interpreter\linkResolver.cpp, line 759]
Event: 15.169 Thread 0x00000235640c2d80 Exception <a 'java/lang/NoSuchMethodError'{0x00000000c3ed61e0}: 'java.lang.Object java.lang.invoke.DirectMethodHandle$Holder.newInvokeSpecial(java.lang.Object, java.lang.Object, java.lang.Object, java.lang.Object, java.lang.Object, int, java.lang.Object)'> (0x00000000c3ed61e0) 
thrown [s\src\hotspot\share\interpreter\linkResolver.cpp, line 759]
Event: 15.177 Thread 0x00000235640c2d80 Exception <a 'java/lang/NoSuchMethodError'{0x00000000c3d11dd0}: 'java.lang.Object java.lang.invoke.DirectMethodHandle$Holder.newInvokeSpecial(java.lang.Object, java.lang.Object, java.lang.Object, java.lang.Object, java.lang.Object, java.lang.Object, java.lang.Object, java.lang.Object, java.lang.Object, java.lang.Object, java.lang.Object, java.lang.Object)'> (0x00000000c3d11dd0) 
thrown [s\src\hotspot\share\interpreter\linkResolver.cpp, line 759]
Event: 15.177 Thread 0x00000235640c2d80 Exception <a 'java/lang/NoSuchMethodError'{0x00000000c3d16878}: 'java.lang.Object java.lang.invoke.DirectMethodHandle$Holder.invokeSpecial(java.lang.Object, java.lang.Object, java.lang.Object, java.lang.Object, java.lang.Object, java.lang.Object, java.lang.Object, java.lang.Object, java.lang.Object, java.lang.Object, java.lang.Object, java.lang.Object, java.lang.Object)'> (0x00000000c3d16878) 
thrown [s\src\hotspot\share\interpreter\linkResolver.cpp, line 759]
Event: 15.178 Thread 0x00000235640c2d80 Exception <a 'java/lang/NoSuchMethodError'{0x00000000c3d1af90}: 'java.lang.Object java.lang.invoke.Invokers$Holder.linkToTargetMethod(java.lang.Object, java.lang.Object, java.lang.Object, java.lang.Object, java.lang.Object, java.lang.Object, java.lang.Object, java.lang.Object, java.lang.Object, java.lang.Object, java.lang.Object, java.lang.Object)'> (0x00000000c3d1af90) 
thrown [s\src\hotspot\share\interpreter\linkResolver.cpp, line 759]
Event: 15.199 Thread 0x00000235640c2d80 Exception <a 'java/lang/IncompatibleClassChangeError'{0x00000000c3db6780}: Found class java.lang.Object, but interface was expected> (0x00000000c3db6780) 
thrown [s\src\hotspot\share\interpreter\linkResolver.cpp, line 826]
Event: 15.248 Thread 0x00000235640c2d80 Exception <a 'java/lang/NoSuchMethodError'{0x00000000c3b3aca8}: 'java.lang.Object java.lang.invoke.DirectMethodHandle$Holder.newInvokeSpecial(java.lang.Object, java.lang.Object, java.lang.Object, java.lang.Object, java.lang.Object, java.lang.Object, java.lang.Object, int)'> (0x00000000c3b3aca8) 
thrown [s\src\hotspot\share\interpreter\linkResolver.cpp, line 759]
Event: 15.248 Thread 0x00000235640c2d80 Exception <a 'java/lang/NoSuchMethodError'{0x00000000c3b3fca8}: 'java.lang.Object java.lang.invoke.DirectMethodHandle$Holder.invokeSpecial(java.lang.Object, java.lang.Object, java.lang.Object, java.lang.Object, java.lang.Object, java.lang.Object, java.lang.Object, java.lang.Object, int)'> (0x00000000c3b3fca8) 
thrown [s\src\hotspot\share\interpreter\linkResolver.cpp, line 759]
Event: 15.248 Thread 0x00000235640c2d80 Exception <a 'java/lang/NoSuchMethodError'{0x00000000c3b44770}: 'java.lang.Object java.lang.invoke.Invokers$Holder.linkToTargetMethod(java.lang.Object, java.lang.Object, java.lang.Object, java.lang.Object, java.lang.Object, java.lang.Object, int, java.lang.Object)'> (0x00000000c3b44770) 
thrown [s\src\hotspot\share\interpreter\linkResolver.cpp, line 759]
Event: 15.262 Thread 0x00000235640c2d80 Implicit null exception at 0x000002355302dd93 to 0x000002355302def0
Event: 15.289 Thread 0x00000235640c2d80 Exception <a 'java/lang/NoSuchMethodError'{0x00000000c3a1c6d0}: 'java.lang.Object java.lang.invoke.DirectMethodHandle$Holder.newInvokeSpecial(java.lang.Object, java.lang.Object, int, java.lang.Object, int, java.lang.Object, java.lang.Object)'> (0x00000000c3a1c6d0) 
thrown [s\src\hotspot\share\interpreter\linkResolver.cpp, line 759]
Event: 15.293 Thread 0x00000235640c2d80 Exception <a 'java/lang/NoSuchMethodError'{0x00000000c3a35518}: 'void java.lang.invoke.DirectMethodHandle$Holder.invokeInterface(java.lang.Object, java.lang.Object)'> (0x00000000c3a35518) 
thrown [s\src\hotspot\share\interpreter\linkResolver.cpp, line 759]
Event: 15.439 Thread 0x00000235640c2d80 Exception <a 'java/lang/NoSuchMethodError'{0x00000000c530ff50}: 'void java.lang.invoke.Invokers$Holder.invokeExact_MT(java.lang.Object, java.lang.Object, java.lang.Object, java.lang.Object)'> (0x00000000c530ff50) 
thrown [s\src\hotspot\share\interpreter\linkResolver.cpp, line 759]
Event: 15.633 Thread 0x00000235640c2d80 Exception <a 'java/lang/IncompatibleClassChangeError'{0x00000000c46dbb38}: Found class java.lang.Object, but interface was expected> (0x00000000c46dbb38) 
thrown [s\src\hotspot\share\interpreter\linkResolver.cpp, line 826]
Event: 15.664 Thread 0x00000235640c2d80 Exception <a 'java/lang/IncompatibleClassChangeError'{0x00000000c45635d8}: Found class java.lang.Object, but interface was expected> (0x00000000c45635d8) 
thrown [s\src\hotspot\share\interpreter\linkResolver.cpp, line 826]
Event: 15.791 Thread 0x00000235640c2d80 Exception <a 'java/lang/IncompatibleClassChangeError'{0x00000000c44cef08}: Found class java.lang.Object, but interface was expected> (0x00000000c44cef08) 
thrown [s\src\hotspot\share\interpreter\linkResolver.cpp, line 826]
Event: 16.200 Thread 0x00000235640c2d80 Exception <a 'java/lang/IncompatibleClassChangeError'{0x00000000c3d7a1d0}: Found class java.lang.Object, but interface was expected> (0x00000000c3d7a1d0) 
thrown [s\src\hotspot\share\interpreter\linkResolver.cpp, line 826]

VM Operations (20 events):
Event: 15.424 Executing VM operation: G1CollectForAllocation
Event: 15.431 Executing VM operation: G1CollectForAllocation done
Event: 16.028 Executing VM operation: HandshakeAllThreads
Event: 16.028 Executing VM operation: HandshakeAllThreads done
Event: 16.262 Executing VM operation: ICBufferFull
Event: 16.263 Executing VM operation: ICBufferFull done
Event: 16.314 Executing VM operation: G1CollectForAllocation
Event: 16.324 Executing VM operation: G1CollectForAllocation done
Event: 16.326 Executing VM operation: HandshakeAllThreads
Event: 16.326 Executing VM operation: HandshakeAllThreads done
Event: 16.327 Executing VM operation: HandshakeAllThreads
Event: 16.327 Executing VM operation: HandshakeAllThreads done
Event: 16.582 Executing VM operation: CollectForMetadataAllocation
Event: 16.589 Executing VM operation: CollectForMetadataAllocation done
Event: 16.628 Executing VM operation: HandshakeAllThreads
Event: 16.628 Executing VM operation: HandshakeAllThreads done
Event: 16.683 Executing VM operation: G1Concurrent
Event: 16.691 Executing VM operation: G1Concurrent done
Event: 16.733 Executing VM operation: G1Concurrent
Event: 16.736 Executing VM operation: G1Concurrent done

Events (20 events):
Event: 13.361 Thread 0x000002354207eb00 flushing nmethod 0x000002354c26ec90
Event: 13.361 Thread 0x000002354207eb00 flushing nmethod 0x000002354c26f110
Event: 13.361 Thread 0x000002354207eb00 flushing nmethod 0x000002354c26fd90
Event: 13.361 Thread 0x000002354207eb00 flushing nmethod 0x000002354c270090
Event: 13.361 Thread 0x000002354207eb00 flushing nmethod 0x000002354c270510
Event: 13.361 Thread 0x000002354207eb00 flushing nmethod 0x000002354c277390
Event: 13.361 Thread 0x000002354207eb00 flushing nmethod 0x000002354c278290
Event: 13.361 Thread 0x000002354207eb00 flushing nmethod 0x000002354c278d90
Event: 13.361 Thread 0x000002354207eb00 flushing nmethod 0x000002354c279590
Event: 13.361 Thread 0x000002354207eb00 flushing nmethod 0x000002354c27a010
Event: 13.361 Thread 0x000002354207eb00 flushing nmethod 0x000002354c27be10
Event: 13.361 Thread 0x000002354207eb00 flushing nmethod 0x000002354c27d110
Event: 13.361 Thread 0x000002354207eb00 flushing nmethod 0x000002354c281510
Event: 13.361 Thread 0x000002354207eb00 flushing nmethod 0x000002354c28e010
Event: 13.361 Thread 0x000002354207eb00 flushing nmethod 0x000002354c28e390
Event: 13.361 Thread 0x000002354207eb00 flushing nmethod 0x000002354c290490
Event: 13.361 Thread 0x000002354207eb00 flushing nmethod 0x000002354c293d90
Event: 13.361 Thread 0x000002354207eb00 flushing nmethod 0x000002354c29f690
Event: 13.912 Thread 0x0000023564713680 Thread exited: 0x0000023564713680
Event: 15.460 Thread 0x0000023566a4acf0 Thread added: 0x0000023566a4acf0


Dynamic libraries:
0x00007ff656770000 - 0x00007ff65677d000 	C:\Users\ERIN_JAVALead\.jdks\corretto-18.0.2\bin\java.exe
0x00007ff967ff0000 - 0x00007ff9681e8000 	C:\WINDOWS\SYSTEM32\ntdll.dll
0x00007ff967ca0000 - 0x00007ff967d5d000 	C:\WINDOWS\System32\KERNEL32.DLL
0x00007ff965bf0000 - 0x00007ff965ee6000 	C:\WINDOWS\System32\KERNELBASE.dll
0x00007ff9658d0000 - 0x00007ff9659d0000 	C:\WINDOWS\System32\ucrtbase.dll
0x00007ff9612e0000 - 0x00007ff9612f5000 	C:\Users\ERIN_JAVALead\.jdks\corretto-18.0.2\bin\VCRUNTIME140.dll
0x00007ff962de0000 - 0x00007ff962df7000 	C:\Users\ERIN_JAVALead\.jdks\corretto-18.0.2\bin\jli.dll
0x00007ff9663f0000 - 0x00007ff96658e000 	C:\WINDOWS\System32\USER32.dll
0x00007ff94ed90000 - 0x00007ff94f02a000 	C:\WINDOWS\WinSxS\amd64_microsoft.windows.common-controls_6595b64144ccf1df_6.0.19041.3636_none_60b6a03d71f818d5\COMCTL32.dll
0x00007ff9658a0000 - 0x00007ff9658c2000 	C:\WINDOWS\System32\win32u.dll
0x00007ff9660b0000 - 0x00007ff96614e000 	C:\WINDOWS\System32\msvcrt.dll
0x00007ff967b20000 - 0x00007ff967b4b000 	C:\WINDOWS\System32\GDI32.dll
0x00007ff965670000 - 0x00007ff965787000 	C:\WINDOWS\System32\gdi32full.dll
0x00007ff965800000 - 0x00007ff96589d000 	C:\WINDOWS\System32\msvcp_win.dll
0x00007ff9663b0000 - 0x00007ff9663e2000 	C:\WINDOWS\System32\IMM32.DLL
0x00007ff945570000 - 0x00007ff94560b000 	C:\Users\ERIN_JAVALead\.jdks\corretto-18.0.2\bin\msvcp140.dll
0x00007ff927f60000 - 0x00007ff928bd1000 	C:\Users\ERIN_JAVALead\.jdks\corretto-18.0.2\bin\server\jvm.dll
0x00007ff9678e0000 - 0x00007ff967990000 	C:\WINDOWS\System32\ADVAPI32.dll
0x00007ff967070000 - 0x00007ff967110000 	C:\WINDOWS\System32\sechost.dll
0x00007ff966150000 - 0x00007ff966275000 	C:\WINDOWS\System32\RPCRT4.dll
0x00007ff965b30000 - 0x00007ff965b57000 	C:\WINDOWS\System32\bcrypt.dll
0x00007ff966280000 - 0x00007ff966288000 	C:\WINDOWS\System32\PSAPI.DLL
0x00007ff961030000 - 0x00007ff961039000 	C:\WINDOWS\SYSTEM32\WSOCK32.dll
0x00007ff967d60000 - 0x00007ff967dcb000 	C:\WINDOWS\System32\WS2_32.dll
0x00007ff95f7f0000 - 0x00007ff95f7fa000 	C:\WINDOWS\SYSTEM32\VERSION.dll
0x00007ff941d10000 - 0x00007ff941d37000 	C:\WINDOWS\SYSTEM32\WINMM.dll
0x00007ff9634e0000 - 0x00007ff9634f2000 	C:\WINDOWS\SYSTEM32\kernel.appcore.dll
0x00007ff9612d0000 - 0x00007ff9612da000 	C:\Users\ERIN_JAVALead\.jdks\corretto-18.0.2\bin\jimage.dll
0x00007ff946c60000 - 0x00007ff946e44000 	C:\WINDOWS\SYSTEM32\DBGHELP.DLL
0x00007ff946bf0000 - 0x00007ff946c24000 	C:\WINDOWS\SYSTEM32\dbgcore.DLL
0x00007ff965b60000 - 0x00007ff965be2000 	C:\WINDOWS\System32\bcryptPrimitives.dll
0x00007ff9560b0000 - 0x00007ff9560be000 	C:\Users\ERIN_JAVALead\.jdks\corretto-18.0.2\bin\instrument.dll
0x00007ff954e30000 - 0x00007ff954e55000 	C:\Users\ERIN_JAVALead\.jdks\corretto-18.0.2\bin\java.dll
0x00007ff945490000 - 0x00007ff945566000 	C:\Users\ERIN_JAVALead\.jdks\corretto-18.0.2\bin\jsvml.dll
0x00007ff9667f0000 - 0x00007ff966f5b000 	C:\WINDOWS\System32\SHELL32.dll
0x00007ff9636e0000 - 0x00007ff963e7e000 	C:\WINDOWS\SYSTEM32\windows.storage.dll
0x00007ff967110000 - 0x00007ff967463000 	C:\WINDOWS\System32\combase.dll
0x00007ff964ef0000 - 0x00007ff964f1e000 	C:\WINDOWS\SYSTEM32\Wldp.dll
0x00007ff967e30000 - 0x00007ff967efd000 	C:\WINDOWS\System32\OLEAUT32.dll
0x00007ff966fc0000 - 0x00007ff96706d000 	C:\WINDOWS\System32\SHCORE.dll
0x00007ff966f60000 - 0x00007ff966fb5000 	C:\WINDOWS\System32\shlwapi.dll
0x00007ff9655a0000 - 0x00007ff9655c5000 	C:\WINDOWS\SYSTEM32\profapi.dll
0x00007ff954df0000 - 0x00007ff954e08000 	C:\Users\ERIN_JAVALead\.jdks\corretto-18.0.2\bin\zip.dll
0x00007ff961090000 - 0x00007ff9610a3000 	C:\Users\ERIN_JAVALead\.jdks\corretto-18.0.2\bin\net.dll
0x00007ff95f050000 - 0x00007ff95f15a000 	C:\WINDOWS\SYSTEM32\WINHTTP.dll
0x00007ff964cd0000 - 0x00007ff964d3a000 	C:\WINDOWS\system32\mswsock.dll
0x00007ff954e10000 - 0x00007ff954e25000 	C:\Users\ERIN_JAVALead\.jdks\corretto-18.0.2\bin\nio.dll
0x00007ff954da0000 - 0x00007ff954dba000 	C:\Program Files\JetBrains\IntelliJ IDEA Community Edition 2021.3.3\bin\breakgen64.dll
0x00007ff956060000 - 0x00007ff956069000 	C:\Users\ERIN_JAVALead\.jdks\corretto-18.0.2\bin\management.dll
0x00007ff955ed0000 - 0x00007ff955edb000 	C:\Users\ERIN_JAVALead\.jdks\corretto-18.0.2\bin\management_ext.dll
0x00007ff954d90000 - 0x00007ff954d9e000 	C:\Users\ERIN_JAVALead\.jdks\corretto-18.0.2\bin\sunmscapi.dll
0x00007ff9659d0000 - 0x00007ff965b2d000 	C:\WINDOWS\System32\CRYPT32.dll
0x00007ff965040000 - 0x00007ff965068000 	C:\WINDOWS\SYSTEM32\ncrypt.dll
0x00007ff965000000 - 0x00007ff96503b000 	C:\WINDOWS\SYSTEM32\NTASN1.dll
0x00007ff964f30000 - 0x00007ff964f48000 	C:\WINDOWS\SYSTEM32\CRYPTSP.dll
0x00007ff964620000 - 0x00007ff964654000 	C:\WINDOWS\system32\rsaenh.dll
0x00007ff965520000 - 0x00007ff96554e000 	C:\WINDOWS\SYSTEM32\USERENV.dll
0x00007ff964e60000 - 0x00007ff964e6c000 	C:\WINDOWS\SYSTEM32\CRYPTBASE.dll
0x00007ff9649e0000 - 0x00007ff964a1b000 	C:\WINDOWS\SYSTEM32\IPHLPAPI.DLL
0x00007ff967bb0000 - 0x00007ff967bb8000 	C:\WINDOWS\System32\NSI.dll
0x00007ff95f6c0000 - 0x00007ff95f6d7000 	C:\WINDOWS\SYSTEM32\dhcpcsvc6.DLL
0x00007ff95f6a0000 - 0x00007ff95f6bd000 	C:\WINDOWS\SYSTEM32\dhcpcsvc.DLL
0x00007ff964a20000 - 0x00007ff964aeb000 	C:\WINDOWS\SYSTEM32\DNSAPI.dll
0x00007ff9560e0000 - 0x00007ff9560f0000 	C:\Users\ERIN_JAVALead\.jdks\corretto-18.0.2\bin\verify.dll
0x00007ff954ac0000 - 0x00007ff954ad7000 	C:\WINDOWS\system32\napinsp.dll
0x00007ff9527a0000 - 0x00007ff9527bb000 	C:\WINDOWS\system32\pnrpnsp.dll
0x00007ff952430000 - 0x00007ff952442000 	C:\WINDOWS\System32\winrnr.dll
0x00007ff960fc0000 - 0x00007ff960fdd000 	C:\WINDOWS\system32\NLAapi.dll
0x00007ff960530000 - 0x00007ff960545000 	C:\WINDOWS\system32\wshbth.dll
0x00007ff95d710000 - 0x00007ff95d71a000 	C:\Windows\System32\rasadhlp.dll
0x00007ff95ed50000 - 0x00007ff95edd0000 	C:\WINDOWS\System32\fwpuclnt.dll

dbghelp: loaded successfully - version: 4.0.5 - missing functions: none
symbol engine: initialized successfully - sym options: 0x614 - pdb path: .;C:\Users\ERIN_JAVALead\.jdks\corretto-18.0.2\bin;C:\WINDOWS\SYSTEM32;C:\WINDOWS\WinSxS\amd64_microsoft.windows.common-controls_6595b64144ccf1df_6.0.19041.3636_none_60b6a03d71f818d5;C:\Users\ERIN_JAVALead\.jdks\corretto-18.0.2\bin\server;C:\Program Files\JetBrains\IntelliJ IDEA Community Edition 2021.3.3\bin

VM Arguments:
jvm_args: -javaagent:C:\Program Files\JetBrains\IntelliJ IDEA Community Edition 2021.3.3\lib\idea_rt.jar=53292:C:\Program Files\JetBrains\IntelliJ IDEA Community Edition 2021.3.3\bin -Dfile.encoding=UTF-8 
java_command: com.verise.veganapp.VeriseApplication
java_class_path (initial): C:\Users\ERIN_JAVALead\Downloads\verise\verise\target\classes;C:\Users\ERIN_JAVALead\.m2\repository\org\springframework\boot\spring-boot-starter-web\3.2.4\spring-boot-starter-web-3.2.4.jar;C:\Users\ERIN_JAVALead\.m2\repository\org\springframework\boot\spring-boot-starter\3.2.4\spring-boot-starter-3.2.4.jar;C:\Users\ERIN_JAVALead\.m2\repository\org\springframework\boot\spring-boot-starter-logging\3.2.4\spring-boot-starter-logging-3.2.4.jar;C:\Users\ERIN_JAVALead\.m2\repository\ch\qos\logback\logback-classic\1.4.14\logback-classic-1.4.14.jar;C:\Users\ERIN_JAVALead\.m2\repository\ch\qos\logback\logback-core\1.4.14\logback-core-1.4.14.jar;C:\Users\ERIN_JAVALead\.m2\repository\org\apache\logging\log4j\log4j-to-slf4j\2.21.1\log4j-to-slf4j-2.21.1.jar;C:\Users\ERIN_JAVALead\.m2\repository\org\apache\logging\log4j\log4j-api\2.21.1\log4j-api-2.21.1.jar;C:\Users\ERIN_JAVALead\.m2\repository\org\slf4j\jul-to-slf4j\2.0.12\jul-to-slf4j-2.0.12.jar;C:\Users\ERIN_JAVALead\.m2\repository\jakarta\annotation\jakarta.annotation-api\2.1.1\jakarta.annotation-api-2.1.1.jar;C:\Users\ERIN_JAVALead\.m2\repository\org\yaml\snakeyaml\2.2\snakeyaml-2.2.jar;C:\Users\ERIN_JAVALead\.m2\repository\org\springframework\boot\spring-boot-starter-json\3.2.4\spring-boot-starter-json-3.2.4.jar;C:\Users\ERIN_JAVALead\.m2\repository\com\fasterxml\jackson\core\jackson-databind\2.15.4\jackson-databind-2.15.4.jar;C:\Users\ERIN_JAVALead\.m2\repository\com\fasterxml\jackson\core\jackson-annotations\2.15.4\jackson-annotations-2.15.4.jar;C:\Users\ERIN_JAVALead\.m2\repository\com\fasterxml\jackson\core\jackson-core\2.15.4\jackson-core-2.15.4.jar;C:\Users\ERIN_JAVALead\.m2\repository\com\fasterxml\jackson\datatype\jackson-datatype-jdk8\2.15.4\jackson-datatype-jdk8-2.15.4.jar;C:\Users\ERIN_JAVALead\.m2\repository\com\fasterxml\jackson\datatype\jackson-datatype-jsr310\2.15.4\jackson-datatype-jsr310-2.15.4.jar;C:\Users\ERIN_JAVALead\.m2\repository\com\fasterxml\jackson\module\jackson-module-parameter-names\2.15.4\jackson-module-parameter-names-2.15.4.jar;C:\Users\ERIN_JAVALead\.m2\repository\org\springframework\boot\spring-boot-starter-tomcat\3.2.4\spring-boot-starter-tomcat-3.2.4.jar;C:\Users\ERIN_JAVALead\.m2\repository\org\apache\tomcat\embed\tomcat-embed-core\10.1.19\tomcat-embed-core-10.1.19.jar;C:\Users\ERIN_JAVALead\.m2\repository\org\apache\tomcat\embed\tomcat-embed-el\10.1.19\tomcat-embed-el-10.1.19.jar;C:\Users\ERIN_JAVALead\.m2\repository\org\apache\tomcat\embed\tomcat-embed-websocket\10.1.19\tomcat-embed-websocket-10.1.19.jar;C:\Users\ERIN_JAVALead\.m2\repository\org\springframework\spring-web\6.1.5\spring-web-6.1.5.jar;C:\Users\ERIN_JAVALead\.m2\repository\org\springframework\spring-beans\6.1.5\spring-beans-6.1.5.jar;C:\Users\ERIN_JAVALead\.m2\repository\io\micrometer\micrometer-observation\1.12.4\micrometer-observation-1.12.4.jar;C:\Users\ERIN_JAVALead\.m2\repository\io\micrometer\micrometer-commons\1.12.4\micrometer-commons-1.12.4.jar;C:\Users\ERIN_JAVALead\.m2\repository\org\springframework\spring-webmvc\6.1.5\spring-webmvc-6.1.5.jar;C:\Users\ERIN_JAVALead\.m2\repository\org\springframework\spring-aop\6.1.5\spring-aop-6.1.5.jar;C:\Users\ERIN_JAVALead\.m2\repository\org\springframework\spring-context\6.1.5\spring-context-6.1.5.jar;C:\Users\ERIN_JAVALead\.m2\repository\org\springframework\spring-expression\6.1.5\spring-expression-6.1.5.jar;C:\Users\ERIN_JAVALead\.m2\repository\org\modelmapper\modelmapper-module-record\1.0.0\modelmapper-module-record-1.0.0.jar;C:\Users\ERIN_JAVALead\.m2\repository\org\modelmapper\modelmapper\3.1.1\modelmapper-3.1.1.jar;C:\Users\ERIN_JAVALead\.m2\repository\org\springframework\boot\spring-boot-devtools\3.2.4\spring-boot-devtools-3.2.4.jar;C:\Users\ERIN_JAVALead\.m2\repository\org\springframework\boot\spring-boot\3.2.4\spring-boot-3.2.4.jar;C:\Users\ERIN_JAVALead\.m2\repository\org\springframework\boot\spring-boot-autoconfigure\3.2.4\spring-boot-autoconfigure-3.2.4.jar;C:\Users\ERIN_JAVALead\.m2\repository\org\projectlombok\lombok\1.18.30\lombok-1.18.30.jar;C:\Users\ERIN_JAVALead\.m2\repository\org\slf4j\slf4j-api\2.0.12\slf4j-api-2.0.12.jar;C:\Users\ERIN_JAVALead\.m2\repository\jakarta\xml\bind\jakarta.xml.bind-api\4.0.2\jakarta.xml.bind-api-4.0.2.jar;C:\Users\ERIN_JAVALead\.m2\repository\jakarta\activation\jakarta.activation-api\2.1.3\jakarta.activation-api-2.1.3.jar;C:\Users\ERIN_JAVALead\.m2\repository\net\bytebuddy\byte-buddy\1.14.12\byte-buddy-1.14.12.jar;C:\Users\ERIN_JAVALead\.m2\repository\org\springframework\spring-core\6.1.5\spring-core-6.1.5.jar;C:\Users\ERIN_JAVALead\.m2\repository\org\springframework\spring-jcl\6.1.5\spring-jcl-6.1.5.jar;C:\Users\ERIN_JAVALead\.m2\repository\org\springframework\boot\spring-boot-starter-data-jpa\3.2.4\spring-boot-starter-data-jpa-3.2.4.jar;C:\Users\ERIN_JAVALead\.m2\repository\org\springframework\boot\spring-boot-starter-aop\3.2.4\spring-boot-starter-aop-3.2.4.jar;C:\Users\ERIN_JAVALead\.m2\repository\org\aspectj\aspectjweaver\1.9.21\aspectjweaver-1.9.21.jar;C:\Users\ERIN_JAVALead\.m2\repository\org\springframework\boot\spring-boot-starter-jdbc\3.2.4\spring-boot-starter-jdbc-3.2.4.jar;C:\Users\ERIN_JAVALead\.m2\repository\com\zaxxer\HikariCP\5.0.1\HikariCP-5.0.1.jar;C:\Users\ERIN_JAVALead\.m2\repository\org\springframework\spring-jdbc\6.1.5\spring-jdbc-6.1.5.jar;C:\Users\ERIN_JAVALead\.m2\repository\org\hibernate\orm\hibernate-core\6.4.4.Final\hibernate-core-6.4.4.Final.jar;C:\Users\ERIN_JAVALead\.m2\repository\jakarta\persistence\jakarta.persistence-api\3.1.0\jakarta.persistence-api-3.1.0.jar;C:\Users\ERIN_JAVALead\.m2\repository\jakarta\transaction\jakarta.transaction-api\2.0.1\jakarta.transaction-api-2.0.1.jar;C:\Users\ERIN_JAVALead\.m2\repository\org\jboss\logging\jboss-logging\3.5.3.Final\jboss-logging-3.5.3.Final.jar;C:\Users\ERIN_JAVALead\.m2\repository\org\hibernate\common\hibernate-commons-annotations\6.0.6.Final\hibernate-commons-annotations-6.0.6.Final.jar;C:\Users\ERIN_JAVALead\.m2\repository\io\smallrye\jandex\3.1.2\jandex-3.1.2.jar;C:\Users\ERIN_JAVALead\.m2\repository\com\fasterxml\classmate\1.6.0\classmate-1.6.0.jar;C:\Users\ERIN_JAVALead\.m2\repository\org\glassfish\jaxb\jaxb-runtime\4.0.5\jaxb-runtime-4.0.5.jar;C:\Users\ERIN_JAVALead\.m2\repository\org\glassfish\jaxb\jaxb-core\4.0.5\jaxb-core-4.0.5.jar;C:\Users\ERIN_JAVALead\.m2\repository\org\eclipse\angus\angus-activation\2.0.2\angus-activation-2.0.2.jar;C:\Users\ERIN_JAVALead\.m2\repository\org\glassfish\jaxb\txw2\4.0.5\txw2-4.0.5.jar;C:\Users\ERIN_JAVALead\.m2\repository\com\sun\istack\istack-commons-runtime\4.1.2\istack-commons-runtime-4.1.2.jar;C:\Users\ERIN_JAVALead\.m2\repository\jakarta\inject\jakarta.inject-api\2.0.1\jakarta.inject-api-2.0.1.jar;C:\Users\ERIN_JAVALead\.m2\repository\org\antlr\antlr4-runtime\4.13.0\antlr4-runtime-4.13.0.jar;C:\Users\ERIN_JAVALead\.m2\repository\org\springframework\data\spring-data-jpa\3.2.4\spring-data-jpa-3.2.4.jar;C:\Users\ERIN_JAVALead\.m2\repository\org\springframework\data\spring-data-commons\3.2.4\spring-data-commons-3.2.4.jar;C:\Users\ERIN_JAVALead\.m2\repository\org\springframework\spring-orm\6.1.5\spring-orm-6.1.5.jar;C:\Users\ERIN_JAVALead\.m2\repository\org\springframework\spring-tx\6.1.5\spring-tx-6.1.5.jar;C:\Users\ERIN_JAVALead\.m2\repository\org\springframework\spring-aspects\6.1.5\spring-aspects-6.1.5.jar;C:\Users\ERIN_JAVALead\.m2\repository\com\microsoft\sqlserver\mssql-jdbc\12.4.2.jre11\mssql-jdbc-12.4.2.jre11.jar
Launcher Type: SUN_STANDARD

[Global flags]
     intx CICompilerCount                          = 3                                         {product} {ergonomic}
     uint ConcGCThreads                            = 1                                         {product} {ergonomic}
     uint G1ConcRefinementThreads                  = 4                                         {product} {ergonomic}
   size_t G1HeapRegionSize                         = 1048576                                   {product} {ergonomic}
    uintx GCDrainStackTargetSize                   = 64                                        {product} {ergonomic}
   size_t InitialHeapSize                          = 67108864                                  {product} {ergonomic}
   size_t MarkStackSize                            = 4194304                                   {product} {ergonomic}
   size_t MaxHeapSize                              = 1052770304                                {product} {ergonomic}
   size_t MaxNewSize                               = 631242752                                 {product} {ergonomic}
   size_t MinHeapDeltaBytes                        = 1048576                                   {product} {ergonomic}
   size_t MinHeapSize                              = 8388608                                   {product} {ergonomic}
    uintx NonNMethodCodeHeapSize                   = 5832780                                {pd product} {ergonomic}
    uintx NonProfiledCodeHeapSize                  = 122912730                              {pd product} {ergonomic}
    uintx ProfiledCodeHeapSize                     = 122912730                              {pd product} {ergonomic}
    uintx ReservedCodeCacheSize                    = 251658240                              {pd product} {ergonomic}
     bool SegmentedCodeCache                       = true                                      {product} {ergonomic}
   size_t SoftMaxHeapSize                          = 1052770304                             {manageable} {ergonomic}
     bool UseCompressedClassPointers               = true                           {product lp64_product} {ergonomic}
     bool UseCompressedOops                        = true                           {product lp64_product} {ergonomic}
     bool UseG1GC                                  = true                                      {product} {ergonomic}
     bool UseLargePagesIndividualAllocation        = false                                  {pd product} {ergonomic}

Logging:
Log output configuration:
 #0: stdout all=warning uptime,level,tags foldmultilines=false
 #1: stderr all=off uptime,level,tags foldmultilines=false

Environment Variables:
JAVA_HOME=C:\Program Files\Java\jdk1.8.0_202
PATH=C:\Program Files (x86)\Common Files\Oracle\Java\javapath;C:\WINDOWS\system32;C:\WINDOWS;C:\WINDOWS\System32\Wbem;C:\WINDOWS\System32\WindowsPowerShell\v1.0\;C:\WINDOWS\System32\OpenSSH\;C:\Program Files (x86)\nodejs\;C:\Program Files (x86)\nodejs\npm;C:\Users\ERIN_JAVALead\AppData\Roaming\npm;C:\Program Files\Git\cmd;C:\Program Files (x86)\dotnet\;C:\Program Files (x86)\Microsoft SQL Server\160\DTS\Binn\;C:\Program Files\Azure Data Studio\bin;C:\Program Files (x86)\Microsoft SQL Server\160\Tools\Binn\;C:\Program Files\Microsoft SQL Server\160\Tools\Binn\;C:\Program Files\Microsoft SQL Server\Client SDK\ODBC\170\Tools\Binn\;C:\Program Files\Microsoft SQL Server\160\DTS\Binn\;C:\Program Files\Java\jdk1.8.0_202\bin;C:\Program Files\Java\jdk1.8.0_202\jre\bin;C:\kafkasrc\bin\windows;C:\Program Files\Docker\Docker\resources\bin;C:\Program Files\Docker\Docker;C:\Users\ERIN_JAVALead\AppData\Local\Microsoft\WindowsApps;;C:\Users\ERIN_JAVALead\AppData\Local\Programs\Microsoft VS Code\bin;C:\Users\ERIN_JAVALead\AppData\Roaming\npm;C:\Program Files\Azure Data Studio\bin
USERNAME=ERIN_JAVALead
OS=Windows_NT
PROCESSOR_IDENTIFIER=Intel64 Family 6 Model 78 Stepping 3, GenuineIntel



---------------  S Y S T E M  ---------------

OS:
 Windows 10 , 64 bit Build 19041 (10.0.19041.3636)
OS uptime: 0 days 4:50 hours
Hyper-V role detected

CPU: total 4 (initial active 4) (2 cores per cpu, 2 threads per core) family 6 model 78 stepping 3 microcode 0xcc, cx8, cmov, fxsr, ht, mmx, 3dnowpref, sse, sse2, sse3, ssse3, sse4.1, sse4.2, popcnt, lzcnt, tsc, tscinvbit, avx, avx2, aes, erms, clmul, bmi1, bmi2, adx, fma, vzeroupper, clflush, clflushopt, hv

Memory: 4k page, system-wide physical 4012M (402M free)
TotalPageFile size 6060M (AvailPageFile size 6M)
current process WorkingSet (physical memory assigned to process): 245M, peak: 245M
current process commit charge ("private bytes"): 276M, peak: 276M

vm_info: OpenJDK 64-Bit Server VM (18.0.2+9-FR) for windows-amd64 JRE (18.0.2+9-FR), built on Jul 15 2022 20:03:03 by "Administrator" with MS VC++ 15.9 (VS2017)

END.
