#
# There is insufficient memory for the Java Runtime Environment to continue.
# Native memory allocation (malloc) failed to allocate 2261296 bytes for Chunk::new
# Possible reasons:
#   The system is out of physical RAM or swap space
#   The process is running with CompressedOops enabled, and the Java Heap may be blocking the growth of the native heap
# Possible solutions:
#   Reduce memory load on the system
#   Increase physical memory or swap space
#   Check if swap backing store is full
#   Decrease Java heap size (-Xmx/-Xms)
#   Decrease number of Java threads
#   Decrease Java thread stack sizes (-Xss)
#   Set larger code cache with -XX:ReservedCodeCacheSize=
#   JVM is running with Unscaled Compressed Oops mode in which the Java heap is
#     placed in the first 4GB address space. The Java Heap base address is the
#     maximum limit for the native heap growth. Please use -XX:HeapBaseMinAddress
#     to set the Java Heap base and to place the Java Heap above 4GB virtual address.
# This output file may be truncated or incomplete.
#
#  Out of Memory Error (arena.cpp:184), pid=11736, tid=12556
#
# JRE version: OpenJDK Runtime Environment Corretto-18.0.2.9.1 (18.0.2+9) (build 18.0.2+9-FR)
# Java VM: OpenJDK 64-Bit Server VM Corretto-18.0.2.9.1 (18.0.2+9-FR, mixed mode, sharing, tiered, compressed oops, compressed class ptrs, g1 gc, windows-amd64)
# No core dump will be written. Minidumps are not enabled by default on client versions of Windows
#

---------------  S U M M A R Y ------------

Command Line: -agentlib:jdwp=transport=dt_socket,address=127.0.0.1:50611,suspend=y,server=n -javaagent:C:\Users\ERIN_JAVALead\AppData\Local\JetBrains\IdeaIC2021.3\captureAgent\debugger-agent.jar -Dfile.encoding=UTF-8 com.verise.veganapp.VeriseApplication

Host: Intel(R) Core(TM) i3-6006U CPU @ 2.00GHz, 4 cores, 3G,  Windows 10 , 64 bit Build 19041 (10.0.19041.3636)
Time: Thu Apr 11 00:21:18 2024 W. Europe Daylight Time elapsed time: 25.218588 seconds (0d 0h 0m 25s)

---------------  T H R E A D  ---------------

Current thread (0x00000294787f7b80):  JavaThread "C2 CompilerThread0" daemon [_thread_in_native, id=12556, stack(0x0000009f45700000,0x0000009f45800000)]


Current CompileTask:
C2:  25218 6294   !   4       org.springframework.util.ReflectionUtils::doWithMethods (186 bytes)

Stack: [0x0000009f45700000,0x0000009f45800000]
Native frames: (J=compiled Java code, j=interpreted, Vv=VM code, C=native code)
V  [jvm.dll+0x685a2a]
V  [jvm.dll+0x82ae8d]
V  [jvm.dll+0x82c75e]
V  [jvm.dll+0x82ce03]
V  [jvm.dll+0x25ef4b]
V  [jvm.dll+0xd42d2]
V  [jvm.dll+0xd4665]
V  [jvm.dll+0x385751]
V  [jvm.dll+0x34d82a]
V  [jvm.dll+0x34cc1a]
V  [jvm.dll+0x233a65]
V  [jvm.dll+0x232f37]
V  [jvm.dll+0x1c0a35]
V  [jvm.dll+0x24212c]
V  [jvm.dll+0x240534]
V  [jvm.dll+0x7df6db]
V  [jvm.dll+0x7d9cba]
V  [jvm.dll+0x6848a5]
C  [ucrtbase.dll+0x21bb2]
C  [KERNEL32.DLL+0x17344]
C  [ntdll.dll+0x526b1]


---------------  P R O C E S S  ---------------

Threads class SMR info:
_java_thread_list=0x000002941e7cf1c0, length=34, elements={
0x00000294787dda00, 0x00000294787de570, 0x00000294787f5590, 0x00000294787f5e40,
0x00000294787f66f0, 0x00000294787f6fa0, 0x00000294787f7b80, 0x00000294787f8470,
0x000002947d21c690, 0x000002947d23d380, 0x000002941acad0a0, 0x000002941ad1c3c0,
0x000002941ad1c8a0, 0x000002941ad55a40, 0x000002941ba500c0, 0x000002941d7f03a0,
0x000002941d7f1210, 0x000002941d7f0d40, 0x000002941d7ef530, 0x000002941d7f2080,
0x000002941d7f2550, 0x000002941d7efed0, 0x000002941d7ef060, 0x000002941ba4f720,
0x000002941ba4e8b0, 0x000002941e8f8140, 0x000002941e8fb630, 0x000002941e8fa7c0,
0x000002941e8f8fb0, 0x000002941e8f9480, 0x000002941e8fe650, 0x000002941e8fe180,
0x000002941e8feb20, 0x000002941e8f8610
}

Java Threads: ( => current thread )
  0x00000294787dda00 JavaThread "Reference Handler" daemon [_thread_blocked, id=7060, stack(0x0000009f45100000,0x0000009f45200000)]
  0x00000294787de570 JavaThread "Finalizer" daemon [_thread_blocked, id=7380, stack(0x0000009f45200000,0x0000009f45300000)]
  0x00000294787f5590 JavaThread "Signal Dispatcher" daemon [_thread_blocked, id=11104, stack(0x0000009f45300000,0x0000009f45400000)]
  0x00000294787f5e40 JavaThread "Attach Listener" daemon [_thread_blocked, id=10644, stack(0x0000009f45400000,0x0000009f45500000)]
  0x00000294787f66f0 JavaThread "Service Thread" daemon [_thread_blocked, id=11592, stack(0x0000009f45500000,0x0000009f45600000)]
  0x00000294787f6fa0 JavaThread "Monitor Deflation Thread" daemon [_thread_blocked, id=6020, stack(0x0000009f45600000,0x0000009f45700000)]
=>0x00000294787f7b80 JavaThread "C2 CompilerThread0" daemon [_thread_in_native, id=12556, stack(0x0000009f45700000,0x0000009f45800000)]
  0x00000294787f8470 JavaThread "C1 CompilerThread0" daemon [_thread_blocked, id=3036, stack(0x0000009f45800000,0x0000009f45900000)]
  0x000002947d21c690 JavaThread "Sweeper thread" daemon [_thread_blocked, id=9716, stack(0x0000009f45900000,0x0000009f45a00000)]
  0x000002947d23d380 JavaThread "Common-Cleaner" daemon [_thread_blocked, id=60, stack(0x0000009f45a00000,0x0000009f45b00000)]
  0x000002941acad0a0 JavaThread "JDWP Transport Listener: dt_socket" daemon [_thread_blocked, id=10548, stack(0x0000009f45b00000,0x0000009f45c00000)]
  0x000002941ad1c3c0 JavaThread "JDWP Event Helper Thread" daemon [_thread_blocked, id=9388, stack(0x0000009f45c00000,0x0000009f45d00000)]
  0x000002941ad1c8a0 JavaThread "JDWP Command Reader" daemon [_thread_in_native, id=6452, stack(0x0000009f45d00000,0x0000009f45e00000)]
  0x000002941ad55a40 JavaThread "Notification Thread" daemon [_thread_blocked, id=10724, stack(0x0000009f45e00000,0x0000009f45f00000)]
  0x000002941ba500c0 JavaThread "Catalina-utility-1" [_thread_blocked, id=9940, stack(0x0000009f46500000,0x0000009f46600000)]
  0x000002941d7f03a0 JavaThread "Catalina-utility-2" [_thread_blocked, id=12468, stack(0x0000009f46600000,0x0000009f46700000)]
  0x000002941d7f1210 JavaThread "container-0" [_thread_blocked, id=8428, stack(0x0000009f46700000,0x0000009f46800000)]
  0x000002941d7f0d40 JavaThread "mssql-jdbc-shared-timer-core-0" daemon [_thread_blocked, id=4412, stack(0x0000009f46900000,0x0000009f46a00000)]
  0x000002941d7ef530 JavaThread "HikariPool-1 housekeeper" daemon [_thread_blocked, id=8884, stack(0x0000009f46a00000,0x0000009f46b00000)]
  0x000002941d7f2080 JavaThread "File Watcher" daemon [_thread_blocked, id=5264, stack(0x0000009f46b00000,0x0000009f46c00000)]
  0x000002941d7f2550 JavaThread "Live Reload Server" daemon [_thread_in_native, id=10832, stack(0x0000009f46d00000,0x0000009f46e00000)]
  0x000002941d7efed0 JavaThread "http-nio-8082-exec-1" daemon [_thread_blocked, id=9932, stack(0x0000009f46c00000,0x0000009f46d00000)]
  0x000002941d7ef060 JavaThread "http-nio-8082-exec-2" daemon [_thread_blocked, id=9580, stack(0x0000009f46e00000,0x0000009f46f00000)]
  0x000002941ba4f720 JavaThread "http-nio-8082-exec-3" daemon [_thread_blocked, id=4636, stack(0x0000009f46f00000,0x0000009f47000000)]
  0x000002941ba4e8b0 JavaThread "http-nio-8082-exec-4" daemon [_thread_blocked, id=9660, stack(0x0000009f47000000,0x0000009f47100000)]
  0x000002941e8f8140 JavaThread "http-nio-8082-exec-5" daemon [_thread_blocked, id=11668, stack(0x0000009f47100000,0x0000009f47200000)]
  0x000002941e8fb630 JavaThread "http-nio-8082-exec-6" daemon [_thread_blocked, id=5808, stack(0x0000009f47200000,0x0000009f47300000)]
  0x000002941e8fa7c0 JavaThread "http-nio-8082-exec-7" daemon [_thread_blocked, id=12148, stack(0x0000009f47300000,0x0000009f47400000)]
  0x000002941e8f8fb0 JavaThread "http-nio-8082-exec-8" daemon [_thread_blocked, id=1384, stack(0x0000009f47400000,0x0000009f47500000)]
  0x000002941e8f9480 JavaThread "http-nio-8082-exec-9" daemon [_thread_blocked, id=7720, stack(0x0000009f47500000,0x0000009f47600000)]
  0x000002941e8fe650 JavaThread "http-nio-8082-exec-10" daemon [_thread_blocked, id=10692, stack(0x0000009f47600000,0x0000009f47700000)]
  0x000002941e8fe180 JavaThread "http-nio-8082-Poller" daemon [_thread_in_native, id=13184, stack(0x0000009f47700000,0x0000009f47800000)]
  0x000002941e8feb20 JavaThread "http-nio-8082-Acceptor" daemon [_thread_in_native, id=784, stack(0x0000009f47800000,0x0000009f47900000)]
  0x000002941e8f8610 JavaThread "DestroyJavaVM" [_thread_blocked, id=3212, stack(0x0000009f44a00000,0x0000009f44b00000)]

Other Threads:
  0x00000294787d9f50 VMThread "VM Thread" [stack: 0x0000009f45000000,0x0000009f45100000] [id=3252]
  0x000002941adbab50 WatcherThread "VM Periodic Task Thread" [stack: 0x0000009f45f00000,0x0000009f46000000] [id=10424]
  0x000002947877f2c0 WorkerThread "GC Thread#0" [stack: 0x0000009f44b00000,0x0000009f44c00000] [id=7172]
  0x000002941b1e5650 WorkerThread "GC Thread#1" [stack: 0x0000009f46000000,0x0000009f46100000] [id=12968]
  0x000002941b24bbf0 WorkerThread "GC Thread#2" [stack: 0x0000009f46100000,0x0000009f46200000] [id=7064]
  0x000002941b24be90 WorkerThread "GC Thread#3" [stack: 0x0000009f46200000,0x0000009f46300000] [id=12780]
  0x0000029478789eb0 ConcurrentGCThread "G1 Main Marker" [stack: 0x0000009f44c00000,0x0000009f44d00000] [id=9000]
  0x000002947878b7c0 WorkerThread "G1 Conc#0" [stack: 0x0000009f44d00000,0x0000009f44e00000] [id=12788]
  0x00000294787b2dc0 ConcurrentGCThread "G1 Refine#0" [stack: 0x0000009f44e00000,0x0000009f44f00000] [id=1572]
  0x00000294787b35e0 ConcurrentGCThread "G1 Service" [stack: 0x0000009f44f00000,0x0000009f45000000] [id=10880]

Threads with active compile tasks:
C2 CompilerThread0    25297 6294   !   4       org.springframework.util.ReflectionUtils::doWithMethods (186 bytes)

VM state: not at safepoint (normal execution)

VM Mutex/Monitor currently owned by a thread: None

Heap address: 0x00000000c1400000, size: 1004 MB, Compressed Oops mode: 32-bit

CDS archive(s) mapped at: [0x0000000800000000-0x0000000800ba0000-0x0000000800ba0000), size 12189696, SharedBaseAddress: 0x0000000800000000, ArchiveRelocationMode: 0.
Compressed class space mapped at: 0x0000000800c00000-0x0000000840c00000, reserved size: 1073741824
Narrow klass base: 0x0000000800000000, Narrow klass shift: 0, Narrow klass range: 0x100000000

GC Precious Log:
 CardTable entry size: 512
 Card Set container configuration: InlinePtr #cards 5 size 8 Array Of Cards #cards 12 size 40 Howl #buckets 4 coarsen threshold 1843 Howl Bitmap #cards 512 size 80 coarsen threshold 460 Card regions per heap region 1 cards per card region 2048
 CPUs: 4 total, 4 available
 Memory: 4012M
 Large Page Support: Disabled
 NUMA Support: Disabled
 Compressed Oops: Enabled (32-bit)
 Heap Region Size: 1M
 Heap Min Capacity: 8M
 Heap Initial Capacity: 64M
 Heap Max Capacity: 1004M
 Pre-touch: Disabled
 Parallel Workers: 4
 Concurrent Workers: 1
 Concurrent Refinement Workers: 4
 Periodic GC: Disabled

Heap:
 garbage-first heap   total 58368K, used 34342K [0x00000000c1400000, 0x0000000100000000)
  region size 1024K, 7 young (7168K), 3 survivors (3072K)
 Metaspace       used 68581K, committed 69184K, reserved 1114112K
  class space    used 9181K, committed 9472K, reserved 1048576K

Heap Regions: E=young(eden), S=young(survivor), O=old, HS=humongous(starts), HC=humongous(continues), CS=collection set, F=free, OA=open archive, CA=closed archive, TAMS=top-at-mark-start (previous, next)
|   0|0x00000000c1400000, 0x00000000c1500000, 0x00000000c1500000|100%|HS|  |TAMS 0x00000000c1500000, 0x00000000c1400000| Complete 
|   1|0x00000000c1500000, 0x00000000c1600000, 0x00000000c1600000|100%| O|  |TAMS 0x00000000c1600000, 0x00000000c1500000| Untracked 
|   2|0x00000000c1600000, 0x00000000c1700000, 0x00000000c1700000|100%| O|  |TAMS 0x00000000c1700000, 0x00000000c1600000| Untracked 
|   3|0x00000000c1700000, 0x00000000c1800000, 0x00000000c1800000|100%| O|  |TAMS 0x00000000c1800000, 0x00000000c1700000| Untracked 
|   4|0x00000000c1800000, 0x00000000c1900000, 0x00000000c1900000|100%| O|  |TAMS 0x00000000c1900000, 0x00000000c1800000| Untracked 
|   5|0x00000000c1900000, 0x00000000c1a00000, 0x00000000c1a00000|100%| O|  |TAMS 0x00000000c1a00000, 0x00000000c1900000| Untracked 
|   6|0x00000000c1a00000, 0x00000000c1b00000, 0x00000000c1b00000|100%| O|  |TAMS 0x00000000c1b00000, 0x00000000c1a00000| Untracked 
|   7|0x00000000c1b00000, 0x00000000c1c00000, 0x00000000c1c00000|100%| O|  |TAMS 0x00000000c1c00000, 0x00000000c1b00000| Untracked 
|   8|0x00000000c1c00000, 0x00000000c1d00000, 0x00000000c1d00000|100%| O|  |TAMS 0x00000000c1d00000, 0x00000000c1c00000| Untracked 
|   9|0x00000000c1d00000, 0x00000000c1e00000, 0x00000000c1e00000|100%| O|  |TAMS 0x00000000c1e00000, 0x00000000c1d00000| Untracked 
|  10|0x00000000c1e00000, 0x00000000c1e70a00, 0x00000000c1f00000| 43%| O|  |TAMS 0x00000000c1e70a00, 0x00000000c1e00000| Untracked 
|  11|0x00000000c1f00000, 0x00000000c2000000, 0x00000000c2000000|100%| O|  |TAMS 0x00000000c2000000, 0x00000000c1f00000| Untracked 
|  12|0x00000000c2000000, 0x00000000c2100000, 0x00000000c2100000|100%| O|  |TAMS 0x00000000c2100000, 0x00000000c2000000| Untracked 
|  13|0x00000000c2100000, 0x00000000c2200000, 0x00000000c2200000|100%| O|  |TAMS 0x00000000c2200000, 0x00000000c2100000| Untracked 
|  14|0x00000000c2200000, 0x00000000c2300000, 0x00000000c2300000|100%| O|  |TAMS 0x00000000c2300000, 0x00000000c2200000| Untracked 
|  15|0x00000000c2300000, 0x00000000c2400000, 0x00000000c2400000|100%| O|  |TAMS 0x00000000c2400000, 0x00000000c2300000| Untracked 
|  16|0x00000000c2400000, 0x00000000c2500000, 0x00000000c2500000|100%| O|  |TAMS 0x00000000c2500000, 0x00000000c2400000| Untracked 
|  17|0x00000000c2500000, 0x00000000c2600000, 0x00000000c2600000|100%| O|  |TAMS 0x00000000c2600000, 0x00000000c2500000| Untracked 
|  18|0x00000000c2600000, 0x00000000c2700000, 0x00000000c2700000|100%| O|  |TAMS 0x00000000c2700000, 0x00000000c2600000| Untracked 
|  19|0x00000000c2700000, 0x00000000c2800000, 0x00000000c2800000|100%| O|  |TAMS 0x00000000c2800000, 0x00000000c2700000| Untracked 
|  20|0x00000000c2800000, 0x00000000c2900000, 0x00000000c2900000|100%| O|  |TAMS 0x00000000c2900000, 0x00000000c2800000| Untracked 
|  21|0x00000000c2900000, 0x00000000c2a00000, 0x00000000c2a00000|100%| O|  |TAMS 0x00000000c2a00000, 0x00000000c2900000| Untracked 
|  22|0x00000000c2a00000, 0x00000000c2b00000, 0x00000000c2b00000|100%| O|  |TAMS 0x00000000c2b00000, 0x00000000c2a00000| Untracked 
|  23|0x00000000c2b00000, 0x00000000c2c00000, 0x00000000c2c00000|100%| O|  |TAMS 0x00000000c2c00000, 0x00000000c2b00000| Untracked 
|  24|0x00000000c2c00000, 0x00000000c2d00000, 0x00000000c2d00000|100%| O|  |TAMS 0x00000000c2d00000, 0x00000000c2c00000| Untracked 
|  25|0x00000000c2d00000, 0x00000000c2e00000, 0x00000000c2e00000|100%| O|  |TAMS 0x00000000c2e00000, 0x00000000c2d00000| Untracked 
|  26|0x00000000c2e00000, 0x00000000c2f00000, 0x00000000c2f00000|100%| O|  |TAMS 0x00000000c2f00000, 0x00000000c2e00000| Untracked 
|  27|0x00000000c2f00000, 0x00000000c3000000, 0x00000000c3000000|100%| O|  |TAMS 0x00000000c2f87e00, 0x00000000c2f00000| Untracked 
|  28|0x00000000c3000000, 0x00000000c3022000, 0x00000000c3100000| 13%| O|  |TAMS 0x00000000c3000000, 0x00000000c3000000| Untracked 
|  29|0x00000000c3100000, 0x00000000c3100000, 0x00000000c3200000|  0%| F|  |TAMS 0x00000000c3100000, 0x00000000c3100000| Untracked 
|  30|0x00000000c3200000, 0x00000000c3200000, 0x00000000c3300000|  0%| F|  |TAMS 0x00000000c3200000, 0x00000000c3200000| Untracked 
|  31|0x00000000c3300000, 0x00000000c3300000, 0x00000000c3400000|  0%| F|  |TAMS 0x00000000c3300000, 0x00000000c3300000| Untracked 
|  32|0x00000000c3400000, 0x00000000c3400000, 0x00000000c3500000|  0%| F|  |TAMS 0x00000000c3400000, 0x00000000c3400000| Untracked 
|  33|0x00000000c3500000, 0x00000000c3500000, 0x00000000c3600000|  0%| F|  |TAMS 0x00000000c3500000, 0x00000000c3500000| Untracked 
|  34|0x00000000c3600000, 0x00000000c3600000, 0x00000000c3700000|  0%| F|  |TAMS 0x00000000c3600000, 0x00000000c3600000| Untracked 
|  35|0x00000000c3700000, 0x00000000c3700000, 0x00000000c3800000|  0%| F|  |TAMS 0x00000000c3700000, 0x00000000c3700000| Untracked 
|  36|0x00000000c3800000, 0x00000000c3800000, 0x00000000c3900000|  0%| F|  |TAMS 0x00000000c3800000, 0x00000000c3800000| Untracked 
|  37|0x00000000c3900000, 0x00000000c3900000, 0x00000000c3a00000|  0%| F|  |TAMS 0x00000000c3900000, 0x00000000c3900000| Untracked 
|  38|0x00000000c3a00000, 0x00000000c3a00000, 0x00000000c3b00000|  0%| F|  |TAMS 0x00000000c3a00000, 0x00000000c3a00000| Untracked 
|  39|0x00000000c3b00000, 0x00000000c3bf6f00, 0x00000000c3c00000| 96%| S|CS|TAMS 0x00000000c3b00000, 0x00000000c3b00000| Complete 
|  40|0x00000000c3c00000, 0x00000000c3d00000, 0x00000000c3d00000|100%| S|CS|TAMS 0x00000000c3c00000, 0x00000000c3c00000| Complete 
|  41|0x00000000c3d00000, 0x00000000c3e00000, 0x00000000c3e00000|100%| S|CS|TAMS 0x00000000c3d00000, 0x00000000c3d00000| Complete 
|  42|0x00000000c3e00000, 0x00000000c3e00000, 0x00000000c3f00000|  0%| F|  |TAMS 0x00000000c3e00000, 0x00000000c3e00000| Untracked 
|  43|0x00000000c3f00000, 0x00000000c3f00000, 0x00000000c4000000|  0%| F|  |TAMS 0x00000000c3f00000, 0x00000000c3f00000| Untracked 
|  44|0x00000000c4000000, 0x00000000c4000000, 0x00000000c4100000|  0%| F|  |TAMS 0x00000000c4000000, 0x00000000c4000000| Untracked 
|  45|0x00000000c4100000, 0x00000000c4100000, 0x00000000c4200000|  0%| F|  |TAMS 0x00000000c4100000, 0x00000000c4100000| Untracked 
|  46|0x00000000c4200000, 0x00000000c4200000, 0x00000000c4300000|  0%| F|  |TAMS 0x00000000c4200000, 0x00000000c4200000| Untracked 
|  47|0x00000000c4300000, 0x00000000c4300000, 0x00000000c4400000|  0%| F|  |TAMS 0x00000000c4300000, 0x00000000c4300000| Untracked 
|  48|0x00000000c4400000, 0x00000000c4400000, 0x00000000c4500000|  0%| F|  |TAMS 0x00000000c4400000, 0x00000000c4400000| Untracked 
|  49|0x00000000c4500000, 0x00000000c4500000, 0x00000000c4600000|  0%| F|  |TAMS 0x00000000c4500000, 0x00000000c4500000| Untracked 
|  50|0x00000000c4600000, 0x00000000c4600000, 0x00000000c4700000|  0%| F|  |TAMS 0x00000000c4600000, 0x00000000c4600000| Untracked 
|  51|0x00000000c4700000, 0x00000000c4700000, 0x00000000c4800000|  0%| F|  |TAMS 0x00000000c4700000, 0x00000000c4700000| Untracked 
|  52|0x00000000c4800000, 0x00000000c4800000, 0x00000000c4900000|  0%| F|  |TAMS 0x00000000c4800000, 0x00000000c4800000| Untracked 
|  58|0x00000000c4e00000, 0x00000000c4ee4920, 0x00000000c4f00000| 89%| E|  |TAMS 0x00000000c4e00000, 0x00000000c4e00000| Complete 
|  59|0x00000000c4f00000, 0x00000000c5000000, 0x00000000c5000000|100%| E|CS|TAMS 0x00000000c4f00000, 0x00000000c4f00000| Complete 
|  60|0x00000000c5000000, 0x00000000c5100000, 0x00000000c5100000|100%| E|CS|TAMS 0x00000000c5000000, 0x00000000c5000000| Complete 
|  63|0x00000000c5300000, 0x00000000c5400000, 0x00000000c5400000|100%| E|CS|TAMS 0x00000000c5300000, 0x00000000c5300000| Complete 

Card table byte_map: [0x0000029478a00000,0x0000029478c00000] _byte_map_base: 0x00000294783f6000

Marking Bits (Prev, Next): (CMBitMap*) 0x00000294787817f0, (CMBitMap*) 0x0000029478781830
 Prev Bits: [0x0000029478e00000, 0x0000029479db0000)
 Next Bits: [0x0000029479db0000, 0x000002947ad60000)

Polling page: 0x0000029477f00000

Metaspace:

Usage:
  Non-class:     58.01 MB used.
      Class:      8.97 MB used.
       Both:     66.97 MB used.

Virtual space:
  Non-class space:       64.00 MB reserved,      58.31 MB ( 91%) committed,  1 nodes.
      Class space:        1.00 GB reserved,       9.25 MB ( <1%) committed,  1 nodes.
             Both:        1.06 GB reserved,      67.56 MB (  6%) committed. 

Chunk freelists:
   Non-Class:  1.70 MB
       Class:  2.77 MB
        Both:  4.47 MB

MaxMetaspaceSize: unlimited
CompressedClassSpaceSize: 1.00 GB
Initial GC threshold: 21.00 MB
Current GC threshold: 109.94 MB
CDS: on
MetaspaceReclaimPolicy: balanced
 - commit_granule_bytes: 65536.
 - commit_granule_words: 8192.
 - virtual_space_node_default_size: 8388608.
 - enlarge_chunks_in_place: 1.
 - new_chunks_are_fully_committed: 0.
 - uncommit_free_chunks: 1.
 - use_allocation_guard: 0.


Internal statistics:

num_allocs_failed_limit: 6.
num_arena_births: 926.
num_arena_deaths: 0.
num_vsnodes_births: 2.
num_vsnodes_deaths: 0.
num_space_committed: 1081.
num_space_uncommitted: 0.
num_chunks_returned_to_freelist: 6.
num_chunks_taken_from_freelist: 3252.
num_chunk_merges: 6.
num_chunk_splits: 2366.
num_chunks_enlarged: 1907.
num_inconsistent_stats: 0.

CodeHeap 'non-profiled nmethods': size=120000Kb used=2598Kb max_used=2854Kb free=117402Kb
 bounds [0x000002940f5d0000, 0x000002940f8b0000, 0x0000029416b00000]
CodeHeap 'profiled nmethods': size=120000Kb used=10429Kb max_used=11892Kb free=109571Kb
 bounds [0x00000294080a0000, 0x0000029408c40000, 0x000002940f5d0000]
CodeHeap 'non-nmethods': size=5760Kb used=1444Kb max_used=1532Kb free=4315Kb
 bounds [0x0000029407b00000, 0x0000029407d70000, 0x00000294080a0000]
 total_blobs=6119 nmethods=5415 adapters=616
 compilation: enabled
              stopped_count=0, restarted_count=0
 full_count=0

Compilation events (20 events):
Event: 25.024 Thread 0x00000294787f8470 6347       2       org.springframework.boot.autoconfigure.condition.ConditionEvaluationReport$$Lambda$1396/0x0000000801538658::accept (20 bytes)
Event: 25.024 Thread 0x00000294787f8470 nmethod 6347 0x0000029408259d10 code [0x0000029408259ec0, 0x000002940825a088]
Event: 25.024 Thread 0x00000294787f8470 6348       2       org.springframework.boot.autoconfigure.condition.ConditionEvaluationReport::lambda$addNoMatchOutcomeToAncestors$2 (41 bytes)
Event: 25.025 Thread 0x00000294787f8470 nmethod 6348 0x0000029408259310 code [0x0000029408259520, 0x00000294082599f8]
Event: 25.033 Thread 0x00000294787f8470 6349       1       org.springframework.boot.autoconfigure.condition.ConditionEvaluationReport$ConditionAndOutcome::getOutcome (5 bytes)
Event: 25.034 Thread 0x00000294787f8470 nmethod 6349 0x000002940f7e3990 code [0x000002940f7e3b20, 0x000002940f7e3bf8]
Event: 25.035 Thread 0x00000294787f8470 6350       2       java.util.TreeMap::forEach (58 bytes)
Event: 25.036 Thread 0x00000294787f8470 nmethod 6350 0x0000029408258910 code [0x0000029408258b00, 0x0000029408258ef8]
Event: 25.036 Thread 0x00000294787f8470 6351 %     3       java.util.TreeMap::forEach @ 15 (58 bytes)
Event: 25.038 Thread 0x00000294787f8470 nmethod 6351% 0x00000294086a8b90 code [0x00000294086a8dc0, 0x00000294086a9538]
Event: 25.038 Thread 0x00000294787f8470 6353       2       org.springframework.boot.autoconfigure.condition.ConditionEvaluationReport$$Lambda$1395/0x0000000801538438::accept (16 bytes)
Event: 25.040 Thread 0x00000294787f8470 nmethod 6353 0x0000029408158710 code [0x0000029408158980, 0x0000029408159028]
Event: 25.040 Thread 0x00000294787f8470 6354       2       org.springframework.boot.autoconfigure.condition.ConditionEvaluationReport::lambda$getConditionAndOutcomesBySource$1 (13 bytes)
Event: 25.042 Thread 0x00000294787f8470 nmethod 6354 0x00000294080c7e10 code [0x00000294080c8060, 0x00000294080c8668]
Event: 25.046 Thread 0x00000294787f8470 6355       2       jdk.internal.math.FDBigInteger::mult (64 bytes)
Event: 25.046 Thread 0x00000294787f8470 nmethod 6355 0x0000029408158110 code [0x00000294081582c0, 0x00000294081584f8]
Event: 25.046 Thread 0x00000294787f8470 6356       2       jdk.internal.math.FDBigInteger::<init> (30 bytes)
Event: 25.047 Thread 0x00000294787f8470 nmethod 6356 0x0000029408157c90 code [0x0000029408157e40, 0x0000029408157fe8]
Event: 25.047 Thread 0x00000294787f8470 6357       2       jdk.internal.math.FDBigInteger::trimLeadingZeros (57 bytes)
Event: 25.047 Thread 0x00000294787f8470 nmethod 6357 0x00000294086a8710 code [0x00000294086a88a0, 0x00000294086a8a78]

GC Heap History (20 events):
Event: 20.212 GC heap before
{Heap before GC invocations=15 (full 0):
 garbage-first heap   total 51200K, used 39660K [0x00000000c1400000, 0x0000000100000000)
  region size 1024K, 20 young (20480K), 2 survivors (2048K)
 Metaspace       used 52961K, committed 53504K, reserved 1114112K
  class space    used 6780K, committed 7040K, reserved 1048576K
}
Event: 20.217 GC heap after
{Heap after GC invocations=16 (full 0):
 garbage-first heap   total 51200K, used 23026K [0x00000000c1400000, 0x0000000100000000)
  region size 1024K, 2 young (2048K), 2 survivors (2048K)
 Metaspace       used 52961K, committed 53504K, reserved 1114112K
  class space    used 6780K, committed 7040K, reserved 1048576K
}
Event: 21.020 GC heap before
{Heap before GC invocations=16 (full 0):
 garbage-first heap   total 51200K, used 39410K [0x00000000c1400000, 0x0000000100000000)
  region size 1024K, 19 young (19456K), 2 survivors (2048K)
 Metaspace       used 56479K, committed 57088K, reserved 1114112K
  class space    used 7315K, committed 7616K, reserved 1048576K
}
Event: 21.024 GC heap after
{Heap after GC invocations=17 (full 0):
 garbage-first heap   total 51200K, used 23547K [0x00000000c1400000, 0x0000000100000000)
  region size 1024K, 2 young (2048K), 2 survivors (2048K)
 Metaspace       used 56479K, committed 57088K, reserved 1114112K
  class space    used 7315K, committed 7616K, reserved 1048576K
}
Event: 21.731 GC heap before
{Heap before GC invocations=17 (full 0):
 garbage-first heap   total 51200K, used 39931K [0x00000000c1400000, 0x0000000100000000)
  region size 1024K, 19 young (19456K), 2 survivors (2048K)
 Metaspace       used 59462K, committed 60032K, reserved 1114112K
  class space    used 7693K, committed 7936K, reserved 1048576K
}
Event: 21.737 GC heap after
{Heap after GC invocations=18 (full 0):
 garbage-first heap   total 51200K, used 25067K [0x00000000c1400000, 0x0000000100000000)
  region size 1024K, 3 young (3072K), 3 survivors (3072K)
 Metaspace       used 59462K, committed 60032K, reserved 1114112K
  class space    used 7693K, committed 7936K, reserved 1048576K
}
Event: 22.331 GC heap before
{Heap before GC invocations=19 (full 0):
 garbage-first heap   total 51200K, used 40427K [0x00000000c1400000, 0x0000000100000000)
  region size 1024K, 19 young (19456K), 3 survivors (3072K)
 Metaspace       used 61335K, committed 61888K, reserved 1114112K
  class space    used 8108K, committed 8384K, reserved 1048576K
}
Event: 22.341 GC heap after
{Heap after GC invocations=20 (full 0):
 garbage-first heap   total 51200K, used 26033K [0x00000000c1400000, 0x0000000100000000)
  region size 1024K, 3 young (3072K), 3 survivors (3072K)
 Metaspace       used 61335K, committed 61888K, reserved 1114112K
  class space    used 8108K, committed 8384K, reserved 1048576K
}
Event: 22.640 GC heap before
{Heap before GC invocations=20 (full 0):
 garbage-first heap   total 51200K, used 40369K [0x00000000c1400000, 0x0000000100000000)
  region size 1024K, 18 young (18432K), 3 survivors (3072K)
 Metaspace       used 62119K, committed 62720K, reserved 1114112K
  class space    used 8157K, committed 8384K, reserved 1048576K
}
Event: 22.649 GC heap after
{Heap after GC invocations=21 (full 0):
 garbage-first heap   total 51200K, used 26911K [0x00000000c1400000, 0x0000000100000000)
  region size 1024K, 2 young (2048K), 2 survivors (2048K)
 Metaspace       used 62119K, committed 62720K, reserved 1114112K
  class space    used 8157K, committed 8384K, reserved 1048576K
}
Event: 22.968 GC heap before
{Heap before GC invocations=22 (full 0):
 garbage-first heap   total 51200K, used 42271K [0x00000000c1400000, 0x0000000100000000)
  region size 1024K, 17 young (17408K), 2 survivors (2048K)
 Metaspace       used 63176K, committed 63744K, reserved 1114112K
  class space    used 8459K, committed 8704K, reserved 1048576K
}
Event: 22.975 GC heap after
{Heap after GC invocations=23 (full 0):
 garbage-first heap   total 51200K, used 27886K [0x00000000c1400000, 0x0000000100000000)
  region size 1024K, 2 young (2048K), 2 survivors (2048K)
 Metaspace       used 63176K, committed 63744K, reserved 1114112K
  class space    used 8459K, committed 8704K, reserved 1048576K
}
Event: 23.100 GC heap before
{Heap before GC invocations=23 (full 0):
 garbage-first heap   total 51200K, used 42222K [0x00000000c1400000, 0x0000000100000000)
  region size 1024K, 16 young (16384K), 2 survivors (2048K)
 Metaspace       used 63191K, committed 63808K, reserved 1114112K
  class space    used 8459K, committed 8704K, reserved 1048576K
}
Event: 23.107 GC heap after
{Heap after GC invocations=24 (full 0):
 garbage-first heap   total 51200K, used 28027K [0x00000000c1400000, 0x0000000100000000)
  region size 1024K, 2 young (2048K), 2 survivors (2048K)
 Metaspace       used 63191K, committed 63808K, reserved 1114112K
  class space    used 8459K, committed 8704K, reserved 1048576K
}
Event: 23.656 GC heap before
{Heap before GC invocations=25 (full 0):
 garbage-first heap   total 55296K, used 40315K [0x00000000c1400000, 0x0000000100000000)
  region size 1024K, 15 young (15360K), 2 survivors (2048K)
 Metaspace       used 65107K, committed 65664K, reserved 1114112K
  class space    used 8720K, committed 8960K, reserved 1048576K
}
Event: 23.660 GC heap after
{Heap after GC invocations=26 (full 0):
 garbage-first heap   total 55296K, used 28288K [0x00000000c1400000, 0x0000000100000000)
  region size 1024K, 1 young (1024K), 1 survivors (1024K)
 Metaspace       used 65107K, committed 65664K, reserved 1114112K
  class space    used 8720K, committed 8960K, reserved 1048576K
}
Event: 24.289 GC heap before
{Heap before GC invocations=26 (full 0):
 garbage-first heap   total 55296K, used 44672K [0x00000000c1400000, 0x0000000100000000)
  region size 1024K, 17 young (17408K), 1 survivors (1024K)
 Metaspace       used 66570K, committed 67264K, reserved 1114112K
  class space    used 8904K, committed 9216K, reserved 1048576K
}
Event: 24.296 GC heap after
{Heap after GC invocations=27 (full 0):
 garbage-first heap   total 55296K, used 29649K [0x00000000c1400000, 0x0000000100000000)
  region size 1024K, 2 young (2048K), 2 survivors (2048K)
 Metaspace       used 66570K, committed 67264K, reserved 1114112K
  class space    used 8904K, committed 9216K, reserved 1048576K
}
Event: 24.903 GC heap before
{Heap before GC invocations=28 (full 0):
 garbage-first heap   total 58368K, used 43985K [0x00000000c1400000, 0x0000000100000000)
  region size 1024K, 17 young (17408K), 2 survivors (2048K)
 Metaspace       used 68087K, committed 68800K, reserved 1114112K
  class space    used 9116K, committed 9472K, reserved 1048576K
}
Event: 24.911 GC heap after
{Heap after GC invocations=29 (full 0):
 garbage-first heap   total 58368K, used 31270K [0x00000000c1400000, 0x0000000100000000)
  region size 1024K, 3 young (3072K), 3 survivors (3072K)
 Metaspace       used 68087K, committed 68800K, reserved 1114112K
  class space    used 9116K, committed 9472K, reserved 1048576K
}

Deoptimization events (20 events):
Event: 24.901 Thread 0x000002941b796360 DEOPT PACKING pc=0x0000029408693104 sp=0x0000009f464fe090
Event: 24.901 Thread 0x000002941b796360 DEOPT UNPACKING pc=0x0000029407b52b43 sp=0x0000009f464fd5f8 mode 1
Event: 24.901 Thread 0x000002941b796360 DEOPT PACKING pc=0x0000029408693104 sp=0x0000009f464fe090
Event: 24.901 Thread 0x000002941b796360 DEOPT UNPACKING pc=0x0000029407b52b43 sp=0x0000009f464fd5f8 mode 1
Event: 24.915 Thread 0x000002941b796360 DEOPT PACKING pc=0x0000029408693104 sp=0x0000009f464fe090
Event: 24.915 Thread 0x000002941b796360 DEOPT UNPACKING pc=0x0000029407b52b43 sp=0x0000009f464fd5f8 mode 1
Event: 24.915 Thread 0x000002941b796360 DEOPT PACKING pc=0x0000029408693104 sp=0x0000009f464fe090
Event: 24.915 Thread 0x000002941b796360 DEOPT UNPACKING pc=0x0000029407b52b43 sp=0x0000009f464fd5f8 mode 1
Event: 24.918 Thread 0x000002941b796360 DEOPT PACKING pc=0x0000029408693104 sp=0x0000009f464fe3a0
Event: 24.918 Thread 0x000002941b796360 DEOPT UNPACKING pc=0x0000029407b52b43 sp=0x0000009f464fd8f0 mode 1
Event: 24.918 Thread 0x000002941b796360 DEOPT PACKING pc=0x000002940885132c sp=0x0000009f464fe4b0
Event: 24.918 Thread 0x000002941b796360 DEOPT UNPACKING pc=0x0000029407b52b43 sp=0x0000009f464fd980 mode 1
Event: 24.931 Thread 0x000002941b796360 Uncommon trap: trap_request=0xffffff45 fr.pc=0x000002940f643d60 relative=0x0000000000000060
Event: 24.931 Thread 0x000002941b796360 Uncommon trap: reason=unstable_if action=reinterpret pc=0x000002940f643d60 method=org.springframework.util.ConcurrentReferenceHashMap$Segment.clear()V @ 7 c2
Event: 24.931 Thread 0x000002941b796360 DEOPT PACKING pc=0x000002940f643d60 sp=0x0000009f464fe920
Event: 24.931 Thread 0x000002941b796360 DEOPT UNPACKING pc=0x0000029407b523a3 sp=0x0000009f464fe8b0 mode 2
Event: 24.935 Thread 0x000002941b796360 Uncommon trap: trap_request=0xffffff54 fr.pc=0x000002940f65b8a0 relative=0x0000000000000260
Event: 24.935 Thread 0x000002941b796360 Uncommon trap: reason=speculate_null_assert action=make_not_entrant pc=0x000002940f65b8a0 method=org.springframework.util.ConcurrentReferenceHashMap$Segment.restructureIfNecessary(Z)V @ 41 c2
Event: 24.935 Thread 0x000002941b796360 DEOPT PACKING pc=0x000002940f65b8a0 sp=0x0000009f464fe610
Event: 24.935 Thread 0x000002941b796360 DEOPT UNPACKING pc=0x0000029407b523a3 sp=0x0000009f464fe5e8 mode 2

Classes loaded (20 events):
Event: 25.058 Loading class java/beans/WeakIdentityMap$Entry
Event: 25.058 Loading class java/beans/WeakIdentityMap$Entry done
Event: 25.058 Loading class com/sun/beans/introspect/ClassInfo
Event: 25.059 Loading class com/sun/beans/introspect/ClassInfo done
Event: 25.059 Loading class com/sun/beans/introspect/ClassInfo$1
Event: 25.059 Loading class com/sun/beans/util/Cache
Event: 25.059 Loading class com/sun/beans/util/Cache done
Event: 25.059 Loading class com/sun/beans/introspect/ClassInfo$1 done
Event: 25.059 Loading class com/sun/beans/util/Cache$Kind
Event: 25.060 Loading class com/sun/beans/util/Cache$Kind done
Event: 25.060 Loading class com/sun/beans/util/Cache$Kind$1
Event: 25.060 Loading class com/sun/beans/util/Cache$Kind$1 done
Event: 25.060 Loading class com/sun/beans/util/Cache$Kind$2
Event: 25.060 Loading class com/sun/beans/util/Cache$Kind$2 done
Event: 25.060 Loading class com/sun/beans/util/Cache$Kind$3
Event: 25.061 Loading class com/sun/beans/util/Cache$Kind$3 done
Event: 25.061 Loading class com/sun/beans/util/Cache$CacheEntry
Event: 25.061 Loading class com/sun/beans/util/Cache$CacheEntry done
Event: 25.061 Loading class org/springframework/boot/devtools/restart/Restarter
Event: 25.061 Loading class org/springframework/boot/devtools/restart/Restarter done

Classes unloaded (0 events):
No events

Classes redefined (0 events):
No events

Internal exceptions (20 events):
Event: 20.986 Thread 0x000002941b796360 Exception <a 'java/lang/NoSuchMethodError'{0x00000000c356e290}: 'java.lang.Object java.lang.invoke.Invokers$Holder.linkToTargetMethod(java.lang.Object, java.lang.Object, java.lang.Object, java.lang.Object, java.lang.Object, java.lang.Object, int, java.lang.Object)'> (0x00000000c356e290) 
thrown [s\src\hotspot\share\interpreter\linkResolver.cpp, line 759]
Event: 21.043 Thread 0x000002941b796360 Exception <a 'java/lang/NoSuchMethodError'{0x00000000c5373918}: 'java.lang.Object java.lang.invoke.DirectMethodHandle$Holder.newInvokeSpecial(java.lang.Object, java.lang.Object, int, java.lang.Object, int, java.lang.Object, java.lang.Object)'> (0x00000000c5373918) 
thrown [s\src\hotspot\share\interpreter\linkResolver.cpp, line 759]
Event: 21.049 Thread 0x000002941b796360 Exception <a 'java/lang/NoSuchMethodError'{0x00000000c538fc38}: 'void java.lang.invoke.DirectMethodHandle$Holder.invokeInterface(java.lang.Object, java.lang.Object)'> (0x00000000c538fc38) 
thrown [s\src\hotspot\share\interpreter\linkResolver.cpp, line 759]
Event: 21.175 Thread 0x000002941b796360 Exception <a 'java/lang/NoSuchMethodError'{0x00000000c4ee68d0}: 'void java.lang.invoke.Invokers$Holder.invokeExact_MT(java.lang.Object, java.lang.Object, java.lang.Object, java.lang.Object)'> (0x00000000c4ee68d0) 
thrown [s\src\hotspot\share\interpreter\linkResolver.cpp, line 759]
Event: 21.218 Thread 0x000002941b796360 Implicit null exception at 0x000002940f84cbe0 to 0x000002940f84ce30
Event: 21.332 Thread 0x000002941b796360 Exception <a 'java/lang/IncompatibleClassChangeError'{0x00000000c3d121f8}: Found class java.lang.Object, but interface was expected> (0x00000000c3d121f8) 
thrown [s\src\hotspot\share\interpreter\linkResolver.cpp, line 826]
Event: 21.358 Thread 0x000002941b796360 Exception <a 'java/lang/IncompatibleClassChangeError'{0x00000000c3d95950}: Found class java.lang.Object, but interface was expected> (0x00000000c3d95950) 
thrown [s\src\hotspot\share\interpreter\linkResolver.cpp, line 826]
Event: 21.439 Thread 0x000002941b796360 Exception <a 'java/lang/IncompatibleClassChangeError'{0x00000000c3b51d28}: Found class java.lang.Object, but interface was expected> (0x00000000c3b51d28) 
thrown [s\src\hotspot\share\interpreter\linkResolver.cpp, line 826]
Event: 21.799 Thread 0x000002941b796360 Exception <a 'java/lang/IncompatibleClassChangeError'{0x00000000c500a9b8}: Found class java.lang.Object, but interface was expected> (0x00000000c500a9b8) 
thrown [s\src\hotspot\share\interpreter\linkResolver.cpp, line 826]
Event: 23.910 Thread 0x000002941b796360 Exception <a 'java/lang/NoSuchMethodError'{0x00000000c419b730}: 'java.lang.Object java.lang.invoke.DirectMethodHandle$Holder.newInvokeSpecial(java.lang.Object, java.lang.Object, java.lang.Object, java.lang.Object, java.lang.Object, java.lang.Object, java.lang.Object, java.lang.Object)'> (0x00000000c419b730) 
thrown [s\src\hotspot\share\interpreter\linkResolver.cpp, line 759]
Event: 24.285 Thread 0x000002941b796360 Exception <a 'sun/nio/fs/WindowsException'{0x00000000c39f0870}> (0x00000000c39f0870) 
thrown [s\src\hotspot\share\prims\jni.cpp, line 516]
Event: 24.412 Thread 0x000002941b796360 Exception <a 'java/lang/IncompatibleClassChangeError'{0x00000000c4ed3078}: Found class java.lang.Object, but interface was expected> (0x00000000c4ed3078) 
thrown [s\src\hotspot\share\interpreter\linkResolver.cpp, line 826]
Event: 24.514 Thread 0x000002941b796360 Exception <a 'java/lang/NoSuchMethodError'{0x00000000c47a5740}: 'void java.lang.invoke.DirectMethodHandle$Holder.invokeVirtual(java.lang.Object, java.lang.Object, long)'> (0x00000000c47a5740) 
thrown [s\src\hotspot\share\interpreter\linkResolver.cpp, line 759]
Event: 24.645 Thread 0x000002941b796360 Exception <a 'java/lang/NoSuchMethodError'{0x00000000c435f8f8}: 'int java.lang.invoke.DirectMethodHandle$Holder.invokeStaticInit(java.lang.Object, java.lang.Object, java.lang.Object, java.lang.Object)'> (0x00000000c435f8f8) 
thrown [s\src\hotspot\share\interpreter\linkResolver.cpp, line 759]
Event: 24.689 Thread 0x000002941b796360 Exception <a 'java/lang/IncompatibleClassChangeError'{0x00000000c422eaf8}: Found class java.lang.Object, but interface was expected> (0x00000000c422eaf8) 
thrown [s\src\hotspot\share\interpreter\linkResolver.cpp, line 826]
Event: 24.715 Thread 0x000002941b796360 Implicit null exception at 0x000002940f6f3860 to 0x000002940f6f3af4
Event: 24.938 Thread 0x000002941b796360 Exception <a 'java/lang/NoSuchMethodError'{0x00000000c53a9be8}: 'java.lang.Object java.lang.invoke.DirectMethodHandle$Holder.newInvokeSpecial(java.lang.Object, java.lang.Object, int, java.lang.Object, java.lang.Object)'> (0x00000000c53a9be8) 
thrown [s\src\hotspot\share\interpreter\linkResolver.cpp, line 759]
Event: 24.941 Thread 0x000002941b796360 Exception <a 'java/lang/NoSuchMethodError'{0x00000000c53b5170}: 'java.lang.Object java.lang.invoke.DirectMethodHandle$Holder.invokeSpecial(java.lang.Object, java.lang.Object, int, java.lang.Object, int, java.lang.Object)'> (0x00000000c53b5170) 
thrown [s\src\hotspot\share\interpreter\linkResolver.cpp, line 759]
Event: 24.943 Thread 0x000002941b796360 Exception <a 'java/lang/NoSuchMethodError'{0x00000000c53bd220}: 'java.lang.Object java.lang.invoke.DirectMethodHandle$Holder.newInvokeSpecial(java.lang.Object, java.lang.Object, int, java.lang.Object, int)'> (0x00000000c53bd220) 
thrown [s\src\hotspot\share\interpreter\linkResolver.cpp, line 759]
Event: 24.944 Thread 0x000002941b796360 Exception <a 'java/lang/NoSuchMethodError'{0x00000000c53c1328}: 'java.lang.Object java.lang.invoke.DirectMethodHandle$Holder.invokeSpecial(java.lang.Object, java.lang.Object, java.lang.Object, int, java.lang.Object, int)'> (0x00000000c53c1328) 
thrown [s\src\hotspot\share\interpreter\linkResolver.cpp, line 759]

VM Operations (20 events):
Event: 24.000 Executing VM operation: HandshakeAllThreads
Event: 24.001 Executing VM operation: HandshakeAllThreads done
Event: 24.106 Executing VM operation: HandshakeAllThreads
Event: 24.106 Executing VM operation: HandshakeAllThreads done
Event: 24.192 Executing VM operation: HandshakeAllThreads
Event: 24.192 Executing VM operation: HandshakeAllThreads done
Event: 24.288 Executing VM operation: G1CollectForAllocation
Event: 24.296 Executing VM operation: G1CollectForAllocation done
Event: 24.420 Executing VM operation: G1Concurrent
Event: 24.425 Executing VM operation: G1Concurrent done
Event: 24.428 Executing VM operation: Cleanup
Event: 24.429 Executing VM operation: Cleanup done
Event: 24.473 Executing VM operation: G1Concurrent
Event: 24.473 Executing VM operation: G1Concurrent done
Event: 24.554 Executing VM operation: HandshakeAllThreads
Event: 24.554 Executing VM operation: HandshakeAllThreads done
Event: 24.902 Executing VM operation: G1CollectForAllocation
Event: 24.911 Executing VM operation: G1CollectForAllocation done
Event: 24.934 Executing VM operation: HandshakeAllThreads
Event: 24.934 Executing VM operation: HandshakeAllThreads done

Events (20 events):
Event: 24.886 Thread 0x000002941d7f2080 Thread added: 0x000002941d7f2080
Event: 24.899 Thread 0x000002941d7efed0 Thread added: 0x000002941d7efed0
Event: 24.900 Thread 0x000002941d7f2550 Thread added: 0x000002941d7f2550
Event: 24.900 Thread 0x000002941d7efed0 Thread exited: 0x000002941d7efed0
Event: 24.967 Thread 0x000002941d7efed0 Thread added: 0x000002941d7efed0
Event: 24.967 Thread 0x000002941d7ef060 Thread added: 0x000002941d7ef060
Event: 24.967 Thread 0x000002941ba4f720 Thread added: 0x000002941ba4f720
Event: 24.968 Thread 0x000002941ba4e8b0 Thread added: 0x000002941ba4e8b0
Event: 24.968 Thread 0x000002941e8f8140 Thread added: 0x000002941e8f8140
Event: 24.968 Thread 0x000002941e8fb630 Thread added: 0x000002941e8fb630
Event: 24.968 Thread 0x000002941e8fa7c0 Thread added: 0x000002941e8fa7c0
Event: 24.968 Thread 0x000002941e8f8fb0 Thread added: 0x000002941e8f8fb0
Event: 24.969 Thread 0x000002941e8f9480 Thread added: 0x000002941e8f9480
Event: 24.969 Thread 0x000002941e8fe650 Thread added: 0x000002941e8fe650
Event: 25.008 Thread 0x000002941e8fe180 Thread added: 0x000002941e8fe180
Event: 25.011 Thread 0x000002941e8feb20 Thread added: 0x000002941e8feb20
Event: 25.057 Thread 0x000002941b796360 Thread exited: 0x000002941b796360
Event: 25.062 Thread 0x000002947d24c080 Thread exited: 0x000002947d24c080
Event: 25.063 Thread 0x000002947873dc00 Thread exited: 0x000002947873dc00
Event: 25.063 Thread 0x000002941e8f8610 Thread added: 0x000002941e8f8610


Dynamic libraries:
0x00007ff7a7090000 - 0x00007ff7a709d000 	C:\Users\ERIN_JAVALead\.jdks\corretto-18.0.2\bin\java.exe
0x00007fff335f0000 - 0x00007fff337e8000 	C:\WINDOWS\SYSTEM32\ntdll.dll
0x00007fff319a0000 - 0x00007fff31a5d000 	C:\WINDOWS\System32\KERNEL32.DLL
0x00007fff31130000 - 0x00007fff31426000 	C:\WINDOWS\System32\KERNELBASE.dll
0x00007fff31030000 - 0x00007fff31130000 	C:\WINDOWS\System32\ucrtbase.dll
0x00007fff157a0000 - 0x00007fff157b7000 	C:\Users\ERIN_JAVALead\.jdks\corretto-18.0.2\bin\jli.dll
0x00007fff33310000 - 0x00007fff334ae000 	C:\WINDOWS\System32\USER32.dll
0x00007fff30d60000 - 0x00007fff30d82000 	C:\WINDOWS\System32\win32u.dll
0x00007fff32c40000 - 0x00007fff32c6b000 	C:\WINDOWS\System32\GDI32.dll
0x00007fff31430000 - 0x00007fff31547000 	C:\WINDOWS\System32\gdi32full.dll
0x00007fff31550000 - 0x00007fff315ed000 	C:\WINDOWS\System32\msvcp_win.dll
0x00007fff13280000 - 0x00007fff13295000 	C:\Users\ERIN_JAVALead\.jdks\corretto-18.0.2\bin\VCRUNTIME140.dll
0x00007fff1a970000 - 0x00007fff1ac0a000 	C:\WINDOWS\WinSxS\amd64_microsoft.windows.common-controls_6595b64144ccf1df_6.0.19041.3636_none_60b6a03d71f818d5\COMCTL32.dll
0x00007fff32550000 - 0x00007fff325ee000 	C:\WINDOWS\System32\msvcrt.dll
0x00007fff33540000 - 0x00007fff33572000 	C:\WINDOWS\System32\IMM32.DLL
0x00007fff09530000 - 0x00007fff095cb000 	C:\Users\ERIN_JAVALead\.jdks\corretto-18.0.2\bin\msvcp140.dll
0x00007ffef4970000 - 0x00007ffef55e1000 	C:\Users\ERIN_JAVALead\.jdks\corretto-18.0.2\bin\server\jvm.dll
0x00007fff318f0000 - 0x00007fff319a0000 	C:\WINDOWS\System32\ADVAPI32.dll
0x00007fff323d0000 - 0x00007fff32470000 	C:\WINDOWS\System32\sechost.dll
0x00007fff31650000 - 0x00007fff31775000 	C:\WINDOWS\System32\RPCRT4.dll
0x00007fff30c70000 - 0x00007fff30c97000 	C:\WINDOWS\System32\bcrypt.dll
0x00007fff32b00000 - 0x00007fff32b08000 	C:\WINDOWS\System32\PSAPI.DLL
0x00007fff2e490000 - 0x00007fff2e499000 	C:\WINDOWS\SYSTEM32\WSOCK32.dll
0x00007fff322b0000 - 0x00007fff3231b000 	C:\WINDOWS\System32\WS2_32.dll
0x00007fff0d820000 - 0x00007fff0d847000 	C:\WINDOWS\SYSTEM32\WINMM.dll
0x00007fff2ac50000 - 0x00007fff2ac5a000 	C:\WINDOWS\SYSTEM32\VERSION.dll
0x00007fff2eae0000 - 0x00007fff2eaf2000 	C:\WINDOWS\SYSTEM32\kernel.appcore.dll
0x00007fff2afd0000 - 0x00007fff2afda000 	C:\Users\ERIN_JAVALead\.jdks\corretto-18.0.2\bin\jimage.dll
0x00007fff2c320000 - 0x00007fff2c504000 	C:\WINDOWS\SYSTEM32\DBGHELP.DLL
0x00007fff2c2e0000 - 0x00007fff2c314000 	C:\WINDOWS\SYSTEM32\dbgcore.DLL
0x00007fff30e40000 - 0x00007fff30ec2000 	C:\WINDOWS\System32\bcryptPrimitives.dll
0x00007fff02120000 - 0x00007fff0215a000 	C:\Users\ERIN_JAVALead\.jdks\corretto-18.0.2\bin\jdwp.dll
0x00007fff20360000 - 0x00007fff2036e000 	C:\Users\ERIN_JAVALead\.jdks\corretto-18.0.2\bin\instrument.dll
0x00007fff102d0000 - 0x00007fff102f5000 	C:\Users\ERIN_JAVALead\.jdks\corretto-18.0.2\bin\java.dll
0x00007fff0e210000 - 0x00007fff0e228000 	C:\Users\ERIN_JAVALead\.jdks\corretto-18.0.2\bin\zip.dll
0x00007ffeff000000 - 0x00007ffeff0d6000 	C:\Users\ERIN_JAVALead\.jdks\corretto-18.0.2\bin\jsvml.dll
0x00007fff31b40000 - 0x00007fff322ab000 	C:\WINDOWS\System32\SHELL32.dll
0x00007fff2ece0000 - 0x00007fff2f47e000 	C:\WINDOWS\SYSTEM32\windows.storage.dll
0x00007fff325f0000 - 0x00007fff32943000 	C:\WINDOWS\System32\combase.dll
0x00007fff304f0000 - 0x00007fff3051e000 	C:\WINDOWS\SYSTEM32\Wldp.dll
0x00007fff32480000 - 0x00007fff3254d000 	C:\WINDOWS\System32\OLEAUT32.dll
0x00007fff31780000 - 0x00007fff3182d000 	C:\WINDOWS\System32\SHCORE.dll
0x00007fff32c70000 - 0x00007fff32cc5000 	C:\WINDOWS\System32\shlwapi.dll
0x00007fff30ba0000 - 0x00007fff30bc5000 	C:\WINDOWS\SYSTEM32\profapi.dll
0x00007fff1e7f0000 - 0x00007fff1e7fc000 	C:\Users\ERIN_JAVALead\.jdks\corretto-18.0.2\bin\dt_socket.dll
0x00007fff2ffe0000 - 0x00007fff3001b000 	C:\WINDOWS\SYSTEM32\IPHLPAPI.DLL
0x00007fff302d0000 - 0x00007fff3033a000 	C:\WINDOWS\system32\mswsock.dll
0x00007fff10650000 - 0x00007fff10663000 	C:\Users\ERIN_JAVALead\.jdks\corretto-18.0.2\bin\net.dll
0x00007fff2a0f0000 - 0x00007fff2a1fa000 	C:\WINDOWS\SYSTEM32\WINHTTP.dll
0x00007fff0f910000 - 0x00007fff0f925000 	C:\Users\ERIN_JAVALead\.jdks\corretto-18.0.2\bin\nio.dll
0x00007fff1b200000 - 0x00007fff1b209000 	C:\Users\ERIN_JAVALead\.jdks\corretto-18.0.2\bin\management.dll
0x00007fff14920000 - 0x00007fff1492b000 	C:\Users\ERIN_JAVALead\.jdks\corretto-18.0.2\bin\management_ext.dll
0x00007fff135b0000 - 0x00007fff135be000 	C:\Users\ERIN_JAVALead\.jdks\corretto-18.0.2\bin\sunmscapi.dll
0x00007fff30ed0000 - 0x00007fff3102d000 	C:\WINDOWS\System32\CRYPT32.dll
0x00007fff30640000 - 0x00007fff30668000 	C:\WINDOWS\SYSTEM32\ncrypt.dll
0x00007fff30600000 - 0x00007fff3063b000 	C:\WINDOWS\SYSTEM32\NTASN1.dll
0x00007fff30530000 - 0x00007fff30548000 	C:\WINDOWS\SYSTEM32\CRYPTSP.dll
0x00007fff2fc20000 - 0x00007fff2fc54000 	C:\WINDOWS\system32\rsaenh.dll
0x00007fff30b20000 - 0x00007fff30b4e000 	C:\WINDOWS\SYSTEM32\USERENV.dll
0x00007fff30460000 - 0x00007fff3046c000 	C:\WINDOWS\SYSTEM32\CRYPTBASE.dll
0x00007fff32470000 - 0x00007fff32478000 	C:\WINDOWS\System32\NSI.dll
0x00007fff2ac30000 - 0x00007fff2ac47000 	C:\WINDOWS\SYSTEM32\dhcpcsvc6.DLL
0x00007fff2a810000 - 0x00007fff2a82d000 	C:\WINDOWS\SYSTEM32\dhcpcsvc.DLL
0x00007fff30020000 - 0x00007fff300eb000 	C:\WINDOWS\SYSTEM32\DNSAPI.dll
0x00007fff217b0000 - 0x00007fff217c0000 	C:\Users\ERIN_JAVALead\.jdks\corretto-18.0.2\bin\verify.dll
0x00007ffee6260000 - 0x00007ffee6277000 	C:\WINDOWS\system32\napinsp.dll
0x00007ffee6240000 - 0x00007ffee625b000 	C:\WINDOWS\system32\pnrpnsp.dll
0x00007ffee6220000 - 0x00007ffee6232000 	C:\WINDOWS\System32\winrnr.dll
0x00007fff2c130000 - 0x00007fff2c14d000 	C:\WINDOWS\system32\NLAapi.dll
0x00007fff2b6d0000 - 0x00007fff2b6e5000 	C:\WINDOWS\system32\wshbth.dll
0x00007fff28a60000 - 0x00007fff28a6a000 	C:\Windows\System32\rasadhlp.dll
0x00007fff29e20000 - 0x00007fff29ea0000 	C:\WINDOWS\System32\fwpuclnt.dll

dbghelp: loaded successfully - version: 4.0.5 - missing functions: none
symbol engine: initialized successfully - sym options: 0x614 - pdb path: .;C:\Users\ERIN_JAVALead\.jdks\corretto-18.0.2\bin;C:\WINDOWS\SYSTEM32;C:\WINDOWS\WinSxS\amd64_microsoft.windows.common-controls_6595b64144ccf1df_6.0.19041.3636_none_60b6a03d71f818d5;C:\Users\ERIN_JAVALead\.jdks\corretto-18.0.2\bin\server

VM Arguments:
jvm_args: -agentlib:jdwp=transport=dt_socket,address=127.0.0.1:50611,suspend=y,server=n -javaagent:C:\Users\ERIN_JAVALead\AppData\Local\JetBrains\IdeaIC2021.3\captureAgent\debugger-agent.jar -Dfile.encoding=UTF-8 
java_command: com.verise.veganapp.VeriseApplication
java_class_path (initial): C:\Users\ERIN_JAVALead\Downloads\verise\verise\target\classes;C:\Users\ERIN_JAVALead\.m2\repository\org\springframework\boot\spring-boot-starter-web\3.2.4\spring-boot-starter-web-3.2.4.jar;C:\Users\ERIN_JAVALead\.m2\repository\org\springframework\boot\spring-boot-starter\3.2.4\spring-boot-starter-3.2.4.jar;C:\Users\ERIN_JAVALead\.m2\repository\org\springframework\boot\spring-boot-starter-logging\3.2.4\spring-boot-starter-logging-3.2.4.jar;C:\Users\ERIN_JAVALead\.m2\repository\ch\qos\logback\logback-classic\1.4.14\logback-classic-1.4.14.jar;C:\Users\ERIN_JAVALead\.m2\repository\ch\qos\logback\logback-core\1.4.14\logback-core-1.4.14.jar;C:\Users\ERIN_JAVALead\.m2\repository\org\apache\logging\log4j\log4j-to-slf4j\2.21.1\log4j-to-slf4j-2.21.1.jar;C:\Users\ERIN_JAVALead\.m2\repository\org\apache\logging\log4j\log4j-api\2.21.1\log4j-api-2.21.1.jar;C:\Users\ERIN_JAVALead\.m2\repository\org\slf4j\jul-to-slf4j\2.0.12\jul-to-slf4j-2.0.12.jar;C:\Users\ERIN_JAVALead\.m2\repository\jakarta\annotation\jakarta.annotation-api\2.1.1\jakarta.annotation-api-2.1.1.jar;C:\Users\ERIN_JAVALead\.m2\repository\org\yaml\snakeyaml\2.2\snakeyaml-2.2.jar;C:\Users\ERIN_JAVALead\.m2\repository\org\springframework\boot\spring-boot-starter-json\3.2.4\spring-boot-starter-json-3.2.4.jar;C:\Users\ERIN_JAVALead\.m2\repository\com\fasterxml\jackson\core\jackson-databind\2.15.4\jackson-databind-2.15.4.jar;C:\Users\ERIN_JAVALead\.m2\repository\com\fasterxml\jackson\core\jackson-annotations\2.15.4\jackson-annotations-2.15.4.jar;C:\Users\ERIN_JAVALead\.m2\repository\com\fasterxml\jackson\core\jackson-core\2.15.4\jackson-core-2.15.4.jar;C:\Users\ERIN_JAVALead\.m2\repository\com\fasterxml\jackson\datatype\jackson-datatype-jdk8\2.15.4\jackson-datatype-jdk8-2.15.4.jar;C:\Users\ERIN_JAVALead\.m2\repository\com\fasterxml\jackson\datatype\jackson-datatype-jsr310\2.15.4\jackson-datatype-jsr310-2.15.4.jar;C:\Users\ERIN_JAVALead\.m2\repository\com\fasterxml\jackson\module\jackson-module-parameter-names\2.15.4\jackson-module-parameter-names-2.15.4.jar;C:\Users\ERIN_JAVALead\.m2\repository\org\springframework\boot\spring-boot-starter-tomcat\3.2.4\spring-boot-starter-tomcat-3.2.4.jar;C:\Users\ERIN_JAVALead\.m2\repository\org\apache\tomcat\embed\tomcat-embed-core\10.1.19\tomcat-embed-core-10.1.19.jar;C:\Users\ERIN_JAVALead\.m2\repository\org\apache\tomcat\embed\tomcat-embed-el\10.1.19\tomcat-embed-el-10.1.19.jar;C:\Users\ERIN_JAVALead\.m2\repository\org\apache\tomcat\embed\tomcat-embed-websocket\10.1.19\tomcat-embed-websocket-10.1.19.jar;C:\Users\ERIN_JAVALead\.m2\repository\org\springframework\spring-web\6.1.5\spring-web-6.1.5.jar;C:\Users\ERIN_JAVALead\.m2\repository\org\springframework\spring-beans\6.1.5\spring-beans-6.1.5.jar;C:\Users\ERIN_JAVALead\.m2\repository\io\micrometer\micrometer-observation\1.12.4\micrometer-observation-1.12.4.jar;C:\Users\ERIN_JAVALead\.m2\repository\io\micrometer\micrometer-commons\1.12.4\micrometer-commons-1.12.4.jar;C:\Users\ERIN_JAVALead\.m2\repository\org\springframework\spring-webmvc\6.1.5\spring-webmvc-6.1.5.jar;C:\Users\ERIN_JAVALead\.m2\repository\org\springframework\spring-aop\6.1.5\spring-aop-6.1.5.jar;C:\Users\ERIN_JAVALead\.m2\repository\org\springframework\spring-context\6.1.5\spring-context-6.1.5.jar;C:\Users\ERIN_JAVALead\.m2\repository\org\springframework\spring-expression\6.1.5\spring-expression-6.1.5.jar;C:\Users\ERIN_JAVALead\.m2\repository\org\springframework\boot\spring-boot-devtools\3.2.4\spring-boot-devtools-3.2.4.jar;C:\Users\ERIN_JAVALead\.m2\repository\org\springframework\boot\spring-boot\3.2.4\spring-boot-3.2.4.jar;C:\Users\ERIN_JAVALead\.m2\repository\org\springframework\boot\spring-boot-autoconfigure\3.2.4\spring-boot-autoconfigure-3.2.4.jar;C:\Users\ERIN_JAVALead\.m2\repository\org\projectlombok\lombok\1.18.30\lombok-1.18.30.jar;C:\Users\ERIN_JAVALead\.m2\repository\org\slf4j\slf4j-api\2.0.12\slf4j-api-2.0.12.jar;C:\Users\ERIN_JAVALead\.m2\repository\jakarta\xml\bind\jakarta.xml.bind-api\4.0.2\jakarta.xml.bind-api-4.0.2.jar;C:\Users\ERIN_JAVALead\.m2\repository\jakarta\activation\jakarta.activation-api\2.1.3\jakarta.activation-api-2.1.3.jar;C:\Users\ERIN_JAVALead\.m2\repository\net\bytebuddy\byte-buddy\1.14.12\byte-buddy-1.14.12.jar;C:\Users\ERIN_JAVALead\.m2\repository\org\springframework\spring-core\6.1.5\spring-core-6.1.5.jar;C:\Users\ERIN_JAVALead\.m2\repository\org\springframework\spring-jcl\6.1.5\spring-jcl-6.1.5.jar;C:\Users\ERIN_JAVALead\.m2\repository\org\springframework\boot\spring-boot-starter-data-jpa\3.2.4\spring-boot-starter-data-jpa-3.2.4.jar;C:\Users\ERIN_JAVALead\.m2\repository\org\springframework\boot\spring-boot-starter-aop\3.2.4\spring-boot-starter-aop-3.2.4.jar;C:\Users\ERIN_JAVALead\.m2\repository\org\aspectj\aspectjweaver\1.9.21\aspectjweaver-1.9.21.jar;C:\Users\ERIN_JAVALead\.m2\repository\org\springframework\boot\spring-boot-starter-jdbc\3.2.4\spring-boot-starter-jdbc-3.2.4.jar;C:\Users\ERIN_JAVALead\.m2\repository\com\zaxxer\HikariCP\5.0.1\HikariCP-5.0.1.jar;C:\Users\ERIN_JAVALead\.m2\repository\org\springframework\spring-jdbc\6.1.5\spring-jdbc-6.1.5.jar;C:\Users\ERIN_JAVALead\.m2\repository\org\hibernate\orm\hibernate-core\6.4.4.Final\hibernate-core-6.4.4.Final.jar;C:\Users\ERIN_JAVALead\.m2\repository\jakarta\persistence\jakarta.persistence-api\3.1.0\jakarta.persistence-api-3.1.0.jar;C:\Users\ERIN_JAVALead\.m2\repository\jakarta\transaction\jakarta.transaction-api\2.0.1\jakarta.transaction-api-2.0.1.jar;C:\Users\ERIN_JAVALead\.m2\repository\org\jboss\logging\jboss-logging\3.5.3.Final\jboss-logging-3.5.3.Final.jar;C:\Users\ERIN_JAVALead\.m2\repository\org\hibernate\common\hibernate-commons-annotations\6.0.6.Final\hibernate-commons-annotations-6.0.6.Final.jar;C:\Users\ERIN_JAVALead\.m2\repository\io\smallrye\jandex\3.1.2\jandex-3.1.2.jar;C:\Users\ERIN_JAVALead\.m2\repository\com\fasterxml\classmate\1.6.0\classmate-1.6.0.jar;C:\Users\ERIN_JAVALead\.m2\repository\org\glassfish\jaxb\jaxb-runtime\4.0.5\jaxb-runtime-4.0.5.jar;C:\Users\ERIN_JAVALead\.m2\repository\org\glassfish\jaxb\jaxb-core\4.0.5\jaxb-core-4.0.5.jar;C:\Users\ERIN_JAVALead\.m2\repository\org\eclipse\angus\angus-activation\2.0.2\angus-activation-2.0.2.jar;C:\Users\ERIN_JAVALead\.m2\repository\org\glassfish\jaxb\txw2\4.0.5\txw2-4.0.5.jar;C:\Users\ERIN_JAVALead\.m2\repository\com\sun\istack\istack-commons-runtime\4.1.2\istack-commons-runtime-4.1.2.jar;C:\Users\ERIN_JAVALead\.m2\repository\jakarta\inject\jakarta.inject-api\2.0.1\jakarta.inject-api-2.0.1.jar;C:\Users\ERIN_JAVALead\.m2\repository\org\antlr\antlr4-runtime\4.13.0\antlr4-runtime-4.13.0.jar;C:\Users\ERIN_JAVALead\.m2\repository\org\springframework\data\spring-data-jpa\3.2.4\spring-data-jpa-3.2.4.jar;C:\Users\ERIN_JAVALead\.m2\repository\org\springframework\data\spring-data-commons\3.2.4\spring-data-commons-3.2.4.jar;C:\Users\ERIN_JAVALead\.m2\repository\org\springframework\spring-orm\6.1.5\spring-orm-6.1.5.jar;C:\Users\ERIN_JAVALead\.m2\repository\org\springframework\spring-tx\6.1.5\spring-tx-6.1.5.jar;C:\Users\ERIN_JAVALead\.m2\repository\org\springframework\spring-aspects\6.1.5\spring-aspects-6.1.5.jar;C:\Users\ERIN_JAVALead\.m2\repository\com\microsoft\sqlserver\mssql-jdbc\12.4.2.jre11\mssql-jdbc-12.4.2.jre11.jar;C:\Program Files\JetBrains\IntelliJ IDEA Community Edition 2021.3.3\lib\idea_rt.jar
Launcher Type: SUN_STANDARD

[Global flags]
     intx CICompilerCount                          = 3                                         {product} {ergonomic}
     uint ConcGCThreads                            = 1                                         {product} {ergonomic}
     uint G1ConcRefinementThreads                  = 4                                         {product} {ergonomic}
   size_t G1HeapRegionSize                         = 1048576                                   {product} {ergonomic}
    uintx GCDrainStackTargetSize                   = 64                                        {product} {ergonomic}
   size_t InitialHeapSize                          = 67108864                                  {product} {ergonomic}
   size_t MarkStackSize                            = 4194304                                   {product} {ergonomic}
   size_t MaxHeapSize                              = 1052770304                                {product} {ergonomic}
   size_t MaxNewSize                               = 631242752                                 {product} {ergonomic}
   size_t MinHeapDeltaBytes                        = 1048576                                   {product} {ergonomic}
   size_t MinHeapSize                              = 8388608                                   {product} {ergonomic}
    uintx NonNMethodCodeHeapSize                   = 5832780                                {pd product} {ergonomic}
    uintx NonProfiledCodeHeapSize                  = 122912730                              {pd product} {ergonomic}
    uintx ProfiledCodeHeapSize                     = 122912730                              {pd product} {ergonomic}
    uintx ReservedCodeCacheSize                    = 251658240                              {pd product} {ergonomic}
     bool SegmentedCodeCache                       = true                                      {product} {ergonomic}
   size_t SoftMaxHeapSize                          = 1052770304                             {manageable} {ergonomic}
     bool UseCompressedClassPointers               = true                           {product lp64_product} {ergonomic}
     bool UseCompressedOops                        = true                           {product lp64_product} {ergonomic}
     bool UseG1GC                                  = true                                      {product} {ergonomic}
     bool UseLargePagesIndividualAllocation        = false                                  {pd product} {ergonomic}

Logging:
Log output configuration:
 #0: stdout all=warning uptime,level,tags foldmultilines=false
 #1: stderr all=off uptime,level,tags foldmultilines=false

Environment Variables:
JAVA_HOME=C:\Program Files\Java\jdk1.8.0_202
PATH=C:\Program Files (x86)\Common Files\Oracle\Java\javapath;C:\WINDOWS\system32;C:\WINDOWS;C:\WINDOWS\System32\Wbem;C:\WINDOWS\System32\WindowsPowerShell\v1.0\;C:\WINDOWS\System32\OpenSSH\;C:\Program Files (x86)\nodejs\;C:\Program Files (x86)\nodejs\npm;C:\Users\ERIN_JAVALead\AppData\Roaming\npm;C:\Program Files\Git\cmd;C:\Program Files (x86)\dotnet\;C:\Program Files (x86)\Microsoft SQL Server\160\DTS\Binn\;C:\Program Files\Azure Data Studio\bin;C:\Program Files (x86)\Microsoft SQL Server\160\Tools\Binn\;C:\Program Files\Microsoft SQL Server\160\Tools\Binn\;C:\Program Files\Microsoft SQL Server\Client SDK\ODBC\170\Tools\Binn\;C:\Program Files\Microsoft SQL Server\160\DTS\Binn\;C:\Program Files\Java\jdk1.8.0_202\bin;C:\Program Files\Java\jdk1.8.0_202\jre\bin;C:\kafkasrc\bin\windows;C:\Program Files\Docker\Docker\resources\bin;C:\Program Files\Docker\Docker;C:\Users\ERIN_JAVALead\AppData\Local\Microsoft\WindowsApps;;C:\Users\ERIN_JAVALead\AppData\Local\Programs\Microsoft VS Code\bin;C:\Users\ERIN_JAVALead\AppData\Roaming\npm;C:\Program Files\Azure Data Studio\bin
USERNAME=ERIN_JAVALead
OS=Windows_NT
PROCESSOR_IDENTIFIER=Intel64 Family 6 Model 78 Stepping 3, GenuineIntel



---------------  S Y S T E M  ---------------

OS:
 Windows 10 , 64 bit Build 19041 (10.0.19041.3636)
OS uptime: 0 days 11:17 hours
Hyper-V role detected

CPU: total 4 (initial active 4) (2 cores per cpu, 2 threads per core) family 6 model 78 stepping 3 microcode 0xcc, cx8, cmov, fxsr, ht, mmx, 3dnowpref, sse, sse2, sse3, ssse3, sse4.1, sse4.2, popcnt, lzcnt, tsc, tscinvbit, avx, avx2, aes, erms, clmul, bmi1, bmi2, adx, fma, vzeroupper, clflush, clflushopt, hv

Memory: 4k page, system-wide physical 4012M (306M free)
TotalPageFile size 6060M (AvailPageFile size 6M)
current process WorkingSet (physical memory assigned to process): 243M, peak: 243M
current process commit charge ("private bytes"): 272M, peak: 275M

vm_info: OpenJDK 64-Bit Server VM (18.0.2+9-FR) for windows-amd64 JRE (18.0.2+9-FR), built on Jul 15 2022 20:03:03 by "Administrator" with MS VC++ 15.9 (VS2017)

END.
