#
# There is insufficient memory for the Java Runtime Environment to continue.
# Native memory allocation (malloc) failed to allocate 1002336 bytes for Chunk::new
# Possible reasons:
#   The system is out of physical RAM or swap space
#   The process is running with CompressedOops enabled, and the Java Heap may be blocking the growth of the native heap
# Possible solutions:
#   Reduce memory load on the system
#   Increase physical memory or swap space
#   Check if swap backing store is full
#   Decrease Java heap size (-Xmx/-Xms)
#   Decrease number of Java threads
#   Decrease Java thread stack sizes (-Xss)
#   Set larger code cache with -XX:ReservedCodeCacheSize=
#   JVM is running with Unscaled Compressed Oops mode in which the Java heap is
#     placed in the first 4GB address space. The Java Heap base address is the
#     maximum limit for the native heap growth. Please use -XX:HeapBaseMinAddress
#     to set the Java Heap base and to place the Java Heap above 4GB virtual address.
# This output file may be truncated or incomplete.
#
#  Out of Memory Error (arena.cpp:184), pid=7596, tid=12548
#
# JRE version: OpenJDK Runtime Environment Corretto-18.0.2.9.1 (18.0.2+9) (build 18.0.2+9-FR)
# Java VM: OpenJDK 64-Bit Server VM Corretto-18.0.2.9.1 (18.0.2+9-FR, mixed mode, sharing, tiered, compressed oops, compressed class ptrs, g1 gc, windows-amd64)
# No core dump will be written. Minidumps are not enabled by default on client versions of Windows
#

---------------  S U M M A R Y ------------

Command Line: -javaagent:C:\Program Files\JetBrains\IntelliJ IDEA Community Edition 2021.3.3\lib\idea_rt.jar=59694:C:\Program Files\JetBrains\IntelliJ IDEA Community Edition 2021.3.3\bin -Dfile.encoding=UTF-8 com.verise.veganapp.VeriseApplication

Host: Intel(R) Core(TM) i3-6006U CPU @ 2.00GHz, 4 cores, 3G,  Windows 10 , 64 bit Build 19041 (10.0.19041.3636)
Time: Tue Apr  9 00:36:52 2024 W. Europe Daylight Time elapsed time: 8.798603 seconds (0d 0h 0m 8s)

---------------  T H R E A D  ---------------

Current thread (0x000001cff8086f40):  JavaThread "C2 CompilerThread0" daemon [_thread_in_native, id=12548, stack(0x000000107e700000,0x000000107e800000)]


Current CompileTask:
C2:   8798 2391   !   4       java.net.URL::<init> (543 bytes)

Stack: [0x000000107e700000,0x000000107e800000]
Native frames: (J=compiled Java code, j=interpreted, Vv=VM code, C=native code)
V  [jvm.dll+0x685a2a]
V  [jvm.dll+0x82ae8d]
V  [jvm.dll+0x82c75e]
V  [jvm.dll+0x82ce03]
V  [jvm.dll+0x25ef4b]
V  [jvm.dll+0xd42d2]
V  [jvm.dll+0xd4665]
V  [jvm.dll+0x38578b]
V  [jvm.dll+0x1d8f20]
V  [jvm.dll+0x233b4f]
V  [jvm.dll+0x232f37]
V  [jvm.dll+0x1c0a35]
V  [jvm.dll+0x24212c]
V  [jvm.dll+0x240534]
V  [jvm.dll+0x7df6db]
V  [jvm.dll+0x7d9cba]
V  [jvm.dll+0x6848a5]
C  [ucrtbase.dll+0x21bb2]
C  [KERNEL32.DLL+0x17344]
C  [ntdll.dll+0x526b1]


---------------  P R O C E S S  ---------------

Threads class SMR info:
_java_thread_list=0x000001cf9bc576a0, length=15, elements={
0x000001cff7fcc210, 0x000001cff8069980, 0x000001cff806a5e0, 0x000001cff8084590,
0x000001cff8084f30, 0x000001cff80858d0, 0x000001cff8086270, 0x000001cff8086f40,
0x000001cffe9fd570, 0x000001cffea10d10, 0x000001cf9ac30850, 0x000001cf9ad9d2f0,
0x000001cf9ad46680, 0x000001cf9b36db50, 0x000001cf9b733f70
}

Java Threads: ( => current thread )
  0x000001cff7fcc210 JavaThread "main" [_thread_blocked, id=7172, stack(0x000000107da00000,0x000000107db00000)]
  0x000001cff8069980 JavaThread "Reference Handler" daemon [_thread_blocked, id=11648, stack(0x000000107e100000,0x000000107e200000)]
  0x000001cff806a5e0 JavaThread "Finalizer" daemon [_thread_blocked, id=11780, stack(0x000000107e200000,0x000000107e300000)]
  0x000001cff8084590 JavaThread "Signal Dispatcher" daemon [_thread_blocked, id=4408, stack(0x000000107e300000,0x000000107e400000)]
  0x000001cff8084f30 JavaThread "Attach Listener" daemon [_thread_blocked, id=3516, stack(0x000000107e400000,0x000000107e500000)]
  0x000001cff80858d0 JavaThread "Service Thread" daemon [_thread_blocked, id=828, stack(0x000000107e500000,0x000000107e600000)]
  0x000001cff8086270 JavaThread "Monitor Deflation Thread" daemon [_thread_blocked, id=2620, stack(0x000000107e600000,0x000000107e700000)]
=>0x000001cff8086f40 JavaThread "C2 CompilerThread0" daemon [_thread_in_native, id=12548, stack(0x000000107e700000,0x000000107e800000)]
  0x000001cffe9fd570 JavaThread "C1 CompilerThread0" daemon [_thread_blocked, id=12624, stack(0x000000107e800000,0x000000107e900000)]
  0x000001cffea10d10 JavaThread "Sweeper thread" daemon [_thread_blocked, id=12384, stack(0x000000107e900000,0x000000107ea00000)]
  0x000001cf9ac30850 JavaThread "Common-Cleaner" daemon [_thread_blocked, id=8300, stack(0x000000107ea00000,0x000000107eb00000)]
  0x000001cf9ad9d2f0 JavaThread "Monitor Ctrl-Break" daemon [_thread_in_native, id=6160, stack(0x000000107eb00000,0x000000107ec00000)]
  0x000001cf9ad46680 JavaThread "Notification Thread" daemon [_thread_blocked, id=6096, stack(0x000000107ec00000,0x000000107ed00000)]
  0x000001cf9b36db50 JavaThread "Thread-0" [_thread_blocked, id=7048, stack(0x000000107f100000,0x000000107f200000)]
  0x000001cf9b733f70 JavaThread "restartedMain" [_thread_in_vm, id=9892, stack(0x000000107f200000,0x000000107f300000)]

Other Threads:
  0x000001cff80641c0 VMThread "VM Thread" [stack: 0x000000107e000000,0x000000107e100000] [id=2120]
  0x000001cff7fcd1b0 WatcherThread "VM Periodic Task Thread" [stack: 0x000000107ed00000,0x000000107ee00000] [id=2024]
  0x000001cff800ee10 WorkerThread "GC Thread#0" [stack: 0x000000107db00000,0x000000107dc00000] [id=3048]
  0x000001cf9b413030 WorkerThread "GC Thread#1" [stack: 0x000000107ef00000,0x000000107f000000] [id=2708]
  0x000001cf9b29cab0 WorkerThread "GC Thread#2" [stack: 0x000000107ee00000,0x000000107ef00000] [id=10128]
  0x000001cf9b29d560 WorkerThread "GC Thread#3" [stack: 0x000000107f000000,0x000000107f100000] [id=10992]
  0x000001cff8017ac0 ConcurrentGCThread "G1 Main Marker" [stack: 0x000000107dc00000,0x000000107dd00000] [id=6476]
  0x000001cff80184b0 WorkerThread "G1 Conc#0" [stack: 0x000000107dd00000,0x000000107de00000] [id=12616]
  0x000001cff803f850 ConcurrentGCThread "G1 Refine#0" [stack: 0x000000107de00000,0x000000107df00000] [id=12112]
  0x000001cff8040160 ConcurrentGCThread "G1 Service" [stack: 0x000000107df00000,0x000000107e000000] [id=9544]

Threads with active compile tasks:
C2 CompilerThread0     8857 2391   !   4       java.net.URL::<init> (543 bytes)

VM state: not at safepoint (normal execution)

VM Mutex/Monitor currently owned by a thread: None

Heap address: 0x00000000c1400000, size: 1004 MB, Compressed Oops mode: 32-bit

CDS archive(s) mapped at: [0x0000000800000000-0x0000000800ba0000-0x0000000800ba0000), size 12189696, SharedBaseAddress: 0x0000000800000000, ArchiveRelocationMode: 0.
Compressed class space mapped at: 0x0000000800c00000-0x0000000840c00000, reserved size: 1073741824
Narrow klass base: 0x0000000800000000, Narrow klass shift: 0, Narrow klass range: 0x100000000

GC Precious Log:
 CardTable entry size: 512
 Card Set container configuration: InlinePtr #cards 5 size 8 Array Of Cards #cards 12 size 40 Howl #buckets 4 coarsen threshold 1843 Howl Bitmap #cards 512 size 80 coarsen threshold 460 Card regions per heap region 1 cards per card region 2048
 CPUs: 4 total, 4 available
 Memory: 4012M
 Large Page Support: Disabled
 NUMA Support: Disabled
 Compressed Oops: Enabled (32-bit)
 Heap Region Size: 1M
 Heap Min Capacity: 8M
 Heap Initial Capacity: 64M
 Heap Max Capacity: 1004M
 Pre-touch: Disabled
 Parallel Workers: 4
 Concurrent Workers: 1
 Concurrent Refinement Workers: 4
 Periodic GC: Disabled

Heap:
 garbage-first heap   total 65536K, used 15161K [0x00000000c1400000, 0x0000000100000000)
  region size 1024K, 9 young (9216K), 5 survivors (5120K)
 Metaspace       used 18610K, committed 18880K, reserved 1114112K
  class space    used 2211K, committed 2304K, reserved 1048576K

Heap Regions: E=young(eden), S=young(survivor), O=old, HS=humongous(starts), HC=humongous(continues), CS=collection set, F=free, OA=open archive, CA=closed archive, TAMS=top-at-mark-start (previous, next)
|   0|0x00000000c1400000, 0x00000000c1500000, 0x00000000c1500000|100%|HS|  |TAMS 0x00000000c1400000, 0x00000000c1400000| Complete 
|   1|0x00000000c1500000, 0x00000000c1600000, 0x00000000c1600000|100%| O|  |TAMS 0x00000000c1500000, 0x00000000c1500000| Untracked 
|   2|0x00000000c1600000, 0x00000000c1700000, 0x00000000c1700000|100%| O|  |TAMS 0x00000000c1600000, 0x00000000c1600000| Untracked 
|   3|0x00000000c1700000, 0x00000000c1800000, 0x00000000c1800000|100%| O|  |TAMS 0x00000000c1700000, 0x00000000c1700000| Untracked 
|   4|0x00000000c1800000, 0x00000000c1900000, 0x00000000c1900000|100%| O|  |TAMS 0x00000000c1800000, 0x00000000c1800000| Untracked 
|   5|0x00000000c1900000, 0x00000000c1a00000, 0x00000000c1a00000|100%| O|  |TAMS 0x00000000c1900000, 0x00000000c1900000| Untracked 
|   6|0x00000000c1a00000, 0x00000000c1adb200, 0x00000000c1b00000| 85%| O|  |TAMS 0x00000000c1a00000, 0x00000000c1a00000| Untracked 
|   7|0x00000000c1b00000, 0x00000000c1b00000, 0x00000000c1c00000|  0%| F|  |TAMS 0x00000000c1b00000, 0x00000000c1b00000| Untracked 
|   8|0x00000000c1c00000, 0x00000000c1c00000, 0x00000000c1d00000|  0%| F|  |TAMS 0x00000000c1c00000, 0x00000000c1c00000| Untracked 
|   9|0x00000000c1d00000, 0x00000000c1d00000, 0x00000000c1e00000|  0%| F|  |TAMS 0x00000000c1d00000, 0x00000000c1d00000| Untracked 
|  10|0x00000000c1e00000, 0x00000000c1e00000, 0x00000000c1f00000|  0%| F|  |TAMS 0x00000000c1e00000, 0x00000000c1e00000| Untracked 
|  11|0x00000000c1f00000, 0x00000000c1f00000, 0x00000000c2000000|  0%| F|  |TAMS 0x00000000c1f00000, 0x00000000c1f00000| Untracked 
|  12|0x00000000c2000000, 0x00000000c2000000, 0x00000000c2100000|  0%| F|  |TAMS 0x00000000c2000000, 0x00000000c2000000| Untracked 
|  13|0x00000000c2100000, 0x00000000c2100000, 0x00000000c2200000|  0%| F|  |TAMS 0x00000000c2100000, 0x00000000c2100000| Untracked 
|  14|0x00000000c2200000, 0x00000000c2200000, 0x00000000c2300000|  0%| F|  |TAMS 0x00000000c2200000, 0x00000000c2200000| Untracked 
|  15|0x00000000c2300000, 0x00000000c2300000, 0x00000000c2400000|  0%| F|  |TAMS 0x00000000c2300000, 0x00000000c2300000| Untracked 
|  16|0x00000000c2400000, 0x00000000c2400000, 0x00000000c2500000|  0%| F|  |TAMS 0x00000000c2400000, 0x00000000c2400000| Untracked 
|  17|0x00000000c2500000, 0x00000000c2500000, 0x00000000c2600000|  0%| F|  |TAMS 0x00000000c2500000, 0x00000000c2500000| Untracked 
|  18|0x00000000c2600000, 0x00000000c2600000, 0x00000000c2700000|  0%| F|  |TAMS 0x00000000c2600000, 0x00000000c2600000| Untracked 
|  19|0x00000000c2700000, 0x00000000c2700000, 0x00000000c2800000|  0%| F|  |TAMS 0x00000000c2700000, 0x00000000c2700000| Untracked 
|  20|0x00000000c2800000, 0x00000000c2800000, 0x00000000c2900000|  0%| F|  |TAMS 0x00000000c2800000, 0x00000000c2800000| Untracked 
|  21|0x00000000c2900000, 0x00000000c2900000, 0x00000000c2a00000|  0%| F|  |TAMS 0x00000000c2900000, 0x00000000c2900000| Untracked 
|  22|0x00000000c2a00000, 0x00000000c2a00000, 0x00000000c2b00000|  0%| F|  |TAMS 0x00000000c2a00000, 0x00000000c2a00000| Untracked 
|  23|0x00000000c2b00000, 0x00000000c2b00000, 0x00000000c2c00000|  0%| F|  |TAMS 0x00000000c2b00000, 0x00000000c2b00000| Untracked 
|  24|0x00000000c2c00000, 0x00000000c2c00000, 0x00000000c2d00000|  0%| F|  |TAMS 0x00000000c2c00000, 0x00000000c2c00000| Untracked 
|  25|0x00000000c2d00000, 0x00000000c2df3400, 0x00000000c2e00000| 95%| S|CS|TAMS 0x00000000c2d00000, 0x00000000c2d00000| Complete 
|  26|0x00000000c2e00000, 0x00000000c2f00000, 0x00000000c2f00000|100%| S|CS|TAMS 0x00000000c2e00000, 0x00000000c2e00000| Complete 
|  27|0x00000000c2f00000, 0x00000000c3000000, 0x00000000c3000000|100%| S|CS|TAMS 0x00000000c2f00000, 0x00000000c2f00000| Complete 
|  28|0x00000000c3000000, 0x00000000c3100000, 0x00000000c3100000|100%| S|CS|TAMS 0x00000000c3000000, 0x00000000c3000000| Complete 
|  29|0x00000000c3100000, 0x00000000c3200000, 0x00000000c3200000|100%| S|CS|TAMS 0x00000000c3100000, 0x00000000c3100000| Complete 
|  30|0x00000000c3200000, 0x00000000c3200000, 0x00000000c3300000|  0%| F|  |TAMS 0x00000000c3200000, 0x00000000c3200000| Untracked 
|  31|0x00000000c3300000, 0x00000000c3300000, 0x00000000c3400000|  0%| F|  |TAMS 0x00000000c3300000, 0x00000000c3300000| Untracked 
|  32|0x00000000c3400000, 0x00000000c3400000, 0x00000000c3500000|  0%| F|  |TAMS 0x00000000c3400000, 0x00000000c3400000| Untracked 
|  33|0x00000000c3500000, 0x00000000c3500000, 0x00000000c3600000|  0%| F|  |TAMS 0x00000000c3500000, 0x00000000c3500000| Untracked 
|  34|0x00000000c3600000, 0x00000000c3600000, 0x00000000c3700000|  0%| F|  |TAMS 0x00000000c3600000, 0x00000000c3600000| Untracked 
|  35|0x00000000c3700000, 0x00000000c3700000, 0x00000000c3800000|  0%| F|  |TAMS 0x00000000c3700000, 0x00000000c3700000| Untracked 
|  36|0x00000000c3800000, 0x00000000c3800000, 0x00000000c3900000|  0%| F|  |TAMS 0x00000000c3800000, 0x00000000c3800000| Untracked 
|  37|0x00000000c3900000, 0x00000000c3900000, 0x00000000c3a00000|  0%| F|  |TAMS 0x00000000c3900000, 0x00000000c3900000| Untracked 
|  38|0x00000000c3a00000, 0x00000000c3a00000, 0x00000000c3b00000|  0%| F|  |TAMS 0x00000000c3a00000, 0x00000000c3a00000| Untracked 
|  39|0x00000000c3b00000, 0x00000000c3b00000, 0x00000000c3c00000|  0%| F|  |TAMS 0x00000000c3b00000, 0x00000000c3b00000| Untracked 
|  40|0x00000000c3c00000, 0x00000000c3c00000, 0x00000000c3d00000|  0%| F|  |TAMS 0x00000000c3c00000, 0x00000000c3c00000| Untracked 
|  41|0x00000000c3d00000, 0x00000000c3d00000, 0x00000000c3e00000|  0%| F|  |TAMS 0x00000000c3d00000, 0x00000000c3d00000| Untracked 
|  42|0x00000000c3e00000, 0x00000000c3e00000, 0x00000000c3f00000|  0%| F|  |TAMS 0x00000000c3e00000, 0x00000000c3e00000| Untracked 
|  43|0x00000000c3f00000, 0x00000000c3f00000, 0x00000000c4000000|  0%| F|  |TAMS 0x00000000c3f00000, 0x00000000c3f00000| Untracked 
|  44|0x00000000c4000000, 0x00000000c4000000, 0x00000000c4100000|  0%| F|  |TAMS 0x00000000c4000000, 0x00000000c4000000| Untracked 
|  45|0x00000000c4100000, 0x00000000c4100000, 0x00000000c4200000|  0%| F|  |TAMS 0x00000000c4100000, 0x00000000c4100000| Untracked 
|  46|0x00000000c4200000, 0x00000000c4200000, 0x00000000c4300000|  0%| F|  |TAMS 0x00000000c4200000, 0x00000000c4200000| Untracked 
|  47|0x00000000c4300000, 0x00000000c4300000, 0x00000000c4400000|  0%| F|  |TAMS 0x00000000c4300000, 0x00000000c4300000| Untracked 
|  48|0x00000000c4400000, 0x00000000c4400000, 0x00000000c4500000|  0%| F|  |TAMS 0x00000000c4400000, 0x00000000c4400000| Untracked 
|  49|0x00000000c4500000, 0x00000000c4500000, 0x00000000c4600000|  0%| F|  |TAMS 0x00000000c4500000, 0x00000000c4500000| Untracked 
|  50|0x00000000c4600000, 0x00000000c4600000, 0x00000000c4700000|  0%| F|  |TAMS 0x00000000c4600000, 0x00000000c4600000| Untracked 
|  51|0x00000000c4700000, 0x00000000c4700000, 0x00000000c4800000|  0%| F|  |TAMS 0x00000000c4700000, 0x00000000c4700000| Untracked 
|  52|0x00000000c4800000, 0x00000000c4800000, 0x00000000c4900000|  0%| F|  |TAMS 0x00000000c4800000, 0x00000000c4800000| Untracked 
|  53|0x00000000c4900000, 0x00000000c4900000, 0x00000000c4a00000|  0%| F|  |TAMS 0x00000000c4900000, 0x00000000c4900000| Untracked 
|  54|0x00000000c4a00000, 0x00000000c4a00000, 0x00000000c4b00000|  0%| F|  |TAMS 0x00000000c4a00000, 0x00000000c4a00000| Untracked 
|  55|0x00000000c4b00000, 0x00000000c4b00000, 0x00000000c4c00000|  0%| F|  |TAMS 0x00000000c4b00000, 0x00000000c4b00000| Untracked 
|  56|0x00000000c4c00000, 0x00000000c4c00000, 0x00000000c4d00000|  0%| F|  |TAMS 0x00000000c4c00000, 0x00000000c4c00000| Untracked 
|  57|0x00000000c4d00000, 0x00000000c4d00000, 0x00000000c4e00000|  0%| F|  |TAMS 0x00000000c4d00000, 0x00000000c4d00000| Untracked 
|  58|0x00000000c4e00000, 0x00000000c4e00000, 0x00000000c4f00000|  0%| F|  |TAMS 0x00000000c4e00000, 0x00000000c4e00000| Untracked 
|  59|0x00000000c4f00000, 0x00000000c4f00000, 0x00000000c5000000|  0%| F|  |TAMS 0x00000000c4f00000, 0x00000000c4f00000| Untracked 
|  60|0x00000000c5000000, 0x00000000c5100000, 0x00000000c5100000|100%| E|  |TAMS 0x00000000c5000000, 0x00000000c5000000| Complete 
|  61|0x00000000c5100000, 0x00000000c5200000, 0x00000000c5200000|100%| E|CS|TAMS 0x00000000c5100000, 0x00000000c5100000| Complete 
|  62|0x00000000c5200000, 0x00000000c5300000, 0x00000000c5300000|100%| E|CS|TAMS 0x00000000c5200000, 0x00000000c5200000| Complete 
|  63|0x00000000c5300000, 0x00000000c5400000, 0x00000000c5400000|100%| E|CS|TAMS 0x00000000c5300000, 0x00000000c5300000| Complete 

Card table byte_map: [0x000001cffa0b0000,0x000001cffa2b0000] _byte_map_base: 0x000001cff9aa6000

Marking Bits (Prev, Next): (CMBitMap*) 0x000001cff800f410, (CMBitMap*) 0x000001cff800f450
 Prev Bits: [0x000001cffa4b0000, 0x000001cffb460000)
 Next Bits: [0x000001cffb460000, 0x000001cffc410000)

Polling page: 0x000001cff7e80000

Metaspace:

Usage:
  Non-class:     16.02 MB used.
      Class:      2.16 MB used.
       Both:     18.18 MB used.

Virtual space:
  Non-class space:       64.00 MB reserved,      16.19 MB ( 25%) committed,  1 nodes.
      Class space:        1.00 GB reserved,       2.25 MB ( <1%) committed,  1 nodes.
             Both:        1.06 GB reserved,      18.44 MB (  2%) committed. 

Chunk freelists:
   Non-Class:  3.78 MB
       Class:  1.75 MB
        Both:  5.53 MB

MaxMetaspaceSize: unlimited
CompressedClassSpaceSize: 1.00 GB
Initial GC threshold: 21.00 MB
Current GC threshold: 21.00 MB
CDS: on
MetaspaceReclaimPolicy: balanced
 - commit_granule_bytes: 65536.
 - commit_granule_words: 8192.
 - virtual_space_node_default_size: 8388608.
 - enlarge_chunks_in_place: 1.
 - new_chunks_are_fully_committed: 0.
 - uncommit_free_chunks: 1.
 - use_allocation_guard: 0.


Internal statistics:

num_allocs_failed_limit: 0.
num_arena_births: 258.
num_arena_deaths: 0.
num_vsnodes_births: 2.
num_vsnodes_deaths: 0.
num_space_committed: 295.
num_space_uncommitted: 0.
num_chunks_returned_to_freelist: 0.
num_chunks_taken_from_freelist: 840.
num_chunk_merges: 0.
num_chunk_splits: 584.
num_chunks_enlarged: 468.
num_inconsistent_stats: 0.

CodeHeap 'non-profiled nmethods': size=120000Kb used=850Kb max_used=850Kb free=119149Kb
 bounds [0x000001cf8f5d0000, 0x000001cf8f840000, 0x000001cf96b00000]
CodeHeap 'profiled nmethods': size=120000Kb used=5324Kb max_used=5324Kb free=114675Kb
 bounds [0x000001cf880a0000, 0x000001cf885e0000, 0x000001cf8f5d0000]
CodeHeap 'non-nmethods': size=5760Kb used=1202Kb max_used=1228Kb free=4557Kb
 bounds [0x000001cf87b00000, 0x000001cf87d70000, 0x000001cf880a0000]
 total_blobs=3074 nmethods=2588 adapters=397
 compilation: enabled
              stopped_count=0, restarted_count=0
 full_count=0

Compilation events (20 events):
Event: 8.778 Thread 0x000001cffe9fd570 2566       3       org.springframework.core.annotation.TypeMappedAnnotation::adapt (355 bytes)
Event: 8.783 Thread 0x000001cffe9fd570 nmethod 2566 0x000001cf885b3210 code [0x000001cf885b3640, 0x000001cf885b5d28]
Event: 8.783 Thread 0x000001cffe9fd570 2567       3       org.springframework.core.annotation.TypeMappedAnnotation::adaptForAttribute (253 bytes)
Event: 8.787 Thread 0x000001cffe9fd570 nmethod 2567 0x000001cf885b6790 code [0x000001cf885b6bc0, 0x000001cf885b8b18]
Event: 8.787 Thread 0x000001cffe9fd570 2564       3       org.springframework.core.annotation.TypeMappedAnnotation::isFiltered (28 bytes)
Event: 8.787 Thread 0x000001cffe9fd570 nmethod 2564 0x000001cf885b9390 code [0x000001cf885b9540, 0x000001cf885b97c8]
Event: 8.788 Thread 0x000001cffe9fd570 2565       3       org.springframework.core.annotation.TypeMappedAnnotation::getValue (41 bytes)
Event: 8.788 Thread 0x000001cffe9fd570 nmethod 2565 0x000001cf885b9890 code [0x000001cf885b9a60, 0x000001cf885b9d28]
Event: 8.788 Thread 0x000001cffe9fd570 2568       3       java.util.stream.ReferencePipeline::collect (124 bytes)
Event: 8.790 Thread 0x000001cffe9fd570 nmethod 2568 0x000001cf885b9f10 code [0x000001cf885ba1a0, 0x000001cf885bae68]
Event: 8.790 Thread 0x000001cffe9fd570 2572       3       org.springframework.core.type.AnnotationMetadata$$Lambda$362/0x0000000800e0ce68::test (10 bytes)
Event: 8.791 Thread 0x000001cffe9fd570 nmethod 2572 0x000001cf885bb290 code [0x000001cf885bb460, 0x000001cf885bb9d8]
Event: 8.791 Thread 0x000001cffe9fd570 2569       3       org.springframework.core.type.AnnotatedTypeMetadata$$Lambda$310/0x0000000800dec2c0::test (8 bytes)
Event: 8.791 Thread 0x000001cffe9fd570 nmethod 2569 0x000001cf885bbb10 code [0x000001cf885bbcc0, 0x000001cf885bbf38]
Event: 8.791 Thread 0x000001cffe9fd570 2570       3       org.springframework.context.annotation.ConfigurationClassParser$$Lambda$327/0x0000000800deec50::test (10 bytes)
Event: 8.792 Thread 0x000001cffe9fd570 nmethod 2570 0x000001cf885bc010 code [0x000001cf885bc1e0, 0x000001cf885bc758]
Event: 8.792 Thread 0x000001cffe9fd570 2571       3       org.springframework.context.annotation.ConfigurationClassParser$$Lambda$328/0x0000000800def098::test (10 bytes)
Event: 8.792 Thread 0x000001cffe9fd570 nmethod 2571 0x000001cf885bc890 code [0x000001cf885bca60, 0x000001cf885bcfd8]
Event: 8.792 Thread 0x000001cffe9fd570 2563       1       java.util.stream.Collectors$CollectorImpl::finisher (5 bytes)
Event: 8.792 Thread 0x000001cffe9fd570 nmethod 2563 0x000001cf8f6a4810 code [0x000001cf8f6a49a0, 0x000001cf8f6a4a78]

GC Heap History (8 events):
Event: 2.504 GC heap before
{Heap before GC invocations=0 (full 0):
 garbage-first heap   total 65536K, used 13312K [0x00000000c1400000, 0x0000000100000000)
  region size 1024K, 13 young (13312K), 0 survivors (0K)
 Metaspace       used 3753K, committed 3968K, reserved 1114112K
  class space    used 383K, committed 512K, reserved 1048576K
}
Event: 2.667 GC heap after
{Heap after GC invocations=1 (full 0):
 garbage-first heap   total 65536K, used 5860K [0x00000000c1400000, 0x0000000100000000)
  region size 1024K, 2 young (2048K), 2 survivors (2048K)
 Metaspace       used 3753K, committed 3968K, reserved 1114112K
  class space    used 383K, committed 512K, reserved 1048576K
}
Event: 4.519 GC heap before
{Heap before GC invocations=1 (full 0):
 garbage-first heap   total 65536K, used 16100K [0x00000000c1400000, 0x0000000100000000)
  region size 1024K, 13 young (13312K), 2 survivors (2048K)
 Metaspace       used 6555K, committed 6656K, reserved 1114112K
  class space    used 725K, committed 768K, reserved 1048576K
}
Event: 4.525 GC heap after
{Heap after GC invocations=2 (full 0):
 garbage-first heap   total 65536K, used 7165K [0x00000000c1400000, 0x0000000100000000)
  region size 1024K, 2 young (2048K), 2 survivors (2048K)
 Metaspace       used 6555K, committed 6656K, reserved 1114112K
  class space    used 725K, committed 768K, reserved 1048576K
}
Event: 6.622 GC heap before
{Heap before GC invocations=2 (full 0):
 garbage-first heap   total 65536K, used 27645K [0x00000000c1400000, 0x0000000100000000)
  region size 1024K, 23 young (23552K), 2 survivors (2048K)
 Metaspace       used 11990K, committed 12224K, reserved 1114112K
  class space    used 1393K, committed 1536K, reserved 1048576K
}
Event: 6.631 GC heap after
{Heap after GC invocations=3 (full 0):
 garbage-first heap   total 65536K, used 9054K [0x00000000c1400000, 0x0000000100000000)
  region size 1024K, 3 young (3072K), 3 survivors (3072K)
 Metaspace       used 11990K, committed 12224K, reserved 1114112K
  class space    used 1393K, committed 1536K, reserved 1048576K
}
Event: 8.614 GC heap before
{Heap before GC invocations=3 (full 0):
 garbage-first heap   total 65536K, used 39774K [0x00000000c1400000, 0x0000000100000000)
  region size 1024K, 34 young (34816K), 3 survivors (3072K)
 Metaspace       used 18285K, committed 18560K, reserved 1114112K
  class space    used 2176K, committed 2304K, reserved 1048576K
}
Event: 8.626 GC heap after
{Heap after GC invocations=4 (full 0):
 garbage-first heap   total 65536K, used 12089K [0x00000000c1400000, 0x0000000100000000)
  region size 1024K, 5 young (5120K), 5 survivors (5120K)
 Metaspace       used 18285K, committed 18560K, reserved 1114112K
  class space    used 2176K, committed 2304K, reserved 1048576K
}

Deoptimization events (20 events):
Event: 7.563 Thread 0x000001cf9b733f70 Uncommon trap: trap_request=0xffffffc6 fr.pc=0x000001cf8f65944c relative=0x0000000000001aac
Event: 7.563 Thread 0x000001cf9b733f70 Uncommon trap: reason=bimorphic_or_optimized_type_check action=maybe_recompile pc=0x000001cf8f65944c method=java.util.HashMap.putVal(ILjava/lang/Object;Ljava/lang/Object;ZZ)Ljava/lang/Object; @ 91 c2
Event: 7.563 Thread 0x000001cf9b733f70 DEOPT PACKING pc=0x000001cf8f65944c sp=0x000000107f2fe890
Event: 7.563 Thread 0x000001cf9b733f70 DEOPT UNPACKING pc=0x000001cf87b523a3 sp=0x000000107f2fe748 mode 2
Event: 7.563 Thread 0x000001cf9b733f70 Uncommon trap: trap_request=0xffffffc6 fr.pc=0x000001cf8f65944c relative=0x0000000000001aac
Event: 7.563 Thread 0x000001cf9b733f70 Uncommon trap: reason=bimorphic_or_optimized_type_check action=maybe_recompile pc=0x000001cf8f65944c method=java.util.HashMap.putVal(ILjava/lang/Object;Ljava/lang/Object;ZZ)Ljava/lang/Object; @ 91 c2
Event: 7.563 Thread 0x000001cf9b733f70 DEOPT PACKING pc=0x000001cf8f65944c sp=0x000000107f2fe920
Event: 7.564 Thread 0x000001cf9b733f70 DEOPT UNPACKING pc=0x000001cf87b523a3 sp=0x000000107f2fe7d8 mode 2
Event: 8.006 Thread 0x000001cf9b733f70 DEOPT PACKING pc=0x000001cf881ca4e6 sp=0x000000107f2fe700
Event: 8.006 Thread 0x000001cf9b733f70 DEOPT UNPACKING pc=0x000001cf87b52b43 sp=0x000000107f2fdbc8 mode 0
Event: 8.077 Thread 0x000001cf9b733f70 DEOPT PACKING pc=0x000001cf881ca4e6 sp=0x000000107f2fe700
Event: 8.077 Thread 0x000001cf9b733f70 DEOPT UNPACKING pc=0x000001cf87b52b43 sp=0x000000107f2fdbc8 mode 0
Event: 8.239 Thread 0x000001cf9b733f70 Uncommon trap: trap_request=0xffffffc6 fr.pc=0x000001cf8f65944c relative=0x0000000000001aac
Event: 8.239 Thread 0x000001cf9b733f70 Uncommon trap: reason=bimorphic_or_optimized_type_check action=maybe_recompile pc=0x000001cf8f65944c method=java.util.HashMap.putVal(ILjava/lang/Object;Ljava/lang/Object;ZZ)Ljava/lang/Object; @ 91 c2
Event: 8.239 Thread 0x000001cf9b733f70 DEOPT PACKING pc=0x000001cf8f65944c sp=0x000000107f2fe670
Event: 8.239 Thread 0x000001cf9b733f70 DEOPT UNPACKING pc=0x000001cf87b523a3 sp=0x000000107f2fe528 mode 2
Event: 8.337 Thread 0x000001cf9b733f70 Uncommon trap: trap_request=0xffffffc6 fr.pc=0x000001cf8f65944c relative=0x0000000000001aac
Event: 8.337 Thread 0x000001cf9b733f70 Uncommon trap: reason=bimorphic_or_optimized_type_check action=maybe_recompile pc=0x000001cf8f65944c method=java.util.HashMap.putVal(ILjava/lang/Object;Ljava/lang/Object;ZZ)Ljava/lang/Object; @ 91 c2
Event: 8.337 Thread 0x000001cf9b733f70 DEOPT PACKING pc=0x000001cf8f65944c sp=0x000000107f2fe390
Event: 8.337 Thread 0x000001cf9b733f70 DEOPT UNPACKING pc=0x000001cf87b523a3 sp=0x000000107f2fe258 mode 2

Classes loaded (20 events):
Event: 7.496 Loading class javax/security/auth/Subject
Event: 7.497 Loading class javax/security/auth/Subject done
Event: 7.497 Loading class javax/security/auth/callback/CallbackHandler
Event: 7.497 Loading class javax/security/auth/callback/CallbackHandler done
Event: 7.505 Loading class sun/security/provider/certpath/ldap/JdkLDAP
Event: 7.505 Loading class sun/security/provider/certpath/ldap/JdkLDAP done
Event: 7.507 Loading class sun/security/provider/certpath/ldap/JdkLDAP$ProviderService
Event: 7.507 Loading class sun/security/provider/certpath/ldap/JdkLDAP$ProviderService done
Event: 7.507 Loading class com/sun/security/sasl/Provider
Event: 7.507 Loading class com/sun/security/sasl/Provider done
Event: 7.508 Loading class com/sun/security/sasl/Provider$1
Event: 7.508 Loading class com/sun/security/sasl/Provider$1 done
Event: 7.508 Loading class com/sun/security/sasl/Provider$ProviderService
Event: 7.508 Loading class com/sun/security/sasl/Provider$ProviderService done
Event: 7.814 Loading class javax/naming/ldap/LdapContext
Event: 7.814 Loading class javax/naming/directory/DirContext
Event: 7.814 Loading class javax/naming/directory/DirContext done
Event: 7.814 Loading class javax/naming/ldap/LdapContext done
Event: 8.655 Loading class java/beans/PropertyVetoException
Event: 8.655 Loading class java/beans/PropertyVetoException done

Classes unloaded (0 events):
No events

Classes redefined (0 events):
No events

Internal exceptions (20 events):
Event: 5.475 Thread 0x000001cf9b733f70 Exception <a 'java/lang/NoSuchMethodError'{0x00000000c4ca8920}: 'java.lang.Object java.lang.invoke.DirectMethodHandle$Holder.invokeVirtual(java.lang.Object, java.lang.Object, java.lang.Object)'> (0x00000000c4ca8920) 
thrown [s\src\hotspot\share\interpreter\linkResolver.cpp, line 759]
Event: 5.506 Thread 0x000001cf9b733f70 Exception <a 'java/lang/NoSuchMethodError'{0x00000000c4cc9a50}: 'java.lang.Object java.lang.invoke.DirectMethodHandle$Holder.invokeStatic(java.lang.Object, java.lang.Object, long, java.lang.Object)'> (0x00000000c4cc9a50) 
thrown [s\src\hotspot\share\interpreter\linkResolver.cpp, line 759]
Event: 5.507 Thread 0x000001cf9b733f70 Exception <a 'java/lang/NoSuchMethodError'{0x00000000c4ccd4e0}: 'java.lang.Object java.lang.invoke.DirectMethodHandle$Holder.invokeStaticInit(java.lang.Object, java.lang.Object, long, java.lang.Object)'> (0x00000000c4ccd4e0) 
thrown [s\src\hotspot\share\interpreter\linkResolver.cpp, line 759]
Event: 5.512 Thread 0x000001cf9b733f70 Exception <a 'java/lang/NoSuchMethodError'{0x00000000c4cd3be8}: 'java.lang.Object java.lang.invoke.DirectMethodHandle$Holder.newInvokeSpecial(java.lang.Object, java.lang.Object, long)'> (0x00000000c4cd3be8) 
thrown [s\src\hotspot\share\interpreter\linkResolver.cpp, line 759]
Event: 5.514 Thread 0x000001cf9b733f70 Exception <a 'java/lang/NoSuchMethodError'{0x00000000c4cd79b8}: 'java.lang.Object java.lang.invoke.Invokers$Holder.linkToTargetMethod(java.lang.Object, long, java.lang.Object)'> (0x00000000c4cd79b8) 
thrown [s\src\hotspot\share\interpreter\linkResolver.cpp, line 759]
Event: 5.580 Thread 0x000001cf9b733f70 Exception <a 'java/lang/NoSuchMethodError'{0x00000000c4b22108}: 'void java.lang.invoke.DirectMethodHandle$Holder.invokeSpecial(java.lang.Object, java.lang.Object, java.lang.Object, java.lang.Object, java.lang.Object)'> (0x00000000c4b22108) 
thrown [s\src\hotspot\share\interpreter\linkResolver.cpp, line 759]
Event: 5.582 Thread 0x000001cf9b733f70 Exception <a 'java/lang/NoSuchMethodError'{0x00000000c4b2a978}: 'void java.lang.invoke.DirectMethodHandle$Holder.invokeVirtual(java.lang.Object, java.lang.Object, java.lang.Object, java.lang.Object)'> (0x00000000c4b2a978) 
thrown [s\src\hotspot\share\interpreter\linkResolver.cpp, line 759]
Event: 5.818 Thread 0x000001cf9b733f70 Exception <a 'java/lang/IncompatibleClassChangeError'{0x00000000c4a9b978}: Found class java.lang.Object, but interface was expected> (0x00000000c4a9b978) 
thrown [s\src\hotspot\share\interpreter\linkResolver.cpp, line 826]
Event: 5.880 Thread 0x000001cf9b9ae1c0 Exception <a 'java/lang/NoClassDefFoundError'{0x00000000c4916518}: jakarta/validation/Validation> (0x00000000c4916518) 
thrown [s\src\hotspot\share\classfile\systemDictionary.cpp, line 244]
Event: 6.469 Thread 0x000001cf9b733f70 Exception <a 'java/lang/NoSuchMethodError'{0x00000000c3f41510}: 'java.lang.Object java.lang.invoke.DirectMethodHandle$Holder.invokeStatic(java.lang.Object, int, java.lang.Object)'> (0x00000000c3f41510) 
thrown [s\src\hotspot\share\interpreter\linkResolver.cpp, line 759]
Event: 7.170 Thread 0x000001cf9b9ae1c0 Exception <a 'java/lang/NoSuchMethodError'{0x00000000c47f36b0}: 'long java.lang.invoke.DirectMethodHandle$Holder.invokeSpecial(java.lang.Object, java.lang.Object)'> (0x00000000c47f36b0) 
thrown [s\src\hotspot\share\interpreter\linkResolver.cpp, line 759]
Event: 7.173 Thread 0x000001cf9b9ae1c0 Exception <a 'java/lang/NoSuchMethodError'{0x00000000c47fe938}: 'long java.lang.invoke.DirectMethodHandle$Holder.invokeStatic(java.lang.Object, java.lang.Object)'> (0x00000000c47fe938) 
thrown [s\src\hotspot\share\interpreter\linkResolver.cpp, line 759]
Event: 7.173 Thread 0x000001cf9b9ae1c0 Exception <a 'java/lang/NoSuchMethodError'{0x00000000c4633898}: 'long java.lang.invoke.DirectMethodHandle$Holder.invokeStaticInit(java.lang.Object, java.lang.Object)'> (0x00000000c4633898) 
thrown [s\src\hotspot\share\interpreter\linkResolver.cpp, line 759]
Event: 7.178 Thread 0x000001cf9b9ae1c0 Exception <a 'java/lang/NoSuchMethodError'{0x00000000c4641a00}: 'long java.lang.invoke.DirectMethodHandle$Holder.invokeInterface(java.lang.Object, java.lang.Object)'> (0x00000000c4641a00) 
thrown [s\src\hotspot\share\interpreter\linkResolver.cpp, line 759]
Event: 7.179 Thread 0x000001cf9b9ae1c0 Exception <a 'java/lang/IncompatibleClassChangeError'{0x00000000c4644f88}: Found class java.lang.Object, but interface was expected> (0x00000000c4644f88) 
thrown [s\src\hotspot\share\interpreter\linkResolver.cpp, line 826]
Event: 7.184 Thread 0x000001cf9b733f70 Exception <a 'sun/nio/fs/WindowsException'{0x00000000c460ecf8}> (0x00000000c460ecf8) 
thrown [s\src\hotspot\share\prims\jni.cpp, line 516]
Event: 7.185 Thread 0x000001cf9b733f70 Exception <a 'java/lang/NoSuchMethodError'{0x00000000c4610610}: 'int java.lang.invoke.DirectMethodHandle$Holder.invokeSpecial(java.lang.Object, java.lang.Object, java.lang.Object, java.lang.Object, java.lang.Object)'> (0x00000000c4610610) 
thrown [s\src\hotspot\share\interpreter\linkResolver.cpp, line 759]
Event: 7.189 Thread 0x000001cf9b733f70 Exception <a 'java/lang/NoSuchMethodError'{0x00000000c46192c8}: 'void java.lang.invoke.DirectMethodHandle$Holder.invokeVirtual(java.lang.Object, java.lang.Object)'> (0x00000000c46192c8) 
thrown [s\src\hotspot\share\interpreter\linkResolver.cpp, line 759]
Event: 7.239 Thread 0x000001cf9b9ae1c0 Exception <a 'java/lang/NoSuchMethodError'{0x00000000c46e1060}: 'java.lang.Object java.lang.invoke.DirectMethodHandle$Holder.invokeVirtual(java.lang.Object, java.lang.Object, java.lang.Object, java.lang.Object)'> (0x00000000c46e1060) 
thrown [s\src\hotspot\share\interpreter\linkResolver.cpp, line 759]
Event: 7.996 Thread 0x000001cf9b733f70 Exception <a 'java/lang/IncompatibleClassChangeError'{0x00000000c39be5e0}: Found class java.lang.Object, but interface was expected> (0x00000000c39be5e0) 
thrown [s\src\hotspot\share\interpreter\linkResolver.cpp, line 826]

VM Operations (20 events):
Event: 5.782 Executing VM operation: Cleanup
Event: 5.783 Executing VM operation: Cleanup done
Event: 5.783 Executing VM operation: HandshakeAllThreads
Event: 5.783 Executing VM operation: HandshakeAllThreads done
Event: 6.618 Executing VM operation: HandshakeAllThreads
Event: 6.618 Executing VM operation: HandshakeAllThreads done
Event: 6.622 Executing VM operation: G1CollectForAllocation
Event: 6.633 Executing VM operation: G1CollectForAllocation done
Event: 6.899 Executing VM operation: HandshakeAllThreads
Event: 6.913 Executing VM operation: HandshakeAllThreads done
Event: 7.035 Executing VM operation: HandshakeAllThreads
Event: 7.035 Executing VM operation: HandshakeAllThreads done
Event: 7.332 Executing VM operation: HandshakeAllThreads
Event: 7.332 Executing VM operation: HandshakeAllThreads done
Event: 7.409 Executing VM operation: HandshakeAllThreads
Event: 7.424 Executing VM operation: HandshakeAllThreads done
Event: 8.263 Executing VM operation: ICBufferFull
Event: 8.263 Executing VM operation: ICBufferFull done
Event: 8.614 Executing VM operation: G1CollectForAllocation
Event: 8.626 Executing VM operation: G1CollectForAllocation done

Events (20 events):
Event: 0.533 Loaded shared library C:\Users\ERIN_JAVALead\.jdks\corretto-18.0.2\bin\zip.dll
Event: 0.538 Loaded shared library C:\Users\ERIN_JAVALead\.jdks\corretto-18.0.2\bin\instrument.dll
Event: 0.566 Loaded shared library C:\Users\ERIN_JAVALead\.jdks\corretto-18.0.2\bin\net.dll
Event: 0.570 Loaded shared library C:\Users\ERIN_JAVALead\.jdks\corretto-18.0.2\bin\nio.dll
Event: 0.576 Loaded shared library C:\Users\ERIN_JAVALead\.jdks\corretto-18.0.2\bin\zip.dll
Event: 0.708 Thread 0x000001cf9ace7b90 Thread added: 0x000001cf9ace7b90
Event: 0.900 Thread 0x000001cf9ace7b90 Thread exited: 0x000001cf9ace7b90
Event: 1.091 Loaded shared library C:\Program Files\JetBrains\IntelliJ IDEA Community Edition 2021.3.3\bin\breakgen64.dll
Event: 1.094 Thread 0x000001cf9ad9d2f0 Thread added: 0x000001cf9ad9d2f0
Event: 1.094 Thread 0x000001cf9ad46680 Thread added: 0x000001cf9ad46680
Event: 1.347 Loaded shared library C:\Users\ERIN_JAVALead\.jdks\corretto-18.0.2\bin\jimage.dll
Event: 2.980 Loaded shared library C:\Users\ERIN_JAVALead\.jdks\corretto-18.0.2\bin\management.dll
Event: 3.062 Loaded shared library C:\Users\ERIN_JAVALead\.jdks\corretto-18.0.2\bin\management_ext.dll
Event: 3.512 Thread 0x000001cf9b36db50 Thread added: 0x000001cf9b36db50
Event: 3.556 Thread 0x000001cf9b733f70 Thread added: 0x000001cf9b733f70
Event: 5.813 Thread 0x000001cf9b9ae1c0 Thread added: 0x000001cf9b9ae1c0
Event: 7.488 Loaded shared library C:\Users\ERIN_JAVALead\.jdks\corretto-18.0.2\bin\sunmscapi.dll
Event: 7.529 Thread 0x000001cf9b9ae1c0 Thread exited: 0x000001cf9b9ae1c0
Event: 7.628 Thread 0x000001cf9b9ae1c0 Thread added: 0x000001cf9b9ae1c0
Event: 7.919 Thread 0x000001cf9b9ae1c0 Thread exited: 0x000001cf9b9ae1c0


Dynamic libraries:
0x00007ff6a8e20000 - 0x00007ff6a8e2d000 	C:\Users\ERIN_JAVALead\.jdks\corretto-18.0.2\bin\java.exe
0x00007ffb87bd0000 - 0x00007ffb87dc8000 	C:\WINDOWS\SYSTEM32\ntdll.dll
0x00007ffb86f30000 - 0x00007ffb86fed000 	C:\WINDOWS\System32\KERNEL32.DLL
0x00007ffb852c0000 - 0x00007ffb855b6000 	C:\WINDOWS\System32\KERNELBASE.dll
0x00007ffb85840000 - 0x00007ffb85940000 	C:\WINDOWS\System32\ucrtbase.dll
0x00007ffb72570000 - 0x00007ffb72587000 	C:\Users\ERIN_JAVALead\.jdks\corretto-18.0.2\bin\jli.dll
0x00007ffb87900000 - 0x00007ffb87a9e000 	C:\WINDOWS\System32\USER32.dll
0x00007ffb85940000 - 0x00007ffb85962000 	C:\WINDOWS\System32\win32u.dll
0x00007ffb871b0000 - 0x00007ffb871db000 	C:\WINDOWS\System32\GDI32.dll
0x00007ffb85a00000 - 0x00007ffb85b17000 	C:\WINDOWS\System32\gdi32full.dll
0x00007ffb855c0000 - 0x00007ffb8565d000 	C:\WINDOWS\System32\msvcp_win.dll
0x00007ffb72550000 - 0x00007ffb72565000 	C:\Users\ERIN_JAVALead\.jdks\corretto-18.0.2\bin\VCRUNTIME140.dll
0x00007ffb71ae0000 - 0x00007ffb71d7a000 	C:\WINDOWS\WinSxS\amd64_microsoft.windows.common-controls_6595b64144ccf1df_6.0.19041.3636_none_60b6a03d71f818d5\COMCTL32.dll
0x00007ffb86740000 - 0x00007ffb867de000 	C:\WINDOWS\System32\msvcrt.dll
0x00007ffb872e0000 - 0x00007ffb87312000 	C:\WINDOWS\System32\IMM32.DLL
0x00007ffb5d930000 - 0x00007ffb5d9cb000 	C:\Users\ERIN_JAVALead\.jdks\corretto-18.0.2\bin\msvcp140.dll
0x00007ffb45220000 - 0x00007ffb45e91000 	C:\Users\ERIN_JAVALead\.jdks\corretto-18.0.2\bin\server\jvm.dll
0x00007ffb85bd0000 - 0x00007ffb85c80000 	C:\WINDOWS\System32\ADVAPI32.dll
0x00007ffb87240000 - 0x00007ffb872e0000 	C:\WINDOWS\System32\sechost.dll
0x00007ffb86c50000 - 0x00007ffb86d75000 	C:\WINDOWS\System32\RPCRT4.dll
0x00007ffb857c0000 - 0x00007ffb857e7000 	C:\WINDOWS\System32\bcrypt.dll
0x00007ffb86ff0000 - 0x00007ffb86ff8000 	C:\WINDOWS\System32\PSAPI.DLL
0x00007ffb80c90000 - 0x00007ffb80c99000 	C:\WINDOWS\SYSTEM32\WSOCK32.dll
0x00007ffb87010000 - 0x00007ffb8707b000 	C:\WINDOWS\System32\WS2_32.dll
0x00007ffb62580000 - 0x00007ffb625a7000 	C:\WINDOWS\SYSTEM32\WINMM.dll
0x00007ffb7f880000 - 0x00007ffb7f88a000 	C:\WINDOWS\SYSTEM32\VERSION.dll
0x00007ffb830c0000 - 0x00007ffb830d2000 	C:\WINDOWS\SYSTEM32\kernel.appcore.dll
0x00007ffb72910000 - 0x00007ffb7291a000 	C:\Users\ERIN_JAVALead\.jdks\corretto-18.0.2\bin\jimage.dll
0x00007ffb66c90000 - 0x00007ffb66e74000 	C:\WINDOWS\SYSTEM32\DBGHELP.DLL
0x00007ffb66c50000 - 0x00007ffb66c84000 	C:\WINDOWS\SYSTEM32\dbgcore.DLL
0x00007ffb85970000 - 0x00007ffb859f2000 	C:\WINDOWS\System32\bcryptPrimitives.dll
0x00007ffb66e80000 - 0x00007ffb66e8e000 	C:\Users\ERIN_JAVALead\.jdks\corretto-18.0.2\bin\instrument.dll
0x00007ffb65e60000 - 0x00007ffb65e85000 	C:\Users\ERIN_JAVALead\.jdks\corretto-18.0.2\bin\java.dll
0x00007ffb532d0000 - 0x00007ffb533a6000 	C:\Users\ERIN_JAVALead\.jdks\corretto-18.0.2\bin\jsvml.dll
0x00007ffb85d10000 - 0x00007ffb8647b000 	C:\WINDOWS\System32\SHELL32.dll
0x00007ffb832c0000 - 0x00007ffb83a5e000 	C:\WINDOWS\SYSTEM32\windows.storage.dll
0x00007ffb87400000 - 0x00007ffb87753000 	C:\WINDOWS\System32\combase.dll
0x00007ffb84ad0000 - 0x00007ffb84afe000 	C:\WINDOWS\SYSTEM32\Wldp.dll
0x00007ffb86480000 - 0x00007ffb8654d000 	C:\WINDOWS\System32\OLEAUT32.dll
0x00007ffb86690000 - 0x00007ffb8673d000 	C:\WINDOWS\System32\SHCORE.dll
0x00007ffb873a0000 - 0x00007ffb873f5000 	C:\WINDOWS\System32\shlwapi.dll
0x00007ffb85180000 - 0x00007ffb851a5000 	C:\WINDOWS\SYSTEM32\profapi.dll
0x00007ffb65770000 - 0x00007ffb65788000 	C:\Users\ERIN_JAVALead\.jdks\corretto-18.0.2\bin\zip.dll
0x00007ffb67460000 - 0x00007ffb67473000 	C:\Users\ERIN_JAVALead\.jdks\corretto-18.0.2\bin\net.dll
0x00007ffb7ee50000 - 0x00007ffb7ef5a000 	C:\WINDOWS\SYSTEM32\WINHTTP.dll
0x00007ffb848b0000 - 0x00007ffb8491a000 	C:\WINDOWS\system32\mswsock.dll
0x00007ffb66f80000 - 0x00007ffb66f95000 	C:\Users\ERIN_JAVALead\.jdks\corretto-18.0.2\bin\nio.dll
0x00007ffb65630000 - 0x00007ffb6564a000 	C:\Program Files\JetBrains\IntelliJ IDEA Community Edition 2021.3.3\bin\breakgen64.dll
0x00007ffb6c8b0000 - 0x00007ffb6c8b9000 	C:\Users\ERIN_JAVALead\.jdks\corretto-18.0.2\bin\management.dll
0x00007ffb66f30000 - 0x00007ffb66f3b000 	C:\Users\ERIN_JAVALead\.jdks\corretto-18.0.2\bin\management_ext.dll
0x00007ffb6fb50000 - 0x00007ffb6fb5e000 	C:\Users\ERIN_JAVALead\.jdks\corretto-18.0.2\bin\sunmscapi.dll
0x00007ffb85660000 - 0x00007ffb857bd000 	C:\WINDOWS\System32\CRYPT32.dll
0x00007ffb84c20000 - 0x00007ffb84c48000 	C:\WINDOWS\SYSTEM32\ncrypt.dll
0x00007ffb84be0000 - 0x00007ffb84c1b000 	C:\WINDOWS\SYSTEM32\NTASN1.dll

dbghelp: loaded successfully - version: 4.0.5 - missing functions: none
symbol engine: initialized successfully - sym options: 0x614 - pdb path: .;C:\Users\ERIN_JAVALead\.jdks\corretto-18.0.2\bin;C:\WINDOWS\SYSTEM32;C:\WINDOWS\WinSxS\amd64_microsoft.windows.common-controls_6595b64144ccf1df_6.0.19041.3636_none_60b6a03d71f818d5;C:\Users\ERIN_JAVALead\.jdks\corretto-18.0.2\bin\server;C:\Program Files\JetBrains\IntelliJ IDEA Community Edition 2021.3.3\bin

VM Arguments:
jvm_args: -javaagent:C:\Program Files\JetBrains\IntelliJ IDEA Community Edition 2021.3.3\lib\idea_rt.jar=59694:C:\Program Files\JetBrains\IntelliJ IDEA Community Edition 2021.3.3\bin -Dfile.encoding=UTF-8 
java_command: com.verise.veganapp.VeriseApplication
java_class_path (initial): C:\Users\ERIN_JAVALead\Downloads\verise\verise\target\classes;C:\Users\ERIN_JAVALead\.m2\repository\org\springframework\boot\spring-boot-starter-web\3.2.4\spring-boot-starter-web-3.2.4.jar;C:\Users\ERIN_JAVALead\.m2\repository\org\springframework\boot\spring-boot-starter\3.2.4\spring-boot-starter-3.2.4.jar;C:\Users\ERIN_JAVALead\.m2\repository\org\springframework\boot\spring-boot-starter-logging\3.2.4\spring-boot-starter-logging-3.2.4.jar;C:\Users\ERIN_JAVALead\.m2\repository\ch\qos\logback\logback-classic\1.4.14\logback-classic-1.4.14.jar;C:\Users\ERIN_JAVALead\.m2\repository\ch\qos\logback\logback-core\1.4.14\logback-core-1.4.14.jar;C:\Users\ERIN_JAVALead\.m2\repository\org\apache\logging\log4j\log4j-to-slf4j\2.21.1\log4j-to-slf4j-2.21.1.jar;C:\Users\ERIN_JAVALead\.m2\repository\org\apache\logging\log4j\log4j-api\2.21.1\log4j-api-2.21.1.jar;C:\Users\ERIN_JAVALead\.m2\repository\org\slf4j\jul-to-slf4j\2.0.12\jul-to-slf4j-2.0.12.jar;C:\Users\ERIN_JAVALead\.m2\repository\jakarta\annotation\jakarta.annotation-api\2.1.1\jakarta.annotation-api-2.1.1.jar;C:\Users\ERIN_JAVALead\.m2\repository\org\yaml\snakeyaml\2.2\snakeyaml-2.2.jar;C:\Users\ERIN_JAVALead\.m2\repository\org\springframework\boot\spring-boot-starter-json\3.2.4\spring-boot-starter-json-3.2.4.jar;C:\Users\ERIN_JAVALead\.m2\repository\com\fasterxml\jackson\core\jackson-databind\2.15.4\jackson-databind-2.15.4.jar;C:\Users\ERIN_JAVALead\.m2\repository\com\fasterxml\jackson\core\jackson-annotations\2.15.4\jackson-annotations-2.15.4.jar;C:\Users\ERIN_JAVALead\.m2\repository\com\fasterxml\jackson\core\jackson-core\2.15.4\jackson-core-2.15.4.jar;C:\Users\ERIN_JAVALead\.m2\repository\com\fasterxml\jackson\datatype\jackson-datatype-jdk8\2.15.4\jackson-datatype-jdk8-2.15.4.jar;C:\Users\ERIN_JAVALead\.m2\repository\com\fasterxml\jackson\datatype\jackson-datatype-jsr310\2.15.4\jackson-datatype-jsr310-2.15.4.jar;C:\Users\ERIN_JAVALead\.m2\repository\com\fasterxml\jackson\module\jackson-module-parameter-names\2.15.4\jackson-module-parameter-names-2.15.4.jar;C:\Users\ERIN_JAVALead\.m2\repository\org\springframework\boot\spring-boot-starter-tomcat\3.2.4\spring-boot-starter-tomcat-3.2.4.jar;C:\Users\ERIN_JAVALead\.m2\repository\org\apache\tomcat\embed\tomcat-embed-core\10.1.19\tomcat-embed-core-10.1.19.jar;C:\Users\ERIN_JAVALead\.m2\repository\org\apache\tomcat\embed\tomcat-embed-el\10.1.19\tomcat-embed-el-10.1.19.jar;C:\Users\ERIN_JAVALead\.m2\repository\org\apache\tomcat\embed\tomcat-embed-websocket\10.1.19\tomcat-embed-websocket-10.1.19.jar;C:\Users\ERIN_JAVALead\.m2\repository\org\springframework\spring-web\6.1.5\spring-web-6.1.5.jar;C:\Users\ERIN_JAVALead\.m2\repository\org\springframework\spring-beans\6.1.5\spring-beans-6.1.5.jar;C:\Users\ERIN_JAVALead\.m2\repository\io\micrometer\micrometer-observation\1.12.4\micrometer-observation-1.12.4.jar;C:\Users\ERIN_JAVALead\.m2\repository\io\micrometer\micrometer-commons\1.12.4\micrometer-commons-1.12.4.jar;C:\Users\ERIN_JAVALead\.m2\repository\org\springframework\spring-webmvc\6.1.5\spring-webmvc-6.1.5.jar;C:\Users\ERIN_JAVALead\.m2\repository\org\springframework\spring-aop\6.1.5\spring-aop-6.1.5.jar;C:\Users\ERIN_JAVALead\.m2\repository\org\springframework\spring-context\6.1.5\spring-context-6.1.5.jar;C:\Users\ERIN_JAVALead\.m2\repository\org\springframework\spring-expression\6.1.5\spring-expression-6.1.5.jar;C:\Users\ERIN_JAVALead\.m2\repository\org\springframework\boot\spring-boot-devtools\3.2.4\spring-boot-devtools-3.2.4.jar;C:\Users\ERIN_JAVALead\.m2\repository\org\springframework\boot\spring-boot\3.2.4\spring-boot-3.2.4.jar;C:\Users\ERIN_JAVALead\.m2\repository\org\springframework\boot\spring-boot-autoconfigure\3.2.4\spring-boot-autoconfigure-3.2.4.jar;C:\Users\ERIN_JAVALead\.m2\repository\org\projectlombok\lombok\1.18.30\lombok-1.18.30.jar;C:\Users\ERIN_JAVALead\.m2\repository\org\slf4j\slf4j-api\2.0.12\slf4j-api-2.0.12.jar;C:\Users\ERIN_JAVALead\.m2\repository\jakarta\xml\bind\jakarta.xml.bind-api\4.0.2\jakarta.xml.bind-api-4.0.2.jar;C:\Users\ERIN_JAVALead\.m2\repository\jakarta\activation\jakarta.activation-api\2.1.3\jakarta.activation-api-2.1.3.jar;C:\Users\ERIN_JAVALead\.m2\repository\net\bytebuddy\byte-buddy\1.14.12\byte-buddy-1.14.12.jar;C:\Users\ERIN_JAVALead\.m2\repository\org\springframework\spring-core\6.1.5\spring-core-6.1.5.jar;C:\Users\ERIN_JAVALead\.m2\repository\org\springframework\spring-jcl\6.1.5\spring-jcl-6.1.5.jar;C:\Users\ERIN_JAVALead\.m2\repository\org\springframework\boot\spring-boot-starter-data-jpa\3.2.4\spring-boot-starter-data-jpa-3.2.4.jar;C:\Users\ERIN_JAVALead\.m2\repository\org\springframework\boot\spring-boot-starter-aop\3.2.4\spring-boot-starter-aop-3.2.4.jar;C:\Users\ERIN_JAVALead\.m2\repository\org\aspectj\aspectjweaver\1.9.21\aspectjweaver-1.9.21.jar;C:\Users\ERIN_JAVALead\.m2\repository\org\springframework\boot\spring-boot-starter-jdbc\3.2.4\spring-boot-starter-jdbc-3.2.4.jar;C:\Users\ERIN_JAVALead\.m2\repository\com\zaxxer\HikariCP\5.0.1\HikariCP-5.0.1.jar;C:\Users\ERIN_JAVALead\.m2\repository\org\springframework\spring-jdbc\6.1.5\spring-jdbc-6.1.5.jar;C:\Users\ERIN_JAVALead\.m2\repository\org\hibernate\orm\hibernate-core\6.4.4.Final\hibernate-core-6.4.4.Final.jar;C:\Users\ERIN_JAVALead\.m2\repository\jakarta\persistence\jakarta.persistence-api\3.1.0\jakarta.persistence-api-3.1.0.jar;C:\Users\ERIN_JAVALead\.m2\repository\jakarta\transaction\jakarta.transaction-api\2.0.1\jakarta.transaction-api-2.0.1.jar;C:\Users\ERIN_JAVALead\.m2\repository\org\jboss\logging\jboss-logging\3.5.3.Final\jboss-logging-3.5.3.Final.jar;C:\Users\ERIN_JAVALead\.m2\repository\org\hibernate\common\hibernate-commons-annotations\6.0.6.Final\hibernate-commons-annotations-6.0.6.Final.jar;C:\Users\ERIN_JAVALead\.m2\repository\io\smallrye\jandex\3.1.2\jandex-3.1.2.jar;C:\Users\ERIN_JAVALead\.m2\repository\com\fasterxml\classmate\1.6.0\classmate-1.6.0.jar;C:\Users\ERIN_JAVALead\.m2\repository\org\glassfish\jaxb\jaxb-runtime\4.0.5\jaxb-runtime-4.0.5.jar;C:\Users\ERIN_JAVALead\.m2\repository\org\glassfish\jaxb\jaxb-core\4.0.5\jaxb-core-4.0.5.jar;C:\Users\ERIN_JAVALead\.m2\repository\org\eclipse\angus\angus-activation\2.0.2\angus-activation-2.0.2.jar;C:\Users\ERIN_JAVALead\.m2\repository\org\glassfish\jaxb\txw2\4.0.5\txw2-4.0.5.jar;C:\Users\ERIN_JAVALead\.m2\repository\com\sun\istack\istack-commons-runtime\4.1.2\istack-commons-runtime-4.1.2.jar;C:\Users\ERIN_JAVALead\.m2\repository\jakarta\inject\jakarta.inject-api\2.0.1\jakarta.inject-api-2.0.1.jar;C:\Users\ERIN_JAVALead\.m2\repository\org\antlr\antlr4-runtime\4.13.0\antlr4-runtime-4.13.0.jar;C:\Users\ERIN_JAVALead\.m2\repository\org\springframework\data\spring-data-jpa\3.2.4\spring-data-jpa-3.2.4.jar;C:\Users\ERIN_JAVALead\.m2\repository\org\springframework\data\spring-data-commons\3.2.4\spring-data-commons-3.2.4.jar;C:\Users\ERIN_JAVALead\.m2\repository\org\springframework\spring-orm\6.1.5\spring-orm-6.1.5.jar;C:\Users\ERIN_JAVALead\.m2\repository\org\springframework\spring-tx\6.1.5\spring-tx-6.1.5.jar;C:\Users\ERIN_JAVALead\.m2\repository\org\springframework\spring-aspects\6.1.5\spring-aspects-6.1.5.jar;C:\Users\ERIN_JAVALead\.m2\repository\com\microsoft\sqlserver\mssql-jdbc\12.4.2.jre11\mssql-jdbc-12.4.2.jre11.jar
Launcher Type: SUN_STANDARD

[Global flags]
     intx CICompilerCount                          = 3                                         {product} {ergonomic}
     uint ConcGCThreads                            = 1                                         {product} {ergonomic}
     uint G1ConcRefinementThreads                  = 4                                         {product} {ergonomic}
   size_t G1HeapRegionSize                         = 1048576                                   {product} {ergonomic}
    uintx GCDrainStackTargetSize                   = 64                                        {product} {ergonomic}
   size_t InitialHeapSize                          = 67108864                                  {product} {ergonomic}
   size_t MarkStackSize                            = 4194304                                   {product} {ergonomic}
   size_t MaxHeapSize                              = 1052770304                                {product} {ergonomic}
   size_t MaxNewSize                               = 631242752                                 {product} {ergonomic}
   size_t MinHeapDeltaBytes                        = 1048576                                   {product} {ergonomic}
   size_t MinHeapSize                              = 8388608                                   {product} {ergonomic}
    uintx NonNMethodCodeHeapSize                   = 5832780                                {pd product} {ergonomic}
    uintx NonProfiledCodeHeapSize                  = 122912730                              {pd product} {ergonomic}
    uintx ProfiledCodeHeapSize                     = 122912730                              {pd product} {ergonomic}
    uintx ReservedCodeCacheSize                    = 251658240                              {pd product} {ergonomic}
     bool SegmentedCodeCache                       = true                                      {product} {ergonomic}
   size_t SoftMaxHeapSize                          = 1052770304                             {manageable} {ergonomic}
     bool UseCompressedClassPointers               = true                           {product lp64_product} {ergonomic}
     bool UseCompressedOops                        = true                           {product lp64_product} {ergonomic}
     bool UseG1GC                                  = true                                      {product} {ergonomic}
     bool UseLargePagesIndividualAllocation        = false                                  {pd product} {ergonomic}

Logging:
Log output configuration:
 #0: stdout all=warning uptime,level,tags foldmultilines=false
 #1: stderr all=off uptime,level,tags foldmultilines=false

Environment Variables:
JAVA_HOME=C:\Program Files\Java\jdk1.8.0_202
PATH=C:\Program Files (x86)\Common Files\Oracle\Java\javapath;C:\WINDOWS\system32;C:\WINDOWS;C:\WINDOWS\System32\Wbem;C:\WINDOWS\System32\WindowsPowerShell\v1.0\;C:\WINDOWS\System32\OpenSSH\;C:\Program Files (x86)\nodejs\;C:\Program Files (x86)\nodejs\npm;C:\Users\ERIN_JAVALead\AppData\Roaming\npm;C:\Program Files\Git\cmd;C:\Program Files (x86)\dotnet\;C:\Program Files (x86)\Microsoft SQL Server\160\DTS\Binn\;C:\Program Files\Azure Data Studio\bin;C:\Program Files (x86)\Microsoft SQL Server\160\Tools\Binn\;C:\Program Files\Microsoft SQL Server\160\Tools\Binn\;C:\Program Files\Microsoft SQL Server\Client SDK\ODBC\170\Tools\Binn\;C:\Program Files\Microsoft SQL Server\160\DTS\Binn\;C:\Program Files\Java\jdk1.8.0_202\bin;C:\Program Files\Java\jdk1.8.0_202\jre\bin;C:\kafkasrc\bin\windows;C:\Program Files\Docker\Docker\resources\bin;C:\Program Files\Docker\Docker;C:\Users\ERIN_JAVALead\AppData\Local\Microsoft\WindowsApps;;C:\Users\ERIN_JAVALead\AppData\Local\Programs\Microsoft VS Code\bin;C:\Users\ERIN_JAVALead\AppData\Roaming\npm;C:\Program Files\Azure Data Studio\bin
USERNAME=ERIN_JAVALead
OS=Windows_NT
PROCESSOR_IDENTIFIER=Intel64 Family 6 Model 78 Stepping 3, GenuineIntel



---------------  S Y S T E M  ---------------

OS:
 Windows 10 , 64 bit Build 19041 (10.0.19041.3636)
OS uptime: 0 days 16:41 hours
Hyper-V role detected

CPU: total 4 (initial active 4) (2 cores per cpu, 2 threads per core) family 6 model 78 stepping 3 microcode 0xcc, cx8, cmov, fxsr, ht, mmx, 3dnowpref, sse, sse2, sse3, ssse3, sse4.1, sse4.2, popcnt, lzcnt, tsc, tscinvbit, avx, avx2, aes, erms, clmul, bmi1, bmi2, adx, fma, vzeroupper, clflush, clflushopt, hv

Memory: 4k page, system-wide physical 4012M (355M free)
TotalPageFile size 6060M (AvailPageFile size 3M)
current process WorkingSet (physical memory assigned to process): 126M, peak: 128M
current process commit charge ("private bytes"): 180M, peak: 181M

vm_info: OpenJDK 64-Bit Server VM (18.0.2+9-FR) for windows-amd64 JRE (18.0.2+9-FR), built on Jul 15 2022 20:03:03 by "Administrator" with MS VC++ 15.9 (VS2017)

END.
